Log file open, 12/05/19 14:37:35
LogWindows: Failed to load 'aqProf.dll' (GetLastError=126)
LogWindows: File 'aqProf.dll' does not exist
LogWindows: Failed to load 'VtuneApi.dll' (GetLastError=126)
LogWindows: File 'VtuneApi.dll' does not exist
LogWindows: Failed to load 'VtuneApi32e.dll' (GetLastError=126)
LogWindows: File 'VtuneApi32e.dll' does not exist
LogConsoleResponse: Display: Failed to find resolution value strings in scalability ini. Falling back to default.
LogInit: Display: Running engine for game: ProjetRPG_Git
LogPlatformFile: Not using cached read wrapper
LogTaskGraph: Started task graph with 5 named threads and 23 total threads with 3 sets of task threads.
LogStats: Stats thread started at 0.107932
LogD3D11RHI: Loaded GFSDK_Aftermath_Lib.x64.dll
LogICUInternationalization: ICU TimeZone Detection - Raw Offset: +1:00, Platform Override: ''
LogPluginManager: Mounting plugin Paper2D
LogPluginManager: Mounting plugin AISupport
LogPluginManager: Mounting plugin LightPropagationVolume
LogPluginManager: Mounting plugin ActorLayerUtilities
LogPluginManager: Mounting plugin AnimationSharing
LogPluginManager: Mounting plugin CLionSourceCodeAccess
LogPluginManager: Mounting plugin CodeLiteSourceCodeAccess
LogPluginManager: Mounting plugin GitSourceControl
LogPluginManager: Mounting plugin KDevelopSourceCodeAccess
LogPluginManager: Mounting plugin NullSourceCodeAccess
LogPluginManager: Mounting plugin PerforceSourceControl
LogPluginManager: Mounting plugin SubversionSourceControl
LogPluginManager: Mounting plugin UObjectPlugin
LogPluginManager: Mounting plugin VisualStudioCodeSourceCodeAccess
LogPluginManager: Mounting plugin VisualStudioSourceCodeAccess
LogPluginManager: Mounting plugin XCodeSourceCodeAccess
LogPluginManager: Mounting plugin AssetManagerEditor
LogPluginManager: Mounting plugin CryptoKeys
LogPluginManager: Mounting plugin CurveEditorTools
LogPluginManager: Mounting plugin DataValidation
LogPluginManager: Mounting plugin FacialAnimation
LogPluginManager: Mounting plugin GameplayTagsEditor
LogPluginManager: Mounting plugin MacGraphicsSwitching
LogPluginManager: Mounting plugin MaterialAnalyzer
LogPluginManager: Mounting plugin MobileLauncherProfileWizard
LogPluginManager: Mounting plugin PluginBrowser
LogPluginManager: Mounting plugin SpeedTreeImporter
LogPluginManager: Mounting plugin DatasmithContent
LogPluginManager: Mounting plugin VariantManagerContent
LogPluginManager: Mounting plugin AlembicImporter
LogPluginManager: Mounting plugin AutomationUtils
LogPluginManager: Mounting plugin BackChannel
LogPluginManager: Mounting plugin CharacterAI
LogPluginManager: Mounting plugin GeometryCache
LogPluginManager: Mounting plugin HTML5Networking
LogPluginManager: Mounting plugin PlatformCrypto
LogPluginManager: Mounting plugin ProxyLODPlugin
LogPluginManager: Mounting plugin SkeletalReduction
LogPluginManager: Mounting plugin MagicLeap
LogPluginManager: Mounting plugin MagicLeapMedia
LogPluginManager: Mounting plugin AndroidMedia
LogPluginManager: Mounting plugin AvfMedia
LogPluginManager: Mounting plugin ImgMedia
LogPluginManager: Mounting plugin MediaCompositing
LogPluginManager: Mounting plugin MediaPlayerEditor
LogPluginManager: Mounting plugin WebMMedia
LogPluginManager: Mounting plugin WmfMedia
LogPluginManager: Mounting plugin TcpMessaging
LogPluginManager: Mounting plugin UdpMessaging
LogPluginManager: Mounting plugin ActorSequence
LogPluginManager: Mounting plugin LevelSequenceEditor
LogPluginManager: Mounting plugin MatineeToLevelSequence
LogPluginManager: Mounting plugin NetcodeUnitTest
LogPluginManager: Mounting plugin NUTUnrealEngine4
LogPluginManager: Mounting plugin OnlineSubsystemGooglePlay
LogPluginManager: Mounting plugin OnlineSubsystemIOS
LogPluginManager: Mounting plugin OnlineSubsystem
LogPluginManager: Mounting plugin OnlineSubsystemNull
LogPluginManager: Mounting plugin OnlineSubsystemUtils
LogPluginManager: Mounting plugin LauncherChunkInstaller
LogPluginManager: Mounting plugin AndroidDeviceProfileSelector
LogPluginManager: Mounting plugin AndroidMoviePlayer
LogPluginManager: Mounting plugin AndroidPermission
LogPluginManager: Mounting plugin AppleImageUtils
LogPluginManager: Mounting plugin AppleMoviePlayer
LogPluginManager: Mounting plugin ArchVisCharacter
LogPluginManager: Mounting plugin AudioCapture
LogPluginManager: Mounting plugin CableComponent
LogPluginManager: Mounting plugin CustomMeshComponent
LogPluginManager: Mounting plugin EditableMesh
LogPluginManager: Mounting plugin ExampleDeviceProfileSelector
LogPluginManager: Mounting plugin GoogleCloudMessaging
LogPluginManager: Mounting plugin IOSDeviceProfileSelector
LogPluginManager: Mounting plugin LinuxDeviceProfileSelector
LogPluginManager: Mounting plugin LocationServicesBPLibrary
LogPluginManager: Mounting plugin MobilePatchingUtils
LogPluginManager: Mounting plugin OculusVR
LogPluginManager: Mounting plugin PhysXVehicles
LogPluginManager: Mounting plugin ProceduralMeshComponent
LogPluginManager: Mounting plugin RuntimePhysXCooking
LogPluginManager: Mounting plugin SignificanceManager
LogPluginManager: Mounting plugin SteamVR
LogPluginManager: Mounting plugin WebMMoviePlayer
LogPluginManager: Mounting plugin WindowsMoviePlayer
LogPluginManager: Mounting plugin ScreenshotTools
LogInit: Using libcurl 7.55.1-DEV
LogInit:  - built for x86_64-pc-win32
LogInit:  - supports SSL with OpenSSL/1.1.1
LogInit:  - supports HTTP deflate (compression) using libz 1.2.8
LogInit:  - other features:
LogInit:      CURL_VERSION_SSL
LogInit:      CURL_VERSION_LIBZ
LogInit:      CURL_VERSION_IPV6
LogInit:      CURL_VERSION_ASYNCHDNS
LogInit:      CURL_VERSION_LARGEFILE
LogInit:      CURL_VERSION_IDN
LogInit:  CurlRequestOptions (configurable via config and command line):
LogInit:  - bVerifyPeer = true  - Libcurl will verify peer certificate
LogInit:  - bUseHttpProxy = false  - Libcurl will NOT use HTTP proxy
LogInit:  - bDontReuseConnections = false  - Libcurl will reuse connections
LogInit:  - MaxHostConnections = 16  - Libcurl will limit the number of connections to a host
LogInit:  - LocalHostAddr = Default
LogInit:  - BufferSize = 65536
LogOnline: OSS: Creating online subsystem instance for: NULL
LogInit: WinSock: version 1.1 (2.2), MaxSocks=32767, MaxUdp=65467
LogInit: Build: ++UE4+Release-4.23-CL-9631420
LogInit: Engine Version: 4.23.1-9631420+++UE4+Release-4.23
LogInit: Compatible Engine Version: 4.23.0-8386587+++UE4+Release-4.23
LogInit: Net CL: 8386587
LogInit: OS: Windows 10 (Release 1809) (), CPU: AMD Ryzen 7 3750H with Radeon Vega Mobile Gfx  , GPU: AMD Radeon(TM) RX Vega 10 Graphics
LogInit: Compiled (64-bit): Oct 18 2019 02:07:44
LogInit: Compiled with Visual C++: 19.16.27030.01
LogInit: Build Configuration: Development
LogInit: Branch Name: ++UE4+Release-4.23
LogInit: Command Line: 
LogInit: Base Directory: C:/Program Files/Epic Games/UE_4.23/Engine/Binaries/Win64/
LogInit: Installed Engine Build: 1
LogDevObjectVersion: Number of dev versions registered: 23
LogDevObjectVersion:   Dev-Blueprints (B0D832E4-1F89-4F0D-ACCF-7EB736FD4AA2): 10
LogDevObjectVersion:   Dev-Build (E1C64328-A22C-4D53-A36C-8E866417BD8C): 0
LogDevObjectVersion:   Dev-Core (375EC13C-06E4-48FB-B500-84F0262A717E): 3
LogDevObjectVersion:   Dev-Editor (E4B068ED-F494-42E9-A231-DA0B2E46BB41): 34
LogDevObjectVersion:   Dev-Framework (CFFC743F-43B0-4480-9391-14DF171D2073): 35
LogDevObjectVersion:   Dev-Mobile (B02B49B5-BB20-44E9-A304-32B752E40360): 2
LogDevObjectVersion:   Dev-Networking (A4E4105C-59A1-49B5-A7C5-40C4547EDFEE): 0
LogDevObjectVersion:   Dev-Online (39C831C9-5AE6-47DC-9A44-9C173E1C8E7C): 0
LogDevObjectVersion:   Dev-Physics (78F01B33-EBEA-4F98-B9B4-84EACCB95AA2): 0
LogDevObjectVersion:   Dev-Platform (6631380F-2D4D-43E0-8009-CF276956A95A): 0
LogDevObjectVersion:   Dev-Rendering (12F88B9F-8875-4AFC-A67C-D90C383ABD29): 31
LogDevObjectVersion:   Dev-Sequencer (7B5AE74C-D270-4C10-A958-57980B212A5A): 11
LogDevObjectVersion:   Dev-VR (D7296918-1DD6-4BDD-9DE2-64A83CC13884): 2
LogDevObjectVersion:   Dev-LoadTimes (C2A15278-BFE7-4AFE-6C17-90FF531DF755): 1
LogDevObjectVersion:   Private-Geometry (6EACA3D4-40EC-4CC1-B786-8BED09428FC5): 3
LogDevObjectVersion:   Dev-AnimPhys (29E575DD-E0A3-4627-9D10-D276232CDCEA): 17
LogDevObjectVersion:   Dev-Anim (AF43A65D-7FD3-4947-9873-3E8ED9C1BB05): 2
LogDevObjectVersion:   Dev-ReflectionCapture (6B266CEC-1EC7-4B8F-A30B-E4D90942FC07): 1
LogDevObjectVersion:   Dev-Automation (0DF73D61-A23F-47EA-B727-89E90C41499A): 1
LogDevObjectVersion:   FortniteMain (601D1886-AC64-4F84-AA16-D3DE0DEAC7D6): 27
LogDevObjectVersion:   Dev-Enterprise (9DFFBCD6-494F-0158-E221-12823C92A888): 6
LogDevObjectVersion:   Dev-Niagara (F2AED0AC-9AFE-416F-8664-AA7FFA26D6FC): 1
LogDevObjectVersion:   Dev-Destruction (174F1F0B-B4C6-45A5-B13F-2EE8D0FB917D): 9
LogInit: Presizing for max 16777216 objects, including 0 objects not considered by GC, pre-allocating 0 bytes for permanent pool.
LogInit: Object subsystem initialized
LogConfig: Setting CVar [[con.DebugEarlyDefault:1]]
LogConfig: Setting CVar [[r.setres:1280x720]]
[2019.12.05-13.37.36:089][  0]LogConfig: Setting CVar [[r.VSync:0]]
[2019.12.05-13.37.36:089][  0]LogConfig: Setting CVar [[r.RHICmdBypass:0]]
[2019.12.05-13.37.36:089][  0]LogConfig: Applying CVar settings from Section [/Script/Engine.RendererSettings] File [D:/DUT/Ptut/Projet/ProjetRPG/ProjetRPG_Git 4.23/Saved/Config/Windows/Engine.ini]
[2019.12.05-13.37.36:089][  0]LogConfig: Setting CVar [[r.GPUCrashDebugging:0]]
[2019.12.05-13.37.36:089][  0]LogConfig: Applying CVar settings from Section [/Script/Engine.RendererOverrideSettings] File [D:/DUT/Ptut/Projet/ProjetRPG/ProjetRPG_Git 4.23/Saved/Config/Windows/Engine.ini]
[2019.12.05-13.37.36:089][  0]LogConfig: Applying CVar settings from Section [/Script/Engine.StreamingSettings] File [D:/DUT/Ptut/Projet/ProjetRPG/ProjetRPG_Git 4.23/Saved/Config/Windows/Engine.ini]
[2019.12.05-13.37.36:089][  0]LogConfig: Setting CVar [[s.MinBulkDataSizeForAsyncLoading:131072]]
[2019.12.05-13.37.36:089][  0]LogConfig: Setting CVar [[s.AsyncLoadingThreadEnabled:0]]
[2019.12.05-13.37.36:089][  0]LogConfig: Setting CVar [[s.EventDrivenLoaderEnabled:1]]
[2019.12.05-13.37.36:089][  0]LogConfig: Setting CVar [[s.WarnIfTimeLimitExceeded:0]]
[2019.12.05-13.37.36:090][  0]LogConfig: Setting CVar [[s.TimeLimitExceededMultiplier:1.5]]
[2019.12.05-13.37.36:090][  0]LogConfig: Setting CVar [[s.TimeLimitExceededMinTime:0.005]]
[2019.12.05-13.37.36:090][  0]LogConfig: Setting CVar [[s.UseBackgroundLevelStreaming:1]]
[2019.12.05-13.37.36:090][  0]LogConfig: Setting CVar [[s.PriorityAsyncLoadingExtraTime:15.0]]
[2019.12.05-13.37.36:090][  0]LogConfig: Setting CVar [[s.LevelStreamingActorsUpdateTimeLimit:5.0]]
[2019.12.05-13.37.36:090][  0]LogConfig: Setting CVar [[s.PriorityLevelStreamingActorsUpdateExtraTime:5.0]]
[2019.12.05-13.37.36:090][  0]LogConfig: Setting CVar [[s.LevelStreamingComponentsRegistrationGranularity:10]]
[2019.12.05-13.37.36:090][  0]LogConfig: Setting CVar [[s.UnregisterComponentsTimeLimit:1.0]]
[2019.12.05-13.37.36:090][  0]LogConfig: Setting CVar [[s.LevelStreamingComponentsUnregistrationGranularity:5]]
[2019.12.05-13.37.36:090][  0]LogConfig: Applying CVar settings from Section [/Script/Engine.GarbageCollectionSettings] File [D:/DUT/Ptut/Projet/ProjetRPG/ProjetRPG_Git 4.23/Saved/Config/Windows/Engine.ini]
[2019.12.05-13.37.36:090][  0]LogConfig: Setting CVar [[gc.MaxObjectsNotConsideredByGC:1]]
[2019.12.05-13.37.36:090][  0]LogConfig: Setting CVar [[gc.SizeOfPermanentObjectPool:0]]
[2019.12.05-13.37.36:090][  0]LogConfig: Setting CVar [[gc.FlushStreamingOnGC:0]]
[2019.12.05-13.37.36:090][  0]LogConfig: Setting CVar [[gc.NumRetriesBeforeForcingGC:10]]
[2019.12.05-13.37.36:090][  0]LogConfig: Setting CVar [[gc.AllowParallelGC:1]]
[2019.12.05-13.37.36:090][  0]LogConfig: Setting CVar [[gc.TimeBetweenPurgingPendingKillObjects:61.1]]
[2019.12.05-13.37.36:090][  0]LogConfig: Setting CVar [[gc.MaxObjectsInEditor:16777216]]
[2019.12.05-13.37.36:090][  0]LogConfig: Setting CVar [[gc.IncrementalBeginDestroyEnabled:1]]
[2019.12.05-13.37.36:090][  0]LogConfig: Setting CVar [[gc.CreateGCClusters:1]]
[2019.12.05-13.37.36:090][  0]LogConfig: Setting CVar [[gc.MinGCClusterSize:5]]
[2019.12.05-13.37.36:090][  0]LogConfig: Setting CVar [[gc.ActorClusteringEnabled:0]]
[2019.12.05-13.37.36:090][  0]LogConfig: Setting CVar [[gc.BlueprintClusteringEnabled:0]]
[2019.12.05-13.37.36:090][  0]LogConfig: Setting CVar [[gc.UseDisregardForGCOnDedicatedServers:0]]
[2019.12.05-13.37.36:090][  0]LogConfig: Applying CVar settings from Section [/Script/Engine.NetworkSettings] File [D:/DUT/Ptut/Projet/ProjetRPG/ProjetRPG_Git 4.23/Saved/Config/Windows/Engine.ini]
[2019.12.05-13.37.36:090][  0]LogConfig: Applying CVar settings from Section [/Script/UnrealEd.CookerSettings] File [D:/DUT/Ptut/Projet/ProjetRPG/ProjetRPG_Git 4.23/Saved/Config/Windows/Engine.ini]
[2019.12.05-13.37.36:094][  0]LogConfig: Applying CVar settings from Section [ViewDistanceQuality@3] File [D:/DUT/Ptut/Projet/ProjetRPG/ProjetRPG_Git 4.23/Saved/Config/Windows/Scalability.ini]
[2019.12.05-13.37.36:094][  0]LogConfig: Setting CVar [[r.SkeletalMeshLODBias:0]]
[2019.12.05-13.37.36:094][  0]LogConfig: Setting CVar [[r.ViewDistanceScale:1.0]]
[2019.12.05-13.37.36:094][  0]LogConfig: Applying CVar settings from Section [AntiAliasingQuality@3] File [D:/DUT/Ptut/Projet/ProjetRPG/ProjetRPG_Git 4.23/Saved/Config/Windows/Scalability.ini]
[2019.12.05-13.37.36:094][  0]LogConfig: Setting CVar [[r.PostProcessAAQuality:4]]
[2019.12.05-13.37.36:094][  0]LogConfig: Applying CVar settings from Section [ShadowQuality@3] File [D:/DUT/Ptut/Projet/ProjetRPG/ProjetRPG_Git 4.23/Saved/Config/Windows/Scalability.ini]
[2019.12.05-13.37.36:094][  0]LogConfig: Setting CVar [[r.LightFunctionQuality:1]]
[2019.12.05-13.37.36:094][  0]LogConfig: Setting CVar [[r.ShadowQuality:5]]
[2019.12.05-13.37.36:094][  0]LogConfig: Setting CVar [[r.Shadow.CSM.MaxCascades:10]]
[2019.12.05-13.37.36:094][  0]LogConfig: Setting CVar [[r.Shadow.MaxResolution:2048]]
[2019.12.05-13.37.36:094][  0]LogConfig: Setting CVar [[r.Shadow.MaxCSMResolution:2048]]
[2019.12.05-13.37.36:094][  0]LogConfig: Setting CVar [[r.Shadow.RadiusThreshold:0.01]]
[2019.12.05-13.37.36:094][  0]LogConfig: Setting CVar [[r.Shadow.DistanceScale:1.0]]
[2019.12.05-13.37.36:094][  0]LogConfig: Setting CVar [[r.Shadow.CSM.TransitionScale:1.0]]
[2019.12.05-13.37.36:094][  0]LogConfig: Setting CVar [[r.Shadow.PreShadowResolutionFactor:1.0]]
[2019.12.05-13.37.36:094][  0]LogConfig: Setting CVar [[r.DistanceFieldShadowing:1]]
[2019.12.05-13.37.36:095][  0]LogConfig: Setting CVar [[r.DistanceFieldAO:1]]
[2019.12.05-13.37.36:095][  0]LogConfig: Setting CVar [[r.AOQuality:2]]
[2019.12.05-13.37.36:095][  0]LogConfig: Setting CVar [[r.VolumetricFog:1]]
[2019.12.05-13.37.36:095][  0]LogConfig: Setting CVar [[r.VolumetricFog.GridPixelSize:8]]
[2019.12.05-13.37.36:095][  0]LogConfig: Setting CVar [[r.VolumetricFog.GridSizeZ:128]]
[2019.12.05-13.37.36:095][  0]LogConfig: Setting CVar [[r.VolumetricFog.HistoryMissSupersampleCount:4]]
[2019.12.05-13.37.36:095][  0]LogConfig: Setting CVar [[r.LightMaxDrawDistanceScale:1]]
[2019.12.05-13.37.36:095][  0]LogConfig: Setting CVar [[r.CapsuleShadows:1]]
[2019.12.05-13.37.36:095][  0]LogConfig: Applying CVar settings from Section [PostProcessQuality@3] File [D:/DUT/Ptut/Projet/ProjetRPG/ProjetRPG_Git 4.23/Saved/Config/Windows/Scalability.ini]
[2019.12.05-13.37.36:095][  0]LogConfig: Setting CVar [[r.MotionBlurQuality:4]]
[2019.12.05-13.37.36:095][  0]LogConfig: Setting CVar [[r.AmbientOcclusionMipLevelFactor:0.4]]
[2019.12.05-13.37.36:095][  0]LogConfig: Setting CVar [[r.AmbientOcclusionMaxQuality:100]]
[2019.12.05-13.37.36:095][  0]LogConfig: Setting CVar [[r.AmbientOcclusionLevels:-1]]
[2019.12.05-13.37.36:095][  0]LogConfig: Setting CVar [[r.AmbientOcclusionRadiusScale:1.0]]
[2019.12.05-13.37.36:095][  0]LogConfig: Setting CVar [[r.DepthOfFieldQuality:2]]
[2019.12.05-13.37.36:095][  0]LogConfig: Setting CVar [[r.RenderTargetPoolMin:400]]
[2019.12.05-13.37.36:095][  0]LogConfig: Setting CVar [[r.LensFlareQuality:2]]
[2019.12.05-13.37.36:095][  0]LogConfig: Setting CVar [[r.SceneColorFringeQuality:1]]
[2019.12.05-13.37.36:095][  0]LogConfig: Setting CVar [[r.EyeAdaptationQuality:2]]
[2019.12.05-13.37.36:095][  0]LogConfig: Setting CVar [[r.BloomQuality:5]]
[2019.12.05-13.37.36:095][  0]LogConfig: Setting CVar [[r.FastBlurThreshold:100]]
[2019.12.05-13.37.36:095][  0]LogConfig: Setting CVar [[r.Upscale.Quality:3]]
[2019.12.05-13.37.36:095][  0]LogConfig: Setting CVar [[r.Tonemapper.GrainQuantization:1]]
[2019.12.05-13.37.36:095][  0]LogConfig: Setting CVar [[r.LightShaftQuality:1]]
[2019.12.05-13.37.36:095][  0]LogConfig: Setting CVar [[r.Filter.SizeScale:1]]
[2019.12.05-13.37.36:095][  0]LogConfig: Setting CVar [[r.Tonemapper.Quality:5]]
[2019.12.05-13.37.36:095][  0]LogConfig: Setting CVar [[r.DOF.Gather.AccumulatorQuality:1        ; higher gathering accumulator quality]]
[2019.12.05-13.37.36:095][  0]LogConfig: Setting CVar [[r.DOF.Gather.PostfilterMethod:1          ; Median3x3 postfilering method]]
[2019.12.05-13.37.36:095][  0]LogConfig: Setting CVar [[r.DOF.Gather.EnableBokehSettings:0       ; no bokeh simulation when gathering]]
[2019.12.05-13.37.36:095][  0]LogConfig: Setting CVar [[r.DOF.Gather.RingCount:4                 ; medium number of samples when gathering]]
[2019.12.05-13.37.36:095][  0]LogConfig: Setting CVar [[r.DOF.Scatter.ForegroundCompositing:1    ; additive foreground scattering]]
[2019.12.05-13.37.36:095][  0]LogConfig: Setting CVar [[r.DOF.Scatter.BackgroundCompositing:2    ; additive background scattering]]
[2019.12.05-13.37.36:095][  0]LogConfig: Setting CVar [[r.DOF.Scatter.EnableBokehSettings:1      ; bokeh simulation when scattering]]
[2019.12.05-13.37.36:095][  0]LogConfig: Setting CVar [[r.DOF.Scatter.MaxSpriteRatio:0.1         ; only a maximum of 10% of scattered bokeh]]
[2019.12.05-13.37.36:095][  0]LogConfig: Setting CVar [[r.DOF.Recombine.Quality:1                ; cheap slight out of focus]]
[2019.12.05-13.37.36:095][  0]LogConfig: Setting CVar [[r.DOF.Recombine.EnableBokehSettings:0    ; no bokeh simulation on slight out of focus]]
[2019.12.05-13.37.36:095][  0]LogConfig: Setting CVar [[r.DOF.TemporalAAQuality:1                ; more stable temporal accumulation]]
[2019.12.05-13.37.36:095][  0]LogConfig: Setting CVar [[r.DOF.Kernel.MaxForegroundRadius:0.025]]
[2019.12.05-13.37.36:095][  0]LogConfig: Setting CVar [[r.DOF.Kernel.MaxBackgroundRadius:0.025]]
[2019.12.05-13.37.36:095][  0]LogConfig: Applying CVar settings from Section [TextureQuality@3] File [D:/DUT/Ptut/Projet/ProjetRPG/ProjetRPG_Git 4.23/Saved/Config/Windows/Scalability.ini]
[2019.12.05-13.37.36:095][  0]LogConfig: Setting CVar [[r.Streaming.MipBias:0]]
[2019.12.05-13.37.36:095][  0]LogConfig: Setting CVar [[r.Streaming.AmortizeCPUToGPUCopy:0]]
[2019.12.05-13.37.36:095][  0]LogConfig: Setting CVar [[r.Streaming.MaxNumTexturesToStreamPerFrame:0]]
[2019.12.05-13.37.36:095][  0]LogConfig: Setting CVar [[r.Streaming.Boost:1]]
[2019.12.05-13.37.36:095][  0]LogConfig: Setting CVar [[r.MaxAnisotropy:8]]
[2019.12.05-13.37.36:095][  0]LogConfig: Setting CVar [[r.Streaming.LimitPoolSizeToVRAM:0]]
[2019.12.05-13.37.36:095][  0]LogConfig: Setting CVar [[r.Streaming.PoolSize:1000]]
[2019.12.05-13.37.36:096][  0]LogConfig: Setting CVar [[r.Streaming.MaxEffectiveScreenSize:0]]
[2019.12.05-13.37.36:096][  0]LogConfig: Applying CVar settings from Section [EffectsQuality@3] File [D:/DUT/Ptut/Projet/ProjetRPG/ProjetRPG_Git 4.23/Saved/Config/Windows/Scalability.ini]
[2019.12.05-13.37.36:096][  0]LogConfig: Setting CVar [[r.TranslucencyLightingVolumeDim:64]]
[2019.12.05-13.37.36:096][  0]LogConfig: Setting CVar [[r.RefractionQuality:2]]
[2019.12.05-13.37.36:096][  0]LogConfig: Setting CVar [[r.SSR.Quality:3]]
[2019.12.05-13.37.36:096][  0]LogConfig: Setting CVar [[r.SceneColorFormat:4]]
[2019.12.05-13.37.36:096][  0]LogConfig: Setting CVar [[r.DetailMode:2]]
[2019.12.05-13.37.36:096][  0]LogConfig: Setting CVar [[r.TranslucencyVolumeBlur:1]]
[2019.12.05-13.37.36:096][  0]LogConfig: Setting CVar [[r.MaterialQualityLevel:1 ; High quality]]
[2019.12.05-13.37.36:096][  0]LogConfig: Setting CVar [[r.SSS.Scale:1]]
[2019.12.05-13.37.36:096][  0]LogConfig: Setting CVar [[r.SSS.SampleSet:2]]
[2019.12.05-13.37.36:096][  0]LogConfig: Setting CVar [[r.SSS.Quality:1]]
[2019.12.05-13.37.36:096][  0]LogConfig: Setting CVar [[r.SSS.HalfRes:1]]
[2019.12.05-13.37.36:096][  0]LogConfig: Setting CVar [[r.EmitterSpawnRateScale:1.0]]
[2019.12.05-13.37.36:096][  0]LogConfig: Setting CVar [[r.ParticleLightQuality:2]]
[2019.12.05-13.37.36:096][  0]LogConfig: Applying CVar settings from Section [FoliageQuality@3] File [D:/DUT/Ptut/Projet/ProjetRPG/ProjetRPG_Git 4.23/Saved/Config/Windows/Scalability.ini]
[2019.12.05-13.37.36:096][  0]LogConfig: Setting CVar [[foliage.DensityScale:1.0]]
[2019.12.05-13.37.36:096][  0]LogConfig: Setting CVar [[grass.DensityScale:1.0]]
[2019.12.05-13.37.36:096][  0]LogInit: Selected Device Profile: [Windows]
[2019.12.05-13.37.36:096][  0]LogInit: Applying CVar settings loaded from the selected device profile: [Windows]
[2019.12.05-13.37.36:100][  0]LogHAL: Display: Platform has ~ 8 GB [8389935104 / 8589934592 / 8], which maps to Default [LargestMinGB=32, LargerMinGB=12, DefaultMinGB=8, SmallerMinGB=6, SmallestMinGB=0)
[2019.12.05-13.37.36:100][  0]LogInit: Going up to parent DeviceProfile []
[2019.12.05-13.37.36:100][  0]LogConfig: Applying CVar settings from Section [ViewDistanceQuality@3] File [D:/DUT/Ptut/Projet/ProjetRPG/ProjetRPG_Git 4.23/Saved/Config/Windows/Scalability.ini]
[2019.12.05-13.37.36:100][  0]LogConfig: Setting CVar [[r.SkeletalMeshLODBias:0]]
[2019.12.05-13.37.36:100][  0]LogConfig: Setting CVar [[r.ViewDistanceScale:1.0]]
[2019.12.05-13.37.36:100][  0]LogConfig: Applying CVar settings from Section [AntiAliasingQuality@3] File [D:/DUT/Ptut/Projet/ProjetRPG/ProjetRPG_Git 4.23/Saved/Config/Windows/Scalability.ini]
[2019.12.05-13.37.36:100][  0]LogConfig: Setting CVar [[r.PostProcessAAQuality:4]]
[2019.12.05-13.37.36:100][  0]LogConfig: Applying CVar settings from Section [ShadowQuality@3] File [D:/DUT/Ptut/Projet/ProjetRPG/ProjetRPG_Git 4.23/Saved/Config/Windows/Scalability.ini]
[2019.12.05-13.37.36:100][  0]LogConfig: Setting CVar [[r.LightFunctionQuality:1]]
[2019.12.05-13.37.36:100][  0]LogConfig: Setting CVar [[r.ShadowQuality:5]]
[2019.12.05-13.37.36:100][  0]LogConfig: Setting CVar [[r.Shadow.CSM.MaxCascades:10]]
[2019.12.05-13.37.36:100][  0]LogConfig: Setting CVar [[r.Shadow.MaxResolution:2048]]
[2019.12.05-13.37.36:100][  0]LogConfig: Setting CVar [[r.Shadow.MaxCSMResolution:2048]]
[2019.12.05-13.37.36:100][  0]LogConfig: Setting CVar [[r.Shadow.RadiusThreshold:0.01]]
[2019.12.05-13.37.36:100][  0]LogConfig: Setting CVar [[r.Shadow.DistanceScale:1.0]]
[2019.12.05-13.37.36:100][  0]LogConfig: Setting CVar [[r.Shadow.CSM.TransitionScale:1.0]]
[2019.12.05-13.37.36:100][  0]LogConfig: Setting CVar [[r.Shadow.PreShadowResolutionFactor:1.0]]
[2019.12.05-13.37.36:100][  0]LogConfig: Setting CVar [[r.DistanceFieldShadowing:1]]
[2019.12.05-13.37.36:100][  0]LogConfig: Setting CVar [[r.DistanceFieldAO:1]]
[2019.12.05-13.37.36:100][  0]LogConfig: Setting CVar [[r.AOQuality:2]]
[2019.12.05-13.37.36:100][  0]LogConfig: Setting CVar [[r.VolumetricFog:1]]
[2019.12.05-13.37.36:100][  0]LogConfig: Setting CVar [[r.VolumetricFog.GridPixelSize:8]]
[2019.12.05-13.37.36:100][  0]LogConfig: Setting CVar [[r.VolumetricFog.GridSizeZ:128]]
[2019.12.05-13.37.36:100][  0]LogConfig: Setting CVar [[r.VolumetricFog.HistoryMissSupersampleCount:4]]
[2019.12.05-13.37.36:100][  0]LogConfig: Setting CVar [[r.LightMaxDrawDistanceScale:1]]
[2019.12.05-13.37.36:100][  0]LogConfig: Setting CVar [[r.CapsuleShadows:1]]
[2019.12.05-13.37.36:100][  0]LogConfig: Applying CVar settings from Section [PostProcessQuality@3] File [D:/DUT/Ptut/Projet/ProjetRPG/ProjetRPG_Git 4.23/Saved/Config/Windows/Scalability.ini]
[2019.12.05-13.37.36:100][  0]LogConfig: Setting CVar [[r.MotionBlurQuality:4]]
[2019.12.05-13.37.36:100][  0]LogConfig: Setting CVar [[r.AmbientOcclusionMipLevelFactor:0.4]]
[2019.12.05-13.37.36:100][  0]LogConfig: Setting CVar [[r.AmbientOcclusionMaxQuality:100]]
[2019.12.05-13.37.36:100][  0]LogConfig: Setting CVar [[r.AmbientOcclusionLevels:-1]]
[2019.12.05-13.37.36:100][  0]LogConfig: Setting CVar [[r.AmbientOcclusionRadiusScale:1.0]]
[2019.12.05-13.37.36:100][  0]LogConfig: Setting CVar [[r.DepthOfFieldQuality:2]]
[2019.12.05-13.37.36:100][  0]LogConfig: Setting CVar [[r.RenderTargetPoolMin:400]]
[2019.12.05-13.37.36:100][  0]LogConfig: Setting CVar [[r.LensFlareQuality:2]]
[2019.12.05-13.37.36:100][  0]LogConfig: Setting CVar [[r.SceneColorFringeQuality:1]]
[2019.12.05-13.37.36:100][  0]LogConfig: Setting CVar [[r.EyeAdaptationQuality:2]]
[2019.12.05-13.37.36:100][  0]LogConfig: Setting CVar [[r.BloomQuality:5]]
[2019.12.05-13.37.36:101][  0]LogConfig: Setting CVar [[r.FastBlurThreshold:100]]
[2019.12.05-13.37.36:101][  0]LogConfig: Setting CVar [[r.Upscale.Quality:3]]
[2019.12.05-13.37.36:101][  0]LogConfig: Setting CVar [[r.Tonemapper.GrainQuantization:1]]
[2019.12.05-13.37.36:101][  0]LogConfig: Setting CVar [[r.LightShaftQuality:1]]
[2019.12.05-13.37.36:101][  0]LogConfig: Setting CVar [[r.Filter.SizeScale:1]]
[2019.12.05-13.37.36:101][  0]LogConfig: Setting CVar [[r.Tonemapper.Quality:5]]
[2019.12.05-13.37.36:101][  0]LogConfig: Setting CVar [[r.DOF.Gather.AccumulatorQuality:1        ; higher gathering accumulator quality]]
[2019.12.05-13.37.36:101][  0]LogConfig: Setting CVar [[r.DOF.Gather.PostfilterMethod:1          ; Median3x3 postfilering method]]
[2019.12.05-13.37.36:101][  0]LogConfig: Setting CVar [[r.DOF.Gather.EnableBokehSettings:0       ; no bokeh simulation when gathering]]
[2019.12.05-13.37.36:101][  0]LogConfig: Setting CVar [[r.DOF.Gather.RingCount:4                 ; medium number of samples when gathering]]
[2019.12.05-13.37.36:101][  0]LogConfig: Setting CVar [[r.DOF.Scatter.ForegroundCompositing:1    ; additive foreground scattering]]
[2019.12.05-13.37.36:101][  0]LogConfig: Setting CVar [[r.DOF.Scatter.BackgroundCompositing:2    ; additive background scattering]]
[2019.12.05-13.37.36:101][  0]LogConfig: Setting CVar [[r.DOF.Scatter.EnableBokehSettings:1      ; bokeh simulation when scattering]]
[2019.12.05-13.37.36:101][  0]LogConfig: Setting CVar [[r.DOF.Scatter.MaxSpriteRatio:0.1         ; only a maximum of 10% of scattered bokeh]]
[2019.12.05-13.37.36:101][  0]LogConfig: Setting CVar [[r.DOF.Recombine.Quality:1                ; cheap slight out of focus]]
[2019.12.05-13.37.36:101][  0]LogConfig: Setting CVar [[r.DOF.Recombine.EnableBokehSettings:0    ; no bokeh simulation on slight out of focus]]
[2019.12.05-13.37.36:101][  0]LogConfig: Setting CVar [[r.DOF.TemporalAAQuality:1                ; more stable temporal accumulation]]
[2019.12.05-13.37.36:101][  0]LogConfig: Setting CVar [[r.DOF.Kernel.MaxForegroundRadius:0.025]]
[2019.12.05-13.37.36:101][  0]LogConfig: Setting CVar [[r.DOF.Kernel.MaxBackgroundRadius:0.025]]
[2019.12.05-13.37.36:101][  0]LogConfig: Applying CVar settings from Section [TextureQuality@3] File [D:/DUT/Ptut/Projet/ProjetRPG/ProjetRPG_Git 4.23/Saved/Config/Windows/Scalability.ini]
[2019.12.05-13.37.36:101][  0]LogConfig: Setting CVar [[r.Streaming.MipBias:0]]
[2019.12.05-13.37.36:101][  0]LogConfig: Setting CVar [[r.Streaming.AmortizeCPUToGPUCopy:0]]
[2019.12.05-13.37.36:101][  0]LogConfig: Setting CVar [[r.Streaming.MaxNumTexturesToStreamPerFrame:0]]
[2019.12.05-13.37.36:101][  0]LogConfig: Setting CVar [[r.Streaming.Boost:1]]
[2019.12.05-13.37.36:101][  0]LogConfig: Setting CVar [[r.MaxAnisotropy:8]]
[2019.12.05-13.37.36:101][  0]LogConfig: Setting CVar [[r.Streaming.LimitPoolSizeToVRAM:0]]
[2019.12.05-13.37.36:101][  0]LogConfig: Setting CVar [[r.Streaming.PoolSize:1000]]
[2019.12.05-13.37.36:101][  0]LogConfig: Setting CVar [[r.Streaming.MaxEffectiveScreenSize:0]]
[2019.12.05-13.37.36:101][  0]LogConfig: Applying CVar settings from Section [EffectsQuality@3] File [D:/DUT/Ptut/Projet/ProjetRPG/ProjetRPG_Git 4.23/Saved/Config/Windows/Scalability.ini]
[2019.12.05-13.37.36:101][  0]LogConfig: Setting CVar [[r.TranslucencyLightingVolumeDim:64]]
[2019.12.05-13.37.36:101][  0]LogConfig: Setting CVar [[r.RefractionQuality:2]]
[2019.12.05-13.37.36:101][  0]LogConfig: Setting CVar [[r.SSR.Quality:3]]
[2019.12.05-13.37.36:101][  0]LogConfig: Setting CVar [[r.SceneColorFormat:4]]
[2019.12.05-13.37.36:101][  0]LogConfig: Setting CVar [[r.DetailMode:2]]
[2019.12.05-13.37.36:101][  0]LogConfig: Setting CVar [[r.TranslucencyVolumeBlur:1]]
[2019.12.05-13.37.36:101][  0]LogConfig: Setting CVar [[r.MaterialQualityLevel:1 ; High quality]]
[2019.12.05-13.37.36:101][  0]LogConfig: Setting CVar [[r.SSS.Scale:1]]
[2019.12.05-13.37.36:101][  0]LogConfig: Setting CVar [[r.SSS.SampleSet:2]]
[2019.12.05-13.37.36:101][  0]LogConfig: Setting CVar [[r.SSS.Quality:1]]
[2019.12.05-13.37.36:101][  0]LogConfig: Setting CVar [[r.SSS.HalfRes:1]]
[2019.12.05-13.37.36:101][  0]LogConfig: Setting CVar [[r.EmitterSpawnRateScale:1.0]]
[2019.12.05-13.37.36:101][  0]LogConfig: Setting CVar [[r.ParticleLightQuality:2]]
[2019.12.05-13.37.36:101][  0]LogConfig: Applying CVar settings from Section [FoliageQuality@3] File [D:/DUT/Ptut/Projet/ProjetRPG/ProjetRPG_Git 4.23/Saved/Config/Windows/Scalability.ini]
[2019.12.05-13.37.36:101][  0]LogConfig: Setting CVar [[foliage.DensityScale:1.0]]
[2019.12.05-13.37.36:101][  0]LogConfig: Setting CVar [[grass.DensityScale:1.0]]
[2019.12.05-13.37.36:101][  0]LogConfig: Applying CVar settings from Section [Startup] File [../../../Engine/Config/ConsoleVariables.ini]
[2019.12.05-13.37.36:102][  0]LogConfig: Setting CVar [[net.UseAdaptiveNetUpdateFrequency:0]]
[2019.12.05-13.37.36:102][  0]LogConfig: Setting CVar [[p.chaos.AllowCreatePhysxBodies:1]]
[2019.12.05-13.37.36:102][  0]LogConfig: Applying CVar settings from Section [ConsoleVariables] File [D:/DUT/Ptut/Projet/ProjetRPG/ProjetRPG_Git 4.23/Saved/Config/Windows/Engine.ini]
[2019.12.05-13.37.36:102][  0]LogInit: Computer: PC-CC2
[2019.12.05-13.37.36:102][  0]LogInit: User: clery
[2019.12.05-13.37.36:102][  0]LogInit: CPU Page size=4096, Cores=4
[2019.12.05-13.37.36:102][  0]LogInit: High frequency timer resolution =10.000000 MHz
[2019.12.05-13.37.36:102][  0]LogMemory: Memory total: Physical=7.8GB (8GB approx)
[2019.12.05-13.37.36:102][  0]LogMemory: Platform Memory Stats for Windows
[2019.12.05-13.37.36:102][  0]LogMemory: Process Physical Memory: 101.76 MB used, 101.76 MB peak
[2019.12.05-13.37.36:102][  0]LogMemory: Process Virtual Memory: 98.90 MB used, 98.90 MB peak
[2019.12.05-13.37.36:102][  0]LogMemory: Physical Memory: 5493.33 MB used,  2507.93 MB free, 8001.27 MB total
[2019.12.05-13.37.36:102][  0]LogMemory: Virtual Memory: 4681.34 MB used,  134213048.00 MB free, 134217728.00 MB total
[2019.12.05-13.37.36:105][  0]LogWindows: WindowsPlatformFeatures enabled
[2019.12.05-13.37.36:147][  0]LogInit: Using OS detected language (fr-FR).
[2019.12.05-13.37.36:147][  0]LogInit: Using OS detected locale (fr-FR).
[2019.12.05-13.37.36:148][  0]LogTextLocalizationManager: No specific localization for 'fr-FR' exists, so the 'fr' localization will be used.
[2019.12.05-13.37.36:149][  0]LogTextLocalizationResource: LocRes '../../../Engine/Content/Localization/Editor/fr/Editor.locres' could not be opened for reading!
[2019.12.05-13.37.36:149][  0]LogTextLocalizationResource: LocRes '../../../Engine/Content/Localization/EditorTutorials/fr/EditorTutorials.locres' could not be opened for reading!
[2019.12.05-13.37.36:149][  0]LogTextLocalizationResource: LocRes '../../../Engine/Content/Localization/Keywords/fr/Keywords.locres' could not be opened for reading!
[2019.12.05-13.37.36:149][  0]LogTextLocalizationResource: LocRes '../../../Engine/Content/Localization/Category/fr/Category.locres' could not be opened for reading!
[2019.12.05-13.37.36:150][  0]LogTextLocalizationResource: LocRes '../../../Engine/Content/Localization/ToolTips/fr/ToolTips.locres' could not be opened for reading!
[2019.12.05-13.37.36:150][  0]LogTextLocalizationResource: LocRes '../../../Engine/Content/Localization/PropertyNames/fr/PropertyNames.locres' could not be opened for reading!
[2019.12.05-13.37.36:150][  0]LogTextLocalizationResource: LocRes '../../../Engine/Content/Localization/Engine/fr/Engine.locres' could not be opened for reading!
[2019.12.05-13.37.36:151][  0]LogInit: Setting process to per monitor DPI aware
[2019.12.05-13.37.36:203][  0]LogSlate: New Slate User Created.  User Index 0, Is Virtual User: 0
[2019.12.05-13.37.36:203][  0]LogSlate: Slate User Registered.  User Index 0, Is Virtual User: 0
[2019.12.05-13.37.36:393][  0]LogHMD: Failed to initialize OpenVR with code 110
[2019.12.05-13.37.36:393][  0]LogD3D11RHI: D3D11 adapters:
[2019.12.05-13.37.36:468][  0]LogD3D11RHI:    0. 'NVIDIA GeForce GTX 1050' (Feature Level 11_0)
[2019.12.05-13.37.36:468][  0]LogD3D11RHI:       2996/0/4000 MB DedicatedVideo/DedicatedSystem/SharedSystem, Outputs:2, VendorId:0x10de
[2019.12.05-13.37.36:491][  0]LogD3D11RHI:    1. 'AMD Radeon(TM) RX Vega 10 Graphics' (Feature Level 11_0)
[2019.12.05-13.37.36:491][  0]LogD3D11RHI:       112/0/4000 MB DedicatedVideo/DedicatedSystem/SharedSystem, Outputs:0, VendorId:0x1002
[2019.12.05-13.37.36:494][  0]LogD3D11RHI:    2. 'Microsoft Basic Render Driver' (Feature Level 11_0)
[2019.12.05-13.37.36:494][  0]LogD3D11RHI:       0/0/4000 MB DedicatedVideo/DedicatedSystem/SharedSystem, Outputs:0, VendorId:0x1414
[2019.12.05-13.37.36:494][  0]LogD3D11RHI: Chosen D3D11 Adapter: 0
[2019.12.05-13.37.36:537][  0]LogD3D11RHI: Creating new Direct3DDevice
[2019.12.05-13.37.36:537][  0]LogD3D11RHI:     GPU DeviceId: 0x1c91 (for the marketing name, search the web for "GPU Device Id")
[2019.12.05-13.37.36:537][  0]LogWindows: EnumDisplayDevices:
[2019.12.05-13.37.36:537][  0]LogWindows:    0. 'AMD Radeon(TM) RX Vega 10 Graphics' (P:1 D:1)
[2019.12.05-13.37.36:537][  0]LogWindows:    1. 'AMD Radeon(TM) RX Vega 10 Graphics' (P:0 D:0)
[2019.12.05-13.37.36:538][  0]LogWindows:    2. 'AMD Radeon(TM) RX Vega 10 Graphics' (P:0 D:0)
[2019.12.05-13.37.36:538][  0]LogWindows:    3. 'NVIDIA GeForce GTX 1050' (P:0 D:1)
[2019.12.05-13.37.36:538][  0]LogWindows: DebugString: PrimaryIsNotTheChoosenAdapter PrimaryIsNotTheChoosenAdapter PrimaryIsNotTheChoosenAdapter 
[2019.12.05-13.37.36:538][  0]LogD3D11RHI:     Adapter Name: NVIDIA GeForce GTX 1050
[2019.12.05-13.37.36:538][  0]LogD3D11RHI:   Driver Version: 441.20 (internal:26.21.14.4120, unified:441.20)
[2019.12.05-13.37.36:538][  0]LogD3D11RHI:      Driver Date: 11-6-2019
[2019.12.05-13.37.36:538][  0]LogRHI: Texture pool is 2097 MB (70% of 2996 MB)
[2019.12.05-13.37.36:598][  0]LogD3D11RHI: Async texture creation enabled
[2019.12.05-13.37.36:612][  0]LogD3D11RHI: GPU Timing Frequency: 1000.000000 (Debug: 2 1)
[2019.12.05-13.37.36:939][  0]LogTemp: Display: Module 'AllDesktopTargetPlatform' loaded TargetPlatform 'AllDesktop'
[2019.12.05-13.37.36:948][  0]LogTemp: Display: Module 'MacClientTargetPlatform' loaded TargetPlatform 'MacClient'
[2019.12.05-13.37.36:957][  0]LogTemp: Display: Module 'MacNoEditorTargetPlatform' loaded TargetPlatform 'MacNoEditor'
[2019.12.05-13.37.36:966][  0]LogTemp: Display: Module 'MacServerTargetPlatform' loaded TargetPlatform 'MacServer'
[2019.12.05-13.37.36:976][  0]LogTemp: Display: Module 'MacTargetPlatform' loaded TargetPlatform 'Mac'
[2019.12.05-13.37.36:985][  0]LogTemp: Display: Module 'WindowsClientTargetPlatform' loaded TargetPlatform 'WindowsClient'
[2019.12.05-13.37.36:996][  0]LogTemp: Display: Module 'WindowsNoEditorTargetPlatform' loaded TargetPlatform 'WindowsNoEditor'
[2019.12.05-13.37.37:007][  0]LogTemp: Display: Module 'WindowsServerTargetPlatform' loaded TargetPlatform 'WindowsServer'
[2019.12.05-13.37.37:013][  0]LogTemp: Display: Module 'WindowsTargetPlatform' loaded TargetPlatform 'Windows'
[2019.12.05-13.37.37:055][  0]LogTemp: Display: Module 'AndroidTargetPlatform' loaded TargetPlatform 'Android'
[2019.12.05-13.37.37:055][  0]LogTemp: Display: Module 'AndroidTargetPlatform' loaded TargetPlatform 'Android_ASTC'
[2019.12.05-13.37.37:055][  0]LogTemp: Display: Module 'AndroidTargetPlatform' loaded TargetPlatform 'Android_ATC'
[2019.12.05-13.37.37:055][  0]LogTemp: Display: Module 'AndroidTargetPlatform' loaded TargetPlatform 'Android_DXT'
[2019.12.05-13.37.37:055][  0]LogTemp: Display: Module 'AndroidTargetPlatform' loaded TargetPlatform 'Android_ETC1'
[2019.12.05-13.37.37:055][  0]LogTemp: Display: Module 'AndroidTargetPlatform' loaded TargetPlatform 'Android_ETC1a'
[2019.12.05-13.37.37:055][  0]LogTemp: Display: Module 'AndroidTargetPlatform' loaded TargetPlatform 'Android_ETC2'
[2019.12.05-13.37.37:055][  0]LogTemp: Display: Module 'AndroidTargetPlatform' loaded TargetPlatform 'Android_PVRTC'
[2019.12.05-13.37.37:055][  0]LogTemp: Display: Module 'AndroidTargetPlatform' loaded TargetPlatform 'AndroidClient'
[2019.12.05-13.37.37:055][  0]LogTemp: Display: Module 'AndroidTargetPlatform' loaded TargetPlatform 'Android_ASTCClient'
[2019.12.05-13.37.37:055][  0]LogTemp: Display: Module 'AndroidTargetPlatform' loaded TargetPlatform 'Android_ATCClient'
[2019.12.05-13.37.37:055][  0]LogTemp: Display: Module 'AndroidTargetPlatform' loaded TargetPlatform 'Android_DXTClient'
[2019.12.05-13.37.37:055][  0]LogTemp: Display: Module 'AndroidTargetPlatform' loaded TargetPlatform 'Android_ETC1Client'
[2019.12.05-13.37.37:055][  0]LogTemp: Display: Module 'AndroidTargetPlatform' loaded TargetPlatform 'Android_ETC1aClient'
[2019.12.05-13.37.37:055][  0]LogTemp: Display: Module 'AndroidTargetPlatform' loaded TargetPlatform 'Android_ETC2Client'
[2019.12.05-13.37.37:055][  0]LogTemp: Display: Module 'AndroidTargetPlatform' loaded TargetPlatform 'Android_PVRTCClient'
[2019.12.05-13.37.37:055][  0]LogTemp: Display: Module 'AndroidTargetPlatform' loaded TargetPlatform 'Android_Multi'
[2019.12.05-13.37.37:055][  0]LogTemp: Display: Module 'AndroidTargetPlatform' loaded TargetPlatform 'Android_MultiClient'
[2019.12.05-13.37.37:057][  0]LogTemp: Display: Module 'HTML5TargetPlatform' loaded TargetPlatform 'HTML5'
[2019.12.05-13.37.37:081][  0]LogTemp: Display: Module 'IOSTargetPlatform' loaded TargetPlatform 'IOSClient'
[2019.12.05-13.37.37:081][  0]LogTemp: Display: Module 'IOSTargetPlatform' loaded TargetPlatform 'IOS'
[2019.12.05-13.37.37:098][  0]LogTemp: Display: Module 'TVOSTargetPlatform' loaded TargetPlatform 'TVOSClient'
[2019.12.05-13.37.37:098][  0]LogTemp: Display: Module 'TVOSTargetPlatform' loaded TargetPlatform 'TVOS'
[2019.12.05-13.37.37:107][  0]LogTemp: Display: Module 'LinuxClientTargetPlatform' loaded TargetPlatform 'LinuxClient'
[2019.12.05-13.37.37:114][  0]LogTemp: Display: Module 'LinuxNoEditorTargetPlatform' loaded TargetPlatform 'LinuxNoEditor'
[2019.12.05-13.37.37:122][  0]LogTemp: Display: Module 'LinuxServerTargetPlatform' loaded TargetPlatform 'LinuxServer'
[2019.12.05-13.37.37:130][  0]LogTemp: Display: Module 'LinuxTargetPlatform' loaded TargetPlatform 'Linux'
[2019.12.05-13.37.37:162][  0]LogTemp: Display: Module 'LuminTargetPlatform' loaded TargetPlatform 'Lumin'
[2019.12.05-13.37.37:162][  0]LogTemp: Display: Module 'LuminTargetPlatform' loaded TargetPlatform 'LuminClient'
[2019.12.05-13.37.37:162][  0]LogTargetPlatformManager: Display: Building Assets For Windows
[2019.12.05-13.37.37:174][  0]LogAudioDebug: Display: Lib vorbis DLL was dynamically loaded.
[2019.12.05-13.37.37:230][  0]LogShaderCompilers: Guid format shader working directory is -2 characters bigger than the processId version (D:/DUT/Ptut/Projet/ProjetRPG/ProjetRPG_Git 4.23/Intermediate/Shaders/WorkingDirectory/86936/).
[2019.12.05-13.37.37:231][  0]LogShaderCompilers: Cleaned the shader compiler working directory 'C:/Users/clery/AppData/Local/Temp/UnrealShaderWorkingDir/D6C10D4E49AA448084351A984500D14F/'.
[2019.12.05-13.37.37:233][  0]LogXGEController: Cannot use XGE Controller as Incredibuild is not installed on this machine.
[2019.12.05-13.37.37:233][  0]LogShaderCompilers: Cannot use XGE Shader Compiler as Incredibuild is not installed on this machine.
[2019.12.05-13.37.37:233][  0]LogShaderCompilers: Display: Using Local Shader Compiler.
[2019.12.05-13.37.37:846][  0]LogDerivedDataCache: Display: Max Cache Size: 512 MB
[2019.12.05-13.37.37:908][  0]LogDerivedDataCache: Loaded boot cache 0.06s 73MB C:/Users/clery/AppData/Local/UnrealEngine/4.23/DerivedDataCache/Boot.ddc.
[2019.12.05-13.37.37:908][  0]LogDerivedDataCache: Display: Loaded Boot cache: C:/Users/clery/AppData/Local/UnrealEngine/4.23/DerivedDataCache/Boot.ddc
[2019.12.05-13.37.37:908][  0]LogDerivedDataCache: FDerivedDataBackendGraph:  Pak pak cache file D:/DUT/Ptut/Projet/ProjetRPG/ProjetRPG_Git 4.23/DerivedDataCache/DDC.ddp not found, will not use a pak cache.
[2019.12.05-13.37.37:908][  0]LogDerivedDataCache: Unable to find inner node Pak for hierarchical cache Hierarchy.
[2019.12.05-13.37.37:908][  0]LogDerivedDataCache: FDerivedDataBackendGraph:  CompressedPak pak cache file D:/DUT/Ptut/Projet/ProjetRPG/ProjetRPG_Git 4.23/DerivedDataCache/Compressed.ddp not found, will not use a pak cache.
[2019.12.05-13.37.37:908][  0]LogDerivedDataCache: Unable to find inner node CompressedPak for hierarchical cache Hierarchy.
[2019.12.05-13.37.37:920][  0]LogDerivedDataCache: Display: Pak cache opened for reading ../../../Engine/DerivedDataCache/Compressed.ddp.
[2019.12.05-13.37.37:920][  0]LogDerivedDataCache: FDerivedDataBackendGraph:  EnterprisePak pak cache file ../../../Enterprise/DerivedDataCache/Compressed.ddp not found, will not use a pak cache.
[2019.12.05-13.37.37:920][  0]LogDerivedDataCache: Unable to find inner node EnterprisePak for hierarchical cache Hierarchy.
[2019.12.05-13.37.37:921][  0]LogDerivedDataCache: Using Local data cache path C:/Users/clery/AppData/Local/UnrealEngine/Common/DerivedDataCache: Writable
[2019.12.05-13.37.37:921][  0]LogDerivedDataCache: Shared data cache path not found in *engine.ini, will not use an Shared cache.
[2019.12.05-13.37.37:922][  0]LogDerivedDataCache: Unable to find inner node Shared for hierarchical cache Hierarchy.
[2019.12.05-13.37.37:943][  0]LogMaterial: Verifying Global Shaders for PCD3D_SM5
[2019.12.05-13.37.37:946][  0]LogSlate: Using FreeType 2.6.0
[2019.12.05-13.37.37:946][  0]LogSlate: SlateFontServices - WITH_FREETYPE: 1, WITH_HARFBUZZ: 1
[2019.12.05-13.37.38:005][  0]LogAssetRegistry: FAssetRegistry took 0.0028 seconds to start up
[2019.12.05-13.37.38:342][  0]LogInit: Selected Device Profile: [Windows]
[2019.12.05-13.37.38:487][  0]LogMeshReduction: Using QuadricMeshReduction for automatic static mesh reduction
[2019.12.05-13.37.38:487][  0]LogMeshReduction: Using SimplygonMeshReduction for automatic skeletal mesh reduction
[2019.12.05-13.37.38:487][  0]LogMeshReduction: Using ProxyLODMeshReduction for automatic mesh merging
[2019.12.05-13.37.38:487][  0]LogMeshReduction: No distributed automatic mesh merging module available
[2019.12.05-13.37.38:488][  0]LogMeshMerging: No distributed automatic mesh merging module available
[2019.12.05-13.37.38:500][  0]LogNetVersion: ProjetRPG_Git 1.0.0, NetCL: 8386587, EngineNetVer: 11, GameNetVer: 0 (Checksum: 4283081199)
[2019.12.05-13.37.38:960][  0]LogPackageLocalizationCache: Processed 12 localized package path(s) for 1 prioritized culture(s) in 0.055545 seconds
[2019.12.05-13.37.38:969][  0]LogUObjectArray: 43444 objects as part of root set at end of initial load.
[2019.12.05-13.37.38:969][  0]LogUObjectAllocator: 7548648 out of 0 bytes used by permanent object pool.
[2019.12.05-13.37.38:969][  0]LogUObjectArray: CloseDisregardForGC: 0/0 objects in disregard for GC pool
[2019.12.05-13.37.39:893][  0]LogTcpMessaging: Initializing TcpMessaging bridge
[2019.12.05-13.37.39:896][  0]LogUdpMessaging: Initializing bridge on interface 0.0.0.0:0 to multicast group 230.0.0.1:6666.
[2019.12.05-13.37.39:958][  0]SourceControl: Source control is disabled
[2019.12.05-13.37.39:958][  0]SourceControl: Source control is disabled
[2019.12.05-13.37.39:960][  0]SourceControl: Source control is disabled
[2019.12.05-13.37.39:961][  0]SourceControl: Source control is disabled
[2019.12.05-13.37.40:057][  0]LogAndroidPermission: UAndroidPermissionCallbackProxy::GetInstance
[2019.12.05-13.37.40:174][  0]LogOcInput: OculusInput pre-init called
[2019.12.05-13.37.40:183][  0]LogWindows: Failed to load 'OVRPlugin.dll' (GetLastError=126)
[2019.12.05-13.37.40:183][  0]LogWindows: File 'OVRPlugin.dll' does not exist
[2019.12.05-13.37.40:259][  0]LogEngine: Initializing Engine...
[2019.12.05-13.37.40:260][  0]LogHMD: Failed to initialize OpenVR with code 110
[2019.12.05-13.37.40:261][  0]LogStats: UGameplayTagsManager::InitializeManager -  0.000 s
[2019.12.05-13.37.40:502][  0]LogInit: Initializing FReadOnlyCVARCache
[2019.12.05-13.37.40:525][  0]LogAIModule: Creating AISystem for world Untitled
[2019.12.05-13.37.40:555][  0]LogInit: XAudio2 using 'DELL S2240L (NVIDIA High Definition Audio)' : 2 channels at 48 kHz using 16 bits per sample (channel mask 0x3)
[2019.12.05-13.37.40:570][  0]LogInit: FAudioDevice initialized.
[2019.12.05-13.37.40:570][  0]LogNetVersion: Set ProjectVersion to 1.0.0.0. Version Checksum will be recalculated on next use.
[2019.12.05-13.37.40:645][  0]LogDerivedDataCache: Saved boot cache 0.08s 73MB C:/Users/clery/AppData/Local/UnrealEngine/4.23/DerivedDataCache/Boot.ddc.
[2019.12.05-13.37.40:662][  0]LogInit: Texture streaming: Enabled
[2019.12.05-13.37.40:689][  0]LogEngineSessionManager: EngineSessionManager initialized
[2019.12.05-13.37.40:689][  0]LogEditorSessionSummary: Verbose: Initializing EditorSessionSummaryWriter for editor session tracking
[2019.12.05-13.37.40:690][  0]LogEditorSessionSummary: EditorSessionSummaryWriter initialized
[2019.12.05-13.37.40:796][  0]LogInit: Transaction tracking system initialized
[2019.12.05-13.37.40:831][  0]BlueprintLog: New page: Editor Load
[2019.12.05-13.37.40:938][  0]LocalizationService: Localization service is disabled
[2019.12.05-13.37.41:196][  0]LogFileCache: Scanning file cache for directory 'D:/DUT/Ptut/Projet/ProjetRPG/ProjetRPG_Git 4.23/Content/' took 0.00s
[2019.12.05-13.37.41:196][  0]LogCook: Display: Max memory allowance for cook 16384mb min free memory 0mb
[2019.12.05-13.37.41:196][  0]LogCook: Display: Mobile HDR setting 1
[2019.12.05-13.37.41:391][  0]SourceControl: Source control is disabled
[2019.12.05-13.37.41:391][  0]Cmd: MAP LOAD FILE="D:/DUT/Ptut/Projet/ProjetRPG/ProjetRPG_Git 4.23/Content/ThirdPersonBP/Maps/ThirdPersonExampleMap.umap" TEMPLATE=0 SHOWPROGRESS=1 FEATURELEVEL=3
[2019.12.05-13.37.41:392][  0]LightingResults: New page: Lighting Build
[2019.12.05-13.37.41:394][  0]LogWorld: UWorld::CleanupWorld for Untitled, bSessionEnded=true, bCleanupResources=true
[2019.12.05-13.37.41:395][  0]MapCheck: New page: Map Check
[2019.12.05-13.37.41:395][  0]LightingResults: New page: Lighting Build
[2019.12.05-13.37.41:423][  0]LogUObjectHash: Compacting FUObjectHashTables data took   2.19ms
[2019.12.05-13.37.41:954][  0]LogAIModule: Creating AISystem for world ThirdPersonExampleMap
[2019.12.05-13.37.41:996][  0]LogEditorServer: Finished looking for orphan Actors (0.000 secs)
[2019.12.05-13.37.42:023][  0]LogUObjectHash: Compacting FUObjectHashTables data took   2.41ms
[2019.12.05-13.37.42:023][  0]Cmd: MAP CHECKDEP NOCLEARLOG
[2019.12.05-13.37.42:024][  0]MapCheck: Map check complete: 0 Error(s), 0 Warning(s), took 0,131ms to complete.
[2019.12.05-13.37.42:024][  0]LogFileHelpers: Loading map 'ThirdPersonExampleMap' took 0.633
[2019.12.05-13.37.42:130][  0]LogSlate: Updating window title bar state: overlay mode, drag disabled, window buttons hidden, title bar hidden
[2019.12.05-13.37.42:141][  0]LogSlate: Updating window title bar state: overlay mode, drag disabled, window buttons hidden, title bar hidden
[2019.12.05-13.37.42:150][  0]LogSlate: Updating window title bar state: overlay mode, drag disabled, window buttons hidden, title bar hidden
[2019.12.05-13.37.42:159][  0]LogSlate: Updating window title bar state: overlay mode, drag disabled, window buttons hidden, title bar hidden
[2019.12.05-13.37.42:167][  0]LogCollectionManager: Loaded 0 collections in 0.002305 seconds
[2019.12.05-13.37.42:175][  0]LogFileCache: Scanning file cache for directory 'D:/DUT/Ptut/Projet/ProjetRPG/ProjetRPG_Git 4.23/Saved/Collections/' took 0.00s
[2019.12.05-13.37.42:175][  0]LogFileCache: Scanning file cache for directory 'D:/DUT/Ptut/Projet/ProjetRPG/ProjetRPG_Git 4.23/Content/Developers/clery/Collections/' took 0.00s
[2019.12.05-13.37.42:175][  0]LogFileCache: Scanning file cache for directory 'D:/DUT/Ptut/Projet/ProjetRPG/ProjetRPG_Git 4.23/Content/Collections/' took 0.00s
[2019.12.05-13.37.42:175][  0]LogCollectionManager: Rebuilt the GUID cache for 0 collections in 0.000002 seconds
[2019.12.05-13.37.42:186][  0]LogContentBrowser: Native class hierarchy populated in 0.0104 seconds. Added 2863 classes and 680 folders.
[2019.12.05-13.37.42:196][  0]LogContentBrowser: Native class hierarchy updated for 'WidgetCarousel' in 0.0003 seconds. Added 0 classes and 0 folders.
[2019.12.05-13.37.42:236][  0]LogContentBrowser: Native class hierarchy updated for 'AddContentDialog' in 0.0003 seconds. Added 0 classes and 0 folders.
[2019.12.05-13.37.42:243][  0]LogContentBrowser: Native class hierarchy updated for 'SceneOutliner' in 0.0003 seconds. Added 1 classes and 2 folders.
[2019.12.05-13.37.42:260][  0]LogSlate: Took 0.000240 seconds to synchronously load lazily loaded font '../../../Engine/Content/Slate/Fonts/Roboto-Regular.ttf' (155K)
[2019.12.05-13.37.42:265][  0]LogSlate: Took 0.000309 seconds to synchronously load lazily loaded font '../../../Engine/Content/Slate/Fonts/Roboto-Bold.ttf' (160K)
[2019.12.05-13.37.42:267][  0]LogSlate: Took 0.000314 seconds to synchronously load lazily loaded font '../../../Engine/Content/Editor/Slate/Fonts/FontAwesome.ttf' (139K)
[2019.12.05-13.37.42:318][  0]LogRenderer: Reallocating scene render targets to support 1480x600 Format 10 NumSamples 1 (Frame:1).
[2019.12.05-13.37.42:480][  0]LogContentBrowser: Native class hierarchy updated for 'HierarchicalLODOutliner' in 0.0006 seconds. Added 0 classes and 0 folders.
[2019.12.05-13.37.42:480][  0]LogLoad: (Engine Initialization) Total time: 7.98 seconds
[2019.12.05-13.37.42:480][  0]LogLoad: (Engine Initialization) Total Blueprint compile time: 0.00 seconds
[2019.12.05-13.37.42:545][  0]LogAssetRegistry: Asset discovery search completed in 4.5415 seconds
[2019.12.05-13.37.42:548][  0]LogCollectionManager: Rebuilt the object cache for 0 collections in 0.000004 seconds (found 0 objects)
[2019.12.05-13.37.42:548][  0]LogCollectionManager: Fixed up redirectors for 0 collections in 0.000063 seconds (updated 0 objects)
[2019.12.05-13.37.42:550][  0]LogContentStreaming: Texture pool size now 1000 MB
[2019.12.05-13.37.43:520][ 55]LogSlate: Took 0.000237 seconds to synchronously load lazily loaded font '../../../Engine/Content/Slate/Fonts/Roboto-Light.ttf' (167K)
[2019.12.05-13.37.54:560][717]LogSlate: FSceneViewport::OnFocusLost() reason 0
[2019.12.05-13.37.54:673][722]LogAssetEditorManager: Opening Asset editor for Blueprint /Game/ThirdPersonBP/Blueprints/ThirdPersonCharacter.ThirdPersonCharacter
[2019.12.05-13.37.54:913][722]LogContentBrowser: Native class hierarchy updated for 'BlueprintGraph' in 0.0006 seconds. Added 121 classes and 0 folders.
[2019.12.05-13.37.55:836][722]LogSlate: Took 0.000208 seconds to synchronously load lazily loaded font '../../../Engine/Content/Slate/Fonts/Roboto-BoldCondensed.ttf' (158K)
[2019.12.05-13.37.56:565][753]LogSlate: Took 0.000185 seconds to synchronously load lazily loaded font '../../../Engine/Content/Slate/Fonts/Roboto-Italic.ttf' (157K)
[2019.12.05-13.38.51:093][664]LogSlate: FSceneViewport::OnFocusLost() reason 0
[2019.12.05-13.38.51:192][670]LogTemp: Repeating last play command: Selected Viewport
[2019.12.05-13.38.51:215][670]LogBlueprintUserMessages: Early PlayInEditor Detection: Level '/Game/ThirdPersonBP/Maps/ThirdPersonExampleMap.ThirdPersonExampleMap:PersistentLevel' has LevelScriptBlueprint '/Game/ThirdPersonBP/Maps/ThirdPersonExampleMap.ThirdPersonExampleMap:PersistentLevel.ThirdPersonExampleMap' with GeneratedClass '/Game/ThirdPersonBP/Maps/ThirdPersonExampleMap.ThirdPersonExampleMap_C' with ClassGeneratedBy '/Game/ThirdPersonBP/Maps/ThirdPersonExampleMap.ThirdPersonExampleMap:PersistentLevel.ThirdPersonExampleMap'
[2019.12.05-13.38.51:216][670]LogPlayLevel: PlayLevel: No blueprints needed recompiling
[2019.12.05-13.38.51:222][670]PIE: New page: PIE session: ThirdPersonExampleMap (5 déc. 2019 15:38:51)
[2019.12.05-13.38.51:224][670]LogOnline: OSS: Creating online subsystem instance for: NULL
[2019.12.05-13.38.51:227][670]LogPlayLevel: Creating play world package: /Game/ThirdPersonBP/Maps/UEDPIE_0_ThirdPersonExampleMap
[2019.12.05-13.38.51:248][670]LogPlayLevel: PIE: StaticDuplicateObject took: (0.020774s)
[2019.12.05-13.38.51:250][670]LogAIModule: Creating AISystem for world ThirdPersonExampleMap
[2019.12.05-13.38.51:250][670]LogPlayLevel: PIE: World Init took: (0.002239s)
[2019.12.05-13.38.51:251][670]LogPlayLevel: PIE: Created PIE world by copying editor world from /Game/ThirdPersonBP/Maps/ThirdPersonExampleMap.ThirdPersonExampleMap to /Game/ThirdPersonBP/Maps/UEDPIE_0_ThirdPersonExampleMap.ThirdPersonExampleMap (0.023361s)
[2019.12.05-13.38.51:290][670]LogUObjectHash: Compacting FUObjectHashTables data took   3.56ms
[2019.12.05-13.38.51:303][670]LogInit: XAudio2 using 'DELL S2240L (NVIDIA High Definition Audio)' : 2 channels at 48 kHz using 16 bits per sample (channel mask 0x3)
[2019.12.05-13.38.51:314][670]LogInit: FAudioDevice initialized.
[2019.12.05-13.38.51:332][670]LogLoad: Game class is 'ThirdPersonGameMode_C'
[2019.12.05-13.38.51:342][670]LogWorld: Bringing World /Game/ThirdPersonBP/Maps/UEDPIE_0_ThirdPersonExampleMap.ThirdPersonExampleMap up for play (max tick rate 60) at 2019.12.05-14.38.51
[2019.12.05-13.38.51:343][670]LogWorld: Bringing up level for play took: 0.004065
[2019.12.05-13.38.51:344][670]LogOnline: OSS: Creating online subsystem instance for: :Context_2
[2019.12.05-13.38.51:370][670]LogContentBrowser: Native class hierarchy updated for 'MovieSceneCapture' in 0.0003 seconds. Added 20 classes and 0 folders.
[2019.12.05-13.38.51:385][670]PIE: Play in editor start time for /Game/ThirdPersonBP/Maps/UEDPIE_0_ThirdPersonExampleMap 0,067
[2019.12.05-13.38.51:386][670]LogBlueprintUserMessages: Late PlayInEditor Detection: Level '/Game/ThirdPersonBP/Maps/ThirdPersonExampleMap.ThirdPersonExampleMap:PersistentLevel' has LevelScriptBlueprint '/Game/ThirdPersonBP/Maps/ThirdPersonExampleMap.ThirdPersonExampleMap:PersistentLevel.ThirdPersonExampleMap' with GeneratedClass '/Game/ThirdPersonBP/Maps/ThirdPersonExampleMap.ThirdPersonExampleMap_C' with ClassGeneratedBy '/Game/ThirdPersonBP/Maps/ThirdPersonExampleMap.ThirdPersonExampleMap:PersistentLevel.ThirdPersonExampleMap'
[2019.12.05-13.38.56:697][943]LogInit: XAudio2 using 'Casque (S8 PLUS Stereo)' : 2 channels at 44.1 kHz using 16 bits per sample (channel mask 0x3)
[2019.12.05-13.38.56:736][943]LogInit: XAudio2 using 'Casque (S8 PLUS Stereo)' : 2 channels at 44.1 kHz using 16 bits per sample (channel mask 0x3)
[2019.12.05-13.38.56:869][944]LogInit: XAudio2 using 'Casque (S8 PLUS Stereo)' : 2 channels at 44.1 kHz using 16 bits per sample (channel mask 0x3)
[2019.12.05-13.38.56:914][944]LogInit: XAudio2 using 'Casque (S8 PLUS Stereo)' : 2 channels at 44.1 kHz using 16 bits per sample (channel mask 0x3)
[2019.12.05-13.38.57:061][945]LogInit: XAudio2 using 'Casque (S8 PLUS Stereo)' : 2 channels at 44.1 kHz using 16 bits per sample (channel mask 0x3)
[2019.12.05-13.39.03:683][315]LogBlueprintUserMessages: Early EndPlayMap Detection: Level '/Game/ThirdPersonBP/Maps/ThirdPersonExampleMap.ThirdPersonExampleMap:PersistentLevel' has LevelScriptBlueprint '/Game/ThirdPersonBP/Maps/ThirdPersonExampleMap.ThirdPersonExampleMap:PersistentLevel.ThirdPersonExampleMap' with GeneratedClass '/Game/ThirdPersonBP/Maps/ThirdPersonExampleMap.ThirdPersonExampleMap_C' with ClassGeneratedBy '/Game/ThirdPersonBP/Maps/ThirdPersonExampleMap.ThirdPersonExampleMap:PersistentLevel.ThirdPersonExampleMap'
[2019.12.05-13.39.03:686][315]LogSlate: Updating window title bar state: overlay mode, drag disabled, window buttons hidden, title bar hidden
[2019.12.05-13.39.03:686][315]LogWorld: BeginTearingDown for /Game/ThirdPersonBP/Maps/UEDPIE_0_ThirdPersonExampleMap
[2019.12.05-13.39.03:686][315]LogWorld: UWorld::CleanupWorld for ThirdPersonExampleMap, bSessionEnded=true, bCleanupResources=true
[2019.12.05-13.39.03:708][315]LogPlayLevel: Display: Shutting down PIE online subsystems
[2019.12.05-13.39.03:708][315]LogBlueprintUserMessages: Late EndPlayMap Detection: Level '/Game/ThirdPersonBP/Maps/ThirdPersonExampleMap.ThirdPersonExampleMap:PersistentLevel' has LevelScriptBlueprint '/Game/ThirdPersonBP/Maps/ThirdPersonExampleMap.ThirdPersonExampleMap:PersistentLevel.ThirdPersonExampleMap' with GeneratedClass '/Game/ThirdPersonBP/Maps/ThirdPersonExampleMap.ThirdPersonExampleMap_C' with ClassGeneratedBy '/Game/ThirdPersonBP/Maps/ThirdPersonExampleMap.ThirdPersonExampleMap:PersistentLevel.ThirdPersonExampleMap'
[2019.12.05-13.39.03:746][315]LogSlate: Updating window title bar state: overlay mode, drag disabled, window buttons hidden, title bar hidden
[2019.12.05-13.39.03:777][315]LogUObjectHash: Compacting FUObjectHashTables data took   4.33ms
[2019.12.05-13.39.03:799][316]LogPlayLevel: Display: Destroying online subsystem :Context_2
[2019.12.05-13.39.25:639][516]LogAudio: Warning: Current Audio Device with ID {0.0.0.00000000}.{f1914d5a-c6cf-4e34-b8fe-fad8421d83cf} was removed. Shutting down audio device.
[2019.12.05-13.39.25:639][516]LogInit: XAudio2 using 'DELL S2240L (NVIDIA High Definition Audio)' : 2 channels at 48 kHz using 16 bits per sample (channel mask 0x3)
[2019.12.05-13.39.29:334][527]LogInit: XAudio2 using 'Casque (MAJOR II BLUETOOTH Stereo)' : 2 channels at 44.1 kHz using 16 bits per sample (channel mask 0x3)
[2019.12.05-13.40.51:791][959]LogSlate: FSceneViewport::OnFocusLost() reason 0
[2019.12.05-13.43.44:202][898]LogEditorTransaction: Undo Add Node
[2019.12.05-13.44.28:211][314]LogEditorTransaction: Undo Add New Function
[2019.12.05-13.44.32:410][553]LogEditorTransaction: Undo Add Variable
[2019.12.05-13.44.37:131][828]LogEditorTransaction: Undo Add New Function
[2019.12.05-13.44.59:232][146]LogEditorTransaction: Undo Add New Function
[2019.12.05-13.45.03:127][355]LogEditorTransaction: Undo Add New Event Dispatcher
[2019.12.05-13.47.55:240][716]LogUObjectHash: Compacting FUObjectHashTables data took   5.86ms
[2019.12.05-13.47.55:598][716]LogSavePackage: Moving 'D:/DUT/Ptut/Projet/ProjetRPG/ProjetRPG_Git 4.23/Saved/ThirdPersonExampleMap_Auto17AF85C7A4A55B42206EB65AFB42A6F88.tmp' to 'D:/DUT/Ptut/Projet/ProjetRPG/ProjetRPG_Git 4.23/Saved/Autosaves/Game/ThirdPersonBP/Maps/ThirdPersonExampleMap_Auto1.umap'
[2019.12.05-13.47.55:667][716]LogFileHelpers: Editor autosave (incl. sublevels) for '/Game/ThirdPersonBP/Maps/ThirdPersonExampleMap' took 0.485
[2019.12.05-13.47.55:667][716]LogFileHelpers: Editor autosave (incl. sublevels) for all levels took 0.485
[2019.12.05-13.47.55:669][716]OBJ SavePackage: Generating thumbnails for [1] asset(s) in package [/Game/ThirdPersonBP/Blueprints/ThirdPersonCharacter] ([1] browsable assets)...
[2019.12.05-13.47.55:712][716]OBJ SavePackage:     Rendered thumbnail for [Blueprint /Game/ThirdPersonBP/Blueprints/ThirdPersonCharacter.ThirdPersonCharacter]
[2019.12.05-13.47.55:712][716]OBJ SavePackage: Finished generating thumbnails for package [/Game/ThirdPersonBP/Blueprints/ThirdPersonCharacter]
[2019.12.05-13.47.55:883][716]LogSavePackage: Moving 'D:/DUT/Ptut/Projet/ProjetRPG/ProjetRPG_Git 4.23/Saved/ThirdPersonCharacter_Auto154084E794FB307B60CF4318A61CD1CE6.tmp' to 'D:/DUT/Ptut/Projet/ProjetRPG/ProjetRPG_Git 4.23/Saved/Autosaves/Game/ThirdPersonBP/Blueprints/ThirdPersonCharacter_Auto1.uasset'
[2019.12.05-13.47.55:885][716]LogFileHelpers: Auto-saving content packages took 0.216
[2019.12.05-13.57.56:641][516]LogUObjectHash: Compacting FUObjectHashTables data took   6.68ms
[2019.12.05-13.57.57:434][516]LogSavePackage: Moving 'D:/DUT/Ptut/Projet/ProjetRPG/ProjetRPG_Git 4.23/Saved/ThirdPersonExampleMap_Auto29C281F2C40DBE919573507805F9AB819.tmp' to 'D:/DUT/Ptut/Projet/ProjetRPG/ProjetRPG_Git 4.23/Saved/Autosaves/Game/ThirdPersonBP/Maps/ThirdPersonExampleMap_Auto2.umap'
[2019.12.05-13.57.57:439][516]LogFileHelpers: Editor autosave (incl. sublevels) for '/Game/ThirdPersonBP/Maps/ThirdPersonExampleMap' took 0.864
[2019.12.05-13.57.57:439][516]LogFileHelpers: Editor autosave (incl. sublevels) for all levels took 0.864
[2019.12.05-13.57.57:442][516]OBJ SavePackage: Generating thumbnails for [1] asset(s) in package [/Game/ThirdPersonBP/Blueprints/ThirdPersonCharacter] ([1] browsable assets)...
[2019.12.05-13.57.57:473][516]OBJ SavePackage:     Rendered thumbnail for [Blueprint /Game/ThirdPersonBP/Blueprints/ThirdPersonCharacter.ThirdPersonCharacter]
[2019.12.05-13.57.57:473][516]OBJ SavePackage: Finished generating thumbnails for package [/Game/ThirdPersonBP/Blueprints/ThirdPersonCharacter]
[2019.12.05-13.57.57:889][516]LogSavePackage: Moving 'D:/DUT/Ptut/Projet/ProjetRPG/ProjetRPG_Git 4.23/Saved/ThirdPersonCharacter_Auto2DAA78E5E44F9CEFC5212B183F38F3EBD.tmp' to 'D:/DUT/Ptut/Projet/ProjetRPG/ProjetRPG_Git 4.23/Saved/Autosaves/Game/ThirdPersonBP/Blueprints/ThirdPersonCharacter_Auto2.uasset'
[2019.12.05-13.57.58:734][516]LogFileHelpers: Auto-saving content packages took 1.293
[2019.12.05-14.09.09:790][208]LogInit: XAudio2 using 'Casque (S8 PLUS Stereo)' : 2 channels at 44.1 kHz using 16 bits per sample (channel mask 0x3)
[2019.12.05-14.09.14:117][221]LogInit: XAudio2 using 'Casque (MAJOR II BLUETOOTH Stereo)' : 2 channels at 44.1 kHz using 16 bits per sample (channel mask 0x3)
[2019.12.05-14.09.22:172][245]LogUObjectHash: Compacting FUObjectHashTables data took   7.40ms
[2019.12.05-14.09.22:521][245]LogSavePackage: Moving 'D:/DUT/Ptut/Projet/ProjetRPG/ProjetRPG_Git 4.23/Saved/ThirdPersonExampleMap_Auto3C09B88DB46B0C35727C2AB91B74A1116.tmp' to 'D:/DUT/Ptut/Projet/ProjetRPG/ProjetRPG_Git 4.23/Saved/Autosaves/Game/ThirdPersonBP/Maps/ThirdPersonExampleMap_Auto3.umap'
[2019.12.05-14.09.22:525][245]LogFileHelpers: Editor autosave (incl. sublevels) for '/Game/ThirdPersonBP/Maps/ThirdPersonExampleMap' took 0.404
[2019.12.05-14.09.22:525][245]LogFileHelpers: Editor autosave (incl. sublevels) for all levels took 0.404
[2019.12.05-14.09.22:527][245]OBJ SavePackage: Generating thumbnails for [1] asset(s) in package [/Game/ThirdPersonBP/Blueprints/ThirdPersonCharacter] ([1] browsable assets)...
[2019.12.05-14.09.22:550][245]OBJ SavePackage:     Rendered thumbnail for [Blueprint /Game/ThirdPersonBP/Blueprints/ThirdPersonCharacter.ThirdPersonCharacter]
[2019.12.05-14.09.22:550][245]OBJ SavePackage: Finished generating thumbnails for package [/Game/ThirdPersonBP/Blueprints/ThirdPersonCharacter]
[2019.12.05-14.09.22:716][245]LogSavePackage: Moving 'D:/DUT/Ptut/Projet/ProjetRPG/ProjetRPG_Git 4.23/Saved/ThirdPersonCharacter_Auto354EBC0514999EB8CE84A21AE892229E5.tmp' to 'D:/DUT/Ptut/Projet/ProjetRPG/ProjetRPG_Git 4.23/Saved/Autosaves/Game/ThirdPersonBP/Blueprints/ThirdPersonCharacter_Auto3.uasset'
[2019.12.05-14.09.22:728][245]LogFileHelpers: Auto-saving content packages took 0.201
[2019.12.05-14.14.15:641][383]BlueprintLog: New page: Compile ThirdPersonCharacter
[2019.12.05-14.14.15:995][383]LogUObjectHash: Compacting FUObjectHashTables data took   4.52ms
[2019.12.05-14.14.56:607][431]LogSavePackage: Moving 'D:/DUT/Ptut/Projet/ProjetRPG/ProjetRPG_Git 4.23/Saved/ThirdPersonCharacter90275D7B40E014C48738279C5CC8B052.tmp' to 'D:/DUT/Ptut/Projet/ProjetRPG/ProjetRPG_Git 4.23/Content/ThirdPersonBP/Blueprints/ThirdPersonCharacter.uasset'
[2019.12.05-14.15.39:748][405]BlueprintLog: New page: Compile ThirdPersonCharacter
[2019.12.05-14.15.40:126][405]LogUObjectHash: Compacting FUObjectHashTables data took   7.17ms
[2019.12.05-14.15.41:042][447]LogSavePackage: Moving 'D:/DUT/Ptut/Projet/ProjetRPG/ProjetRPG_Git 4.23/Saved/ThirdPersonCharacterB886119445FF789130CCC992C6BDC082.tmp' to 'D:/DUT/Ptut/Projet/ProjetRPG/ProjetRPG_Git 4.23/Content/ThirdPersonBP/Blueprints/ThirdPersonCharacter.uasset'
[2019.12.05-14.15.47:569][833]LogRenderer: Reallocating scene render targets to support 1480x740 Format 10 NumSamples 1 (Frame:1).
[2019.12.05-14.15.59:680][444]BlueprintLog: New page: Compile ThirdPersonCharacter
[2019.12.05-14.16.00:050][444]LogUObjectHash: Compacting FUObjectHashTables data took   8.27ms
[2019.12.05-14.16.01:666][505]LogSavePackage: Moving 'D:/DUT/Ptut/Projet/ProjetRPG/ProjetRPG_Git 4.23/Saved/ThirdPersonCharacterF730235C49DE4BA11823F48CD4BF698F.tmp' to 'D:/DUT/Ptut/Projet/ProjetRPG/ProjetRPG_Git 4.23/Content/ThirdPersonBP/Blueprints/ThirdPersonCharacter.uasset'
[2019.12.05-14.16.04:015][644]LogTemp: Repeating last play command: Selected Viewport
[2019.12.05-14.16.04:034][644]LogBlueprintUserMessages: Early PlayInEditor Detection: Level '/Game/ThirdPersonBP/Maps/ThirdPersonExampleMap.ThirdPersonExampleMap:PersistentLevel' has LevelScriptBlueprint '/Game/ThirdPersonBP/Maps/ThirdPersonExampleMap.ThirdPersonExampleMap:PersistentLevel.ThirdPersonExampleMap' with GeneratedClass '/Game/ThirdPersonBP/Maps/ThirdPersonExampleMap.ThirdPersonExampleMap_C' with ClassGeneratedBy '/Game/ThirdPersonBP/Maps/ThirdPersonExampleMap.ThirdPersonExampleMap:PersistentLevel.ThirdPersonExampleMap'
[2019.12.05-14.16.04:034][644]LogPlayLevel: PlayLevel: No blueprints needed recompiling
[2019.12.05-14.16.04:034][644]PIE: New page: PIE session: ThirdPersonExampleMap (5 déc. 2019 16:16:04)
[2019.12.05-14.16.04:034][644]LogPlayLevel: Creating play world package: /Game/ThirdPersonBP/Maps/UEDPIE_0_ThirdPersonExampleMap
[2019.12.05-14.16.04:050][644]LogPlayLevel: PIE: StaticDuplicateObject took: (0.015621s)
[2019.12.05-14.16.04:052][644]LogAIModule: Creating AISystem for world ThirdPersonExampleMap
[2019.12.05-14.16.04:053][644]LogPlayLevel: PIE: World Init took: (0.002371s)
[2019.12.05-14.16.04:053][644]LogPlayLevel: PIE: Created PIE world by copying editor world from /Game/ThirdPersonBP/Maps/ThirdPersonExampleMap.ThirdPersonExampleMap to /Game/ThirdPersonBP/Maps/UEDPIE_0_ThirdPersonExampleMap.ThirdPersonExampleMap (0.018287s)
[2019.12.05-14.16.04:096][644]LogUObjectHash: Compacting FUObjectHashTables data took   4.81ms
[2019.12.05-14.16.04:129][644]LogInit: XAudio2 using 'Casque (MAJOR II BLUETOOTH Stereo)' : 2 channels at 44.1 kHz using 16 bits per sample (channel mask 0x3)
[2019.12.05-14.16.04:140][644]LogInit: FAudioDevice initialized.
[2019.12.05-14.16.04:155][644]LogLoad: Game class is 'ThirdPersonGameMode_C'
[2019.12.05-14.16.04:158][644]LogWorld: Bringing World /Game/ThirdPersonBP/Maps/UEDPIE_0_ThirdPersonExampleMap.ThirdPersonExampleMap up for play (max tick rate 60) at 2019.12.05-15.16.04
[2019.12.05-14.16.04:159][644]LogWorld: Bringing up level for play took: 0.002445
[2019.12.05-14.16.04:159][644]LogOnline: OSS: Creating online subsystem instance for: :Context_7
[2019.12.05-14.16.04:163][644]PIE: Play in editor start time for /Game/ThirdPersonBP/Maps/UEDPIE_0_ThirdPersonExampleMap 0,845
[2019.12.05-14.16.04:163][644]LogBlueprintUserMessages: Late PlayInEditor Detection: Level '/Game/ThirdPersonBP/Maps/ThirdPersonExampleMap.ThirdPersonExampleMap:PersistentLevel' has LevelScriptBlueprint '/Game/ThirdPersonBP/Maps/ThirdPersonExampleMap.ThirdPersonExampleMap:PersistentLevel.ThirdPersonExampleMap' with GeneratedClass '/Game/ThirdPersonBP/Maps/ThirdPersonExampleMap.ThirdPersonExampleMap_C' with ClassGeneratedBy '/Game/ThirdPersonBP/Maps/ThirdPersonExampleMap.ThirdPersonExampleMap:PersistentLevel.ThirdPersonExampleMap'
[2019.12.05-14.16.10:602][ 29]LogBlueprintUserMessages: Early EndPlayMap Detection: Level '/Game/ThirdPersonBP/Maps/ThirdPersonExampleMap.ThirdPersonExampleMap:PersistentLevel' has LevelScriptBlueprint '/Game/ThirdPersonBP/Maps/ThirdPersonExampleMap.ThirdPersonExampleMap:PersistentLevel.ThirdPersonExampleMap' with GeneratedClass '/Game/ThirdPersonBP/Maps/ThirdPersonExampleMap.ThirdPersonExampleMap_C' with ClassGeneratedBy '/Game/ThirdPersonBP/Maps/ThirdPersonExampleMap.ThirdPersonExampleMap:PersistentLevel.ThirdPersonExampleMap'
[2019.12.05-14.16.10:603][ 29]LogSlate: Updating window title bar state: overlay mode, drag disabled, window buttons hidden, title bar hidden
[2019.12.05-14.16.10:603][ 29]LogWorld: BeginTearingDown for /Game/ThirdPersonBP/Maps/UEDPIE_0_ThirdPersonExampleMap
[2019.12.05-14.16.10:603][ 29]LogWorld: UWorld::CleanupWorld for ThirdPersonExampleMap, bSessionEnded=true, bCleanupResources=true
[2019.12.05-14.16.10:623][ 29]LogPlayLevel: Display: Shutting down PIE online subsystems
[2019.12.05-14.16.10:623][ 29]LogBlueprintUserMessages: Late EndPlayMap Detection: Level '/Game/ThirdPersonBP/Maps/ThirdPersonExampleMap.ThirdPersonExampleMap:PersistentLevel' has LevelScriptBlueprint '/Game/ThirdPersonBP/Maps/ThirdPersonExampleMap.ThirdPersonExampleMap:PersistentLevel.ThirdPersonExampleMap' with GeneratedClass '/Game/ThirdPersonBP/Maps/ThirdPersonExampleMap.ThirdPersonExampleMap_C' with ClassGeneratedBy '/Game/ThirdPersonBP/Maps/ThirdPersonExampleMap.ThirdPersonExampleMap:PersistentLevel.ThirdPersonExampleMap'
[2019.12.05-14.16.10:669][ 29]LogSlate: Updating window title bar state: overlay mode, drag disabled, window buttons hidden, title bar hidden
[2019.12.05-14.16.10:674][ 29]LogUObjectHash: Compacting FUObjectHashTables data took   3.46ms
[2019.12.05-14.16.10:729][ 31]LogPlayLevel: Display: Destroying online subsystem :Context_7
[2019.12.05-14.16.11:279][ 64]LogSlate: FSceneViewport::OnFocusLost() reason 0
[2019.12.05-14.18.42:452][398]BlueprintLog: New page: Compile ThirdPersonCharacter
[2019.12.05-14.18.42:809][398]LogUObjectHash: Compacting FUObjectHashTables data took   5.77ms
[2019.12.05-14.18.43:408][421]LogSavePackage: Moving 'D:/DUT/Ptut/Projet/ProjetRPG/ProjetRPG_Git 4.23/Saved/ThirdPersonCharacter8C49863349A371685D2956A675CB950B.tmp' to 'D:/DUT/Ptut/Projet/ProjetRPG/ProjetRPG_Git 4.23/Content/ThirdPersonBP/Blueprints/ThirdPersonCharacter.uasset'
[2019.12.05-14.19.29:625][ 82]LogUObjectHash: Compacting FUObjectHashTables data took   4.95ms
[2019.12.05-14.19.30:107][ 82]LogSavePackage: Moving 'D:/DUT/Ptut/Projet/ProjetRPG/ProjetRPG_Git 4.23/Saved/ThirdPersonExampleMap_Auto45D86C1484469BAFCAE1AE290167D2481.tmp' to 'D:/DUT/Ptut/Projet/ProjetRPG/ProjetRPG_Git 4.23/Saved/Autosaves/Game/ThirdPersonBP/Maps/ThirdPersonExampleMap_Auto4.umap'
[2019.12.05-14.19.30:116][ 82]LogFileHelpers: Editor autosave (incl. sublevels) for '/Game/ThirdPersonBP/Maps/ThirdPersonExampleMap' took 0.527
[2019.12.05-14.19.30:116][ 82]LogFileHelpers: Editor autosave (incl. sublevels) for all levels took 0.527
[2019.12.05-14.19.30:119][ 82]OBJ SavePackage: Generating thumbnails for [1] asset(s) in package [/Game/ThirdPersonBP/Blueprints/ThirdPersonCharacter] ([1] browsable assets)...
[2019.12.05-14.19.30:155][ 82]OBJ SavePackage:     Rendered thumbnail for [Blueprint /Game/ThirdPersonBP/Blueprints/ThirdPersonCharacter.ThirdPersonCharacter]
[2019.12.05-14.19.30:155][ 82]OBJ SavePackage: Finished generating thumbnails for package [/Game/ThirdPersonBP/Blueprints/ThirdPersonCharacter]
[2019.12.05-14.19.30:307][ 82]LogSavePackage: Moving 'D:/DUT/Ptut/Projet/ProjetRPG/ProjetRPG_Git 4.23/Saved/ThirdPersonCharacter_Auto495E8E30B4EADCF187A05EC877C31F51E.tmp' to 'D:/DUT/Ptut/Projet/ProjetRPG/ProjetRPG_Git 4.23/Saved/Autosaves/Game/ThirdPersonBP/Blueprints/ThirdPersonCharacter_Auto4.uasset'
[2019.12.05-14.19.30:307][ 82]LogFileHelpers: Auto-saving content packages took 0.190
[2019.12.05-14.20.48:380][300]LogAssetEditorManager: Opening Asset editor for Blueprint /Game/Blueprints/Interfaces/AnimBP_Interface.AnimBP_Interface
[2019.12.05-14.20.52:953][410]LogSlate: Window 'AnimBP_Interface' being destroyed
[2019.12.05-14.20.53:620][450]BlueprintLog: New page: Compile AnimBP_Interface
[2019.12.05-14.20.53:664][450]LogUObjectHash: Compacting FUObjectHashTables data took   4.77ms
[2019.12.05-14.20.54:623][507]Cmd: OBJ SAVEPACKAGE PACKAGE="/Game/Blueprints/Interfaces/AnimBP_Interface" FILE="D:/DUT/Ptut/Projet/ProjetRPG/ProjetRPG_Git 4.23/Content/Blueprints/Interfaces/AnimBP_Interface.uasset" SILENT=true
[2019.12.05-14.20.54:636][507]LogSavePackage: Moving 'D:/DUT/Ptut/Projet/ProjetRPG/ProjetRPG_Git 4.23/Saved/AnimBP_Interface2BBFE53340A60A3079957A83F6A5A725.tmp' to 'D:/DUT/Ptut/Projet/ProjetRPG/ProjetRPG_Git 4.23/Content/Blueprints/Interfaces/AnimBP_Interface.uasset'
[2019.12.05-14.21.42:234][882]BlueprintLog: New page: Compile AnimBP_Interface
[2019.12.05-14.21.42:278][882]LogUObjectHash: Compacting FUObjectHashTables data took   4.79ms
[2019.12.05-14.21.42:858][916]Cmd: OBJ SAVEPACKAGE PACKAGE="/Game/Blueprints/Interfaces/AnimBP_Interface" FILE="D:/DUT/Ptut/Projet/ProjetRPG/ProjetRPG_Git 4.23/Content/Blueprints/Interfaces/AnimBP_Interface.uasset" SILENT=true
[2019.12.05-14.21.42:873][916]LogSavePackage: Moving 'D:/DUT/Ptut/Projet/ProjetRPG/ProjetRPG_Git 4.23/Saved/AnimBP_InterfaceFC10D7774961DB6472C1C7AE8365362A.tmp' to 'D:/DUT/Ptut/Projet/ProjetRPG/ProjetRPG_Git 4.23/Content/Blueprints/Interfaces/AnimBP_Interface.uasset'
[2019.12.05-14.21.49:916][ 72]BlueprintLog: New page: Compile ThirdPersonCharacter
[2019.12.05-14.21.50:268][ 72]LogUObjectHash: Compacting FUObjectHashTables data took   5.89ms
[2019.12.05-14.21.50:878][ 95]LogSavePackage: Moving 'D:/DUT/Ptut/Projet/ProjetRPG/ProjetRPG_Git 4.23/Saved/ThirdPersonCharacter40D778BB4FE85F220FFCDE992DCE8F9D.tmp' to 'D:/DUT/Ptut/Projet/ProjetRPG/ProjetRPG_Git 4.23/Content/ThirdPersonBP/Blueprints/ThirdPersonCharacter.uasset'
[2019.12.05-14.22.43:037][758]BlueprintLog: New page: Compile ThirdPersonCharacter
[2019.12.05-14.22.43:398][758]LogUObjectHash: Compacting FUObjectHashTables data took   5.56ms
[2019.12.05-14.22.43:637][758]LogSavePackage: Moving 'D:/DUT/Ptut/Projet/ProjetRPG/ProjetRPG_Git 4.23/Saved/ThirdPersonCharacter7EE7581B453F5090A54D2EA2CFA0B8D8.tmp' to 'D:/DUT/Ptut/Projet/ProjetRPG/ProjetRPG_Git 4.23/Content/ThirdPersonBP/Blueprints/ThirdPersonCharacter.uasset'
[2019.12.05-14.22.44:467][797]LogSavePackage: Moving 'D:/DUT/Ptut/Projet/ProjetRPG/ProjetRPG_Git 4.23/Saved/ThirdPersonCharacterF2B19D67492BA2890D7E1A9AD08DE29D.tmp' to 'D:/DUT/Ptut/Projet/ProjetRPG/ProjetRPG_Git 4.23/Content/ThirdPersonBP/Blueprints/ThirdPersonCharacter.uasset'
[2019.12.05-14.25.07:000][141]LogSavePackage: Moving 'D:/DUT/Ptut/Projet/ProjetRPG/ProjetRPG_Git 4.23/Saved/ThirdPersonCharacterFEF581A94D52517BA7D29191F7383694.tmp' to 'D:/DUT/Ptut/Projet/ProjetRPG/ProjetRPG_Git 4.23/Content/ThirdPersonBP/Blueprints/ThirdPersonCharacter.uasset'
[2019.12.05-14.25.07:384][163]BlueprintLog: New page: Compile ThirdPersonCharacter
[2019.12.05-14.25.07:773][163]LogUObjectHash: Compacting FUObjectHashTables data took   5.49ms
[2019.12.05-14.25.08:297][178]LogSavePackage: Moving 'D:/DUT/Ptut/Projet/ProjetRPG/ProjetRPG_Git 4.23/Saved/ThirdPersonCharacterF578888C409778B238CAFF80EFC797E9.tmp' to 'D:/DUT/Ptut/Projet/ProjetRPG/ProjetRPG_Git 4.23/Content/ThirdPersonBP/Blueprints/ThirdPersonCharacter.uasset'
[2019.12.05-14.25.11:562][372]LogTemp: Repeating last play command: Selected Viewport
[2019.12.05-14.25.11:584][372]LogBlueprintUserMessages: Early PlayInEditor Detection: Level '/Game/ThirdPersonBP/Maps/ThirdPersonExampleMap.ThirdPersonExampleMap:PersistentLevel' has LevelScriptBlueprint '/Game/ThirdPersonBP/Maps/ThirdPersonExampleMap.ThirdPersonExampleMap:PersistentLevel.ThirdPersonExampleMap' with GeneratedClass '/Game/ThirdPersonBP/Maps/ThirdPersonExampleMap.ThirdPersonExampleMap_C' with ClassGeneratedBy '/Game/ThirdPersonBP/Maps/ThirdPersonExampleMap.ThirdPersonExampleMap:PersistentLevel.ThirdPersonExampleMap'
[2019.12.05-14.25.11:585][372]LogPlayLevel: PlayLevel: No blueprints needed recompiling
[2019.12.05-14.25.11:585][372]PIE: New page: PIE session: ThirdPersonExampleMap (5 déc. 2019 16:25:11)
[2019.12.05-14.25.11:585][372]LogPlayLevel: Creating play world package: /Game/ThirdPersonBP/Maps/UEDPIE_0_ThirdPersonExampleMap
[2019.12.05-14.25.11:598][372]LogPlayLevel: PIE: StaticDuplicateObject took: (0.013606s)
[2019.12.05-14.25.11:600][372]LogAIModule: Creating AISystem for world ThirdPersonExampleMap
[2019.12.05-14.25.11:600][372]LogPlayLevel: PIE: World Init took: (0.001441s)
[2019.12.05-14.25.11:600][372]LogPlayLevel: PIE: Created PIE world by copying editor world from /Game/ThirdPersonBP/Maps/ThirdPersonExampleMap.ThirdPersonExampleMap to /Game/ThirdPersonBP/Maps/UEDPIE_0_ThirdPersonExampleMap.ThirdPersonExampleMap (0.015252s)
[2019.12.05-14.25.11:644][372]LogUObjectHash: Compacting FUObjectHashTables data took   5.08ms
[2019.12.05-14.25.11:674][372]LogInit: XAudio2 using 'Casque (MAJOR II BLUETOOTH Stereo)' : 2 channels at 44.1 kHz using 16 bits per sample (channel mask 0x3)
[2019.12.05-14.25.11:686][372]LogInit: FAudioDevice initialized.
[2019.12.05-14.25.11:695][372]LogLoad: Game class is 'ThirdPersonGameMode_C'
[2019.12.05-14.25.11:698][372]LogWorld: Bringing World /Game/ThirdPersonBP/Maps/UEDPIE_0_ThirdPersonExampleMap.ThirdPersonExampleMap up for play (max tick rate 60) at 2019.12.05-15.25.11
[2019.12.05-14.25.11:699][372]LogWorld: Bringing up level for play took: 0.002807
[2019.12.05-14.25.11:699][372]LogOnline: OSS: Creating online subsystem instance for: :Context_9
[2019.12.05-14.25.11:702][372]PIE: Play in editor start time for /Game/ThirdPersonBP/Maps/UEDPIE_0_ThirdPersonExampleMap 0,384
[2019.12.05-14.25.11:702][372]LogBlueprintUserMessages: Late PlayInEditor Detection: Level '/Game/ThirdPersonBP/Maps/ThirdPersonExampleMap.ThirdPersonExampleMap:PersistentLevel' has LevelScriptBlueprint '/Game/ThirdPersonBP/Maps/ThirdPersonExampleMap.ThirdPersonExampleMap:PersistentLevel.ThirdPersonExampleMap' with GeneratedClass '/Game/ThirdPersonBP/Maps/ThirdPersonExampleMap.ThirdPersonExampleMap_C' with ClassGeneratedBy '/Game/ThirdPersonBP/Maps/ThirdPersonExampleMap.ThirdPersonExampleMap:PersistentLevel.ThirdPersonExampleMap'
[2019.12.05-14.25.16:111][635]LogBlueprintUserMessages: Early EndPlayMap Detection: Level '/Game/ThirdPersonBP/Maps/ThirdPersonExampleMap.ThirdPersonExampleMap:PersistentLevel' has LevelScriptBlueprint '/Game/ThirdPersonBP/Maps/ThirdPersonExampleMap.ThirdPersonExampleMap:PersistentLevel.ThirdPersonExampleMap' with GeneratedClass '/Game/ThirdPersonBP/Maps/ThirdPersonExampleMap.ThirdPersonExampleMap_C' with ClassGeneratedBy '/Game/ThirdPersonBP/Maps/ThirdPersonExampleMap.ThirdPersonExampleMap:PersistentLevel.ThirdPersonExampleMap'
[2019.12.05-14.25.16:111][635]LogSlate: Updating window title bar state: overlay mode, drag disabled, window buttons hidden, title bar hidden
[2019.12.05-14.25.16:112][635]LogWorld: BeginTearingDown for /Game/ThirdPersonBP/Maps/UEDPIE_0_ThirdPersonExampleMap
[2019.12.05-14.25.16:112][635]LogWorld: UWorld::CleanupWorld for ThirdPersonExampleMap, bSessionEnded=true, bCleanupResources=true
[2019.12.05-14.25.16:135][635]LogPlayLevel: Display: Shutting down PIE online subsystems
[2019.12.05-14.25.16:135][635]LogBlueprintUserMessages: Late EndPlayMap Detection: Level '/Game/ThirdPersonBP/Maps/ThirdPersonExampleMap.ThirdPersonExampleMap:PersistentLevel' has LevelScriptBlueprint '/Game/ThirdPersonBP/Maps/ThirdPersonExampleMap.ThirdPersonExampleMap:PersistentLevel.ThirdPersonExampleMap' with GeneratedClass '/Game/ThirdPersonBP/Maps/ThirdPersonExampleMap.ThirdPersonExampleMap_C' with ClassGeneratedBy '/Game/ThirdPersonBP/Maps/ThirdPersonExampleMap.ThirdPersonExampleMap:PersistentLevel.ThirdPersonExampleMap'
[2019.12.05-14.25.16:179][635]LogSlate: Updating window title bar state: overlay mode, drag disabled, window buttons hidden, title bar hidden
[2019.12.05-14.25.16:184][635]LogUObjectHash: Compacting FUObjectHashTables data took   3.59ms
[2019.12.05-14.25.16:289][637]LogPlayLevel: Display: Destroying online subsystem :Context_9
[2019.12.05-14.25.17:456][707]LogSlate: FSceneViewport::OnFocusLost() reason 0
[2019.12.05-14.26.05:899][972]LogAudio: Warning: Current Audio Device with ID {0.0.0.00000000}.{73aac81d-7eb7-4d13-93a7-5c6760c338a8} was removed. Shutting down audio device.
[2019.12.05-14.26.05:899][972]LogInit: XAudio2 using 'Casque (S8 PLUS Stereo)' : 2 channels at 44.1 kHz using 16 bits per sample (channel mask 0x3)
[2019.12.05-14.29.00:396][823]LogAssetEditorManager: Opening Asset editor for AnimBlueprint /Game/Mannequin/Animations/ThirdPerson_AnimBP.ThirdPerson_AnimBP
[2019.12.05-14.29.00:423][823]LogContentBrowser: Native class hierarchy updated for 'SkeletonEditor' in 0.0008 seconds. Added 1 classes and 2 folders.
[2019.12.05-14.29.00:648][823]LogActorComponent: RegisterComponentWithWorld: (/Engine/Transient.World_8:PersistentLevel.AnimationEditorPreviewActor_0.DebugSkelMeshComponent_0) Already registered. Aborting.
[2019.12.05-14.29.00:654][823]LogContentBrowser: Native class hierarchy updated for 'PinnedCommandList' in 0.0008 seconds. Added 1 classes and 0 folders.
[2019.12.05-14.29.01:002][823]LogSkeletalMesh: USkeletalMeshComponent::InitArticulated : Bodies already created (/Engine/Transient.World_8:PersistentLevel.AnimationEditorPreviewActor_0.DebugSkelMeshComponent_0) - call TermArticulated first.
[2019.12.05-14.30.35:296][680]LogUObjectHash: Compacting FUObjectHashTables data took   6.91ms
[2019.12.05-14.30.35:657][680]LogSavePackage: Moving 'D:/DUT/Ptut/Projet/ProjetRPG/ProjetRPG_Git 4.23/Saved/ThirdPersonExampleMap_Auto5A090D04B40CC201D2E3179B90D6707FB.tmp' to 'D:/DUT/Ptut/Projet/ProjetRPG/ProjetRPG_Git 4.23/Saved/Autosaves/Game/ThirdPersonBP/Maps/ThirdPersonExampleMap_Auto5.umap'
[2019.12.05-14.30.35:660][680]LogFileHelpers: Editor autosave (incl. sublevels) for '/Game/ThirdPersonBP/Maps/ThirdPersonExampleMap' took 0.454
[2019.12.05-14.30.35:660][680]LogFileHelpers: Editor autosave (incl. sublevels) for all levels took 0.454
[2019.12.05-14.30.35:662][680]OBJ SavePackage: Generating thumbnails for [1] asset(s) in package [/Game/Mannequin/Animations/ThirdPerson_AnimBP] ([1] browsable assets)...
[2019.12.05-14.30.35:696][680]OBJ SavePackage:     Rendered thumbnail for [AnimBlueprint /Game/Mannequin/Animations/ThirdPerson_AnimBP.ThirdPerson_AnimBP]
[2019.12.05-14.30.35:696][680]OBJ SavePackage: Finished generating thumbnails for package [/Game/Mannequin/Animations/ThirdPerson_AnimBP]
[2019.12.05-14.30.35:757][680]LogSavePackage: Moving 'D:/DUT/Ptut/Projet/ProjetRPG/ProjetRPG_Git 4.23/Saved/ThirdPerson_AnimBP_Auto547A9095946438D332173FF8069EA25F8.tmp' to 'D:/DUT/Ptut/Projet/ProjetRPG/ProjetRPG_Git 4.23/Saved/Autosaves/Game/Mannequin/Animations/ThirdPerson_AnimBP_Auto5.uasset'
[2019.12.05-14.30.35:757][680]LogFileHelpers: Auto-saving content packages took 0.096
[2019.12.05-14.33.14:918][496]BlueprintLog: New page: Compile ThirdPerson_AnimBP
[2019.12.05-14.33.15:292][496]LogUObjectHash: Compacting FUObjectHashTables data took   6.06ms
[2019.12.05-14.35.53:445][738]BlueprintLog: New page: Compile ThirdPersonCharacter
[2019.12.05-14.35.53:852][738]LogUObjectHash: Compacting FUObjectHashTables data took   6.20ms
[2019.12.05-14.35.54:451][757]LogSavePackage: Moving 'D:/DUT/Ptut/Projet/ProjetRPG/ProjetRPG_Git 4.23/Saved/ThirdPersonCharacterCF0A608A49DFB4BA086B53BEBDB5C70A.tmp' to 'D:/DUT/Ptut/Projet/ProjetRPG/ProjetRPG_Git 4.23/Content/ThirdPersonBP/Blueprints/ThirdPersonCharacter.uasset'
[2019.12.05-14.36.58:139][214]BlueprintLog: New page: Compile ThirdPerson_AnimBP
[2019.12.05-14.36.58:508][214]LogUObjectHash: Compacting FUObjectHashTables data took   8.39ms
[2019.12.05-14.37.31:426][172]BlueprintLog: New page: Compile ThirdPerson_AnimBP
[2019.12.05-14.37.31:787][172]LogUObjectHash: Compacting FUObjectHashTables data took   7.41ms
[2019.12.05-14.38.16:407][832]BlueprintLog: New page: Compile ThirdPerson_AnimBP
[2019.12.05-14.38.16:790][832]LogUObjectHash: Compacting FUObjectHashTables data took   7.05ms
[2019.12.05-14.38.17:361][857]Cmd: OBJ SAVEPACKAGE PACKAGE="/Game/Mannequin/Animations/ThirdPerson_AnimBP" FILE="D:/DUT/Ptut/Projet/ProjetRPG/ProjetRPG_Git 4.23/Content/Mannequin/Animations/ThirdPerson_AnimBP.uasset" SILENT=true
[2019.12.05-14.38.17:421][857]LogSavePackage: Moving 'D:/DUT/Ptut/Projet/ProjetRPG/ProjetRPG_Git 4.23/Saved/ThirdPerson_AnimBP35C207E64072D5C289107C9E29A66345.tmp' to 'D:/DUT/Ptut/Projet/ProjetRPG/ProjetRPG_Git 4.23/Content/Mannequin/Animations/ThirdPerson_AnimBP.uasset'
[2019.12.05-14.38.18:828][940]LogTemp: Repeating last play command: Selected Viewport
[2019.12.05-14.38.18:851][940]LogBlueprintUserMessages: Early PlayInEditor Detection: Level '/Game/ThirdPersonBP/Maps/ThirdPersonExampleMap.ThirdPersonExampleMap:PersistentLevel' has LevelScriptBlueprint '/Game/ThirdPersonBP/Maps/ThirdPersonExampleMap.ThirdPersonExampleMap:PersistentLevel.ThirdPersonExampleMap' with GeneratedClass '/Game/ThirdPersonBP/Maps/ThirdPersonExampleMap.ThirdPersonExampleMap_C' with ClassGeneratedBy '/Game/ThirdPersonBP/Maps/ThirdPersonExampleMap.ThirdPersonExampleMap:PersistentLevel.ThirdPersonExampleMap'
[2019.12.05-14.38.18:851][940]LogPlayLevel: PlayLevel: No blueprints needed recompiling
[2019.12.05-14.38.18:851][940]PIE: New page: PIE session: ThirdPersonExampleMap (5 déc. 2019 16:38:18)
[2019.12.05-14.38.18:851][940]LogPlayLevel: Creating play world package: /Game/ThirdPersonBP/Maps/UEDPIE_0_ThirdPersonExampleMap
[2019.12.05-14.38.18:864][940]LogPlayLevel: PIE: StaticDuplicateObject took: (0.012834s)
[2019.12.05-14.38.18:865][940]LogAIModule: Creating AISystem for world ThirdPersonExampleMap
[2019.12.05-14.38.18:866][940]LogPlayLevel: PIE: World Init took: (0.001483s)
[2019.12.05-14.38.18:866][940]LogPlayLevel: PIE: Created PIE world by copying editor world from /Game/ThirdPersonBP/Maps/ThirdPersonExampleMap.ThirdPersonExampleMap to /Game/ThirdPersonBP/Maps/UEDPIE_0_ThirdPersonExampleMap.ThirdPersonExampleMap (0.014482s)
[2019.12.05-14.38.18:917][940]LogUObjectHash: Compacting FUObjectHashTables data took   8.16ms
[2019.12.05-14.38.18:937][940]LogInit: XAudio2 using 'Casque (S8 PLUS Stereo)' : 2 channels at 44.1 kHz using 16 bits per sample (channel mask 0x3)
[2019.12.05-14.38.18:949][940]LogInit: FAudioDevice initialized.
[2019.12.05-14.38.18:961][940]LogLoad: Game class is 'ThirdPersonGameMode_C'
[2019.12.05-14.38.18:963][940]LogWorld: Bringing World /Game/ThirdPersonBP/Maps/UEDPIE_0_ThirdPersonExampleMap.ThirdPersonExampleMap up for play (max tick rate 60) at 2019.12.05-15.38.18
[2019.12.05-14.38.18:964][940]LogWorld: Bringing up level for play took: 0.002415
[2019.12.05-14.38.18:964][940]LogOnline: OSS: Creating online subsystem instance for: :Context_16
[2019.12.05-14.38.18:967][940]PIE: Play in editor start time for /Game/ThirdPersonBP/Maps/UEDPIE_0_ThirdPersonExampleMap -0,351
[2019.12.05-14.38.18:967][940]LogBlueprintUserMessages: Late PlayInEditor Detection: Level '/Game/ThirdPersonBP/Maps/ThirdPersonExampleMap.ThirdPersonExampleMap:PersistentLevel' has LevelScriptBlueprint '/Game/ThirdPersonBP/Maps/ThirdPersonExampleMap.ThirdPersonExampleMap:PersistentLevel.ThirdPersonExampleMap' with GeneratedClass '/Game/ThirdPersonBP/Maps/ThirdPersonExampleMap.ThirdPersonExampleMap_C' with ClassGeneratedBy '/Game/ThirdPersonBP/Maps/ThirdPersonExampleMap.ThirdPersonExampleMap:PersistentLevel.ThirdPersonExampleMap'
[2019.12.05-14.38.26:311][379]LogBlueprintUserMessages: Early EndPlayMap Detection: Level '/Game/ThirdPersonBP/Maps/ThirdPersonExampleMap.ThirdPersonExampleMap:PersistentLevel' has LevelScriptBlueprint '/Game/ThirdPersonBP/Maps/ThirdPersonExampleMap.ThirdPersonExampleMap:PersistentLevel.ThirdPersonExampleMap' with GeneratedClass '/Game/ThirdPersonBP/Maps/ThirdPersonExampleMap.ThirdPersonExampleMap_C' with ClassGeneratedBy '/Game/ThirdPersonBP/Maps/ThirdPersonExampleMap.ThirdPersonExampleMap:PersistentLevel.ThirdPersonExampleMap'
[2019.12.05-14.38.26:311][379]LogSlate: Updating window title bar state: overlay mode, drag disabled, window buttons hidden, title bar hidden
[2019.12.05-14.38.26:311][379]LogWorld: BeginTearingDown for /Game/ThirdPersonBP/Maps/UEDPIE_0_ThirdPersonExampleMap
[2019.12.05-14.38.26:312][379]LogWorld: UWorld::CleanupWorld for ThirdPersonExampleMap, bSessionEnded=true, bCleanupResources=true
[2019.12.05-14.38.26:334][379]LogPlayLevel: Display: Shutting down PIE online subsystems
[2019.12.05-14.38.26:335][379]LogBlueprintUserMessages: Late EndPlayMap Detection: Level '/Game/ThirdPersonBP/Maps/ThirdPersonExampleMap.ThirdPersonExampleMap:PersistentLevel' has LevelScriptBlueprint '/Game/ThirdPersonBP/Maps/ThirdPersonExampleMap.ThirdPersonExampleMap:PersistentLevel.ThirdPersonExampleMap' with GeneratedClass '/Game/ThirdPersonBP/Maps/ThirdPersonExampleMap.ThirdPersonExampleMap_C' with ClassGeneratedBy '/Game/ThirdPersonBP/Maps/ThirdPersonExampleMap.ThirdPersonExampleMap:PersistentLevel.ThirdPersonExampleMap'
[2019.12.05-14.38.26:381][379]LogSlate: Updating window title bar state: overlay mode, drag disabled, window buttons hidden, title bar hidden
[2019.12.05-14.38.26:387][379]LogUObjectHash: Compacting FUObjectHashTables data took   5.23ms
[2019.12.05-14.38.26:416][380]LogPlayLevel: Display: Destroying online subsystem :Context_16
[2019.12.05-14.38.27:804][458]LogSlate: FSceneViewport::OnFocusLost() reason 0
[2019.12.05-14.38.27:901][464]LogTemp: Repeating last play command: Selected Viewport
[2019.12.05-14.38.27:926][464]LogBlueprintUserMessages: Early PlayInEditor Detection: Level '/Game/ThirdPersonBP/Maps/ThirdPersonExampleMap.ThirdPersonExampleMap:PersistentLevel' has LevelScriptBlueprint '/Game/ThirdPersonBP/Maps/ThirdPersonExampleMap.ThirdPersonExampleMap:PersistentLevel.ThirdPersonExampleMap' with GeneratedClass '/Game/ThirdPersonBP/Maps/ThirdPersonExampleMap.ThirdPersonExampleMap_C' with ClassGeneratedBy '/Game/ThirdPersonBP/Maps/ThirdPersonExampleMap.ThirdPersonExampleMap:PersistentLevel.ThirdPersonExampleMap'
[2019.12.05-14.38.27:926][464]LogPlayLevel: PlayLevel: No blueprints needed recompiling
[2019.12.05-14.38.27:926][464]PIE: New page: PIE session: ThirdPersonExampleMap (5 déc. 2019 16:38:27)
[2019.12.05-14.38.27:926][464]LogPlayLevel: Creating play world package: /Game/ThirdPersonBP/Maps/UEDPIE_0_ThirdPersonExampleMap
[2019.12.05-14.38.27:940][464]LogPlayLevel: PIE: StaticDuplicateObject took: (0.014538s)
[2019.12.05-14.38.27:942][464]LogAIModule: Creating AISystem for world ThirdPersonExampleMap
[2019.12.05-14.38.27:942][464]LogPlayLevel: PIE: World Init took: (0.001437s)
[2019.12.05-14.38.27:942][464]LogPlayLevel: PIE: Created PIE world by copying editor world from /Game/ThirdPersonBP/Maps/ThirdPersonExampleMap.ThirdPersonExampleMap to /Game/ThirdPersonBP/Maps/UEDPIE_0_ThirdPersonExampleMap.ThirdPersonExampleMap (0.016204s)
[2019.12.05-14.38.27:988][464]LogUObjectHash: Compacting FUObjectHashTables data took   4.51ms
[2019.12.05-14.38.28:006][464]LogInit: XAudio2 using 'Casque (S8 PLUS Stereo)' : 2 channels at 44.1 kHz using 16 bits per sample (channel mask 0x3)
[2019.12.05-14.38.28:016][464]LogInit: FAudioDevice initialized.
[2019.12.05-14.38.28:024][464]LogLoad: Game class is 'ThirdPersonGameMode_C'
[2019.12.05-14.38.28:027][464]LogWorld: Bringing World /Game/ThirdPersonBP/Maps/UEDPIE_0_ThirdPersonExampleMap.ThirdPersonExampleMap up for play (max tick rate 60) at 2019.12.05-15.38.28
[2019.12.05-14.38.28:028][464]LogWorld: Bringing up level for play took: 0.002855
[2019.12.05-14.38.28:028][464]LogOnline: OSS: Creating online subsystem instance for: :Context_17
[2019.12.05-14.38.28:031][464]PIE: Play in editor start time for /Game/ThirdPersonBP/Maps/UEDPIE_0_ThirdPersonExampleMap 0,713
[2019.12.05-14.38.28:031][464]LogBlueprintUserMessages: Late PlayInEditor Detection: Level '/Game/ThirdPersonBP/Maps/ThirdPersonExampleMap.ThirdPersonExampleMap:PersistentLevel' has LevelScriptBlueprint '/Game/ThirdPersonBP/Maps/ThirdPersonExampleMap.ThirdPersonExampleMap:PersistentLevel.ThirdPersonExampleMap' with GeneratedClass '/Game/ThirdPersonBP/Maps/ThirdPersonExampleMap.ThirdPersonExampleMap_C' with ClassGeneratedBy '/Game/ThirdPersonBP/Maps/ThirdPersonExampleMap.ThirdPersonExampleMap:PersistentLevel.ThirdPersonExampleMap'
[2019.12.05-14.38.30:305][599]LogBlueprintUserMessages: Early EndPlayMap Detection: Level '/Game/ThirdPersonBP/Maps/ThirdPersonExampleMap.ThirdPersonExampleMap:PersistentLevel' has LevelScriptBlueprint '/Game/ThirdPersonBP/Maps/ThirdPersonExampleMap.ThirdPersonExampleMap:PersistentLevel.ThirdPersonExampleMap' with GeneratedClass '/Game/ThirdPersonBP/Maps/ThirdPersonExampleMap.ThirdPersonExampleMap_C' with ClassGeneratedBy '/Game/ThirdPersonBP/Maps/ThirdPersonExampleMap.ThirdPersonExampleMap:PersistentLevel.ThirdPersonExampleMap'
[2019.12.05-14.38.30:306][599]LogSlate: Updating window title bar state: overlay mode, drag disabled, window buttons hidden, title bar hidden
[2019.12.05-14.38.30:306][599]LogWorld: BeginTearingDown for /Game/ThirdPersonBP/Maps/UEDPIE_0_ThirdPersonExampleMap
[2019.12.05-14.38.30:306][599]LogWorld: UWorld::CleanupWorld for ThirdPersonExampleMap, bSessionEnded=true, bCleanupResources=true
[2019.12.05-14.38.30:316][599]LogPlayLevel: Display: Shutting down PIE online subsystems
[2019.12.05-14.38.30:316][599]LogBlueprintUserMessages: Late EndPlayMap Detection: Level '/Game/ThirdPersonBP/Maps/ThirdPersonExampleMap.ThirdPersonExampleMap:PersistentLevel' has LevelScriptBlueprint '/Game/ThirdPersonBP/Maps/ThirdPersonExampleMap.ThirdPersonExampleMap:PersistentLevel.ThirdPersonExampleMap' with GeneratedClass '/Game/ThirdPersonBP/Maps/ThirdPersonExampleMap.ThirdPersonExampleMap_C' with ClassGeneratedBy '/Game/ThirdPersonBP/Maps/ThirdPersonExampleMap.ThirdPersonExampleMap:PersistentLevel.ThirdPersonExampleMap'
[2019.12.05-14.38.30:363][599]LogSlate: Updating window title bar state: overlay mode, drag disabled, window buttons hidden, title bar hidden
[2019.12.05-14.38.30:370][599]LogUObjectHash: Compacting FUObjectHashTables data took   5.09ms
[2019.12.05-14.38.30:435][601]LogPlayLevel: Display: Destroying online subsystem :Context_17
[2019.12.05-14.38.31:069][639]LogSlate: FSceneViewport::OnFocusLost() reason 0
[2019.12.05-14.40.46:014][146]LogUObjectHash: Compacting FUObjectHashTables data took   1.59ms
[2019.12.05-14.40.46:423][146]LogSavePackage: Moving 'D:/DUT/Ptut/Projet/ProjetRPG/ProjetRPG_Git 4.23/Saved/ThirdPersonExampleMap_Auto6541B93B746D9708C0C804E8425670969.tmp' to 'D:/DUT/Ptut/Projet/ProjetRPG/ProjetRPG_Git 4.23/Saved/Autosaves/Game/ThirdPersonBP/Maps/ThirdPersonExampleMap_Auto6.umap'
[2019.12.05-14.40.46:427][146]LogFileHelpers: Editor autosave (incl. sublevels) for '/Game/ThirdPersonBP/Maps/ThirdPersonExampleMap' took 0.456
[2019.12.05-14.40.46:427][146]LogFileHelpers: Editor autosave (incl. sublevels) for all levels took 0.456
[2019.12.05-14.40.55:984][261]LogWorld: UWorld::CleanupWorld for World_5, bSessionEnded=true, bCleanupResources=true
[2019.12.05-14.41.01:094][565]LogAssetEditorManager: Opening Asset editor for Blueprint /Game/Blueprints/Interfaces/AnimBP_Interface.AnimBP_Interface
[2019.12.05-14.41.08:044][950]LogWorld: UWorld::CleanupWorld for World_12, bSessionEnded=true, bCleanupResources=true
[2019.12.05-14.41.14:463][327]LogUObjectHash: Compacting FUObjectHashTables data took   5.61ms
[2019.12.05-14.41.16:526][327]LogSlate: Window 'Delete Assets' being destroyed
