Log file open, 02/06/20 16:48:09
LogWindows: Failed to load 'aqProf.dll' (GetLastError=126)
LogWindows: File 'aqProf.dll' does not exist
LogWindows: Failed to load 'VtuneApi.dll' (GetLastError=126)
LogWindows: File 'VtuneApi.dll' does not exist
LogWindows: Failed to load 'VtuneApi32e.dll' (GetLastError=126)
LogWindows: File 'VtuneApi32e.dll' does not exist
LogConsoleResponse: Display: Failed to find resolution value strings in scalability ini. Falling back to default.
LogInit: Display: Running engine for game: ProjetRPG_Git
LogPlatformFile: Not using cached read wrapper
LogTaskGraph: Started task graph with 5 named threads and 47 total threads with 3 sets of task threads.
LogStats: Stats thread started at 0.076636
LogD3D11RHI: Loaded GFSDK_Aftermath_Lib.x64.dll
LogICUInternationalization: ICU TimeZone Detection - Raw Offset: +1:00, Platform Override: ''
LogPluginManager: Mounting plugin Paper2D
LogPluginManager: Mounting plugin AISupport
LogPluginManager: Mounting plugin LightPropagationVolume
LogPluginManager: Mounting plugin ActorLayerUtilities
LogPluginManager: Mounting plugin AnimationSharing
LogPluginManager: Mounting plugin CLionSourceCodeAccess
LogPluginManager: Mounting plugin CodeLiteSourceCodeAccess
LogPluginManager: Mounting plugin GitSourceControl
LogPluginManager: Mounting plugin KDevelopSourceCodeAccess
LogPluginManager: Mounting plugin NullSourceCodeAccess
LogPluginManager: Mounting plugin PerforceSourceControl
LogPluginManager: Mounting plugin SubversionSourceControl
LogPluginManager: Mounting plugin UObjectPlugin
LogPluginManager: Mounting plugin VisualStudioCodeSourceCodeAccess
LogPluginManager: Mounting plugin VisualStudioSourceCodeAccess
LogPluginManager: Mounting plugin XCodeSourceCodeAccess
LogPluginManager: Mounting plugin AssetManagerEditor
LogPluginManager: Mounting plugin CryptoKeys
LogPluginManager: Mounting plugin CurveEditorTools
LogPluginManager: Mounting plugin DataValidation
LogPluginManager: Mounting plugin FacialAnimation
LogPluginManager: Mounting plugin GameplayTagsEditor
LogPluginManager: Mounting plugin MacGraphicsSwitching
LogPluginManager: Mounting plugin MaterialAnalyzer
LogPluginManager: Mounting plugin MobileLauncherProfileWizard
LogPluginManager: Mounting plugin PluginBrowser
LogPluginManager: Mounting plugin SpeedTreeImporter
LogPluginManager: Mounting plugin DatasmithContent
LogPluginManager: Mounting plugin VariantManagerContent
LogPluginManager: Mounting plugin AlembicImporter
LogPluginManager: Mounting plugin AutomationUtils
LogPluginManager: Mounting plugin BackChannel
LogPluginManager: Mounting plugin CharacterAI
LogPluginManager: Mounting plugin GeometryCache
LogPluginManager: Mounting plugin HTML5Networking
LogPluginManager: Mounting plugin PlatformCrypto
LogPluginManager: Mounting plugin ProxyLODPlugin
LogPluginManager: Mounting plugin SkeletalReduction
LogPluginManager: Mounting plugin MagicLeap
LogPluginManager: Mounting plugin MagicLeapMedia
LogPluginManager: Mounting plugin AndroidMedia
LogPluginManager: Mounting plugin AvfMedia
LogPluginManager: Mounting plugin ImgMedia
LogPluginManager: Mounting plugin MediaCompositing
LogPluginManager: Mounting plugin MediaPlayerEditor
LogPluginManager: Mounting plugin WebMMedia
LogPluginManager: Mounting plugin WmfMedia
LogPluginManager: Mounting plugin TcpMessaging
LogPluginManager: Mounting plugin UdpMessaging
LogPluginManager: Mounting plugin ActorSequence
LogPluginManager: Mounting plugin LevelSequenceEditor
LogPluginManager: Mounting plugin MatineeToLevelSequence
LogPluginManager: Mounting plugin NetcodeUnitTest
LogPluginManager: Mounting plugin NUTUnrealEngine4
LogPluginManager: Mounting plugin OnlineSubsystemGooglePlay
LogPluginManager: Mounting plugin OnlineSubsystemIOS
LogPluginManager: Mounting plugin OnlineSubsystem
LogPluginManager: Mounting plugin OnlineSubsystemNull
LogPluginManager: Mounting plugin OnlineSubsystemUtils
LogPluginManager: Mounting plugin LauncherChunkInstaller
LogPluginManager: Mounting plugin AndroidDeviceProfileSelector
LogPluginManager: Mounting plugin AndroidMoviePlayer
LogPluginManager: Mounting plugin AndroidPermission
LogPluginManager: Mounting plugin AppleImageUtils
LogPluginManager: Mounting plugin AppleMoviePlayer
LogPluginManager: Mounting plugin ArchVisCharacter
LogPluginManager: Mounting plugin AudioCapture
LogPluginManager: Mounting plugin CableComponent
LogPluginManager: Mounting plugin CustomMeshComponent
LogPluginManager: Mounting plugin EditableMesh
LogPluginManager: Mounting plugin ExampleDeviceProfileSelector
LogPluginManager: Mounting plugin GoogleCloudMessaging
LogPluginManager: Mounting plugin IOSDeviceProfileSelector
LogPluginManager: Mounting plugin LinuxDeviceProfileSelector
LogPluginManager: Mounting plugin LocationServicesBPLibrary
LogPluginManager: Mounting plugin MobilePatchingUtils
LogPluginManager: Mounting plugin OculusVR
LogPluginManager: Mounting plugin PhysXVehicles
LogPluginManager: Mounting plugin ProceduralMeshComponent
LogPluginManager: Mounting plugin RuntimePhysXCooking
LogPluginManager: Mounting plugin SignificanceManager
LogPluginManager: Mounting plugin SteamVR
LogPluginManager: Mounting plugin WebMMoviePlayer
LogPluginManager: Mounting plugin WindowsMoviePlayer
LogPluginManager: Mounting plugin ScreenshotTools
LogInit: Using libcurl 7.55.1-DEV
LogInit:  - built for x86_64-pc-win32
LogInit:  - supports SSL with OpenSSL/1.1.1
LogInit:  - supports HTTP deflate (compression) using libz 1.2.8
LogInit:  - other features:
LogInit:      CURL_VERSION_SSL
LogInit:      CURL_VERSION_LIBZ
LogInit:      CURL_VERSION_IPV6
LogInit:      CURL_VERSION_ASYNCHDNS
LogInit:      CURL_VERSION_LARGEFILE
LogInit:      CURL_VERSION_IDN
LogInit:  CurlRequestOptions (configurable via config and command line):
LogInit:  - bVerifyPeer = true  - Libcurl will verify peer certificate
LogInit:  - bUseHttpProxy = false  - Libcurl will NOT use HTTP proxy
LogInit:  - bDontReuseConnections = false  - Libcurl will reuse connections
LogInit:  - MaxHostConnections = 16  - Libcurl will limit the number of connections to a host
LogInit:  - LocalHostAddr = Default
LogInit:  - BufferSize = 65536
LogOnline: OSS: Creating online subsystem instance for: NULL
LogInit: WinSock: version 1.1 (2.2), MaxSocks=32767, MaxUdp=65467
LogInit: Build: ++UE4+Release-4.23-CL-9631420
LogInit: Engine Version: 4.23.1-9631420+++UE4+Release-4.23
LogInit: Compatible Engine Version: 4.23.0-8386587+++UE4+Release-4.23
LogInit: Net CL: 8386587
LogInit: OS: Windows 10 (Release 1909) (), CPU: AMD Ryzen 7 2700X Eight-Core Processor         , GPU: NVIDIA GeForce RTX 2060 SUPER
LogInit: Compiled (64-bit): Oct 18 2019 02:07:44
LogInit: Compiled with Visual C++: 19.16.27030.01
LogInit: Build Configuration: Development
LogInit: Branch Name: ++UE4+Release-4.23
LogInit: Command Line:  -EpicPortal -epicusername="MrMium Twitch" -epicuserid=12454aa9b449447e8eabc735cbe08801 -epiclocale=fr-FR
LogInit: Base Directory: C:/Program Files/Epic Games/UE_4.23/Engine/Binaries/Win64/
LogInit: Installed Engine Build: 1
LogDevObjectVersion: Number of dev versions registered: 23
LogDevObjectVersion:   Dev-Blueprints (B0D832E4-1F89-4F0D-ACCF-7EB736FD4AA2): 10
LogDevObjectVersion:   Dev-Build (E1C64328-A22C-4D53-A36C-8E866417BD8C): 0
LogDevObjectVersion:   Dev-Core (375EC13C-06E4-48FB-B500-84F0262A717E): 3
LogDevObjectVersion:   Dev-Editor (E4B068ED-F494-42E9-A231-DA0B2E46BB41): 34
LogDevObjectVersion:   Dev-Framework (CFFC743F-43B0-4480-9391-14DF171D2073): 35
LogDevObjectVersion:   Dev-Mobile (B02B49B5-BB20-44E9-A304-32B752E40360): 2
LogDevObjectVersion:   Dev-Networking (A4E4105C-59A1-49B5-A7C5-40C4547EDFEE): 0
LogDevObjectVersion:   Dev-Online (39C831C9-5AE6-47DC-9A44-9C173E1C8E7C): 0
LogDevObjectVersion:   Dev-Physics (78F01B33-EBEA-4F98-B9B4-84EACCB95AA2): 0
LogDevObjectVersion:   Dev-Platform (6631380F-2D4D-43E0-8009-CF276956A95A): 0
LogDevObjectVersion:   Dev-Rendering (12F88B9F-8875-4AFC-A67C-D90C383ABD29): 31
LogDevObjectVersion:   Dev-Sequencer (7B5AE74C-D270-4C10-A958-57980B212A5A): 11
LogDevObjectVersion:   Dev-VR (D7296918-1DD6-4BDD-9DE2-64A83CC13884): 2
LogDevObjectVersion:   Dev-LoadTimes (C2A15278-BFE7-4AFE-6C17-90FF531DF755): 1
LogDevObjectVersion:   Private-Geometry (6EACA3D4-40EC-4CC1-B786-8BED09428FC5): 3
LogDevObjectVersion:   Dev-AnimPhys (29E575DD-E0A3-4627-9D10-D276232CDCEA): 17
LogDevObjectVersion:   Dev-Anim (AF43A65D-7FD3-4947-9873-3E8ED9C1BB05): 2
LogDevObjectVersion:   Dev-ReflectionCapture (6B266CEC-1EC7-4B8F-A30B-E4D90942FC07): 1
LogDevObjectVersion:   Dev-Automation (0DF73D61-A23F-47EA-B727-89E90C41499A): 1
LogDevObjectVersion:   FortniteMain (601D1886-AC64-4F84-AA16-D3DE0DEAC7D6): 27
LogDevObjectVersion:   Dev-Enterprise (9DFFBCD6-494F-0158-E221-12823C92A888): 6
LogDevObjectVersion:   Dev-Niagara (F2AED0AC-9AFE-416F-8664-AA7FFA26D6FC): 1
LogDevObjectVersion:   Dev-Destruction (174F1F0B-B4C6-45A5-B13F-2EE8D0FB917D): 9
LogInit: Presizing for max 16777216 objects, including 0 objects not considered by GC, pre-allocating 0 bytes for permanent pool.
LogInit: Object subsystem initialized
LogConfig: Setting CVar [[con.DebugEarlyDefault:1]]
LogConfig: Setting CVar [[r.setres:1280x720]]
[2020.02.06-15.48.09:492][  0]LogConfig: Setting CVar [[r.VSync:0]]
[2020.02.06-15.48.09:492][  0]LogConfig: Setting CVar [[r.RHICmdBypass:0]]
[2020.02.06-15.48.09:492][  0]LogConfig: Applying CVar settings from Section [/Script/Engine.RendererSettings] File [C:/Users/doria/Desktop/ProjetRPG/ProjetRPG_Git 4.23/Saved/Config/Windows/Engine.ini]
[2020.02.06-15.48.09:492][  0]LogConfig: Setting CVar [[r.GPUCrashDebugging:0]]
[2020.02.06-15.48.09:492][  0]LogConfig: Applying CVar settings from Section [/Script/Engine.RendererOverrideSettings] File [C:/Users/doria/Desktop/ProjetRPG/ProjetRPG_Git 4.23/Saved/Config/Windows/Engine.ini]
[2020.02.06-15.48.09:492][  0]LogConfig: Applying CVar settings from Section [/Script/Engine.StreamingSettings] File [C:/Users/doria/Desktop/ProjetRPG/ProjetRPG_Git 4.23/Saved/Config/Windows/Engine.ini]
[2020.02.06-15.48.09:492][  0]LogConfig: Setting CVar [[s.MinBulkDataSizeForAsyncLoading:131072]]
[2020.02.06-15.48.09:492][  0]LogConfig: Setting CVar [[s.AsyncLoadingThreadEnabled:0]]
[2020.02.06-15.48.09:492][  0]LogConfig: Setting CVar [[s.EventDrivenLoaderEnabled:1]]
[2020.02.06-15.48.09:492][  0]LogConfig: Setting CVar [[s.WarnIfTimeLimitExceeded:0]]
[2020.02.06-15.48.09:492][  0]LogConfig: Setting CVar [[s.TimeLimitExceededMultiplier:1.5]]
[2020.02.06-15.48.09:492][  0]LogConfig: Setting CVar [[s.TimeLimitExceededMinTime:0.005]]
[2020.02.06-15.48.09:492][  0]LogConfig: Setting CVar [[s.UseBackgroundLevelStreaming:1]]
[2020.02.06-15.48.09:492][  0]LogConfig: Setting CVar [[s.PriorityAsyncLoadingExtraTime:15.0]]
[2020.02.06-15.48.09:492][  0]LogConfig: Setting CVar [[s.LevelStreamingActorsUpdateTimeLimit:5.0]]
[2020.02.06-15.48.09:492][  0]LogConfig: Setting CVar [[s.PriorityLevelStreamingActorsUpdateExtraTime:5.0]]
[2020.02.06-15.48.09:492][  0]LogConfig: Setting CVar [[s.LevelStreamingComponentsRegistrationGranularity:10]]
[2020.02.06-15.48.09:492][  0]LogConfig: Setting CVar [[s.UnregisterComponentsTimeLimit:1.0]]
[2020.02.06-15.48.09:492][  0]LogConfig: Setting CVar [[s.LevelStreamingComponentsUnregistrationGranularity:5]]
[2020.02.06-15.48.09:492][  0]LogConfig: Applying CVar settings from Section [/Script/Engine.GarbageCollectionSettings] File [C:/Users/doria/Desktop/ProjetRPG/ProjetRPG_Git 4.23/Saved/Config/Windows/Engine.ini]
[2020.02.06-15.48.09:492][  0]LogConfig: Setting CVar [[gc.MaxObjectsNotConsideredByGC:1]]
[2020.02.06-15.48.09:492][  0]LogConfig: Setting CVar [[gc.SizeOfPermanentObjectPool:0]]
[2020.02.06-15.48.09:492][  0]LogConfig: Setting CVar [[gc.FlushStreamingOnGC:0]]
[2020.02.06-15.48.09:492][  0]LogConfig: Setting CVar [[gc.NumRetriesBeforeForcingGC:10]]
[2020.02.06-15.48.09:492][  0]LogConfig: Setting CVar [[gc.AllowParallelGC:1]]
[2020.02.06-15.48.09:492][  0]LogConfig: Setting CVar [[gc.TimeBetweenPurgingPendingKillObjects:61.1]]
[2020.02.06-15.48.09:492][  0]LogConfig: Setting CVar [[gc.MaxObjectsInEditor:16777216]]
[2020.02.06-15.48.09:492][  0]LogConfig: Setting CVar [[gc.IncrementalBeginDestroyEnabled:1]]
[2020.02.06-15.48.09:492][  0]LogConfig: Setting CVar [[gc.CreateGCClusters:1]]
[2020.02.06-15.48.09:492][  0]LogConfig: Setting CVar [[gc.MinGCClusterSize:5]]
[2020.02.06-15.48.09:492][  0]LogConfig: Setting CVar [[gc.ActorClusteringEnabled:0]]
[2020.02.06-15.48.09:492][  0]LogConfig: Setting CVar [[gc.BlueprintClusteringEnabled:0]]
[2020.02.06-15.48.09:492][  0]LogConfig: Setting CVar [[gc.UseDisregardForGCOnDedicatedServers:0]]
[2020.02.06-15.48.09:492][  0]LogConfig: Applying CVar settings from Section [/Script/Engine.NetworkSettings] File [C:/Users/doria/Desktop/ProjetRPG/ProjetRPG_Git 4.23/Saved/Config/Windows/Engine.ini]
[2020.02.06-15.48.09:492][  0]LogConfig: Applying CVar settings from Section [/Script/UnrealEd.CookerSettings] File [C:/Users/doria/Desktop/ProjetRPG/ProjetRPG_Git 4.23/Saved/Config/Windows/Engine.ini]
[2020.02.06-15.48.09:496][  0]LogConfig: Applying CVar settings from Section [ViewDistanceQuality@3] File [C:/Users/doria/Desktop/ProjetRPG/ProjetRPG_Git 4.23/Saved/Config/Windows/Scalability.ini]
[2020.02.06-15.48.09:496][  0]LogConfig: Setting CVar [[r.SkeletalMeshLODBias:0]]
[2020.02.06-15.48.09:496][  0]LogConfig: Setting CVar [[r.ViewDistanceScale:1.0]]
[2020.02.06-15.48.09:497][  0]LogConfig: Applying CVar settings from Section [AntiAliasingQuality@3] File [C:/Users/doria/Desktop/ProjetRPG/ProjetRPG_Git 4.23/Saved/Config/Windows/Scalability.ini]
[2020.02.06-15.48.09:497][  0]LogConfig: Setting CVar [[r.PostProcessAAQuality:4]]
[2020.02.06-15.48.09:497][  0]LogConfig: Applying CVar settings from Section [ShadowQuality@3] File [C:/Users/doria/Desktop/ProjetRPG/ProjetRPG_Git 4.23/Saved/Config/Windows/Scalability.ini]
[2020.02.06-15.48.09:497][  0]LogConfig: Setting CVar [[r.LightFunctionQuality:1]]
[2020.02.06-15.48.09:497][  0]LogConfig: Setting CVar [[r.ShadowQuality:5]]
[2020.02.06-15.48.09:497][  0]LogConfig: Setting CVar [[r.Shadow.CSM.MaxCascades:10]]
[2020.02.06-15.48.09:497][  0]LogConfig: Setting CVar [[r.Shadow.MaxResolution:2048]]
[2020.02.06-15.48.09:497][  0]LogConfig: Setting CVar [[r.Shadow.MaxCSMResolution:2048]]
[2020.02.06-15.48.09:497][  0]LogConfig: Setting CVar [[r.Shadow.RadiusThreshold:0.01]]
[2020.02.06-15.48.09:497][  0]LogConfig: Setting CVar [[r.Shadow.DistanceScale:1.0]]
[2020.02.06-15.48.09:497][  0]LogConfig: Setting CVar [[r.Shadow.CSM.TransitionScale:1.0]]
[2020.02.06-15.48.09:497][  0]LogConfig: Setting CVar [[r.Shadow.PreShadowResolutionFactor:1.0]]
[2020.02.06-15.48.09:497][  0]LogConfig: Setting CVar [[r.DistanceFieldShadowing:1]]
[2020.02.06-15.48.09:497][  0]LogConfig: Setting CVar [[r.DistanceFieldAO:1]]
[2020.02.06-15.48.09:497][  0]LogConfig: Setting CVar [[r.AOQuality:2]]
[2020.02.06-15.48.09:497][  0]LogConfig: Setting CVar [[r.VolumetricFog:1]]
[2020.02.06-15.48.09:497][  0]LogConfig: Setting CVar [[r.VolumetricFog.GridPixelSize:8]]
[2020.02.06-15.48.09:497][  0]LogConfig: Setting CVar [[r.VolumetricFog.GridSizeZ:128]]
[2020.02.06-15.48.09:497][  0]LogConfig: Setting CVar [[r.VolumetricFog.HistoryMissSupersampleCount:4]]
[2020.02.06-15.48.09:497][  0]LogConfig: Setting CVar [[r.LightMaxDrawDistanceScale:1]]
[2020.02.06-15.48.09:497][  0]LogConfig: Setting CVar [[r.CapsuleShadows:1]]
[2020.02.06-15.48.09:497][  0]LogConfig: Applying CVar settings from Section [PostProcessQuality@3] File [C:/Users/doria/Desktop/ProjetRPG/ProjetRPG_Git 4.23/Saved/Config/Windows/Scalability.ini]
[2020.02.06-15.48.09:497][  0]LogConfig: Setting CVar [[r.MotionBlurQuality:4]]
[2020.02.06-15.48.09:497][  0]LogConfig: Setting CVar [[r.AmbientOcclusionMipLevelFactor:0.4]]
[2020.02.06-15.48.09:497][  0]LogConfig: Setting CVar [[r.AmbientOcclusionMaxQuality:100]]
[2020.02.06-15.48.09:497][  0]LogConfig: Setting CVar [[r.AmbientOcclusionLevels:-1]]
[2020.02.06-15.48.09:497][  0]LogConfig: Setting CVar [[r.AmbientOcclusionRadiusScale:1.0]]
[2020.02.06-15.48.09:497][  0]LogConfig: Setting CVar [[r.DepthOfFieldQuality:2]]
[2020.02.06-15.48.09:497][  0]LogConfig: Setting CVar [[r.RenderTargetPoolMin:400]]
[2020.02.06-15.48.09:497][  0]LogConfig: Setting CVar [[r.LensFlareQuality:2]]
[2020.02.06-15.48.09:497][  0]LogConfig: Setting CVar [[r.SceneColorFringeQuality:1]]
[2020.02.06-15.48.09:497][  0]LogConfig: Setting CVar [[r.EyeAdaptationQuality:2]]
[2020.02.06-15.48.09:497][  0]LogConfig: Setting CVar [[r.BloomQuality:5]]
[2020.02.06-15.48.09:497][  0]LogConfig: Setting CVar [[r.FastBlurThreshold:100]]
[2020.02.06-15.48.09:497][  0]LogConfig: Setting CVar [[r.Upscale.Quality:3]]
[2020.02.06-15.48.09:497][  0]LogConfig: Setting CVar [[r.Tonemapper.GrainQuantization:1]]
[2020.02.06-15.48.09:497][  0]LogConfig: Setting CVar [[r.LightShaftQuality:1]]
[2020.02.06-15.48.09:497][  0]LogConfig: Setting CVar [[r.Filter.SizeScale:1]]
[2020.02.06-15.48.09:497][  0]LogConfig: Setting CVar [[r.Tonemapper.Quality:5]]
[2020.02.06-15.48.09:497][  0]LogConfig: Setting CVar [[r.DOF.Gather.AccumulatorQuality:1        ; higher gathering accumulator quality]]
[2020.02.06-15.48.09:497][  0]LogConfig: Setting CVar [[r.DOF.Gather.PostfilterMethod:1          ; Median3x3 postfilering method]]
[2020.02.06-15.48.09:497][  0]LogConfig: Setting CVar [[r.DOF.Gather.EnableBokehSettings:0       ; no bokeh simulation when gathering]]
[2020.02.06-15.48.09:497][  0]LogConfig: Setting CVar [[r.DOF.Gather.RingCount:4                 ; medium number of samples when gathering]]
[2020.02.06-15.48.09:497][  0]LogConfig: Setting CVar [[r.DOF.Scatter.ForegroundCompositing:1    ; additive foreground scattering]]
[2020.02.06-15.48.09:497][  0]LogConfig: Setting CVar [[r.DOF.Scatter.BackgroundCompositing:2    ; additive background scattering]]
[2020.02.06-15.48.09:497][  0]LogConfig: Setting CVar [[r.DOF.Scatter.EnableBokehSettings:1      ; bokeh simulation when scattering]]
[2020.02.06-15.48.09:497][  0]LogConfig: Setting CVar [[r.DOF.Scatter.MaxSpriteRatio:0.1         ; only a maximum of 10% of scattered bokeh]]
[2020.02.06-15.48.09:497][  0]LogConfig: Setting CVar [[r.DOF.Recombine.Quality:1                ; cheap slight out of focus]]
[2020.02.06-15.48.09:497][  0]LogConfig: Setting CVar [[r.DOF.Recombine.EnableBokehSettings:0    ; no bokeh simulation on slight out of focus]]
[2020.02.06-15.48.09:497][  0]LogConfig: Setting CVar [[r.DOF.TemporalAAQuality:1                ; more stable temporal accumulation]]
[2020.02.06-15.48.09:497][  0]LogConfig: Setting CVar [[r.DOF.Kernel.MaxForegroundRadius:0.025]]
[2020.02.06-15.48.09:497][  0]LogConfig: Setting CVar [[r.DOF.Kernel.MaxBackgroundRadius:0.025]]
[2020.02.06-15.48.09:497][  0]LogConfig: Applying CVar settings from Section [TextureQuality@3] File [C:/Users/doria/Desktop/ProjetRPG/ProjetRPG_Git 4.23/Saved/Config/Windows/Scalability.ini]
[2020.02.06-15.48.09:497][  0]LogConfig: Setting CVar [[r.Streaming.MipBias:0]]
[2020.02.06-15.48.09:497][  0]LogConfig: Setting CVar [[r.Streaming.AmortizeCPUToGPUCopy:0]]
[2020.02.06-15.48.09:497][  0]LogConfig: Setting CVar [[r.Streaming.MaxNumTexturesToStreamPerFrame:0]]
[2020.02.06-15.48.09:497][  0]LogConfig: Setting CVar [[r.Streaming.Boost:1]]
[2020.02.06-15.48.09:497][  0]LogConfig: Setting CVar [[r.MaxAnisotropy:8]]
[2020.02.06-15.48.09:497][  0]LogConfig: Setting CVar [[r.Streaming.LimitPoolSizeToVRAM:0]]
[2020.02.06-15.48.09:497][  0]LogConfig: Setting CVar [[r.Streaming.PoolSize:1000]]
[2020.02.06-15.48.09:497][  0]LogConfig: Setting CVar [[r.Streaming.MaxEffectiveScreenSize:0]]
[2020.02.06-15.48.09:497][  0]LogConfig: Applying CVar settings from Section [EffectsQuality@3] File [C:/Users/doria/Desktop/ProjetRPG/ProjetRPG_Git 4.23/Saved/Config/Windows/Scalability.ini]
[2020.02.06-15.48.09:497][  0]LogConfig: Setting CVar [[r.TranslucencyLightingVolumeDim:64]]
[2020.02.06-15.48.09:497][  0]LogConfig: Setting CVar [[r.RefractionQuality:2]]
[2020.02.06-15.48.09:497][  0]LogConfig: Setting CVar [[r.SSR.Quality:3]]
[2020.02.06-15.48.09:497][  0]LogConfig: Setting CVar [[r.SceneColorFormat:4]]
[2020.02.06-15.48.09:497][  0]LogConfig: Setting CVar [[r.DetailMode:2]]
[2020.02.06-15.48.09:497][  0]LogConfig: Setting CVar [[r.TranslucencyVolumeBlur:1]]
[2020.02.06-15.48.09:497][  0]LogConfig: Setting CVar [[r.MaterialQualityLevel:1 ; High quality]]
[2020.02.06-15.48.09:497][  0]LogConfig: Setting CVar [[r.SSS.Scale:1]]
[2020.02.06-15.48.09:497][  0]LogConfig: Setting CVar [[r.SSS.SampleSet:2]]
[2020.02.06-15.48.09:498][  0]LogConfig: Setting CVar [[r.SSS.Quality:1]]
[2020.02.06-15.48.09:498][  0]LogConfig: Setting CVar [[r.SSS.HalfRes:1]]
[2020.02.06-15.48.09:498][  0]LogConfig: Setting CVar [[r.EmitterSpawnRateScale:1.0]]
[2020.02.06-15.48.09:498][  0]LogConfig: Setting CVar [[r.ParticleLightQuality:2]]
[2020.02.06-15.48.09:498][  0]LogConfig: Applying CVar settings from Section [FoliageQuality@3] File [C:/Users/doria/Desktop/ProjetRPG/ProjetRPG_Git 4.23/Saved/Config/Windows/Scalability.ini]
[2020.02.06-15.48.09:498][  0]LogConfig: Setting CVar [[foliage.DensityScale:1.0]]
[2020.02.06-15.48.09:498][  0]LogConfig: Setting CVar [[grass.DensityScale:1.0]]
[2020.02.06-15.48.09:498][  0]LogInit: Selected Device Profile: [Windows]
[2020.02.06-15.48.09:498][  0]LogInit: Applying CVar settings loaded from the selected device profile: [Windows]
[2020.02.06-15.48.09:501][  0]LogHAL: Display: Platform has ~ 32 GB [34287583232 / 34359738368 / 32], which maps to Largest [LargestMinGB=32, LargerMinGB=12, DefaultMinGB=8, SmallerMinGB=6, SmallestMinGB=0)
[2020.02.06-15.48.09:501][  0]LogInit: Going up to parent DeviceProfile []
[2020.02.06-15.48.09:501][  0]LogConfig: Applying CVar settings from Section [ViewDistanceQuality@3] File [C:/Users/doria/Desktop/ProjetRPG/ProjetRPG_Git 4.23/Saved/Config/Windows/Scalability.ini]
[2020.02.06-15.48.09:501][  0]LogConfig: Setting CVar [[r.SkeletalMeshLODBias:0]]
[2020.02.06-15.48.09:501][  0]LogConfig: Setting CVar [[r.ViewDistanceScale:1.0]]
[2020.02.06-15.48.09:501][  0]LogConfig: Applying CVar settings from Section [AntiAliasingQuality@3] File [C:/Users/doria/Desktop/ProjetRPG/ProjetRPG_Git 4.23/Saved/Config/Windows/Scalability.ini]
[2020.02.06-15.48.09:501][  0]LogConfig: Setting CVar [[r.PostProcessAAQuality:4]]
[2020.02.06-15.48.09:501][  0]LogConfig: Applying CVar settings from Section [ShadowQuality@3] File [C:/Users/doria/Desktop/ProjetRPG/ProjetRPG_Git 4.23/Saved/Config/Windows/Scalability.ini]
[2020.02.06-15.48.09:501][  0]LogConfig: Setting CVar [[r.LightFunctionQuality:1]]
[2020.02.06-15.48.09:501][  0]LogConfig: Setting CVar [[r.ShadowQuality:5]]
[2020.02.06-15.48.09:501][  0]LogConfig: Setting CVar [[r.Shadow.CSM.MaxCascades:10]]
[2020.02.06-15.48.09:501][  0]LogConfig: Setting CVar [[r.Shadow.MaxResolution:2048]]
[2020.02.06-15.48.09:501][  0]LogConfig: Setting CVar [[r.Shadow.MaxCSMResolution:2048]]
[2020.02.06-15.48.09:501][  0]LogConfig: Setting CVar [[r.Shadow.RadiusThreshold:0.01]]
[2020.02.06-15.48.09:501][  0]LogConfig: Setting CVar [[r.Shadow.DistanceScale:1.0]]
[2020.02.06-15.48.09:501][  0]LogConfig: Setting CVar [[r.Shadow.CSM.TransitionScale:1.0]]
[2020.02.06-15.48.09:501][  0]LogConfig: Setting CVar [[r.Shadow.PreShadowResolutionFactor:1.0]]
[2020.02.06-15.48.09:501][  0]LogConfig: Setting CVar [[r.DistanceFieldShadowing:1]]
[2020.02.06-15.48.09:501][  0]LogConfig: Setting CVar [[r.DistanceFieldAO:1]]
[2020.02.06-15.48.09:501][  0]LogConfig: Setting CVar [[r.AOQuality:2]]
[2020.02.06-15.48.09:501][  0]LogConfig: Setting CVar [[r.VolumetricFog:1]]
[2020.02.06-15.48.09:501][  0]LogConfig: Setting CVar [[r.VolumetricFog.GridPixelSize:8]]
[2020.02.06-15.48.09:501][  0]LogConfig: Setting CVar [[r.VolumetricFog.GridSizeZ:128]]
[2020.02.06-15.48.09:501][  0]LogConfig: Setting CVar [[r.VolumetricFog.HistoryMissSupersampleCount:4]]
[2020.02.06-15.48.09:501][  0]LogConfig: Setting CVar [[r.LightMaxDrawDistanceScale:1]]
[2020.02.06-15.48.09:501][  0]LogConfig: Setting CVar [[r.CapsuleShadows:1]]
[2020.02.06-15.48.09:501][  0]LogConfig: Applying CVar settings from Section [PostProcessQuality@3] File [C:/Users/doria/Desktop/ProjetRPG/ProjetRPG_Git 4.23/Saved/Config/Windows/Scalability.ini]
[2020.02.06-15.48.09:501][  0]LogConfig: Setting CVar [[r.MotionBlurQuality:4]]
[2020.02.06-15.48.09:501][  0]LogConfig: Setting CVar [[r.AmbientOcclusionMipLevelFactor:0.4]]
[2020.02.06-15.48.09:501][  0]LogConfig: Setting CVar [[r.AmbientOcclusionMaxQuality:100]]
[2020.02.06-15.48.09:501][  0]LogConfig: Setting CVar [[r.AmbientOcclusionLevels:-1]]
[2020.02.06-15.48.09:501][  0]LogConfig: Setting CVar [[r.AmbientOcclusionRadiusScale:1.0]]
[2020.02.06-15.48.09:501][  0]LogConfig: Setting CVar [[r.DepthOfFieldQuality:2]]
[2020.02.06-15.48.09:501][  0]LogConfig: Setting CVar [[r.RenderTargetPoolMin:400]]
[2020.02.06-15.48.09:501][  0]LogConfig: Setting CVar [[r.LensFlareQuality:2]]
[2020.02.06-15.48.09:501][  0]LogConfig: Setting CVar [[r.SceneColorFringeQuality:1]]
[2020.02.06-15.48.09:501][  0]LogConfig: Setting CVar [[r.EyeAdaptationQuality:2]]
[2020.02.06-15.48.09:501][  0]LogConfig: Setting CVar [[r.BloomQuality:5]]
[2020.02.06-15.48.09:501][  0]LogConfig: Setting CVar [[r.FastBlurThreshold:100]]
[2020.02.06-15.48.09:501][  0]LogConfig: Setting CVar [[r.Upscale.Quality:3]]
[2020.02.06-15.48.09:501][  0]LogConfig: Setting CVar [[r.Tonemapper.GrainQuantization:1]]
[2020.02.06-15.48.09:501][  0]LogConfig: Setting CVar [[r.LightShaftQuality:1]]
[2020.02.06-15.48.09:501][  0]LogConfig: Setting CVar [[r.Filter.SizeScale:1]]
[2020.02.06-15.48.09:501][  0]LogConfig: Setting CVar [[r.Tonemapper.Quality:5]]
[2020.02.06-15.48.09:501][  0]LogConfig: Setting CVar [[r.DOF.Gather.AccumulatorQuality:1        ; higher gathering accumulator quality]]
[2020.02.06-15.48.09:501][  0]LogConfig: Setting CVar [[r.DOF.Gather.PostfilterMethod:1          ; Median3x3 postfilering method]]
[2020.02.06-15.48.09:501][  0]LogConfig: Setting CVar [[r.DOF.Gather.EnableBokehSettings:0       ; no bokeh simulation when gathering]]
[2020.02.06-15.48.09:501][  0]LogConfig: Setting CVar [[r.DOF.Gather.RingCount:4                 ; medium number of samples when gathering]]
[2020.02.06-15.48.09:501][  0]LogConfig: Setting CVar [[r.DOF.Scatter.ForegroundCompositing:1    ; additive foreground scattering]]
[2020.02.06-15.48.09:501][  0]LogConfig: Setting CVar [[r.DOF.Scatter.BackgroundCompositing:2    ; additive background scattering]]
[2020.02.06-15.48.09:501][  0]LogConfig: Setting CVar [[r.DOF.Scatter.EnableBokehSettings:1      ; bokeh simulation when scattering]]
[2020.02.06-15.48.09:501][  0]LogConfig: Setting CVar [[r.DOF.Scatter.MaxSpriteRatio:0.1         ; only a maximum of 10% of scattered bokeh]]
[2020.02.06-15.48.09:501][  0]LogConfig: Setting CVar [[r.DOF.Recombine.Quality:1                ; cheap slight out of focus]]
[2020.02.06-15.48.09:501][  0]LogConfig: Setting CVar [[r.DOF.Recombine.EnableBokehSettings:0    ; no bokeh simulation on slight out of focus]]
[2020.02.06-15.48.09:501][  0]LogConfig: Setting CVar [[r.DOF.TemporalAAQuality:1                ; more stable temporal accumulation]]
[2020.02.06-15.48.09:501][  0]LogConfig: Setting CVar [[r.DOF.Kernel.MaxForegroundRadius:0.025]]
[2020.02.06-15.48.09:502][  0]LogConfig: Setting CVar [[r.DOF.Kernel.MaxBackgroundRadius:0.025]]
[2020.02.06-15.48.09:502][  0]LogConfig: Applying CVar settings from Section [TextureQuality@3] File [C:/Users/doria/Desktop/ProjetRPG/ProjetRPG_Git 4.23/Saved/Config/Windows/Scalability.ini]
[2020.02.06-15.48.09:502][  0]LogConfig: Setting CVar [[r.Streaming.MipBias:0]]
[2020.02.06-15.48.09:502][  0]LogConfig: Setting CVar [[r.Streaming.AmortizeCPUToGPUCopy:0]]
[2020.02.06-15.48.09:502][  0]LogConfig: Setting CVar [[r.Streaming.MaxNumTexturesToStreamPerFrame:0]]
[2020.02.06-15.48.09:502][  0]LogConfig: Setting CVar [[r.Streaming.Boost:1]]
[2020.02.06-15.48.09:502][  0]LogConfig: Setting CVar [[r.MaxAnisotropy:8]]
[2020.02.06-15.48.09:502][  0]LogConfig: Setting CVar [[r.Streaming.LimitPoolSizeToVRAM:0]]
[2020.02.06-15.48.09:502][  0]LogConfig: Setting CVar [[r.Streaming.PoolSize:1000]]
[2020.02.06-15.48.09:502][  0]LogConfig: Setting CVar [[r.Streaming.MaxEffectiveScreenSize:0]]
[2020.02.06-15.48.09:502][  0]LogConfig: Applying CVar settings from Section [EffectsQuality@3] File [C:/Users/doria/Desktop/ProjetRPG/ProjetRPG_Git 4.23/Saved/Config/Windows/Scalability.ini]
[2020.02.06-15.48.09:502][  0]LogConfig: Setting CVar [[r.TranslucencyLightingVolumeDim:64]]
[2020.02.06-15.48.09:502][  0]LogConfig: Setting CVar [[r.RefractionQuality:2]]
[2020.02.06-15.48.09:502][  0]LogConfig: Setting CVar [[r.SSR.Quality:3]]
[2020.02.06-15.48.09:502][  0]LogConfig: Setting CVar [[r.SceneColorFormat:4]]
[2020.02.06-15.48.09:502][  0]LogConfig: Setting CVar [[r.DetailMode:2]]
[2020.02.06-15.48.09:502][  0]LogConfig: Setting CVar [[r.TranslucencyVolumeBlur:1]]
[2020.02.06-15.48.09:502][  0]LogConfig: Setting CVar [[r.MaterialQualityLevel:1 ; High quality]]
[2020.02.06-15.48.09:502][  0]LogConfig: Setting CVar [[r.SSS.Scale:1]]
[2020.02.06-15.48.09:502][  0]LogConfig: Setting CVar [[r.SSS.SampleSet:2]]
[2020.02.06-15.48.09:502][  0]LogConfig: Setting CVar [[r.SSS.Quality:1]]
[2020.02.06-15.48.09:502][  0]LogConfig: Setting CVar [[r.SSS.HalfRes:1]]
[2020.02.06-15.48.09:502][  0]LogConfig: Setting CVar [[r.EmitterSpawnRateScale:1.0]]
[2020.02.06-15.48.09:502][  0]LogConfig: Setting CVar [[r.ParticleLightQuality:2]]
[2020.02.06-15.48.09:502][  0]LogConfig: Applying CVar settings from Section [FoliageQuality@3] File [C:/Users/doria/Desktop/ProjetRPG/ProjetRPG_Git 4.23/Saved/Config/Windows/Scalability.ini]
[2020.02.06-15.48.09:502][  0]LogConfig: Setting CVar [[foliage.DensityScale:1.0]]
[2020.02.06-15.48.09:502][  0]LogConfig: Setting CVar [[grass.DensityScale:1.0]]
[2020.02.06-15.48.09:502][  0]LogConfig: Applying CVar settings from Section [Startup] File [../../../Engine/Config/ConsoleVariables.ini]
[2020.02.06-15.48.09:502][  0]LogConfig: Setting CVar [[net.UseAdaptiveNetUpdateFrequency:0]]
[2020.02.06-15.48.09:502][  0]LogConfig: Setting CVar [[p.chaos.AllowCreatePhysxBodies:1]]
[2020.02.06-15.48.09:502][  0]LogConfig: Applying CVar settings from Section [ConsoleVariables] File [C:/Users/doria/Desktop/ProjetRPG/ProjetRPG_Git 4.23/Saved/Config/Windows/Engine.ini]
[2020.02.06-15.48.09:502][  0]LogInit: Computer: DESKTOP-OA3L0L8
[2020.02.06-15.48.09:502][  0]LogInit: User: doria
[2020.02.06-15.48.09:502][  0]LogInit: CPU Page size=4096, Cores=8
[2020.02.06-15.48.09:502][  0]LogInit: High frequency timer resolution =10.000000 MHz
[2020.02.06-15.48.09:502][  0]LogMemory: Memory total: Physical=31.9GB (32GB approx)
[2020.02.06-15.48.09:502][  0]LogMemory: Platform Memory Stats for Windows
[2020.02.06-15.48.09:502][  0]LogMemory: Process Physical Memory: 106.09 MB used, 106.10 MB peak
[2020.02.06-15.48.09:502][  0]LogMemory: Process Virtual Memory: 102.36 MB used, 102.36 MB peak
[2020.02.06-15.48.09:502][  0]LogMemory: Physical Memory: 7466.66 MB used,  25232.52 MB free, 32699.19 MB total
[2020.02.06-15.48.09:502][  0]LogMemory: Virtual Memory: 4703.74 MB used,  134213024.00 MB free, 134217728.00 MB total
[2020.02.06-15.48.09:505][  0]LogWindows: WindowsPlatformFeatures enabled
[2020.02.06-15.48.09:530][  0]LogInit: Using OS detected language (fr-FR).
[2020.02.06-15.48.09:530][  0]LogInit: Using OS detected locale (fr-FR).
[2020.02.06-15.48.09:530][  0]LogTextLocalizationManager: No specific localization for 'fr-FR' exists, so the 'fr' localization will be used.
[2020.02.06-15.48.09:531][  0]LogTextLocalizationResource: LocRes '../../../Engine/Content/Localization/Editor/fr/Editor.locres' could not be opened for reading!
[2020.02.06-15.48.09:531][  0]LogTextLocalizationResource: LocRes '../../../Engine/Content/Localization/EditorTutorials/fr/EditorTutorials.locres' could not be opened for reading!
[2020.02.06-15.48.09:531][  0]LogTextLocalizationResource: LocRes '../../../Engine/Content/Localization/Keywords/fr/Keywords.locres' could not be opened for reading!
[2020.02.06-15.48.09:531][  0]LogTextLocalizationResource: LocRes '../../../Engine/Content/Localization/Category/fr/Category.locres' could not be opened for reading!
[2020.02.06-15.48.09:531][  0]LogTextLocalizationResource: LocRes '../../../Engine/Content/Localization/ToolTips/fr/ToolTips.locres' could not be opened for reading!
[2020.02.06-15.48.09:531][  0]LogTextLocalizationResource: LocRes '../../../Engine/Content/Localization/PropertyNames/fr/PropertyNames.locres' could not be opened for reading!
[2020.02.06-15.48.09:531][  0]LogTextLocalizationResource: LocRes '../../../Engine/Content/Localization/Engine/fr/Engine.locres' could not be opened for reading!
[2020.02.06-15.48.09:532][  0]LogInit: Setting process to per monitor DPI aware
[2020.02.06-15.48.09:567][  0]LogSlate: New Slate User Created.  User Index 0, Is Virtual User: 0
[2020.02.06-15.48.09:567][  0]LogSlate: Slate User Registered.  User Index 0, Is Virtual User: 0
[2020.02.06-15.48.09:739][  0]LogHMD: Failed to initialize OpenVR with code 110
[2020.02.06-15.48.09:739][  0]LogD3D11RHI: D3D11 adapters:
[2020.02.06-15.48.09:810][  0]LogD3D11RHI:    0. 'NVIDIA GeForce RTX 2060 SUPER' (Feature Level 11_0)
[2020.02.06-15.48.09:810][  0]LogD3D11RHI:       8031/0/16349 MB DedicatedVideo/DedicatedSystem/SharedSystem, Outputs:2, VendorId:0x10de
[2020.02.06-15.48.09:813][  0]LogD3D11RHI:    1. 'Microsoft Basic Render Driver' (Feature Level 11_0)
[2020.02.06-15.48.09:813][  0]LogD3D11RHI:       0/0/16349 MB DedicatedVideo/DedicatedSystem/SharedSystem, Outputs:0, VendorId:0x1414
[2020.02.06-15.48.09:813][  0]LogD3D11RHI: Chosen D3D11 Adapter: 0
[2020.02.06-15.48.09:822][  0]LogD3D11RHI: Creating new Direct3DDevice
[2020.02.06-15.48.09:822][  0]LogD3D11RHI:     GPU DeviceId: 0x1f06 (for the marketing name, search the web for "GPU Device Id")
[2020.02.06-15.48.09:822][  0]LogWindows: EnumDisplayDevices:
[2020.02.06-15.48.09:822][  0]LogWindows:    0. 'NVIDIA GeForce RTX 2060 SUPER' (P:0 D:1)
[2020.02.06-15.48.09:822][  0]LogWindows:    1. 'NVIDIA GeForce RTX 2060 SUPER' (P:1 D:1)
[2020.02.06-15.48.09:822][  0]LogWindows:    2. 'NVIDIA GeForce RTX 2060 SUPER' (P:0 D:0)
[2020.02.06-15.48.09:823][  0]LogWindows:    3. 'NVIDIA GeForce RTX 2060 SUPER' (P:0 D:0)
[2020.02.06-15.48.09:823][  0]LogWindows: DebugString: FoundDriverCount:4 
[2020.02.06-15.48.09:823][  0]LogD3D11RHI:     Adapter Name: NVIDIA GeForce RTX 2060 SUPER
[2020.02.06-15.48.09:823][  0]LogD3D11RHI:   Driver Version: 441.66 (internal:26.21.14.4166, unified:441.66)
[2020.02.06-15.48.09:823][  0]LogD3D11RHI:      Driver Date: 12-6-2019
[2020.02.06-15.48.09:823][  0]LogRHI: Texture pool is 5621 MB (70% of 8031 MB)
[2020.02.06-15.48.09:881][  0]LogD3D11RHI: Async texture creation enabled
[2020.02.06-15.48.09:905][  0]LogD3D11RHI: GPU Timing Frequency: 1000.000000 (Debug: 2 2)
[2020.02.06-15.48.10:177][  0]LogTemp: Display: Module 'AllDesktopTargetPlatform' loaded TargetPlatform 'AllDesktop'
[2020.02.06-15.48.10:187][  0]LogTemp: Display: Module 'MacClientTargetPlatform' loaded TargetPlatform 'MacClient'
[2020.02.06-15.48.10:196][  0]LogTemp: Display: Module 'MacNoEditorTargetPlatform' loaded TargetPlatform 'MacNoEditor'
[2020.02.06-15.48.10:206][  0]LogTemp: Display: Module 'MacServerTargetPlatform' loaded TargetPlatform 'MacServer'
[2020.02.06-15.48.10:215][  0]LogTemp: Display: Module 'MacTargetPlatform' loaded TargetPlatform 'Mac'
[2020.02.06-15.48.10:225][  0]LogTemp: Display: Module 'WindowsClientTargetPlatform' loaded TargetPlatform 'WindowsClient'
[2020.02.06-15.48.10:234][  0]LogTemp: Display: Module 'WindowsNoEditorTargetPlatform' loaded TargetPlatform 'WindowsNoEditor'
[2020.02.06-15.48.10:244][  0]LogTemp: Display: Module 'WindowsServerTargetPlatform' loaded TargetPlatform 'WindowsServer'
[2020.02.06-15.48.10:249][  0]LogTemp: Display: Module 'WindowsTargetPlatform' loaded TargetPlatform 'Windows'
[2020.02.06-15.48.10:284][  0]LogTemp: Display: Module 'AndroidTargetPlatform' loaded TargetPlatform 'Android'
[2020.02.06-15.48.10:284][  0]LogTemp: Display: Module 'AndroidTargetPlatform' loaded TargetPlatform 'Android_ASTC'
[2020.02.06-15.48.10:284][  0]LogTemp: Display: Module 'AndroidTargetPlatform' loaded TargetPlatform 'Android_ATC'
[2020.02.06-15.48.10:284][  0]LogTemp: Display: Module 'AndroidTargetPlatform' loaded TargetPlatform 'Android_DXT'
[2020.02.06-15.48.10:284][  0]LogTemp: Display: Module 'AndroidTargetPlatform' loaded TargetPlatform 'Android_ETC1'
[2020.02.06-15.48.10:284][  0]LogTemp: Display: Module 'AndroidTargetPlatform' loaded TargetPlatform 'Android_ETC1a'
[2020.02.06-15.48.10:284][  0]LogTemp: Display: Module 'AndroidTargetPlatform' loaded TargetPlatform 'Android_ETC2'
[2020.02.06-15.48.10:284][  0]LogTemp: Display: Module 'AndroidTargetPlatform' loaded TargetPlatform 'Android_PVRTC'
[2020.02.06-15.48.10:284][  0]LogTemp: Display: Module 'AndroidTargetPlatform' loaded TargetPlatform 'AndroidClient'
[2020.02.06-15.48.10:284][  0]LogTemp: Display: Module 'AndroidTargetPlatform' loaded TargetPlatform 'Android_ASTCClient'
[2020.02.06-15.48.10:284][  0]LogTemp: Display: Module 'AndroidTargetPlatform' loaded TargetPlatform 'Android_ATCClient'
[2020.02.06-15.48.10:284][  0]LogTemp: Display: Module 'AndroidTargetPlatform' loaded TargetPlatform 'Android_DXTClient'
[2020.02.06-15.48.10:284][  0]LogTemp: Display: Module 'AndroidTargetPlatform' loaded TargetPlatform 'Android_ETC1Client'
[2020.02.06-15.48.10:284][  0]LogTemp: Display: Module 'AndroidTargetPlatform' loaded TargetPlatform 'Android_ETC1aClient'
[2020.02.06-15.48.10:284][  0]LogTemp: Display: Module 'AndroidTargetPlatform' loaded TargetPlatform 'Android_ETC2Client'
[2020.02.06-15.48.10:284][  0]LogTemp: Display: Module 'AndroidTargetPlatform' loaded TargetPlatform 'Android_PVRTCClient'
[2020.02.06-15.48.10:284][  0]LogTemp: Display: Module 'AndroidTargetPlatform' loaded TargetPlatform 'Android_Multi'
[2020.02.06-15.48.10:284][  0]LogTemp: Display: Module 'AndroidTargetPlatform' loaded TargetPlatform 'Android_MultiClient'
[2020.02.06-15.48.10:286][  0]LogTemp: Display: Module 'HTML5TargetPlatform' loaded TargetPlatform 'HTML5'
[2020.02.06-15.48.10:305][  0]LogTemp: Display: Module 'IOSTargetPlatform' loaded TargetPlatform 'IOSClient'
[2020.02.06-15.48.10:305][  0]LogTemp: Display: Module 'IOSTargetPlatform' loaded TargetPlatform 'IOS'
[2020.02.06-15.48.10:321][  0]LogTemp: Display: Module 'TVOSTargetPlatform' loaded TargetPlatform 'TVOSClient'
[2020.02.06-15.48.10:321][  0]LogTemp: Display: Module 'TVOSTargetPlatform' loaded TargetPlatform 'TVOS'
[2020.02.06-15.48.10:329][  0]LogTemp: Display: Module 'LinuxClientTargetPlatform' loaded TargetPlatform 'LinuxClient'
[2020.02.06-15.48.10:337][  0]LogTemp: Display: Module 'LinuxNoEditorTargetPlatform' loaded TargetPlatform 'LinuxNoEditor'
[2020.02.06-15.48.10:345][  0]LogTemp: Display: Module 'LinuxServerTargetPlatform' loaded TargetPlatform 'LinuxServer'
[2020.02.06-15.48.10:353][  0]LogTemp: Display: Module 'LinuxTargetPlatform' loaded TargetPlatform 'Linux'
[2020.02.06-15.48.10:379][  0]LogTemp: Display: Module 'LuminTargetPlatform' loaded TargetPlatform 'Lumin'
[2020.02.06-15.48.10:379][  0]LogTemp: Display: Module 'LuminTargetPlatform' loaded TargetPlatform 'LuminClient'
[2020.02.06-15.48.10:379][  0]LogTargetPlatformManager: Display: Building Assets For Windows
[2020.02.06-15.48.10:390][  0]LogAudioDebug: Display: Lib vorbis DLL was dynamically loaded.
[2020.02.06-15.48.10:449][  0]LogShaderCompilers: Guid format shader working directory is -21 characters bigger than the processId version (../../../../../../Users/doria/Desktop/ProjetRPG/ProjetRPG_Git 4.23/Intermediate/Shaders/WorkingDirectory/17292/).
[2020.02.06-15.48.10:449][  0]LogShaderCompilers: Cleaned the shader compiler working directory 'C:/Users/doria/AppData/Local/Temp/UnrealShaderWorkingDir/BF1D61064CE5618070C701953529635C/'.
[2020.02.06-15.48.10:452][  0]LogXGEController: Cannot use XGE Controller as Incredibuild is not installed on this machine.
[2020.02.06-15.48.10:452][  0]LogShaderCompilers: Cannot use XGE Shader Compiler as Incredibuild is not installed on this machine.
[2020.02.06-15.48.10:452][  0]LogShaderCompilers: Display: Using Local Shader Compiler.
[2020.02.06-15.48.11:034][  0]LogDerivedDataCache: Display: Max Cache Size: 512 MB
[2020.02.06-15.48.11:078][  0]LogDerivedDataCache: Loaded boot cache 0.04s 73MB C:/Users/doria/AppData/Local/UnrealEngine/4.23/DerivedDataCache/Boot.ddc.
[2020.02.06-15.48.11:079][  0]LogDerivedDataCache: Display: Loaded Boot cache: C:/Users/doria/AppData/Local/UnrealEngine/4.23/DerivedDataCache/Boot.ddc
[2020.02.06-15.48.11:079][  0]LogDerivedDataCache: FDerivedDataBackendGraph:  Pak pak cache file ../../../../../../Users/doria/Desktop/ProjetRPG/ProjetRPG_Git 4.23/DerivedDataCache/DDC.ddp not found, will not use a pak cache.
[2020.02.06-15.48.11:079][  0]LogDerivedDataCache: Unable to find inner node Pak for hierarchical cache Hierarchy.
[2020.02.06-15.48.11:079][  0]LogDerivedDataCache: FDerivedDataBackendGraph:  CompressedPak pak cache file ../../../../../../Users/doria/Desktop/ProjetRPG/ProjetRPG_Git 4.23/DerivedDataCache/Compressed.ddp not found, will not use a pak cache.
[2020.02.06-15.48.11:079][  0]LogDerivedDataCache: Unable to find inner node CompressedPak for hierarchical cache Hierarchy.
[2020.02.06-15.48.11:090][  0]LogDerivedDataCache: Display: Pak cache opened for reading ../../../Engine/DerivedDataCache/Compressed.ddp.
[2020.02.06-15.48.11:090][  0]LogDerivedDataCache: FDerivedDataBackendGraph:  EnterprisePak pak cache file ../../../Enterprise/DerivedDataCache/Compressed.ddp not found, will not use a pak cache.
[2020.02.06-15.48.11:090][  0]LogDerivedDataCache: Unable to find inner node EnterprisePak for hierarchical cache Hierarchy.
[2020.02.06-15.48.11:091][  0]LogDerivedDataCache: Using Local data cache path C:/Users/doria/AppData/Local/UnrealEngine/Common/DerivedDataCache: Writable
[2020.02.06-15.48.11:091][  0]LogDerivedDataCache: Shared data cache path not found in *engine.ini, will not use an Shared cache.
[2020.02.06-15.48.11:091][  0]LogDerivedDataCache: Unable to find inner node Shared for hierarchical cache Hierarchy.
[2020.02.06-15.48.11:112][  0]LogMaterial: Verifying Global Shaders for PCD3D_SM5
[2020.02.06-15.48.11:115][  0]LogSlate: Using FreeType 2.6.0
[2020.02.06-15.48.11:116][  0]LogSlate: SlateFontServices - WITH_FREETYPE: 1, WITH_HARFBUZZ: 1
[2020.02.06-15.48.11:168][  0]LogAssetRegistry: FAssetRegistry took 0.0026 seconds to start up
[2020.02.06-15.48.11:441][  0]LogInit: Selected Device Profile: [Windows]
[2020.02.06-15.48.11:582][  0]LogMeshReduction: Using QuadricMeshReduction for automatic static mesh reduction
[2020.02.06-15.48.11:582][  0]LogMeshReduction: Using SimplygonMeshReduction for automatic skeletal mesh reduction
[2020.02.06-15.48.11:582][  0]LogMeshReduction: Using ProxyLODMeshReduction for automatic mesh merging
[2020.02.06-15.48.11:582][  0]LogMeshReduction: No distributed automatic mesh merging module available
[2020.02.06-15.48.11:582][  0]LogMeshMerging: No distributed automatic mesh merging module available
[2020.02.06-15.48.11:590][  0]LogNetVersion: ProjetRPG_Git 1.0.0, NetCL: 8386587, EngineNetVer: 11, GameNetVer: 0 (Checksum: 4283081199)
[2020.02.06-15.48.11:987][  0]LogPackageLocalizationCache: Processed 12 localized package path(s) for 1 prioritized culture(s) in 0.056055 seconds
[2020.02.06-15.48.11:995][  0]LogUObjectArray: 43444 objects as part of root set at end of initial load.
[2020.02.06-15.48.11:995][  0]LogUObjectAllocator: 7548648 out of 0 bytes used by permanent object pool.
[2020.02.06-15.48.11:995][  0]LogUObjectArray: CloseDisregardForGC: 0/0 objects in disregard for GC pool
[2020.02.06-15.48.12:811][  0]LogTcpMessaging: Initializing TcpMessaging bridge
[2020.02.06-15.48.12:814][  0]LogUdpMessaging: Initializing bridge on interface 0.0.0.0:0 to multicast group 230.0.0.1:6666.
[2020.02.06-15.48.12:871][  0]SourceControl: Source control is disabled
[2020.02.06-15.48.12:871][  0]SourceControl: Source control is disabled
[2020.02.06-15.48.12:873][  0]SourceControl: Source control is disabled
[2020.02.06-15.48.12:874][  0]SourceControl: Source control is disabled
[2020.02.06-15.48.12:966][  0]LogAndroidPermission: UAndroidPermissionCallbackProxy::GetInstance
[2020.02.06-15.48.13:128][  0]LogOcInput: OculusInput pre-init called
[2020.02.06-15.48.13:135][  0]LogWindows: Failed to load 'OVRPlugin.dll' (GetLastError=126)
[2020.02.06-15.48.13:135][  0]LogWindows: File 'OVRPlugin.dll' does not exist
[2020.02.06-15.48.13:206][  0]LogEngine: Initializing Engine...
[2020.02.06-15.48.13:207][  0]LogHMD: Failed to initialize OpenVR with code 110
[2020.02.06-15.48.13:208][  0]LogStats: UGameplayTagsManager::InitializeManager -  0.000 s
[2020.02.06-15.48.13:416][  0]LogInit: Initializing FReadOnlyCVARCache
[2020.02.06-15.48.13:432][  0]LogAIModule: Creating AISystem for world Untitled
[2020.02.06-15.48.13:468][  0]LogInit: XAudio2 using 'DELL S2240L (NVIDIA High Definition Audio)' : 2 channels at 48 kHz using 16 bits per sample (channel mask 0x3)
[2020.02.06-15.48.13:486][  0]LogInit: FAudioDevice initialized.
[2020.02.06-15.48.13:486][  0]LogNetVersion: Set ProjectVersion to 1.0.0.0. Version Checksum will be recalculated on next use.
[2020.02.06-15.48.13:622][  0]LogDerivedDataCache: Saved boot cache 0.14s 73MB C:/Users/doria/AppData/Local/UnrealEngine/4.23/DerivedDataCache/Boot.ddc.
[2020.02.06-15.48.13:626][  0]LogInit: Texture streaming: Enabled
[2020.02.06-15.48.13:647][  0]LogEngineSessionManager: EngineSessionManager initialized
[2020.02.06-15.48.13:648][  0]LogEditorSessionSummary: Verbose: Initializing EditorSessionSummaryWriter for editor session tracking
[2020.02.06-15.48.13:649][  0]LogEditorSessionSummary: EditorSessionSummaryWriter initialized
[2020.02.06-15.48.13:740][  0]LogInit: Transaction tracking system initialized
[2020.02.06-15.48.13:777][  0]BlueprintLog: New page: Editor Load
[2020.02.06-15.48.13:868][  0]LocalizationService: Localization service is disabled
[2020.02.06-15.48.14:107][  0]LogCook: Display: Max memory allowance for cook 16384mb min free memory 0mb
[2020.02.06-15.48.14:108][  0]LogCook: Display: Mobile HDR setting 1
[2020.02.06-15.48.14:294][  0]SourceControl: Source control is disabled
[2020.02.06-15.48.14:392][  0]LogSlate: Took 0.000162 seconds to synchronously load lazily loaded font '../../../Engine/Content/Slate/Fonts/Roboto-Regular.ttf' (155K)
[2020.02.06-15.48.21:557][  0]LogSlate: Window 'Restore Packages' being destroyed
[2020.02.06-15.48.21:557][  0]LogWindowsTextInputMethodSystem: Display: IME system now deactivated.
[2020.02.06-15.48.21:559][  0]LogWindowsTextInputMethodSystem: Display: IME system now deactivated.
[2020.02.06-15.48.21:568][  0]Cmd: MAP LOAD FILE="../../../../../../Users/doria/Desktop/ProjetRPG/ProjetRPG_Git 4.23/Content/Maps/ThirdPersonExampleMap.umap" TEMPLATE=0 SHOWPROGRESS=1 FEATURELEVEL=3
[2020.02.06-15.48.21:569][  0]LightingResults: New page: Lighting Build
[2020.02.06-15.48.21:572][  0]LogWorld: UWorld::CleanupWorld for Untitled, bSessionEnded=true, bCleanupResources=true
[2020.02.06-15.48.21:572][  0]MapCheck: New page: Map Check
[2020.02.06-15.48.21:572][  0]LightingResults: New page: Lighting Build
[2020.02.06-15.48.21:613][  0]LogUObjectHash: Compacting FUObjectHashTables data took   2.04ms
[2020.02.06-15.48.22:393][  0]LogAnimationCompression: Building Anim DDC data for AnimSequence /Game/Characters/Player/Animations/Roll/Roll.Roll
[2020.02.06-15.48.22:394][  0]LogAnimationCompression: Recompressing (AnimSequence /Game/Characters/Player/Animations/Roll/Roll.Roll) using current/default (AnimCompress_BitwiseCompressOnly_2) bFirstRecompressUsingCurrentOrDefault(1) bTryAlternateCompressor(0) IsCompressedDataValid(0)
[2020.02.06-15.48.22:801][  0]LogStaticMesh: Building static mesh arbre2...
[2020.02.06-15.48.22:814][  0]LogStaticMesh: Built static mesh [0.01s] /Game/3D/Foliage/arbre2.arbre2
[2020.02.06-15.48.22:832][  0]LogStaticMesh: Building static mesh arbre...
[2020.02.06-15.48.22:838][  0]LogStaticMesh: Built static mesh [0.01s] /Game/3D/Foliage/arbre.arbre
[2020.02.06-15.48.23:269][  0]LogMaterial: Display: Missing cached shader map for material StandardEnemy, compiling. 
[2020.02.06-15.48.23:345][  0]LogSkeletalMesh: Building Skeletal Mesh StandardEnemy...
[2020.02.06-15.48.23:349][  0]LogSkeletalMesh: Built Skeletal Mesh [0.00s] /Game/Characters/Ennemy/Standard/Character/Mesh/StandardEnemy.StandardEnemy
[2020.02.06-15.48.23:453][  0]LogShaderCompilers: Display: Worker (1/13): shaders left to compile 60
[2020.02.06-15.48.23:453][  0]LogShaderCompilers: Display: Worker (2/13): shaders left to compile 55
[2020.02.06-15.48.23:453][  0]LogShaderCompilers: Display: Worker (3/13): shaders left to compile 50
[2020.02.06-15.48.23:453][  0]LogShaderCompilers: Display: Worker (4/13): shaders left to compile 45
[2020.02.06-15.48.23:453][  0]LogShaderCompilers: Display: Worker (5/13): shaders left to compile 40
[2020.02.06-15.48.23:453][  0]LogShaderCompilers: Display: Worker (6/13): shaders left to compile 35
[2020.02.06-15.48.23:453][  0]LogShaderCompilers: Display: Worker (7/13): shaders left to compile 30
[2020.02.06-15.48.23:453][  0]LogShaderCompilers: Display: Worker (8/13): shaders left to compile 25
[2020.02.06-15.48.23:453][  0]LogShaderCompilers: Display: Worker (9/13): shaders left to compile 20
[2020.02.06-15.48.23:453][  0]LogShaderCompilers: Display: Worker (10/13): shaders left to compile 15
[2020.02.06-15.48.23:453][  0]LogShaderCompilers: Display: Worker (11/13): shaders left to compile 10
[2020.02.06-15.48.23:453][  0]LogShaderCompilers: Display: Worker (12/13): shaders left to compile 5
[2020.02.06-15.48.23:453][  0]LogStaticMesh: Building static mesh Sword...
[2020.02.06-15.48.23:462][  0]LogStaticMesh: Built static mesh [0.01s] /Game/3D/Weapon/Sword/Meshes/Sword.Sword
[2020.02.06-15.48.23:540][  0]LogSkeletalMesh: Building Skeletal Mesh perso...
[2020.02.06-15.48.23:549][  0]LogSkeletalMesh: Built Skeletal Mesh [0.01s] /Game/Characters/Player/Character/Mesh/perso.perso
[2020.02.06-15.48.23:839][  0]LogAIModule: Creating AISystem for world ThirdPersonExampleMap
[2020.02.06-15.48.23:912][  0]LogEditorServer: Finished looking for orphan Actors (0.000 secs)
[2020.02.06-15.48.23:995][  0]LogUObjectHash: Compacting FUObjectHashTables data took   6.60ms
[2020.02.06-15.48.23:996][  0]Cmd: MAP CHECKDEP NOCLEARLOG
[2020.02.06-15.48.23:997][  0]MapCheck: Map check complete: 0 Error(s), 0 Warning(s), took 0,316ms to complete.
[2020.02.06-15.48.23:997][  0]LogFileHelpers: Loading map 'ThirdPersonExampleMap' took 2.429
[2020.02.06-15.48.24:198][  0]LogSlate: Updating window title bar state: overlay mode, drag disabled, window buttons hidden, title bar hidden
[2020.02.06-15.48.24:210][  0]LogSlate: Updating window title bar state: overlay mode, drag disabled, window buttons hidden, title bar hidden
[2020.02.06-15.48.24:222][  0]LogSlate: Updating window title bar state: overlay mode, drag disabled, window buttons hidden, title bar hidden
[2020.02.06-15.48.24:236][  0]LogSlate: Updating window title bar state: overlay mode, drag disabled, window buttons hidden, title bar hidden
[2020.02.06-15.48.24:256][  0]LogCollectionManager: Loaded 0 collections in 0.003519 seconds
[2020.02.06-15.48.24:270][  0]LogFileCache: Scanning file cache for directory 'C:/Users/doria/Desktop/ProjetRPG/ProjetRPG_Git 4.23/Saved/Collections/' took 0.00s
[2020.02.06-15.48.24:270][  0]LogFileCache: Scanning file cache for directory 'C:/Users/doria/Desktop/ProjetRPG/ProjetRPG_Git 4.23/Content/Developers/doria/Collections/' took 0.00s
[2020.02.06-15.48.24:270][  0]LogFileCache: Scanning file cache for directory 'C:/Users/doria/Desktop/ProjetRPG/ProjetRPG_Git 4.23/Content/Collections/' took 0.00s
[2020.02.06-15.48.24:270][  0]LogCollectionManager: Rebuilt the GUID cache for 0 collections in 0.000003 seconds
[2020.02.06-15.48.24:285][  0]LogContentBrowser: Native class hierarchy populated in 0.0140 seconds. Added 2864 classes and 682 folders.
[2020.02.06-15.48.24:300][  0]LogContentBrowser: Native class hierarchy updated for 'WidgetCarousel' in 0.0004 seconds. Added 0 classes and 0 folders.
[2020.02.06-15.48.24:987][  0]LogContentBrowser: Native class hierarchy updated for 'AddContentDialog' in 0.0004 seconds. Added 0 classes and 0 folders.
[2020.02.06-15.48.25:188][  0]LogSlate: Took 0.000215 seconds to synchronously load lazily loaded font '../../../Engine/Content/Slate/Fonts/Roboto-Bold.ttf' (160K)
[2020.02.06-15.48.25:210][  0]LogSlate: Took 0.013757 seconds to synchronously load lazily loaded font '../../../Engine/Content/Editor/Slate/Fonts/FontAwesome.ttf' (139K)
[2020.02.06-15.48.25:358][  0]LogRenderer: Reallocating scene render targets to support 980x628 Format 10 NumSamples 1 (Frame:1).
[2020.02.06-15.48.25:669][  0]LogContentBrowser: Native class hierarchy updated for 'HierarchicalLODOutliner' in 0.0003 seconds. Added 0 classes and 0 folders.
[2020.02.06-15.48.25:669][  0]LogLoad: (Engine Initialization) Total time: 17.42 seconds
[2020.02.06-15.48.25:669][  0]LogLoad: (Engine Initialization) Total Blueprint compile time: 0.00 seconds
[2020.02.06-15.48.25:736][  0]LogContentStreaming: Texture pool size now 1000 MB
[2020.02.06-15.48.25:772][  1]LogAssetRegistry: Asset discovery search completed in 14.6055 seconds
[2020.02.06-15.48.25:778][  1]LogCollectionManager: Rebuilt the object cache for 0 collections in 0.000005 seconds (found 0 objects)
[2020.02.06-15.48.25:778][  1]LogCollectionManager: Fixed up redirectors for 0 collections in 0.000081 seconds (updated 0 objects)
[2020.02.06-15.48.27:196][ 35]LogSlate: Took 0.005932 seconds to synchronously load lazily loaded font '../../../Engine/Content/Slate/Fonts/Roboto-Light.ttf' (167K)
[2020.02.06-15.48.36:237][401]LogEditorViewport: Clicking on Actor (LMB): PatrolPath_C (PatrolPath)
[2020.02.06-15.49.57:838][169]LogSlate: FSceneViewport::OnFocusLost() reason 0
[2020.02.06-15.50.32:361][265]LogAssetEditorManager: Opening Asset editor for World /Game/Maps/Donjon.Donjon
[2020.02.06-15.50.32:396][265]LogUObjectHash: Compacting FUObjectHashTables data took   1.45ms
[2020.02.06-15.50.34:344][265]LogSlate: Window 'Save Content' being destroyed
[2020.02.06-15.50.34:353][265]Cmd: OBJ SAVEPACKAGE PACKAGE="/Game/Maps/Donjon" FILE="../../../../../../Users/doria/Desktop/ProjetRPG/ProjetRPG_Git 4.23/Content/Maps/Donjon.umap" SILENT=true AUTOSAVING=false KEEPDIRTY=false
[2020.02.06-15.50.34:388][265]LogUObjectHash: Compacting FUObjectHashTables data took   0.72ms
[2020.02.06-15.50.34:413][265]LogSavePackage: Moving '../../../../../../Users/doria/Desktop/ProjetRPG/ProjetRPG_Git 4.23/Saved/DonjonD6911701490FFF502FDFDC870C47DE34.tmp' to '../../../../../../Users/doria/Desktop/ProjetRPG/ProjetRPG_Git 4.23/Content/Maps/Donjon.umap'
[2020.02.06-15.50.34:419][265]LogFileHelpers: Saving map 'Donjon' took 0.068
[2020.02.06-15.50.34:419][265]Cmd: OBJ SAVEPACKAGE PACKAGE="/Game/Maps/MenuStart" FILE="../../../../../../Users/doria/Desktop/ProjetRPG/ProjetRPG_Git 4.23/Content/Maps/MenuStart.umap" SILENT=true AUTOSAVING=false KEEPDIRTY=false
[2020.02.06-15.50.34:455][265]LogUObjectHash: Compacting FUObjectHashTables data took   1.77ms
[2020.02.06-15.50.34:467][265]LogSavePackage: Moving '../../../../../../Users/doria/Desktop/ProjetRPG/ProjetRPG_Git 4.23/Saved/MenuStart638E3BD742F89FE6FFCDE8AC246FCDF4.tmp' to '../../../../../../Users/doria/Desktop/ProjetRPG/ProjetRPG_Git 4.23/Content/Maps/MenuStart.umap'
[2020.02.06-15.50.34:469][265]LogFileHelpers: Saving map 'MenuStart' took 0.050
[2020.02.06-15.50.34:472][265]Cmd: MAP LOAD FILE="../../../../../../Users/doria/Desktop/ProjetRPG/ProjetRPG_Git 4.23/Content/Maps/Donjon.umap" TEMPLATE=0 SHOWPROGRESS=1 FEATURELEVEL=3
[2020.02.06-15.50.34:472][265]LightingResults: New page: Lighting Build
[2020.02.06-15.50.34:472][265]LoadErrors: New page: Loading map: Donjon.umap
[2020.02.06-15.50.34:477][265]LogWorld: UWorld::CleanupWorld for ThirdPersonExampleMap, bSessionEnded=true, bCleanupResources=true
[2020.02.06-15.50.34:478][265]MapCheck: New page: Map Check
[2020.02.06-15.50.34:478][265]LightingResults: New page: Lighting Build
[2020.02.06-15.50.34:516][265]LogUObjectHash: Compacting FUObjectHashTables data took   1.97ms
[2020.02.06-15.50.34:551][265]LogUObjectHash: Compacting FUObjectHashTables data took   1.72ms
[2020.02.06-15.50.34:585][265]LogUObjectHash: Compacting FUObjectHashTables data took   1.89ms
[2020.02.06-15.50.34:637][265]LogEditorServer: Finished looking for orphan Actors (0.000 secs)
[2020.02.06-15.50.34:637][265]LogAIModule: Creating AISystem for world Donjon
[2020.02.06-15.50.34:672][265]LogUObjectHash: Compacting FUObjectHashTables data took   1.42ms
[2020.02.06-15.50.34:733][265]Cmd: MAP CHECKDEP NOCLEARLOG
[2020.02.06-15.50.34:733][265]MapCheck: Map check complete: 0 Error(s), 0 Warning(s), took 0,118ms to complete.
[2020.02.06-15.50.34:734][265]LogFileHelpers: Loading map 'Donjon' took 0.264
[2020.02.06-15.50.34:803][265]LogAIModule: Creating AISystem for world MenuStart
[2020.02.06-15.51.30:755][976]LogAssetEditorManager: Opening Asset editor for World /Game/Maps/Donjon.Donjon
[2020.02.06-15.51.30:787][976]LogUObjectHash: Compacting FUObjectHashTables data took   0.69ms
[2020.02.06-15.51.30:788][976]Cmd: MAP LOAD FILE="../../../../../../Users/doria/Desktop/ProjetRPG/ProjetRPG_Git 4.23/Content/Maps/Donjon.umap" TEMPLATE=0 SHOWPROGRESS=1 FEATURELEVEL=3
[2020.02.06-15.51.30:788][976]LightingResults: New page: Lighting Build
[2020.02.06-15.51.30:788][976]LoadErrors: New page: Loading map: Donjon.umap
[2020.02.06-15.51.30:789][976]LogWorld: UWorld::CleanupWorld for Donjon, bSessionEnded=true, bCleanupResources=true
[2020.02.06-15.51.30:789][976]MapCheck: New page: Map Check
[2020.02.06-15.51.30:789][976]LightingResults: New page: Lighting Build
[2020.02.06-15.51.30:824][976]LogUObjectHash: Compacting FUObjectHashTables data took   1.91ms
[2020.02.06-15.51.30:858][976]LogUObjectHash: Compacting FUObjectHashTables data took   1.72ms
[2020.02.06-15.51.30:892][976]LogUObjectHash: Compacting FUObjectHashTables data took   1.90ms
[2020.02.06-15.51.30:895][976]LogAIModule: Creating AISystem for world Donjon
[2020.02.06-15.51.30:967][976]LogEditorServer: Finished looking for orphan Actors (0.000 secs)
[2020.02.06-15.51.31:002][976]LogUObjectHash: Compacting FUObjectHashTables data took   1.39ms
[2020.02.06-15.51.31:060][976]Cmd: MAP CHECKDEP NOCLEARLOG
[2020.02.06-15.51.31:060][976]MapCheck: Map check complete: 0 Error(s), 0 Warning(s), took 0,122ms to complete.
[2020.02.06-15.51.31:061][976]LogFileHelpers: Loading map 'Donjon' took 0.274
[2020.02.06-15.51.43:903][499]LogSlate: FSceneViewport::OnFocusLost() reason 0
[2020.02.06-15.51.47:223][892]LogSlate: FSceneViewport::OnFocusLost() reason 0
[2020.02.06-15.52.01:468][575]LogEditorViewport: Clicking on Actor (CTRL LMB): SkyLight (SkyLight)
[2020.02.06-15.52.02:270][669]LogEditorViewport: Clicking on Actor (CTRL LMB): DirectionalLight (DirectionalLight)
[2020.02.06-15.52.08:655][427]LogEditorViewport: Clicking Background
[2020.02.06-15.52.16:298][341]LogSlate: FSceneViewport::OnFocusLost() reason 0
[2020.02.06-15.55.47:111][988]LogFactory: FactoryCreateFile: StaticMesh with FbxFactory (0 0 E:\Donjon.fbx)
[2020.02.06-15.55.47:132][988]LogFbx: Loading FBX Scene from E:\Donjon.fbx
[2020.02.06-15.55.47:151][988]LogFbx: FBX Scene Loaded Succesfully
[2020.02.06-15.55.50:472][988]LogSlate: Window 'FBX Import Options' being destroyed
[2020.02.06-15.55.50:942][988]LogMaterial: Display: Missing cached shader map for material lambert2, compiling. 
[2020.02.06-15.55.51:010][988]LogShaderCompilers: Display: Worker (1/13): shaders left to compile 22
[2020.02.06-15.55.51:010][988]LogShaderCompilers: Display: Worker (2/13): shaders left to compile 20
[2020.02.06-15.55.51:010][988]LogShaderCompilers: Display: Worker (3/13): shaders left to compile 18
[2020.02.06-15.55.51:010][988]LogShaderCompilers: Display: Worker (4/13): shaders left to compile 16
[2020.02.06-15.55.51:010][988]LogShaderCompilers: Display: Worker (5/13): shaders left to compile 14
[2020.02.06-15.55.51:010][988]LogShaderCompilers: Display: Worker (6/13): shaders left to compile 12
[2020.02.06-15.55.51:010][988]LogShaderCompilers: Display: Worker (7/13): shaders left to compile 10
[2020.02.06-15.55.51:010][988]LogShaderCompilers: Display: Worker (8/13): shaders left to compile 8
[2020.02.06-15.55.51:010][988]LogShaderCompilers: Display: Worker (9/13): shaders left to compile 6
[2020.02.06-15.55.51:010][988]LogShaderCompilers: Display: Worker (10/13): shaders left to compile 4
[2020.02.06-15.55.51:010][988]LogShaderCompilers: Display: Worker (11/13): shaders left to compile 2
[2020.02.06-15.55.51:013][988]LogStaticMesh: Building static mesh Donjon_Plane...
[2020.02.06-15.55.51:163][988]LogStaticMesh: Built static mesh [0.15s] /Game/3D/Donjon_Plane.Donjon_Plane
[2020.02.06-15.55.51:243][988]LogMaterial: Display: Missing cached shader map for material lambert1, compiling. 
[2020.02.06-15.55.51:262][988]LogShaderCompilers: Display: Worker (12/13): shaders left to compile 22
[2020.02.06-15.55.51:263][988]LogFbx: Display: Triangulating static mesh pTorus1
[2020.02.06-15.55.51:292][988]LogStaticMesh: Building static mesh Donjon_pTorus1...
[2020.02.06-15.55.51:305][988]LogStaticMesh: Built static mesh [0.01s] /Game/3D/Donjon_pTorus1.Donjon_pTorus1
[2020.02.06-15.55.51:323][988]LogFbx: Display: Triangulating static mesh pSphere1
[2020.02.06-15.55.51:367][988]LogStaticMesh: Building static mesh Donjon_pSphere1...
[2020.02.06-15.55.51:377][988]LogStaticMesh: Built static mesh [0.01s] /Game/3D/Donjon_pSphere1.Donjon_pSphere1
[2020.02.06-15.55.51:395][988]LogFbx: Display: Triangulating static mesh pTorus3
[2020.02.06-15.55.51:459][988]LogStaticMesh: Building static mesh Donjon_pTorus3...
[2020.02.06-15.55.51:472][988]LogStaticMesh: Built static mesh [0.01s] /Game/3D/Donjon_pTorus3.Donjon_pTorus3
[2020.02.06-15.55.51:500][988]FBXImport: Warning: No smoothing group information was found in this FBX scene.  Please make sure to enable the 'Export Smoothing Groups' option in the FBX Exporter plug-in before exporting the file.  Even for tools that don't support smoothing groups, the FBX Exporter will generate appropriate smoothing data at export-time so that correct vertex normals can be inferred while importing. 
[2020.02.06-15.55.51:627][990]LogShaderCompilers: Display: Worker (4/13): shaders left to compile 20
[2020.02.06-15.55.51:691][998]LogShaderCompilers: Display: Worker (11/13): shaders left to compile 18
[2020.02.06-15.55.51:742][  4]LogShaderCompilers: Display: Worker (2/13): shaders left to compile 16
[2020.02.06-15.55.51:786][  9]LogShaderCompilers: Display: Worker (3/13): shaders left to compile 14
[2020.02.06-15.55.51:811][ 12]LogShaderCompilers: Display: Worker (1/13): shaders left to compile 12
[2020.02.06-15.55.52:064][ 42]LogShaderCompilers: Display: Worker (5/13): shaders left to compile 10
[2020.02.06-15.55.52:122][ 49]LogShaderCompilers: Display: Worker (12/13): shaders left to compile 9
[2020.02.06-15.55.52:189][ 57]LogShaderCompilers: Display: Worker (2/13): shaders left to compile 8
[2020.02.06-15.55.52:197][ 58]LogShaderCompilers: Display: Worker (4/13): shaders left to compile 7
[2020.02.06-15.55.52:213][ 60]LogShaderCompilers: Display: Worker (6/13): shaders left to compile 6
[2020.02.06-15.55.52:213][ 60]LogShaderCompilers: Display: Worker (8/13): shaders left to compile 5
[2020.02.06-15.55.52:213][ 60]LogShaderCompilers: Display: Worker (9/13): shaders left to compile 4
[2020.02.06-15.55.52:307][ 71]LogShaderCompilers: Display: Worker (10/13): shaders left to compile 3
[2020.02.06-15.55.52:322][ 73]LogShaderCompilers: Display: Worker (11/13): shaders left to compile 2
[2020.02.06-15.55.52:419][ 83]LogShaderCompilers: Display: Worker (7/13): shaders left to compile 1
[2020.02.06-15.56.02:451][230]LogSlate: Took 0.000222 seconds to synchronously load lazily loaded font '../../../Engine/Content/Slate/Fonts/Roboto-Light.ttf' (167K)
[2020.02.06-15.56.56:397][697]LogActorFactory: Actor Factory created Donjon_Plane
[2020.02.06-15.56.56:835][749]LogActorFactory: Actor Factory created Donjon_Plane
[2020.02.06-15.56.57:658][831]LogSlate: FSceneViewport::OnFocusLost() reason 0
[2020.02.06-15.56.57:829][850]LogActorFactory: Actor Factory created Donjon_pSphere1
[2020.02.06-15.56.59:020][990]LogActorFactory: Actor Factory created Donjon_pSphere1
[2020.02.06-15.57.02:715][426]LogEditorViewport: Clicking on Actor (LMB): StaticMeshActor (Donjon_Plane)
[2020.02.06-15.57.03:742][545]Cmd: DELETE
[2020.02.06-15.57.03:742][545]Cmd: ACTOR DELETE
[2020.02.06-15.57.03:754][545]LogEditorActor: Deleted Actor: StaticMeshActor
[2020.02.06-15.57.03:783][545]LogUObjectHash: Compacting FUObjectHashTables data took   1.70ms
[2020.02.06-15.57.03:784][545]LogEditorActor: Deleted 1 Actors (0.035 secs)
[2020.02.06-15.57.05:648][769]LogEditorViewport: Clicking on Actor (LMB): StaticMeshActor (Donjon_pSphere1)
[2020.02.06-15.57.06:631][883]Cmd: DELETE
[2020.02.06-15.57.06:631][883]Cmd: ACTOR DELETE
[2020.02.06-15.57.06:632][883]LogEditorActor: Deleted Actor: StaticMeshActor
[2020.02.06-15.57.06:666][883]LogUObjectHash: Compacting FUObjectHashTables data took   0.69ms
[2020.02.06-15.57.06:666][883]LogEditorActor: Deleted 1 Actors (0.034 secs)
[2020.02.06-15.57.11:801][481]LogSlate: FSceneViewport::OnFocusLost() reason 0
[2020.02.06-15.57.11:994][503]LogActorFactory: Actor Factory created Donjon_Plane
[2020.02.06-15.57.12:341][544]LogActorFactory: Actor Factory created Donjon_Plane
[2020.02.06-15.57.22:561][740]LogSlate: FSceneViewport::OnFocusLost() reason 0
[2020.02.06-15.57.22:674][752]LogActorFactory: Actor Factory created Donjon_pTorus1
[2020.02.06-15.57.23:327][818]LogActorFactory: Actor Factory created Donjon_pTorus1
[2020.02.06-15.57.28:328][411]LogEditorViewport: Clicking on Actor (LMB): DirectionalLight (DirectionalLight)
[2020.02.06-15.57.32:100][858]LogSlate: FSceneViewport::OnFocusLost() reason 0
[2020.02.06-15.58.48:815][ 55]LogSlate: FSceneViewport::OnFocusLost() reason 0
[2020.02.06-15.58.48:970][ 72]LogActorFactory: Actor Factory created Donjon_pTorus3
[2020.02.06-15.58.49:772][155]LogActorFactory: Actor Factory created Donjon_pTorus3
[2020.02.06-15.58.51:477][355]LogEditorViewport: Clicking on Actor (LMB): StaticMeshActor (Donjon_pTorus1)
[2020.02.06-15.58.55:442][825]LogEditorViewport: Clicking on Actor (LMB): StaticMeshActor (Donjon_pTorus3)
[2020.02.06-15.58.56:441][941]Cmd: DELETE
[2020.02.06-15.58.56:441][941]Cmd: ACTOR DELETE
[2020.02.06-15.58.56:441][941]LogEditorActor: Deleted Actor: StaticMeshActor
[2020.02.06-15.58.56:473][941]LogUObjectHash: Compacting FUObjectHashTables data took   1.68ms
[2020.02.06-15.58.56:473][941]LogEditorActor: Deleted 1 Actors (0.032 secs)
[2020.02.06-15.58.57:120][ 19]LogEditorViewport: Clicking on Actor (LMB): StaticMeshActor (Donjon_pTorus1)
[2020.02.06-15.58.58:366][164]LogSlate: FSceneViewport::OnFocusLost() reason 0
[2020.02.06-15.59.02:675][678]LogEditorViewport: Clicking on Actor (LMB): StaticMeshActor (Donjon_Plane)
[2020.02.06-15.59.04:569][900]LogEditorViewport: Clicking Background
[2020.02.06-15.59.05:935][ 62]LogSlate: FSceneViewport::OnFocusLost() reason 0
[2020.02.06-15.59.06:055][ 75]LogActorFactory: Actor Factory created Donjon_pTorus3
[2020.02.06-15.59.06:561][133]LogActorFactory: Actor Factory created Donjon_pTorus3
[2020.02.06-15.59.07:761][272]LogSlate: FSceneViewport::OnFocusLost() reason 0
[2020.02.06-15.59.11:656][737]LogEditorViewport: Clicking on Actor (LMB): StaticMeshActor (Donjon_Plane)
[2020.02.06-15.59.14:529][ 71]LogSlate: FSceneViewport::OnFocusLost() reason 0
[2020.02.06-15.59.25:409][356]LogEditorViewport: Clicking on Actor (LMB): StaticMeshActor (Donjon_pTorus1)
[2020.02.06-15.59.27:768][634]LogSlate: FSceneViewport::OnFocusLost() reason 0
[2020.02.06-15.59.32:248][169]LogEditorViewport: Clicking on Actor (LMB): StaticMeshActor (Donjon_Plane)
[2020.02.06-15.59.33:368][298]LogSlate: FSceneViewport::OnFocusLost() reason 0
[2020.02.06-15.59.37:592][802]LogEditorViewport: Clicking on Actor (LMB): StaticMeshActor (Donjon_pTorus3)
[2020.02.06-15.59.39:948][ 79]LogSlate: FSceneViewport::OnFocusLost() reason 0
[2020.02.06-15.59.48:425][ 78]LogSlate: FSceneViewport::OnFocusLost() reason 0
[2020.02.06-15.59.48:592][ 96]LogActorFactory: Actor Factory created Donjon_pSphere1
[2020.02.06-15.59.48:954][130]LogActorFactory: Actor Factory created Donjon_pSphere1
[2020.02.06-15.59.49:964][243]LogSlate: FSceneViewport::OnFocusLost() reason 0
[2020.02.06-16.00.27:251][704]LogSlate: FSceneViewport::OnFocusLost() reason 0
[2020.02.06-16.00.42:476][503]LogEditorViewport: Clicking on Actor (LMB): StaticMeshActor (Donjon_pTorus1)
[2020.02.06-16.00.46:191][933]LogSlate: FSceneViewport::OnFocusLost() reason 0
[2020.02.06-16.00.54:575][936]LogEditorViewport: Clicking on Actor (LMB): StaticMeshActor (Donjon_Plane)
[2020.02.06-16.00.55:919][ 90]LogSlate: FSceneViewport::OnFocusLost() reason 0
[2020.02.06-16.01.06:296][331]LogSlate: Took 0.006479 seconds to synchronously load lazily loaded font '../../../Engine/Content/Slate/Fonts/Roboto-Italic.ttf' (157K)
[2020.02.06-16.01.15:414][415]LogEditorViewport: Clicking on Actor (LMB): PointLight (PointLight)
[2020.02.06-16.01.27:144][813]LogSlate: FSceneViewport::OnFocusLost() reason 0
[2020.02.06-16.01.51:065][650]LogEditorViewport: Clicking on Actor (LMB): PointLight (PointLight)
[2020.02.06-16.02.05:350][330]LogEditorViewport: Clicking on Actor (LMB): PointLight (PointLight)
[2020.02.06-16.02.06:238][433]Cmd: DELETE
[2020.02.06-16.02.06:238][433]Cmd: ACTOR DELETE
[2020.02.06-16.02.06:239][433]LogEditorActor: Deleted Actor: PointLight
[2020.02.06-16.02.06:269][433]LogUObjectHash: Compacting FUObjectHashTables data took   1.60ms
[2020.02.06-16.02.06:269][433]LogEditorActor: Deleted 1 Actors (0.031 secs)
[2020.02.06-16.02.17:341][736]LogSlate: FSceneViewport::OnFocusLost() reason 0
[2020.02.06-16.02.17:502][754]LogAssetEditorManager: Opening Asset editor for StaticMesh /Game/3D/Donjon_pTorus3.Donjon_pTorus3
[2020.02.06-16.02.17:994][754]LogRenderer: Reallocating scene render targets to support 1152x920 Format 10 NumSamples 1 (Frame:1).
[2020.02.06-16.02.57:042][412]LogUObjectHash: Compacting FUObjectHashTables data took   1.43ms
[2020.02.06-16.02.57:173][412]LogSavePackage: Moving '../../../../../../Users/doria/Desktop/ProjetRPG/ProjetRPG_Git 4.23/Saved/Donjon_Auto1115E796D40F8B771DCFD4D9AB6015B81.tmp' to '../../../../../../Users/doria/Desktop/ProjetRPG/ProjetRPG_Git 4.23/Saved/Autosaves/Game/Maps/Donjon_Auto1.umap'
[2020.02.06-16.02.57:179][412]LogFileHelpers: Editor autosave (incl. sublevels) for '/Game/Maps/Donjon' took 0.170
[2020.02.06-16.02.57:179][412]LogFileHelpers: Editor autosave (incl. sublevels) for all levels took 0.170
[2020.02.06-16.02.57:180][412]OBJ SavePackage: Generating thumbnails for [1] asset(s) in package [/Game/3D/Donjon_pTorus3] ([1] browsable assets)...
[2020.02.06-16.02.57:188][412]OBJ SavePackage:     Rendered thumbnail for [StaticMesh /Game/3D/Donjon_pTorus3.Donjon_pTorus3]
[2020.02.06-16.02.57:188][412]OBJ SavePackage: Finished generating thumbnails for package [/Game/3D/Donjon_pTorus3]
[2020.02.06-16.02.57:208][412]LogSavePackage: Moving '../../../../../../Users/doria/Desktop/ProjetRPG/ProjetRPG_Git 4.23/Saved/Donjon_pTorus3_Auto19AB62BE94DABE72743B7C49A2F506FD5.tmp' to '../../../../../../Users/doria/Desktop/ProjetRPG/ProjetRPG_Git 4.23/Saved/Autosaves/Game/3D/Donjon_pTorus3_Auto1.uasset'
[2020.02.06-16.02.57:210][412]OBJ SavePackage: Generating thumbnails for [1] asset(s) in package [/Game/3D/Donjon_Plane] ([1] browsable assets)...
[2020.02.06-16.02.57:217][412]OBJ SavePackage:     Rendered thumbnail for [StaticMesh /Game/3D/Donjon_Plane.Donjon_Plane]
[2020.02.06-16.02.57:217][412]OBJ SavePackage: Finished generating thumbnails for package [/Game/3D/Donjon_Plane]
[2020.02.06-16.02.57:249][412]LogSavePackage: Moving '../../../../../../Users/doria/Desktop/ProjetRPG/ProjetRPG_Git 4.23/Saved/Donjon_Plane_Auto12DFBDFEA4C424103F166FEA914929CA7.tmp' to '../../../../../../Users/doria/Desktop/ProjetRPG/ProjetRPG_Git 4.23/Saved/Autosaves/Game/3D/Donjon_Plane_Auto1.uasset'
[2020.02.06-16.02.57:251][412]OBJ SavePackage: Generating thumbnails for [1] asset(s) in package [/Game/3D/lambert2] ([1] browsable assets)...
[2020.02.06-16.02.57:259][412]OBJ SavePackage:     Rendered thumbnail for [Material /Game/3D/lambert2.lambert2]
[2020.02.06-16.02.57:259][412]OBJ SavePackage: Finished generating thumbnails for package [/Game/3D/lambert2]
[2020.02.06-16.02.57:259][412]Cmd: OBJ SAVEPACKAGE PACKAGE="/Game/3D/lambert2" FILE="../../../../../../Users/doria/Desktop/ProjetRPG/ProjetRPG_Git 4.23/Saved/Autosaves/Game/3D/lambert2_Auto1.uasset" SILENT=false AUTOSAVING=true
[2020.02.06-16.02.57:274][412]LogSavePackage: Moving '../../../../../../Users/doria/Desktop/ProjetRPG/ProjetRPG_Git 4.23/Saved/lambert2_Auto1DEE32FD74101B018B1767AAFE3AC16AA.tmp' to '../../../../../../Users/doria/Desktop/ProjetRPG/ProjetRPG_Git 4.23/Saved/Autosaves/Game/3D/lambert2_Auto1.uasset'
[2020.02.06-16.02.57:276][412]OBJ SavePackage: Generating thumbnails for [1] asset(s) in package [/Game/3D/Donjon_pTorus1] ([1] browsable assets)...
[2020.02.06-16.02.57:284][412]OBJ SavePackage:     Rendered thumbnail for [StaticMesh /Game/3D/Donjon_pTorus1.Donjon_pTorus1]
[2020.02.06-16.02.57:284][412]OBJ SavePackage: Finished generating thumbnails for package [/Game/3D/Donjon_pTorus1]
[2020.02.06-16.02.57:300][412]LogSavePackage: Moving '../../../../../../Users/doria/Desktop/ProjetRPG/ProjetRPG_Git 4.23/Saved/Donjon_pTorus1_Auto134855B544D4BE4BAC1964DA7EAFC5228.tmp' to '../../../../../../Users/doria/Desktop/ProjetRPG/ProjetRPG_Git 4.23/Saved/Autosaves/Game/3D/Donjon_pTorus1_Auto1.uasset'
[2020.02.06-16.02.57:301][412]OBJ SavePackage: Generating thumbnails for [1] asset(s) in package [/Game/3D/lambert1] ([1] browsable assets)...
[2020.02.06-16.02.57:309][412]OBJ SavePackage:     Rendered thumbnail for [Material /Game/3D/lambert1.lambert1]
[2020.02.06-16.02.57:309][412]OBJ SavePackage: Finished generating thumbnails for package [/Game/3D/lambert1]
[2020.02.06-16.02.57:309][412]Cmd: OBJ SAVEPACKAGE PACKAGE="/Game/3D/lambert1" FILE="../../../../../../Users/doria/Desktop/ProjetRPG/ProjetRPG_Git 4.23/Saved/Autosaves/Game/3D/lambert1_Auto1.uasset" SILENT=false AUTOSAVING=true
[2020.02.06-16.02.57:323][412]LogSavePackage: Moving '../../../../../../Users/doria/Desktop/ProjetRPG/ProjetRPG_Git 4.23/Saved/lambert1_Auto17881233C4B0D4F83EACFB0B4987F9464.tmp' to '../../../../../../Users/doria/Desktop/ProjetRPG/ProjetRPG_Git 4.23/Saved/Autosaves/Game/3D/lambert1_Auto1.uasset'
[2020.02.06-16.02.57:324][412]OBJ SavePackage: Generating thumbnails for [1] asset(s) in package [/Game/3D/Donjon_pSphere1] ([1] browsable assets)...
[2020.02.06-16.02.57:332][412]OBJ SavePackage:     Rendered thumbnail for [StaticMesh /Game/3D/Donjon_pSphere1.Donjon_pSphere1]
[2020.02.06-16.02.57:332][412]OBJ SavePackage: Finished generating thumbnails for package [/Game/3D/Donjon_pSphere1]
[2020.02.06-16.02.57:349][412]LogSavePackage: Moving '../../../../../../Users/doria/Desktop/ProjetRPG/ProjetRPG_Git 4.23/Saved/Donjon_pSphere1_Auto1C50147FA48942ACD1D3642AE60F19204.tmp' to '../../../../../../Users/doria/Desktop/ProjetRPG/ProjetRPG_Git 4.23/Saved/Autosaves/Game/3D/Donjon_pSphere1_Auto1.uasset'
[2020.02.06-16.02.57:350][412]LogFileHelpers: Auto-saving content packages took 0.171
[2020.02.06-16.03.23:536][538]LogSlate: Window 'Donjon_pTorus3' being destroyed
[2020.02.06-16.03.31:600][498]Cmd: OBJ SAVEPACKAGE PACKAGE="/Game/3D/Donjon_pTorus3" FILE="../../../../../../Users/doria/Desktop/ProjetRPG/ProjetRPG_Git 4.23/Content/3D/Donjon_pTorus3.uasset" SILENT=true
[2020.02.06-16.03.31:617][498]LogSavePackage: Moving '../../../../../../Users/doria/Desktop/ProjetRPG/ProjetRPG_Git 4.23/Saved/Donjon_pTorus3E126B1C44C32660D372CBF93744D79FF.tmp' to '../../../../../../Users/doria/Desktop/ProjetRPG/ProjetRPG_Git 4.23/Content/3D/Donjon_pTorus3.uasset'
[2020.02.06-16.03.33:386][686]LogAssetEditorManager: Opening Asset editor for StaticMesh /Game/3D/Donjon_pTorus1.Donjon_pTorus1
[2020.02.06-16.05.18:986][321]Cmd: OBJ SAVEPACKAGE PACKAGE="/Game/3D/Donjon_pTorus1" FILE="../../../../../../Users/doria/Desktop/ProjetRPG/ProjetRPG_Git 4.23/Content/3D/Donjon_pTorus1.uasset" SILENT=true
[2020.02.06-16.05.19:002][321]LogSavePackage: Moving '../../../../../../Users/doria/Desktop/ProjetRPG/ProjetRPG_Git 4.23/Saved/Donjon_pTorus1A12FBD6F4A8535BCBDDCC3B1B6F90D16.tmp' to '../../../../../../Users/doria/Desktop/ProjetRPG/ProjetRPG_Git 4.23/Content/3D/Donjon_pTorus1.uasset'
[2020.02.06-16.06.16:222][926]LogSlate: FSceneViewport::OnFocusLost() reason 0
[2020.02.06-16.06.22:492][555]LogMetaData: Removing '/Game/3D/Donjon/Donjon_Plane.Donjon_Plane' ref from Metadata '/Game/3D/Donjon_Plane.PackageMetaData'
[2020.02.06-16.06.22:499][555]LogMetaData: Removing '/Game/3D/Donjon/Donjon_pSphere1.Donjon_pSphere1' ref from Metadata '/Game/3D/Donjon_pSphere1.PackageMetaData'
[2020.02.06-16.06.22:504][555]LogMetaData: Removing '/Game/3D/Donjon/Donjon_pTorus1.Donjon_pTorus1' ref from Metadata '/Game/3D/Donjon_pTorus1.PackageMetaData'
[2020.02.06-16.06.22:509][555]LogMetaData: Removing '/Game/3D/Donjon/Donjon_pTorus3.Donjon_pTorus3' ref from Metadata '/Game/3D/Donjon_pTorus3.PackageMetaData'
[2020.02.06-16.06.22:544][555]Cmd: OBJ SAVEPACKAGE PACKAGE="/Game/3D/Donjon/Donjon_Plane" FILE="../../../../../../Users/doria/Desktop/ProjetRPG/ProjetRPG_Git 4.23/Content/3D/Donjon/Donjon_Plane.uasset" SILENT=true
[2020.02.06-16.06.22:577][555]LogSavePackage: Moving '../../../../../../Users/doria/Desktop/ProjetRPG/ProjetRPG_Git 4.23/Saved/Donjon_Plane8583A93D49A4CD7EA7D342913A49CE41.tmp' to '../../../../../../Users/doria/Desktop/ProjetRPG/ProjetRPG_Git 4.23/Content/3D/Donjon/Donjon_Plane.uasset'
[2020.02.06-16.06.22:591][555]Cmd: OBJ SAVEPACKAGE PACKAGE="/Game/3D/Donjon/Donjon_pSphere1" FILE="../../../../../../Users/doria/Desktop/ProjetRPG/ProjetRPG_Git 4.23/Content/3D/Donjon/Donjon_pSphere1.uasset" SILENT=true
[2020.02.06-16.06.22:608][555]LogSavePackage: Moving '../../../../../../Users/doria/Desktop/ProjetRPG/ProjetRPG_Git 4.23/Saved/Donjon_pSphere1BB7B690947E00F25D99DE9945A8545AF.tmp' to '../../../../../../Users/doria/Desktop/ProjetRPG/ProjetRPG_Git 4.23/Content/3D/Donjon/Donjon_pSphere1.uasset'
[2020.02.06-16.06.22:621][555]Cmd: OBJ SAVEPACKAGE PACKAGE="/Game/3D/Donjon/Donjon_pTorus1" FILE="../../../../../../Users/doria/Desktop/ProjetRPG/ProjetRPG_Git 4.23/Content/3D/Donjon/Donjon_pTorus1.uasset" SILENT=true
[2020.02.06-16.06.22:637][555]LogSavePackage: Moving '../../../../../../Users/doria/Desktop/ProjetRPG/ProjetRPG_Git 4.23/Saved/Donjon_pTorus1CA7208C54B5F2C7359C0C29DF07C9E36.tmp' to '../../../../../../Users/doria/Desktop/ProjetRPG/ProjetRPG_Git 4.23/Content/3D/Donjon/Donjon_pTorus1.uasset'
[2020.02.06-16.06.22:650][555]Cmd: OBJ SAVEPACKAGE PACKAGE="/Game/3D/Donjon/Donjon_pTorus3" FILE="../../../../../../Users/doria/Desktop/ProjetRPG/ProjetRPG_Git 4.23/Content/3D/Donjon/Donjon_pTorus3.uasset" SILENT=true
[2020.02.06-16.06.22:667][555]LogSavePackage: Moving '../../../../../../Users/doria/Desktop/ProjetRPG/ProjetRPG_Git 4.23/Saved/Donjon_pTorus3681504B74D2FADCDF58D82A2DB070439.tmp' to '../../../../../../Users/doria/Desktop/ProjetRPG/ProjetRPG_Git 4.23/Content/3D/Donjon/Donjon_pTorus3.uasset'
[2020.02.06-16.06.22:682][555]Cmd: OBJ SAVEPACKAGE PACKAGE="/Game/3D/Donjon/lambert1" FILE="../../../../../../Users/doria/Desktop/ProjetRPG/ProjetRPG_Git 4.23/Content/3D/Donjon/lambert1.uasset" SILENT=true
[2020.02.06-16.06.22:696][555]LogSavePackage: Moving '../../../../../../Users/doria/Desktop/ProjetRPG/ProjetRPG_Git 4.23/Saved/lambert15969A02A4BD51476784D21BC91D120BB.tmp' to '../../../../../../Users/doria/Desktop/ProjetRPG/ProjetRPG_Git 4.23/Content/3D/Donjon/lambert1.uasset'
[2020.02.06-16.06.22:709][555]Cmd: OBJ SAVEPACKAGE PACKAGE="/Game/3D/Donjon/lambert2" FILE="../../../../../../Users/doria/Desktop/ProjetRPG/ProjetRPG_Git 4.23/Content/3D/Donjon/lambert2.uasset" SILENT=true
[2020.02.06-16.06.22:724][555]LogSavePackage: Moving '../../../../../../Users/doria/Desktop/ProjetRPG/ProjetRPG_Git 4.23/Saved/lambert2C4F331D84FEE826DC57562A292E95C6F.tmp' to '../../../../../../Users/doria/Desktop/ProjetRPG/ProjetRPG_Git 4.23/Content/3D/Donjon/lambert2.uasset'
[2020.02.06-16.06.23:175][555]LogUObjectHash: Compacting FUObjectHashTables data took   1.98ms
[2020.02.06-16.06.23:210][555]LogUObjectHash: Compacting FUObjectHashTables data took   0.69ms
[2020.02.06-16.06.23:242][555]LogUObjectHash: Compacting FUObjectHashTables data took   0.79ms
[2020.02.06-16.06.23:275][555]LogUObjectHash: Compacting FUObjectHashTables data took   0.78ms
[2020.02.06-16.06.23:309][555]LogUObjectHash: Compacting FUObjectHashTables data took   0.79ms
[2020.02.06-16.06.23:342][555]LogUObjectHash: Compacting FUObjectHashTables data took   0.80ms
[2020.02.06-16.06.23:379][555]LogUObjectHash: Compacting FUObjectHashTables data took   1.90ms
[2020.02.06-16.06.23:410][555]LogUObjectHash: Compacting FUObjectHashTables data took   0.79ms
[2020.02.06-16.06.42:607][339]LogEditorViewport: Clicking on Actor (LMB): StaticMeshActor (Donjon_Plane)
[2020.02.06-16.06.52:770][502]LogSlate: FSceneViewport::OnFocusLost() reason 0
[2020.02.06-16.06.52:965][523]LogActorFactory: Actor Factory created Entrée_DOnjon
[2020.02.06-16.06.53:681][597]LogActorFactory: Actor Factory created Entrée_DOnjon
[2020.02.06-16.07.05:348][951]LogSlate: FSceneViewport::OnFocusLost() reason 0
[2020.02.06-16.07.40:424][ 87]LogSlate: FSceneViewport::OnFocusLost() reason 5
[2020.02.06-16.07.40:432][ 87]Cmd: OBJ SAVEPACKAGE PACKAGE="/Game/Maps/Donjon" FILE="../../../../../../Users/doria/Desktop/ProjetRPG/ProjetRPG_Git 4.23/Content/Maps/Donjon.umap" SILENT=true AUTOSAVING=false KEEPDIRTY=false
[2020.02.06-16.07.40:465][ 87]LogUObjectHash: Compacting FUObjectHashTables data took   1.33ms
[2020.02.06-16.07.40:587][ 87]LogSavePackage: Moving '../../../../../../Users/doria/Desktop/ProjetRPG/ProjetRPG_Git 4.23/Saved/DonjonF3D00E564CBED4EA203A47A36C1B1FC3.tmp' to '../../../../../../Users/doria/Desktop/ProjetRPG/ProjetRPG_Git 4.23/Content/Maps/Donjon.umap'
[2020.02.06-16.17.29:094][675]LogSlate: FSceneViewport::OnFocusLost() reason 0
[2020.02.06-16.17.34:713][346]LogSlate: FSceneViewport::OnFocusLost() reason 0
[2020.02.06-16.17.44:227][464]LogSlate: FSceneViewport::OnFocusLost() reason 0
[2020.02.06-16.19.11:187][266]LogSlate: FSceneViewport::OnFocusLost() reason 0
[2020.02.06-16.19.11:272][276]LogTemp: Repeating last play command: New Editor Window (PIE)
[2020.02.06-16.19.11:305][276]LogBlueprintUserMessages: Early PlayInEditor Detection: Level '/Game/Maps/Donjon.Donjon:PersistentLevel' has LevelScriptBlueprint '/Game/Maps/Donjon.Donjon:PersistentLevel.Donjon' with GeneratedClass '/Game/Maps/Donjon.Donjon_C' with ClassGeneratedBy '/Game/Maps/Donjon.Donjon:PersistentLevel.Donjon'
[2020.02.06-16.19.11:307][276]LogPlayLevel: PlayLevel: No blueprints needed recompiling
[2020.02.06-16.19.11:309][276]PIE: New page: PIE session: Donjon (6 févr. 2020 18:19:11)
[2020.02.06-16.19.11:311][276]LogOnline: OSS: Creating online subsystem instance for: NULL
[2020.02.06-16.19.11:313][276]LogPlayLevel: Creating play world package: /Game/Maps/UEDPIE_0_Donjon
[2020.02.06-16.19.11:316][276]LogPlayLevel: PIE: StaticDuplicateObject took: (0.002660s)
[2020.02.06-16.19.11:317][276]LogAIModule: Creating AISystem for world Donjon
[2020.02.06-16.19.11:317][276]LogPlayLevel: PIE: World Init took: (0.000961s)
[2020.02.06-16.19.11:317][276]LogPlayLevel: PIE: Created PIE world by copying editor world from /Game/Maps/Donjon.Donjon to /Game/Maps/UEDPIE_0_Donjon.Donjon (0.003850s)
[2020.02.06-16.19.11:351][276]LogUObjectHash: Compacting FUObjectHashTables data took   2.00ms
[2020.02.06-16.19.11:376][276]LogInit: XAudio2 using 'DELL S2240L (NVIDIA High Definition Audio)' : 2 channels at 48 kHz using 16 bits per sample (channel mask 0x3)
[2020.02.06-16.19.11:387][276]LogInit: FAudioDevice initialized.
[2020.02.06-16.19.11:397][276]LogSlate: Updating window title bar state: overlay mode, drag disabled, window buttons hidden, title bar hidden
[2020.02.06-16.19.11:400][276]LogLinker: Warning: Failed to load '/Game/ThirdPersonBP/Blueprints/ThirdPersonGameMode': Can't find file.
[2020.02.06-16.19.11:400][276]LogLinker: Warning: Failed to load '/Game/ThirdPersonBP/Blueprints/ThirdPersonGameMode': Can't find file.
[2020.02.06-16.19.11:400][276]LogUObjectGlobals: Warning: Failed to find object 'Class /Game/ThirdPersonBP/Blueprints/ThirdPersonGameMode.ThirdPersonGameMode_C'
[2020.02.06-16.19.11:400][276]LogLoad: Game class is 'GameModeBase'
[2020.02.06-16.19.11:407][276]LogWorld: Bringing World /Game/Maps/UEDPIE_0_Donjon.Donjon up for play (max tick rate 0) at 2020.02.06-17.19.11
[2020.02.06-16.19.11:414][276]LogWorld: Bringing up level for play took: 0.007971
[2020.02.06-16.19.11:415][276]LogOnline: OSS: Creating online subsystem instance for: :Context_7
[2020.02.06-16.19.11:437][276]LogContentBrowser: Native class hierarchy updated for 'MovieSceneCapture' in 0.0003 seconds. Added 20 classes and 0 folders.
[2020.02.06-16.19.11:450][276]PIE: Play in editor start time for /Game/Maps/UEDPIE_0_Donjon -0,645
[2020.02.06-16.19.11:450][276]LogBlueprintUserMessages: Late PlayInEditor Detection: Level '/Game/Maps/Donjon.Donjon:PersistentLevel' has LevelScriptBlueprint '/Game/Maps/Donjon.Donjon:PersistentLevel.Donjon' with GeneratedClass '/Game/Maps/Donjon.Donjon_C' with ClassGeneratedBy '/Game/Maps/Donjon.Donjon:PersistentLevel.Donjon'
[2020.02.06-16.19.11:504][277]LogRenderer: Reallocating scene render targets to support 1280x920 Format 10 NumSamples 1 (Frame:1).
[2020.02.06-16.19.13:563][522]LogBlueprintUserMessages: Early EndPlayMap Detection: Level '/Game/Maps/Donjon.Donjon:PersistentLevel' has LevelScriptBlueprint '/Game/Maps/Donjon.Donjon:PersistentLevel.Donjon' with GeneratedClass '/Game/Maps/Donjon.Donjon_C' with ClassGeneratedBy '/Game/Maps/Donjon.Donjon:PersistentLevel.Donjon'
[2020.02.06-16.19.13:564][522]LogSlate: Updating window title bar state: overlay mode, drag disabled, window buttons hidden, title bar hidden
[2020.02.06-16.19.13:564][522]LogWorld: BeginTearingDown for /Game/Maps/UEDPIE_0_Donjon
[2020.02.06-16.19.13:592][522]LogSlate: Window 'ProjetRPG_Git Game Preview Standalone (64-bit/PCD3D_SM5)' being destroyed
[2020.02.06-16.19.13:597][522]LogWorld: UWorld::CleanupWorld for Donjon, bSessionEnded=true, bCleanupResources=true
[2020.02.06-16.19.13:603][522]LogPlayLevel: Display: Shutting down PIE online subsystems
[2020.02.06-16.19.13:603][522]LogBlueprintUserMessages: Late EndPlayMap Detection: Level '/Game/Maps/Donjon.Donjon:PersistentLevel' has LevelScriptBlueprint '/Game/Maps/Donjon.Donjon:PersistentLevel.Donjon' with GeneratedClass '/Game/Maps/Donjon.Donjon_C' with ClassGeneratedBy '/Game/Maps/Donjon.Donjon:PersistentLevel.Donjon'
[2020.02.06-16.19.13:644][522]LogUObjectHash: Compacting FUObjectHashTables data took   1.63ms
[2020.02.06-16.19.13:664][524]LogPlayLevel: Display: Destroying online subsystem :Context_7
[2020.02.06-16.19.14:537][627]LogEditorViewport: Clicking on Actor (LMB): StaticMeshActor (Donjon_Plane)
[2020.02.06-16.19.15:357][719]LogEditorViewport: Clicking on Actor (LMB): ThirdPersonCharacter_C (ThirdPersonCharacter)
[2020.02.06-16.19.20:487][265]Cmd: SELECT NONE
[2020.02.06-16.19.23:290][598]LogEditorViewport: Clicking on Actor (LMB): ThirdPersonCharacter_C (ThirdPersonCharacter)
[2020.02.06-16.19.31:373][438]LogSlate: FSceneViewport::OnFocusLost() reason 0
[2020.02.06-16.19.57:304][276]Cmd: DELETE
[2020.02.06-16.19.57:304][276]Cmd: ACTOR DELETE
[2020.02.06-16.19.57:306][276]LogEditorActor: Deleted Actor: ThirdPersonCharacter_C
[2020.02.06-16.19.57:348][276]LogUObjectHash: Compacting FUObjectHashTables data took   1.47ms
[2020.02.06-16.19.57:349][276]LogEditorActor: Deleted 1 Actors (0.045 secs)
[2020.02.06-16.20.01:522][776]LogSlate: FSceneViewport::OnFocusLost() reason 0
[2020.02.06-16.20.01:592][783]Cmd: OBJ SAVEPACKAGE PACKAGE="/Game/Maps/Donjon" FILE="../../../../../../Users/doria/Desktop/ProjetRPG/ProjetRPG_Git 4.23/Content/Maps/Donjon.umap" SILENT=true AUTOSAVING=false KEEPDIRTY=false
[2020.02.06-16.20.01:625][783]LogUObjectHash: Compacting FUObjectHashTables data took   0.70ms
[2020.02.06-16.20.01:755][783]LogSavePackage: Moving '../../../../../../Users/doria/Desktop/ProjetRPG/ProjetRPG_Git 4.23/Saved/Donjon391C00784A2EAB278127B0BB99603CA2.tmp' to '../../../../../../Users/doria/Desktop/ProjetRPG/ProjetRPG_Git 4.23/Content/Maps/Donjon.umap'
