Log file open, 01/29/20 15:08:18
LogWindows: Failed to load 'aqProf.dll' (GetLastError=126)
LogWindows: File 'aqProf.dll' does not exist
LogWindows: Failed to load 'VtuneApi.dll' (GetLastError=126)
LogWindows: File 'VtuneApi.dll' does not exist
LogWindows: Failed to load 'VtuneApi32e.dll' (GetLastError=126)
LogWindows: File 'VtuneApi32e.dll' does not exist
LogConsoleResponse: Display: Failed to find resolution value strings in scalability ini. Falling back to default.
LogInit: Display: Running engine for game: ProjetRPG_Git
LogPlatformFile: Not using cached read wrapper
LogTaskGraph: Started task graph with 5 named threads and 23 total threads with 3 sets of task threads.
LogStats: Stats thread started at 0.077947
LogD3D11RHI: Loaded GFSDK_Aftermath_Lib.x64.dll
LogICUInternationalization: ICU TimeZone Detection - Raw Offset: +1:00, Platform Override: ''
LogPluginManager: Mounting plugin Paper2D
LogPluginManager: Mounting plugin AISupport
LogPluginManager: Mounting plugin LightPropagationVolume
LogPluginManager: Mounting plugin ActorLayerUtilities
LogPluginManager: Mounting plugin AnimationSharing
LogPluginManager: Mounting plugin CLionSourceCodeAccess
LogPluginManager: Mounting plugin CodeLiteSourceCodeAccess
LogPluginManager: Mounting plugin GitSourceControl
LogPluginManager: Mounting plugin KDevelopSourceCodeAccess
LogPluginManager: Mounting plugin NullSourceCodeAccess
LogPluginManager: Mounting plugin PerforceSourceControl
LogPluginManager: Mounting plugin SubversionSourceControl
LogPluginManager: Mounting plugin UObjectPlugin
LogPluginManager: Mounting plugin VisualStudioCodeSourceCodeAccess
LogPluginManager: Mounting plugin VisualStudioSourceCodeAccess
LogPluginManager: Mounting plugin XCodeSourceCodeAccess
LogPluginManager: Mounting plugin AssetManagerEditor
LogPluginManager: Mounting plugin CryptoKeys
LogPluginManager: Mounting plugin CurveEditorTools
LogPluginManager: Mounting plugin DataValidation
LogPluginManager: Mounting plugin FacialAnimation
LogPluginManager: Mounting plugin GameplayTagsEditor
LogPluginManager: Mounting plugin MacGraphicsSwitching
LogPluginManager: Mounting plugin MaterialAnalyzer
LogPluginManager: Mounting plugin MobileLauncherProfileWizard
LogPluginManager: Mounting plugin PluginBrowser
LogPluginManager: Mounting plugin SpeedTreeImporter
LogPluginManager: Mounting plugin DatasmithContent
LogPluginManager: Mounting plugin VariantManagerContent
LogPluginManager: Mounting plugin AlembicImporter
LogPluginManager: Mounting plugin AutomationUtils
LogPluginManager: Mounting plugin BackChannel
LogPluginManager: Mounting plugin CharacterAI
LogPluginManager: Mounting plugin GeometryCache
LogPluginManager: Mounting plugin HTML5Networking
LogPluginManager: Mounting plugin PlatformCrypto
LogPluginManager: Mounting plugin ProxyLODPlugin
LogPluginManager: Mounting plugin SkeletalReduction
LogPluginManager: Mounting plugin MagicLeap
LogPluginManager: Mounting plugin MagicLeapMedia
LogPluginManager: Mounting plugin AndroidMedia
LogPluginManager: Mounting plugin AvfMedia
LogPluginManager: Mounting plugin ImgMedia
LogPluginManager: Mounting plugin MediaCompositing
LogPluginManager: Mounting plugin MediaPlayerEditor
LogPluginManager: Mounting plugin WebMMedia
LogPluginManager: Mounting plugin WmfMedia
LogPluginManager: Mounting plugin TcpMessaging
LogPluginManager: Mounting plugin UdpMessaging
LogPluginManager: Mounting plugin ActorSequence
LogPluginManager: Mounting plugin LevelSequenceEditor
LogPluginManager: Mounting plugin MatineeToLevelSequence
LogPluginManager: Mounting plugin NetcodeUnitTest
LogPluginManager: Mounting plugin NUTUnrealEngine4
LogPluginManager: Mounting plugin OnlineSubsystemGooglePlay
LogPluginManager: Mounting plugin OnlineSubsystemIOS
LogPluginManager: Mounting plugin OnlineSubsystem
LogPluginManager: Mounting plugin OnlineSubsystemNull
LogPluginManager: Mounting plugin OnlineSubsystemUtils
LogPluginManager: Mounting plugin LauncherChunkInstaller
LogPluginManager: Mounting plugin AndroidDeviceProfileSelector
LogPluginManager: Mounting plugin AndroidMoviePlayer
LogPluginManager: Mounting plugin AndroidPermission
LogPluginManager: Mounting plugin AppleImageUtils
LogPluginManager: Mounting plugin AppleMoviePlayer
LogPluginManager: Mounting plugin ArchVisCharacter
LogPluginManager: Mounting plugin AudioCapture
LogPluginManager: Mounting plugin CableComponent
LogPluginManager: Mounting plugin CustomMeshComponent
LogPluginManager: Mounting plugin EditableMesh
LogPluginManager: Mounting plugin ExampleDeviceProfileSelector
LogPluginManager: Mounting plugin GoogleCloudMessaging
LogPluginManager: Mounting plugin IOSDeviceProfileSelector
LogPluginManager: Mounting plugin LinuxDeviceProfileSelector
LogPluginManager: Mounting plugin LocationServicesBPLibrary
LogPluginManager: Mounting plugin MobilePatchingUtils
LogPluginManager: Mounting plugin OculusVR
LogPluginManager: Mounting plugin PhysXVehicles
LogPluginManager: Mounting plugin ProceduralMeshComponent
LogPluginManager: Mounting plugin RuntimePhysXCooking
LogPluginManager: Mounting plugin SignificanceManager
LogPluginManager: Mounting plugin SteamVR
LogPluginManager: Mounting plugin WebMMoviePlayer
LogPluginManager: Mounting plugin WindowsMoviePlayer
LogPluginManager: Mounting plugin ScreenshotTools
LogInit: Using libcurl 7.55.1-DEV
LogInit:  - built for x86_64-pc-win32
LogInit:  - supports SSL with OpenSSL/1.1.1
LogInit:  - supports HTTP deflate (compression) using libz 1.2.8
LogInit:  - other features:
LogInit:      CURL_VERSION_SSL
LogInit:      CURL_VERSION_LIBZ
LogInit:      CURL_VERSION_IPV6
LogInit:      CURL_VERSION_ASYNCHDNS
LogInit:      CURL_VERSION_LARGEFILE
LogInit:      CURL_VERSION_IDN
LogInit:  CurlRequestOptions (configurable via config and command line):
LogInit:  - bVerifyPeer = true  - Libcurl will verify peer certificate
LogInit:  - bUseHttpProxy = false  - Libcurl will NOT use HTTP proxy
LogInit:  - bDontReuseConnections = false  - Libcurl will reuse connections
LogInit:  - MaxHostConnections = 16  - Libcurl will limit the number of connections to a host
LogInit:  - LocalHostAddr = Default
LogInit:  - BufferSize = 65536
LogOnline: OSS: Creating online subsystem instance for: NULL
LogInit: WinSock: version 1.1 (2.2), MaxSocks=32767, MaxUdp=65467
LogInit: Build: ++UE4+Release-4.23-CL-9631420
LogInit: Engine Version: 4.23.1-9631420+++UE4+Release-4.23
LogInit: Compatible Engine Version: 4.23.0-8386587+++UE4+Release-4.23
LogInit: Net CL: 8386587
LogInit: OS: Windows 10 (Release 1809) (), CPU: AMD Ryzen 7 3750H with Radeon Vega Mobile Gfx  , GPU: AMD Radeon(TM) RX Vega 10 Graphics
LogInit: Compiled (64-bit): Oct 18 2019 02:07:44
LogInit: Compiled with Visual C++: 19.16.27030.01
LogInit: Build Configuration: Development
LogInit: Branch Name: ++UE4+Release-4.23
LogInit: Command Line: 
LogInit: Base Directory: C:/Program Files/Epic Games/UE_4.23/Engine/Binaries/Win64/
LogInit: Installed Engine Build: 1
LogDevObjectVersion: Number of dev versions registered: 23
LogDevObjectVersion:   Dev-Blueprints (B0D832E4-1F89-4F0D-ACCF-7EB736FD4AA2): 10
LogDevObjectVersion:   Dev-Build (E1C64328-A22C-4D53-A36C-8E866417BD8C): 0
LogDevObjectVersion:   Dev-Core (375EC13C-06E4-48FB-B500-84F0262A717E): 3
LogDevObjectVersion:   Dev-Editor (E4B068ED-F494-42E9-A231-DA0B2E46BB41): 34
LogDevObjectVersion:   Dev-Framework (CFFC743F-43B0-4480-9391-14DF171D2073): 35
LogDevObjectVersion:   Dev-Mobile (B02B49B5-BB20-44E9-A304-32B752E40360): 2
LogDevObjectVersion:   Dev-Networking (A4E4105C-59A1-49B5-A7C5-40C4547EDFEE): 0
LogDevObjectVersion:   Dev-Online (39C831C9-5AE6-47DC-9A44-9C173E1C8E7C): 0
LogDevObjectVersion:   Dev-Physics (78F01B33-EBEA-4F98-B9B4-84EACCB95AA2): 0
LogDevObjectVersion:   Dev-Platform (6631380F-2D4D-43E0-8009-CF276956A95A): 0
LogDevObjectVersion:   Dev-Rendering (12F88B9F-8875-4AFC-A67C-D90C383ABD29): 31
LogDevObjectVersion:   Dev-Sequencer (7B5AE74C-D270-4C10-A958-57980B212A5A): 11
LogDevObjectVersion:   Dev-VR (D7296918-1DD6-4BDD-9DE2-64A83CC13884): 2
LogDevObjectVersion:   Dev-LoadTimes (C2A15278-BFE7-4AFE-6C17-90FF531DF755): 1
LogDevObjectVersion:   Private-Geometry (6EACA3D4-40EC-4CC1-B786-8BED09428FC5): 3
LogDevObjectVersion:   Dev-AnimPhys (29E575DD-E0A3-4627-9D10-D276232CDCEA): 17
LogDevObjectVersion:   Dev-Anim (AF43A65D-7FD3-4947-9873-3E8ED9C1BB05): 2
LogDevObjectVersion:   Dev-ReflectionCapture (6B266CEC-1EC7-4B8F-A30B-E4D90942FC07): 1
LogDevObjectVersion:   Dev-Automation (0DF73D61-A23F-47EA-B727-89E90C41499A): 1
LogDevObjectVersion:   FortniteMain (601D1886-AC64-4F84-AA16-D3DE0DEAC7D6): 27
LogDevObjectVersion:   Dev-Enterprise (9DFFBCD6-494F-0158-E221-12823C92A888): 6
LogDevObjectVersion:   Dev-Niagara (F2AED0AC-9AFE-416F-8664-AA7FFA26D6FC): 1
LogDevObjectVersion:   Dev-Destruction (174F1F0B-B4C6-45A5-B13F-2EE8D0FB917D): 9
LogInit: Presizing for max 16777216 objects, including 0 objects not considered by GC, pre-allocating 0 bytes for permanent pool.
LogInit: Object subsystem initialized
LogConfig: Setting CVar [[con.DebugEarlyDefault:1]]
LogConfig: Setting CVar [[r.setres:1280x720]]
[2020.01.29-14.08.19:075][  0]LogConfig: Setting CVar [[r.VSync:0]]
[2020.01.29-14.08.19:075][  0]LogConfig: Setting CVar [[r.RHICmdBypass:0]]
[2020.01.29-14.08.19:075][  0]LogConfig: Applying CVar settings from Section [/Script/Engine.RendererSettings] File [D:/DUT/Ptut/Projet/ProjetRPG/ProjetRPG_Git 4.23/Saved/Config/Windows/Engine.ini]
[2020.01.29-14.08.19:075][  0]LogConfig: Setting CVar [[r.GPUCrashDebugging:0]]
[2020.01.29-14.08.19:075][  0]LogConfig: Applying CVar settings from Section [/Script/Engine.RendererOverrideSettings] File [D:/DUT/Ptut/Projet/ProjetRPG/ProjetRPG_Git 4.23/Saved/Config/Windows/Engine.ini]
[2020.01.29-14.08.19:075][  0]LogConfig: Applying CVar settings from Section [/Script/Engine.StreamingSettings] File [D:/DUT/Ptut/Projet/ProjetRPG/ProjetRPG_Git 4.23/Saved/Config/Windows/Engine.ini]
[2020.01.29-14.08.19:075][  0]LogConfig: Setting CVar [[s.MinBulkDataSizeForAsyncLoading:131072]]
[2020.01.29-14.08.19:075][  0]LogConfig: Setting CVar [[s.AsyncLoadingThreadEnabled:0]]
[2020.01.29-14.08.19:075][  0]LogConfig: Setting CVar [[s.EventDrivenLoaderEnabled:1]]
[2020.01.29-14.08.19:075][  0]LogConfig: Setting CVar [[s.WarnIfTimeLimitExceeded:0]]
[2020.01.29-14.08.19:075][  0]LogConfig: Setting CVar [[s.TimeLimitExceededMultiplier:1.5]]
[2020.01.29-14.08.19:075][  0]LogConfig: Setting CVar [[s.TimeLimitExceededMinTime:0.005]]
[2020.01.29-14.08.19:075][  0]LogConfig: Setting CVar [[s.UseBackgroundLevelStreaming:1]]
[2020.01.29-14.08.19:075][  0]LogConfig: Setting CVar [[s.PriorityAsyncLoadingExtraTime:15.0]]
[2020.01.29-14.08.19:075][  0]LogConfig: Setting CVar [[s.LevelStreamingActorsUpdateTimeLimit:5.0]]
[2020.01.29-14.08.19:075][  0]LogConfig: Setting CVar [[s.PriorityLevelStreamingActorsUpdateExtraTime:5.0]]
[2020.01.29-14.08.19:075][  0]LogConfig: Setting CVar [[s.LevelStreamingComponentsRegistrationGranularity:10]]
[2020.01.29-14.08.19:075][  0]LogConfig: Setting CVar [[s.UnregisterComponentsTimeLimit:1.0]]
[2020.01.29-14.08.19:075][  0]LogConfig: Setting CVar [[s.LevelStreamingComponentsUnregistrationGranularity:5]]
[2020.01.29-14.08.19:075][  0]LogConfig: Applying CVar settings from Section [/Script/Engine.GarbageCollectionSettings] File [D:/DUT/Ptut/Projet/ProjetRPG/ProjetRPG_Git 4.23/Saved/Config/Windows/Engine.ini]
[2020.01.29-14.08.19:075][  0]LogConfig: Setting CVar [[gc.MaxObjectsNotConsideredByGC:1]]
[2020.01.29-14.08.19:075][  0]LogConfig: Setting CVar [[gc.SizeOfPermanentObjectPool:0]]
[2020.01.29-14.08.19:075][  0]LogConfig: Setting CVar [[gc.FlushStreamingOnGC:0]]
[2020.01.29-14.08.19:075][  0]LogConfig: Setting CVar [[gc.NumRetriesBeforeForcingGC:10]]
[2020.01.29-14.08.19:075][  0]LogConfig: Setting CVar [[gc.AllowParallelGC:1]]
[2020.01.29-14.08.19:075][  0]LogConfig: Setting CVar [[gc.TimeBetweenPurgingPendingKillObjects:61.1]]
[2020.01.29-14.08.19:075][  0]LogConfig: Setting CVar [[gc.MaxObjectsInEditor:16777216]]
[2020.01.29-14.08.19:075][  0]LogConfig: Setting CVar [[gc.IncrementalBeginDestroyEnabled:1]]
[2020.01.29-14.08.19:075][  0]LogConfig: Setting CVar [[gc.CreateGCClusters:1]]
[2020.01.29-14.08.19:075][  0]LogConfig: Setting CVar [[gc.MinGCClusterSize:5]]
[2020.01.29-14.08.19:075][  0]LogConfig: Setting CVar [[gc.ActorClusteringEnabled:0]]
[2020.01.29-14.08.19:075][  0]LogConfig: Setting CVar [[gc.BlueprintClusteringEnabled:0]]
[2020.01.29-14.08.19:075][  0]LogConfig: Setting CVar [[gc.UseDisregardForGCOnDedicatedServers:0]]
[2020.01.29-14.08.19:075][  0]LogConfig: Applying CVar settings from Section [/Script/Engine.NetworkSettings] File [D:/DUT/Ptut/Projet/ProjetRPG/ProjetRPG_Git 4.23/Saved/Config/Windows/Engine.ini]
[2020.01.29-14.08.19:075][  0]LogConfig: Applying CVar settings from Section [/Script/UnrealEd.CookerSettings] File [D:/DUT/Ptut/Projet/ProjetRPG/ProjetRPG_Git 4.23/Saved/Config/Windows/Engine.ini]
[2020.01.29-14.08.19:078][  0]LogConfig: Applying CVar settings from Section [ViewDistanceQuality@3] File [D:/DUT/Ptut/Projet/ProjetRPG/ProjetRPG_Git 4.23/Saved/Config/Windows/Scalability.ini]
[2020.01.29-14.08.19:078][  0]LogConfig: Setting CVar [[r.SkeletalMeshLODBias:0]]
[2020.01.29-14.08.19:078][  0]LogConfig: Setting CVar [[r.ViewDistanceScale:1.0]]
[2020.01.29-14.08.19:078][  0]LogConfig: Applying CVar settings from Section [AntiAliasingQuality@3] File [D:/DUT/Ptut/Projet/ProjetRPG/ProjetRPG_Git 4.23/Saved/Config/Windows/Scalability.ini]
[2020.01.29-14.08.19:078][  0]LogConfig: Setting CVar [[r.PostProcessAAQuality:4]]
[2020.01.29-14.08.19:078][  0]LogConfig: Applying CVar settings from Section [ShadowQuality@3] File [D:/DUT/Ptut/Projet/ProjetRPG/ProjetRPG_Git 4.23/Saved/Config/Windows/Scalability.ini]
[2020.01.29-14.08.19:078][  0]LogConfig: Setting CVar [[r.LightFunctionQuality:1]]
[2020.01.29-14.08.19:078][  0]LogConfig: Setting CVar [[r.ShadowQuality:5]]
[2020.01.29-14.08.19:078][  0]LogConfig: Setting CVar [[r.Shadow.CSM.MaxCascades:10]]
[2020.01.29-14.08.19:078][  0]LogConfig: Setting CVar [[r.Shadow.MaxResolution:2048]]
[2020.01.29-14.08.19:078][  0]LogConfig: Setting CVar [[r.Shadow.MaxCSMResolution:2048]]
[2020.01.29-14.08.19:078][  0]LogConfig: Setting CVar [[r.Shadow.RadiusThreshold:0.01]]
[2020.01.29-14.08.19:078][  0]LogConfig: Setting CVar [[r.Shadow.DistanceScale:1.0]]
[2020.01.29-14.08.19:078][  0]LogConfig: Setting CVar [[r.Shadow.CSM.TransitionScale:1.0]]
[2020.01.29-14.08.19:078][  0]LogConfig: Setting CVar [[r.Shadow.PreShadowResolutionFactor:1.0]]
[2020.01.29-14.08.19:078][  0]LogConfig: Setting CVar [[r.DistanceFieldShadowing:1]]
[2020.01.29-14.08.19:078][  0]LogConfig: Setting CVar [[r.DistanceFieldAO:1]]
[2020.01.29-14.08.19:078][  0]LogConfig: Setting CVar [[r.AOQuality:2]]
[2020.01.29-14.08.19:078][  0]LogConfig: Setting CVar [[r.VolumetricFog:1]]
[2020.01.29-14.08.19:078][  0]LogConfig: Setting CVar [[r.VolumetricFog.GridPixelSize:8]]
[2020.01.29-14.08.19:078][  0]LogConfig: Setting CVar [[r.VolumetricFog.GridSizeZ:128]]
[2020.01.29-14.08.19:079][  0]LogConfig: Setting CVar [[r.VolumetricFog.HistoryMissSupersampleCount:4]]
[2020.01.29-14.08.19:079][  0]LogConfig: Setting CVar [[r.LightMaxDrawDistanceScale:1]]
[2020.01.29-14.08.19:079][  0]LogConfig: Setting CVar [[r.CapsuleShadows:1]]
[2020.01.29-14.08.19:079][  0]LogConfig: Applying CVar settings from Section [PostProcessQuality@3] File [D:/DUT/Ptut/Projet/ProjetRPG/ProjetRPG_Git 4.23/Saved/Config/Windows/Scalability.ini]
[2020.01.29-14.08.19:079][  0]LogConfig: Setting CVar [[r.MotionBlurQuality:4]]
[2020.01.29-14.08.19:079][  0]LogConfig: Setting CVar [[r.AmbientOcclusionMipLevelFactor:0.4]]
[2020.01.29-14.08.19:079][  0]LogConfig: Setting CVar [[r.AmbientOcclusionMaxQuality:100]]
[2020.01.29-14.08.19:079][  0]LogConfig: Setting CVar [[r.AmbientOcclusionLevels:-1]]
[2020.01.29-14.08.19:079][  0]LogConfig: Setting CVar [[r.AmbientOcclusionRadiusScale:1.0]]
[2020.01.29-14.08.19:079][  0]LogConfig: Setting CVar [[r.DepthOfFieldQuality:2]]
[2020.01.29-14.08.19:079][  0]LogConfig: Setting CVar [[r.RenderTargetPoolMin:400]]
[2020.01.29-14.08.19:079][  0]LogConfig: Setting CVar [[r.LensFlareQuality:2]]
[2020.01.29-14.08.19:079][  0]LogConfig: Setting CVar [[r.SceneColorFringeQuality:1]]
[2020.01.29-14.08.19:079][  0]LogConfig: Setting CVar [[r.EyeAdaptationQuality:2]]
[2020.01.29-14.08.19:079][  0]LogConfig: Setting CVar [[r.BloomQuality:5]]
[2020.01.29-14.08.19:079][  0]LogConfig: Setting CVar [[r.FastBlurThreshold:100]]
[2020.01.29-14.08.19:079][  0]LogConfig: Setting CVar [[r.Upscale.Quality:3]]
[2020.01.29-14.08.19:079][  0]LogConfig: Setting CVar [[r.Tonemapper.GrainQuantization:1]]
[2020.01.29-14.08.19:079][  0]LogConfig: Setting CVar [[r.LightShaftQuality:1]]
[2020.01.29-14.08.19:079][  0]LogConfig: Setting CVar [[r.Filter.SizeScale:1]]
[2020.01.29-14.08.19:079][  0]LogConfig: Setting CVar [[r.Tonemapper.Quality:5]]
[2020.01.29-14.08.19:079][  0]LogConfig: Setting CVar [[r.DOF.Gather.AccumulatorQuality:1        ; higher gathering accumulator quality]]
[2020.01.29-14.08.19:079][  0]LogConfig: Setting CVar [[r.DOF.Gather.PostfilterMethod:1          ; Median3x3 postfilering method]]
[2020.01.29-14.08.19:079][  0]LogConfig: Setting CVar [[r.DOF.Gather.EnableBokehSettings:0       ; no bokeh simulation when gathering]]
[2020.01.29-14.08.19:079][  0]LogConfig: Setting CVar [[r.DOF.Gather.RingCount:4                 ; medium number of samples when gathering]]
[2020.01.29-14.08.19:079][  0]LogConfig: Setting CVar [[r.DOF.Scatter.ForegroundCompositing:1    ; additive foreground scattering]]
[2020.01.29-14.08.19:079][  0]LogConfig: Setting CVar [[r.DOF.Scatter.BackgroundCompositing:2    ; additive background scattering]]
[2020.01.29-14.08.19:079][  0]LogConfig: Setting CVar [[r.DOF.Scatter.EnableBokehSettings:1      ; bokeh simulation when scattering]]
[2020.01.29-14.08.19:079][  0]LogConfig: Setting CVar [[r.DOF.Scatter.MaxSpriteRatio:0.1         ; only a maximum of 10% of scattered bokeh]]
[2020.01.29-14.08.19:079][  0]LogConfig: Setting CVar [[r.DOF.Recombine.Quality:1                ; cheap slight out of focus]]
[2020.01.29-14.08.19:079][  0]LogConfig: Setting CVar [[r.DOF.Recombine.EnableBokehSettings:0    ; no bokeh simulation on slight out of focus]]
[2020.01.29-14.08.19:079][  0]LogConfig: Setting CVar [[r.DOF.TemporalAAQuality:1                ; more stable temporal accumulation]]
[2020.01.29-14.08.19:079][  0]LogConfig: Setting CVar [[r.DOF.Kernel.MaxForegroundRadius:0.025]]
[2020.01.29-14.08.19:079][  0]LogConfig: Setting CVar [[r.DOF.Kernel.MaxBackgroundRadius:0.025]]
[2020.01.29-14.08.19:079][  0]LogConfig: Applying CVar settings from Section [TextureQuality@3] File [D:/DUT/Ptut/Projet/ProjetRPG/ProjetRPG_Git 4.23/Saved/Config/Windows/Scalability.ini]
[2020.01.29-14.08.19:079][  0]LogConfig: Setting CVar [[r.Streaming.MipBias:0]]
[2020.01.29-14.08.19:079][  0]LogConfig: Setting CVar [[r.Streaming.AmortizeCPUToGPUCopy:0]]
[2020.01.29-14.08.19:079][  0]LogConfig: Setting CVar [[r.Streaming.MaxNumTexturesToStreamPerFrame:0]]
[2020.01.29-14.08.19:079][  0]LogConfig: Setting CVar [[r.Streaming.Boost:1]]
[2020.01.29-14.08.19:079][  0]LogConfig: Setting CVar [[r.MaxAnisotropy:8]]
[2020.01.29-14.08.19:079][  0]LogConfig: Setting CVar [[r.Streaming.LimitPoolSizeToVRAM:0]]
[2020.01.29-14.08.19:079][  0]LogConfig: Setting CVar [[r.Streaming.PoolSize:1000]]
[2020.01.29-14.08.19:079][  0]LogConfig: Setting CVar [[r.Streaming.MaxEffectiveScreenSize:0]]
[2020.01.29-14.08.19:079][  0]LogConfig: Applying CVar settings from Section [EffectsQuality@3] File [D:/DUT/Ptut/Projet/ProjetRPG/ProjetRPG_Git 4.23/Saved/Config/Windows/Scalability.ini]
[2020.01.29-14.08.19:079][  0]LogConfig: Setting CVar [[r.TranslucencyLightingVolumeDim:64]]
[2020.01.29-14.08.19:079][  0]LogConfig: Setting CVar [[r.RefractionQuality:2]]
[2020.01.29-14.08.19:079][  0]LogConfig: Setting CVar [[r.SSR.Quality:3]]
[2020.01.29-14.08.19:079][  0]LogConfig: Setting CVar [[r.SceneColorFormat:4]]
[2020.01.29-14.08.19:079][  0]LogConfig: Setting CVar [[r.DetailMode:2]]
[2020.01.29-14.08.19:079][  0]LogConfig: Setting CVar [[r.TranslucencyVolumeBlur:1]]
[2020.01.29-14.08.19:079][  0]LogConfig: Setting CVar [[r.MaterialQualityLevel:1 ; High quality]]
[2020.01.29-14.08.19:079][  0]LogConfig: Setting CVar [[r.SSS.Scale:1]]
[2020.01.29-14.08.19:079][  0]LogConfig: Setting CVar [[r.SSS.SampleSet:2]]
[2020.01.29-14.08.19:079][  0]LogConfig: Setting CVar [[r.SSS.Quality:1]]
[2020.01.29-14.08.19:079][  0]LogConfig: Setting CVar [[r.SSS.HalfRes:1]]
[2020.01.29-14.08.19:079][  0]LogConfig: Setting CVar [[r.EmitterSpawnRateScale:1.0]]
[2020.01.29-14.08.19:079][  0]LogConfig: Setting CVar [[r.ParticleLightQuality:2]]
[2020.01.29-14.08.19:079][  0]LogConfig: Applying CVar settings from Section [FoliageQuality@3] File [D:/DUT/Ptut/Projet/ProjetRPG/ProjetRPG_Git 4.23/Saved/Config/Windows/Scalability.ini]
[2020.01.29-14.08.19:079][  0]LogConfig: Setting CVar [[foliage.DensityScale:1.0]]
[2020.01.29-14.08.19:079][  0]LogConfig: Setting CVar [[grass.DensityScale:1.0]]
[2020.01.29-14.08.19:079][  0]LogInit: Selected Device Profile: [Windows]
[2020.01.29-14.08.19:079][  0]LogInit: Applying CVar settings loaded from the selected device profile: [Windows]
[2020.01.29-14.08.19:082][  0]LogHAL: Display: Platform has ~ 8 GB [8389935104 / 8589934592 / 8], which maps to Default [LargestMinGB=32, LargerMinGB=12, DefaultMinGB=8, SmallerMinGB=6, SmallestMinGB=0)
[2020.01.29-14.08.19:082][  0]LogInit: Going up to parent DeviceProfile []
[2020.01.29-14.08.19:082][  0]LogConfig: Applying CVar settings from Section [ViewDistanceQuality@3] File [D:/DUT/Ptut/Projet/ProjetRPG/ProjetRPG_Git 4.23/Saved/Config/Windows/Scalability.ini]
[2020.01.29-14.08.19:082][  0]LogConfig: Setting CVar [[r.SkeletalMeshLODBias:0]]
[2020.01.29-14.08.19:082][  0]LogConfig: Setting CVar [[r.ViewDistanceScale:1.0]]
[2020.01.29-14.08.19:082][  0]LogConfig: Applying CVar settings from Section [AntiAliasingQuality@3] File [D:/DUT/Ptut/Projet/ProjetRPG/ProjetRPG_Git 4.23/Saved/Config/Windows/Scalability.ini]
[2020.01.29-14.08.19:082][  0]LogConfig: Setting CVar [[r.PostProcessAAQuality:4]]
[2020.01.29-14.08.19:082][  0]LogConfig: Applying CVar settings from Section [ShadowQuality@3] File [D:/DUT/Ptut/Projet/ProjetRPG/ProjetRPG_Git 4.23/Saved/Config/Windows/Scalability.ini]
[2020.01.29-14.08.19:082][  0]LogConfig: Setting CVar [[r.LightFunctionQuality:1]]
[2020.01.29-14.08.19:082][  0]LogConfig: Setting CVar [[r.ShadowQuality:5]]
[2020.01.29-14.08.19:082][  0]LogConfig: Setting CVar [[r.Shadow.CSM.MaxCascades:10]]
[2020.01.29-14.08.19:082][  0]LogConfig: Setting CVar [[r.Shadow.MaxResolution:2048]]
[2020.01.29-14.08.19:082][  0]LogConfig: Setting CVar [[r.Shadow.MaxCSMResolution:2048]]
[2020.01.29-14.08.19:082][  0]LogConfig: Setting CVar [[r.Shadow.RadiusThreshold:0.01]]
[2020.01.29-14.08.19:082][  0]LogConfig: Setting CVar [[r.Shadow.DistanceScale:1.0]]
[2020.01.29-14.08.19:082][  0]LogConfig: Setting CVar [[r.Shadow.CSM.TransitionScale:1.0]]
[2020.01.29-14.08.19:082][  0]LogConfig: Setting CVar [[r.Shadow.PreShadowResolutionFactor:1.0]]
[2020.01.29-14.08.19:082][  0]LogConfig: Setting CVar [[r.DistanceFieldShadowing:1]]
[2020.01.29-14.08.19:082][  0]LogConfig: Setting CVar [[r.DistanceFieldAO:1]]
[2020.01.29-14.08.19:082][  0]LogConfig: Setting CVar [[r.AOQuality:2]]
[2020.01.29-14.08.19:082][  0]LogConfig: Setting CVar [[r.VolumetricFog:1]]
[2020.01.29-14.08.19:082][  0]LogConfig: Setting CVar [[r.VolumetricFog.GridPixelSize:8]]
[2020.01.29-14.08.19:082][  0]LogConfig: Setting CVar [[r.VolumetricFog.GridSizeZ:128]]
[2020.01.29-14.08.19:082][  0]LogConfig: Setting CVar [[r.VolumetricFog.HistoryMissSupersampleCount:4]]
[2020.01.29-14.08.19:082][  0]LogConfig: Setting CVar [[r.LightMaxDrawDistanceScale:1]]
[2020.01.29-14.08.19:082][  0]LogConfig: Setting CVar [[r.CapsuleShadows:1]]
[2020.01.29-14.08.19:082][  0]LogConfig: Applying CVar settings from Section [PostProcessQuality@3] File [D:/DUT/Ptut/Projet/ProjetRPG/ProjetRPG_Git 4.23/Saved/Config/Windows/Scalability.ini]
[2020.01.29-14.08.19:082][  0]LogConfig: Setting CVar [[r.MotionBlurQuality:4]]
[2020.01.29-14.08.19:082][  0]LogConfig: Setting CVar [[r.AmbientOcclusionMipLevelFactor:0.4]]
[2020.01.29-14.08.19:082][  0]LogConfig: Setting CVar [[r.AmbientOcclusionMaxQuality:100]]
[2020.01.29-14.08.19:082][  0]LogConfig: Setting CVar [[r.AmbientOcclusionLevels:-1]]
[2020.01.29-14.08.19:082][  0]LogConfig: Setting CVar [[r.AmbientOcclusionRadiusScale:1.0]]
[2020.01.29-14.08.19:082][  0]LogConfig: Setting CVar [[r.DepthOfFieldQuality:2]]
[2020.01.29-14.08.19:082][  0]LogConfig: Setting CVar [[r.RenderTargetPoolMin:400]]
[2020.01.29-14.08.19:082][  0]LogConfig: Setting CVar [[r.LensFlareQuality:2]]
[2020.01.29-14.08.19:082][  0]LogConfig: Setting CVar [[r.SceneColorFringeQuality:1]]
[2020.01.29-14.08.19:082][  0]LogConfig: Setting CVar [[r.EyeAdaptationQuality:2]]
[2020.01.29-14.08.19:082][  0]LogConfig: Setting CVar [[r.BloomQuality:5]]
[2020.01.29-14.08.19:082][  0]LogConfig: Setting CVar [[r.FastBlurThreshold:100]]
[2020.01.29-14.08.19:082][  0]LogConfig: Setting CVar [[r.Upscale.Quality:3]]
[2020.01.29-14.08.19:082][  0]LogConfig: Setting CVar [[r.Tonemapper.GrainQuantization:1]]
[2020.01.29-14.08.19:082][  0]LogConfig: Setting CVar [[r.LightShaftQuality:1]]
[2020.01.29-14.08.19:082][  0]LogConfig: Setting CVar [[r.Filter.SizeScale:1]]
[2020.01.29-14.08.19:082][  0]LogConfig: Setting CVar [[r.Tonemapper.Quality:5]]
[2020.01.29-14.08.19:082][  0]LogConfig: Setting CVar [[r.DOF.Gather.AccumulatorQuality:1        ; higher gathering accumulator quality]]
[2020.01.29-14.08.19:082][  0]LogConfig: Setting CVar [[r.DOF.Gather.PostfilterMethod:1          ; Median3x3 postfilering method]]
[2020.01.29-14.08.19:082][  0]LogConfig: Setting CVar [[r.DOF.Gather.EnableBokehSettings:0       ; no bokeh simulation when gathering]]
[2020.01.29-14.08.19:082][  0]LogConfig: Setting CVar [[r.DOF.Gather.RingCount:4                 ; medium number of samples when gathering]]
[2020.01.29-14.08.19:082][  0]LogConfig: Setting CVar [[r.DOF.Scatter.ForegroundCompositing:1    ; additive foreground scattering]]
[2020.01.29-14.08.19:082][  0]LogConfig: Setting CVar [[r.DOF.Scatter.BackgroundCompositing:2    ; additive background scattering]]
[2020.01.29-14.08.19:082][  0]LogConfig: Setting CVar [[r.DOF.Scatter.EnableBokehSettings:1      ; bokeh simulation when scattering]]
[2020.01.29-14.08.19:082][  0]LogConfig: Setting CVar [[r.DOF.Scatter.MaxSpriteRatio:0.1         ; only a maximum of 10% of scattered bokeh]]
[2020.01.29-14.08.19:082][  0]LogConfig: Setting CVar [[r.DOF.Recombine.Quality:1                ; cheap slight out of focus]]
[2020.01.29-14.08.19:082][  0]LogConfig: Setting CVar [[r.DOF.Recombine.EnableBokehSettings:0    ; no bokeh simulation on slight out of focus]]
[2020.01.29-14.08.19:082][  0]LogConfig: Setting CVar [[r.DOF.TemporalAAQuality:1                ; more stable temporal accumulation]]
[2020.01.29-14.08.19:082][  0]LogConfig: Setting CVar [[r.DOF.Kernel.MaxForegroundRadius:0.025]]
[2020.01.29-14.08.19:082][  0]LogConfig: Setting CVar [[r.DOF.Kernel.MaxBackgroundRadius:0.025]]
[2020.01.29-14.08.19:082][  0]LogConfig: Applying CVar settings from Section [TextureQuality@3] File [D:/DUT/Ptut/Projet/ProjetRPG/ProjetRPG_Git 4.23/Saved/Config/Windows/Scalability.ini]
[2020.01.29-14.08.19:082][  0]LogConfig: Setting CVar [[r.Streaming.MipBias:0]]
[2020.01.29-14.08.19:082][  0]LogConfig: Setting CVar [[r.Streaming.AmortizeCPUToGPUCopy:0]]
[2020.01.29-14.08.19:083][  0]LogConfig: Setting CVar [[r.Streaming.MaxNumTexturesToStreamPerFrame:0]]
[2020.01.29-14.08.19:083][  0]LogConfig: Setting CVar [[r.Streaming.Boost:1]]
[2020.01.29-14.08.19:083][  0]LogConfig: Setting CVar [[r.MaxAnisotropy:8]]
[2020.01.29-14.08.19:083][  0]LogConfig: Setting CVar [[r.Streaming.LimitPoolSizeToVRAM:0]]
[2020.01.29-14.08.19:083][  0]LogConfig: Setting CVar [[r.Streaming.PoolSize:1000]]
[2020.01.29-14.08.19:083][  0]LogConfig: Setting CVar [[r.Streaming.MaxEffectiveScreenSize:0]]
[2020.01.29-14.08.19:083][  0]LogConfig: Applying CVar settings from Section [EffectsQuality@3] File [D:/DUT/Ptut/Projet/ProjetRPG/ProjetRPG_Git 4.23/Saved/Config/Windows/Scalability.ini]
[2020.01.29-14.08.19:083][  0]LogConfig: Setting CVar [[r.TranslucencyLightingVolumeDim:64]]
[2020.01.29-14.08.19:083][  0]LogConfig: Setting CVar [[r.RefractionQuality:2]]
[2020.01.29-14.08.19:083][  0]LogConfig: Setting CVar [[r.SSR.Quality:3]]
[2020.01.29-14.08.19:083][  0]LogConfig: Setting CVar [[r.SceneColorFormat:4]]
[2020.01.29-14.08.19:083][  0]LogConfig: Setting CVar [[r.DetailMode:2]]
[2020.01.29-14.08.19:083][  0]LogConfig: Setting CVar [[r.TranslucencyVolumeBlur:1]]
[2020.01.29-14.08.19:083][  0]LogConfig: Setting CVar [[r.MaterialQualityLevel:1 ; High quality]]
[2020.01.29-14.08.19:083][  0]LogConfig: Setting CVar [[r.SSS.Scale:1]]
[2020.01.29-14.08.19:083][  0]LogConfig: Setting CVar [[r.SSS.SampleSet:2]]
[2020.01.29-14.08.19:083][  0]LogConfig: Setting CVar [[r.SSS.Quality:1]]
[2020.01.29-14.08.19:083][  0]LogConfig: Setting CVar [[r.SSS.HalfRes:1]]
[2020.01.29-14.08.19:083][  0]LogConfig: Setting CVar [[r.EmitterSpawnRateScale:1.0]]
[2020.01.29-14.08.19:083][  0]LogConfig: Setting CVar [[r.ParticleLightQuality:2]]
[2020.01.29-14.08.19:083][  0]LogConfig: Applying CVar settings from Section [FoliageQuality@3] File [D:/DUT/Ptut/Projet/ProjetRPG/ProjetRPG_Git 4.23/Saved/Config/Windows/Scalability.ini]
[2020.01.29-14.08.19:083][  0]LogConfig: Setting CVar [[foliage.DensityScale:1.0]]
[2020.01.29-14.08.19:083][  0]LogConfig: Setting CVar [[grass.DensityScale:1.0]]
[2020.01.29-14.08.19:083][  0]LogConfig: Applying CVar settings from Section [Startup] File [../../../Engine/Config/ConsoleVariables.ini]
[2020.01.29-14.08.19:083][  0]LogConfig: Setting CVar [[net.UseAdaptiveNetUpdateFrequency:0]]
[2020.01.29-14.08.19:083][  0]LogConfig: Setting CVar [[p.chaos.AllowCreatePhysxBodies:1]]
[2020.01.29-14.08.19:083][  0]LogConfig: Applying CVar settings from Section [ConsoleVariables] File [D:/DUT/Ptut/Projet/ProjetRPG/ProjetRPG_Git 4.23/Saved/Config/Windows/Engine.ini]
[2020.01.29-14.08.19:083][  0]LogInit: Computer: PC-CC2
[2020.01.29-14.08.19:083][  0]LogInit: User: clery
[2020.01.29-14.08.19:083][  0]LogInit: CPU Page size=4096, Cores=4
[2020.01.29-14.08.19:083][  0]LogInit: High frequency timer resolution =10.000000 MHz
[2020.01.29-14.08.19:083][  0]LogMemory: Memory total: Physical=7.8GB (8GB approx)
[2020.01.29-14.08.19:083][  0]LogMemory: Platform Memory Stats for Windows
[2020.01.29-14.08.19:083][  0]LogMemory: Process Physical Memory: 100.90 MB used, 100.91 MB peak
[2020.01.29-14.08.19:083][  0]LogMemory: Process Virtual Memory: 90.14 MB used, 90.14 MB peak
[2020.01.29-14.08.19:083][  0]LogMemory: Physical Memory: 3429.89 MB used,  4571.37 MB free, 8001.27 MB total
[2020.01.29-14.08.19:083][  0]LogMemory: Virtual Memory: 4672.41 MB used,  134213056.00 MB free, 134217728.00 MB total
[2020.01.29-14.08.19:086][  0]LogWindows: WindowsPlatformFeatures enabled
[2020.01.29-14.08.19:113][  0]LogInit: Using OS detected language (fr-FR).
[2020.01.29-14.08.19:113][  0]LogInit: Using OS detected locale (fr-FR).
[2020.01.29-14.08.19:113][  0]LogTextLocalizationManager: No specific localization for 'fr-FR' exists, so the 'fr' localization will be used.
[2020.01.29-14.08.19:114][  0]LogTextLocalizationResource: LocRes '../../../Engine/Content/Localization/Editor/fr/Editor.locres' could not be opened for reading!
[2020.01.29-14.08.19:114][  0]LogTextLocalizationResource: LocRes '../../../Engine/Content/Localization/EditorTutorials/fr/EditorTutorials.locres' could not be opened for reading!
[2020.01.29-14.08.19:114][  0]LogTextLocalizationResource: LocRes '../../../Engine/Content/Localization/Keywords/fr/Keywords.locres' could not be opened for reading!
[2020.01.29-14.08.19:114][  0]LogTextLocalizationResource: LocRes '../../../Engine/Content/Localization/Category/fr/Category.locres' could not be opened for reading!
[2020.01.29-14.08.19:114][  0]LogTextLocalizationResource: LocRes '../../../Engine/Content/Localization/ToolTips/fr/ToolTips.locres' could not be opened for reading!
[2020.01.29-14.08.19:114][  0]LogTextLocalizationResource: LocRes '../../../Engine/Content/Localization/PropertyNames/fr/PropertyNames.locres' could not be opened for reading!
[2020.01.29-14.08.19:114][  0]LogTextLocalizationResource: LocRes '../../../Engine/Content/Localization/Engine/fr/Engine.locres' could not be opened for reading!
[2020.01.29-14.08.19:115][  0]LogInit: Setting process to per monitor DPI aware
[2020.01.29-14.08.19:144][  0]LogSlate: New Slate User Created.  User Index 0, Is Virtual User: 0
[2020.01.29-14.08.19:144][  0]LogSlate: Slate User Registered.  User Index 0, Is Virtual User: 0
[2020.01.29-14.08.19:323][  0]LogHMD: Failed to initialize OpenVR with code 110
[2020.01.29-14.08.19:323][  0]LogD3D11RHI: D3D11 adapters:
[2020.01.29-14.08.19:412][  0]LogD3D11RHI:    0. 'NVIDIA GeForce GTX 1050' (Feature Level 11_0)
[2020.01.29-14.08.19:412][  0]LogD3D11RHI:       2996/0/4000 MB DedicatedVideo/DedicatedSystem/SharedSystem, Outputs:2, VendorId:0x10de
[2020.01.29-14.08.19:433][  0]LogD3D11RHI:    1. 'AMD Radeon(TM) RX Vega 10 Graphics' (Feature Level 11_0)
[2020.01.29-14.08.19:433][  0]LogD3D11RHI:       112/0/4000 MB DedicatedVideo/DedicatedSystem/SharedSystem, Outputs:0, VendorId:0x1002
[2020.01.29-14.08.19:435][  0]LogD3D11RHI:    2. 'Microsoft Basic Render Driver' (Feature Level 11_0)
[2020.01.29-14.08.19:435][  0]LogD3D11RHI:       0/0/4000 MB DedicatedVideo/DedicatedSystem/SharedSystem, Outputs:0, VendorId:0x1414
[2020.01.29-14.08.19:435][  0]LogD3D11RHI: Chosen D3D11 Adapter: 0
[2020.01.29-14.08.19:453][  0]LogD3D11RHI: Creating new Direct3DDevice
[2020.01.29-14.08.19:453][  0]LogD3D11RHI:     GPU DeviceId: 0x1c91 (for the marketing name, search the web for "GPU Device Id")
[2020.01.29-14.08.19:453][  0]LogWindows: EnumDisplayDevices:
[2020.01.29-14.08.19:453][  0]LogWindows:    0. 'AMD Radeon(TM) RX Vega 10 Graphics' (P:1 D:1)
[2020.01.29-14.08.19:454][  0]LogWindows:    1. 'AMD Radeon(TM) RX Vega 10 Graphics' (P:0 D:0)
[2020.01.29-14.08.19:454][  0]LogWindows:    2. 'AMD Radeon(TM) RX Vega 10 Graphics' (P:0 D:0)
[2020.01.29-14.08.19:455][  0]LogWindows:    3. 'NVIDIA GeForce GTX 1050' (P:0 D:1)
[2020.01.29-14.08.19:455][  0]LogWindows: DebugString: PrimaryIsNotTheChoosenAdapter PrimaryIsNotTheChoosenAdapter PrimaryIsNotTheChoosenAdapter 
[2020.01.29-14.08.19:455][  0]LogD3D11RHI:     Adapter Name: NVIDIA GeForce GTX 1050
[2020.01.29-14.08.19:455][  0]LogD3D11RHI:   Driver Version: 441.87 (internal:26.21.14.4187, unified:441.87)
[2020.01.29-14.08.19:455][  0]LogD3D11RHI:      Driver Date: 12-24-2019
[2020.01.29-14.08.19:455][  0]LogRHI: Texture pool is 2097 MB (70% of 2996 MB)
[2020.01.29-14.08.19:510][  0]LogD3D11RHI: Async texture creation enabled
[2020.01.29-14.08.19:524][  0]LogD3D11RHI: GPU Timing Frequency: 1000.000000 (Debug: 2 1)
[2020.01.29-14.08.19:828][  0]LogTemp: Display: Module 'AllDesktopTargetPlatform' loaded TargetPlatform 'AllDesktop'
[2020.01.29-14.08.19:838][  0]LogTemp: Display: Module 'MacClientTargetPlatform' loaded TargetPlatform 'MacClient'
[2020.01.29-14.08.19:847][  0]LogTemp: Display: Module 'MacNoEditorTargetPlatform' loaded TargetPlatform 'MacNoEditor'
[2020.01.29-14.08.19:856][  0]LogTemp: Display: Module 'MacServerTargetPlatform' loaded TargetPlatform 'MacServer'
[2020.01.29-14.08.19:866][  0]LogTemp: Display: Module 'MacTargetPlatform' loaded TargetPlatform 'Mac'
[2020.01.29-14.08.19:876][  0]LogTemp: Display: Module 'WindowsClientTargetPlatform' loaded TargetPlatform 'WindowsClient'
[2020.01.29-14.08.19:885][  0]LogTemp: Display: Module 'WindowsNoEditorTargetPlatform' loaded TargetPlatform 'WindowsNoEditor'
[2020.01.29-14.08.19:896][  0]LogTemp: Display: Module 'WindowsServerTargetPlatform' loaded TargetPlatform 'WindowsServer'
[2020.01.29-14.08.19:902][  0]LogTemp: Display: Module 'WindowsTargetPlatform' loaded TargetPlatform 'Windows'
[2020.01.29-14.08.19:936][  0]LogTemp: Display: Module 'AndroidTargetPlatform' loaded TargetPlatform 'Android'
[2020.01.29-14.08.19:936][  0]LogTemp: Display: Module 'AndroidTargetPlatform' loaded TargetPlatform 'Android_ASTC'
[2020.01.29-14.08.19:936][  0]LogTemp: Display: Module 'AndroidTargetPlatform' loaded TargetPlatform 'Android_ATC'
[2020.01.29-14.08.19:936][  0]LogTemp: Display: Module 'AndroidTargetPlatform' loaded TargetPlatform 'Android_DXT'
[2020.01.29-14.08.19:936][  0]LogTemp: Display: Module 'AndroidTargetPlatform' loaded TargetPlatform 'Android_ETC1'
[2020.01.29-14.08.19:936][  0]LogTemp: Display: Module 'AndroidTargetPlatform' loaded TargetPlatform 'Android_ETC1a'
[2020.01.29-14.08.19:936][  0]LogTemp: Display: Module 'AndroidTargetPlatform' loaded TargetPlatform 'Android_ETC2'
[2020.01.29-14.08.19:936][  0]LogTemp: Display: Module 'AndroidTargetPlatform' loaded TargetPlatform 'Android_PVRTC'
[2020.01.29-14.08.19:936][  0]LogTemp: Display: Module 'AndroidTargetPlatform' loaded TargetPlatform 'AndroidClient'
[2020.01.29-14.08.19:936][  0]LogTemp: Display: Module 'AndroidTargetPlatform' loaded TargetPlatform 'Android_ASTCClient'
[2020.01.29-14.08.19:936][  0]LogTemp: Display: Module 'AndroidTargetPlatform' loaded TargetPlatform 'Android_ATCClient'
[2020.01.29-14.08.19:936][  0]LogTemp: Display: Module 'AndroidTargetPlatform' loaded TargetPlatform 'Android_DXTClient'
[2020.01.29-14.08.19:936][  0]LogTemp: Display: Module 'AndroidTargetPlatform' loaded TargetPlatform 'Android_ETC1Client'
[2020.01.29-14.08.19:936][  0]LogTemp: Display: Module 'AndroidTargetPlatform' loaded TargetPlatform 'Android_ETC1aClient'
[2020.01.29-14.08.19:936][  0]LogTemp: Display: Module 'AndroidTargetPlatform' loaded TargetPlatform 'Android_ETC2Client'
[2020.01.29-14.08.19:936][  0]LogTemp: Display: Module 'AndroidTargetPlatform' loaded TargetPlatform 'Android_PVRTCClient'
[2020.01.29-14.08.19:936][  0]LogTemp: Display: Module 'AndroidTargetPlatform' loaded TargetPlatform 'Android_Multi'
[2020.01.29-14.08.19:936][  0]LogTemp: Display: Module 'AndroidTargetPlatform' loaded TargetPlatform 'Android_MultiClient'
[2020.01.29-14.08.19:938][  0]LogTemp: Display: Module 'HTML5TargetPlatform' loaded TargetPlatform 'HTML5'
[2020.01.29-14.08.19:956][  0]LogTemp: Display: Module 'IOSTargetPlatform' loaded TargetPlatform 'IOSClient'
[2020.01.29-14.08.19:956][  0]LogTemp: Display: Module 'IOSTargetPlatform' loaded TargetPlatform 'IOS'
[2020.01.29-14.08.19:970][  0]LogTemp: Display: Module 'TVOSTargetPlatform' loaded TargetPlatform 'TVOSClient'
[2020.01.29-14.08.19:970][  0]LogTemp: Display: Module 'TVOSTargetPlatform' loaded TargetPlatform 'TVOS'
[2020.01.29-14.08.19:977][  0]LogTemp: Display: Module 'LinuxClientTargetPlatform' loaded TargetPlatform 'LinuxClient'
[2020.01.29-14.08.19:984][  0]LogTemp: Display: Module 'LinuxNoEditorTargetPlatform' loaded TargetPlatform 'LinuxNoEditor'
[2020.01.29-14.08.19:991][  0]LogTemp: Display: Module 'LinuxServerTargetPlatform' loaded TargetPlatform 'LinuxServer'
[2020.01.29-14.08.19:999][  0]LogTemp: Display: Module 'LinuxTargetPlatform' loaded TargetPlatform 'Linux'
[2020.01.29-14.08.20:025][  0]LogTemp: Display: Module 'LuminTargetPlatform' loaded TargetPlatform 'Lumin'
[2020.01.29-14.08.20:025][  0]LogTemp: Display: Module 'LuminTargetPlatform' loaded TargetPlatform 'LuminClient'
[2020.01.29-14.08.20:025][  0]LogTargetPlatformManager: Display: Building Assets For Windows
[2020.01.29-14.08.20:037][  0]LogAudioDebug: Display: Lib vorbis DLL was dynamically loaded.
[2020.01.29-14.08.20:096][  0]LogShaderCompilers: Guid format shader working directory is -1 characters bigger than the processId version (D:/DUT/Ptut/Projet/ProjetRPG/ProjetRPG_Git 4.23/Intermediate/Shaders/WorkingDirectory/7624/).
[2020.01.29-14.08.20:097][  0]LogShaderCompilers: Cleaned the shader compiler working directory 'C:/Users/clery/AppData/Local/Temp/UnrealShaderWorkingDir/9D8019444297CFC418FEDBA2ED6ABC72/'.
[2020.01.29-14.08.20:099][  0]LogXGEController: Cleaning working directory: C:/Users/clery/AppData/Local/Temp/UnrealXGEWorkingDir/
[2020.01.29-14.08.20:099][  0]LogXGEController: Cannot use XGE Controller as Incredibuild is not installed on this machine.
[2020.01.29-14.08.20:099][  0]LogShaderCompilers: Cannot use XGE Shader Compiler as Incredibuild is not installed on this machine.
[2020.01.29-14.08.20:099][  0]LogShaderCompilers: Display: Using Local Shader Compiler.
[2020.01.29-14.08.20:756][  0]LogDerivedDataCache: Display: Max Cache Size: 512 MB
[2020.01.29-14.08.20:812][  0]LogDerivedDataCache: Loaded boot cache 0.06s 73MB C:/Users/clery/AppData/Local/UnrealEngine/4.23/DerivedDataCache/Boot.ddc.
[2020.01.29-14.08.20:812][  0]LogDerivedDataCache: Display: Loaded Boot cache: C:/Users/clery/AppData/Local/UnrealEngine/4.23/DerivedDataCache/Boot.ddc
[2020.01.29-14.08.20:812][  0]LogDerivedDataCache: FDerivedDataBackendGraph:  Pak pak cache file D:/DUT/Ptut/Projet/ProjetRPG/ProjetRPG_Git 4.23/DerivedDataCache/DDC.ddp not found, will not use a pak cache.
[2020.01.29-14.08.20:812][  0]LogDerivedDataCache: Unable to find inner node Pak for hierarchical cache Hierarchy.
[2020.01.29-14.08.20:812][  0]LogDerivedDataCache: FDerivedDataBackendGraph:  CompressedPak pak cache file D:/DUT/Ptut/Projet/ProjetRPG/ProjetRPG_Git 4.23/DerivedDataCache/Compressed.ddp not found, will not use a pak cache.
[2020.01.29-14.08.20:812][  0]LogDerivedDataCache: Unable to find inner node CompressedPak for hierarchical cache Hierarchy.
[2020.01.29-14.08.20:825][  0]LogDerivedDataCache: Display: Pak cache opened for reading ../../../Engine/DerivedDataCache/Compressed.ddp.
[2020.01.29-14.08.20:825][  0]LogDerivedDataCache: FDerivedDataBackendGraph:  EnterprisePak pak cache file ../../../Enterprise/DerivedDataCache/Compressed.ddp not found, will not use a pak cache.
[2020.01.29-14.08.20:825][  0]LogDerivedDataCache: Unable to find inner node EnterprisePak for hierarchical cache Hierarchy.
[2020.01.29-14.08.20:826][  0]LogDerivedDataCache: Using Local data cache path C:/Users/clery/AppData/Local/UnrealEngine/Common/DerivedDataCache: Writable
[2020.01.29-14.08.20:827][  0]LogDerivedDataCache: Shared data cache path not found in *engine.ini, will not use an Shared cache.
[2020.01.29-14.08.20:827][  0]LogDerivedDataCache: Unable to find inner node Shared for hierarchical cache Hierarchy.
[2020.01.29-14.08.20:849][  0]LogMaterial: Verifying Global Shaders for PCD3D_SM5
[2020.01.29-14.08.20:852][  0]LogSlate: Using FreeType 2.6.0
[2020.01.29-14.08.20:853][  0]LogSlate: SlateFontServices - WITH_FREETYPE: 1, WITH_HARFBUZZ: 1
[2020.01.29-14.08.20:912][  0]LogAssetRegistry: FAssetRegistry took 0.0037 seconds to start up
[2020.01.29-14.08.21:245][  0]LogInit: Selected Device Profile: [Windows]
[2020.01.29-14.08.21:396][  0]LogMeshReduction: Using QuadricMeshReduction for automatic static mesh reduction
[2020.01.29-14.08.21:396][  0]LogMeshReduction: Using SimplygonMeshReduction for automatic skeletal mesh reduction
[2020.01.29-14.08.21:396][  0]LogMeshReduction: Using ProxyLODMeshReduction for automatic mesh merging
[2020.01.29-14.08.21:396][  0]LogMeshReduction: No distributed automatic mesh merging module available
[2020.01.29-14.08.21:396][  0]LogMeshMerging: No distributed automatic mesh merging module available
[2020.01.29-14.08.21:406][  0]LogNetVersion: ProjetRPG_Git 1.0.0, NetCL: 8386587, EngineNetVer: 11, GameNetVer: 0 (Checksum: 4283081199)
[2020.01.29-14.08.21:856][  0]LogPackageLocalizationCache: Processed 12 localized package path(s) for 1 prioritized culture(s) in 0.058932 seconds
[2020.01.29-14.08.21:868][  0]LogUObjectArray: 43444 objects as part of root set at end of initial load.
[2020.01.29-14.08.21:868][  0]LogUObjectAllocator: 7548648 out of 0 bytes used by permanent object pool.
[2020.01.29-14.08.21:868][  0]LogUObjectArray: CloseDisregardForGC: 0/0 objects in disregard for GC pool
[2020.01.29-14.08.22:773][  0]LogTcpMessaging: Initializing TcpMessaging bridge
[2020.01.29-14.08.22:777][  0]LogUdpMessaging: Initializing bridge on interface 0.0.0.0:0 to multicast group 230.0.0.1:6666.
[2020.01.29-14.08.22:835][  0]SourceControl: Source control is disabled
[2020.01.29-14.08.22:836][  0]SourceControl: Source control is disabled
[2020.01.29-14.08.22:837][  0]SourceControl: Source control is disabled
[2020.01.29-14.08.22:838][  0]SourceControl: Source control is disabled
[2020.01.29-14.08.22:932][  0]LogAndroidPermission: UAndroidPermissionCallbackProxy::GetInstance
[2020.01.29-14.08.23:067][  0]LogOcInput: OculusInput pre-init called
[2020.01.29-14.08.23:076][  0]LogWindows: Failed to load 'OVRPlugin.dll' (GetLastError=126)
[2020.01.29-14.08.23:076][  0]LogWindows: File 'OVRPlugin.dll' does not exist
[2020.01.29-14.08.23:154][  0]LogEngine: Initializing Engine...
[2020.01.29-14.08.23:155][  0]LogHMD: Failed to initialize OpenVR with code 110
[2020.01.29-14.08.23:156][  0]LogStats: UGameplayTagsManager::InitializeManager -  0.000 s
[2020.01.29-14.08.23:394][  0]LogInit: Initializing FReadOnlyCVARCache
[2020.01.29-14.08.23:410][  0]LogAIModule: Creating AISystem for world Untitled
[2020.01.29-14.08.23:427][  0]LogInit: XAudio2 using 'Speakers (Realtek(R) Audio)' : 2 channels at 48 kHz using 32 bits per sample (channel mask 0x3)
[2020.01.29-14.08.23:679][  0]LogInit: FAudioDevice initialized.
[2020.01.29-14.08.23:679][  0]LogNetVersion: Set ProjectVersion to 1.0.0.0. Version Checksum will be recalculated on next use.
[2020.01.29-14.08.23:758][  0]LogDerivedDataCache: Saved boot cache 0.08s 73MB C:/Users/clery/AppData/Local/UnrealEngine/4.23/DerivedDataCache/Boot.ddc.
[2020.01.29-14.08.23:773][  0]LogInit: Texture streaming: Enabled
[2020.01.29-14.08.23:796][  0]LogEngineSessionManager: EngineSessionManager initialized
[2020.01.29-14.08.23:796][  0]LogEditorSessionSummary: Verbose: Initializing EditorSessionSummaryWriter for editor session tracking
[2020.01.29-14.08.23:796][  0]LogEditorSessionSummary: EditorSessionSummaryWriter initialized
[2020.01.29-14.08.23:876][  0]LogInit: Transaction tracking system initialized
[2020.01.29-14.08.23:917][  0]BlueprintLog: New page: Editor Load
[2020.01.29-14.08.24:013][  0]LocalizationService: Localization service is disabled
[2020.01.29-14.08.24:304][  0]LogCook: Display: Max memory allowance for cook 16384mb min free memory 0mb
[2020.01.29-14.08.24:304][  0]LogCook: Display: Mobile HDR setting 1
[2020.01.29-14.08.24:509][  0]SourceControl: Source control is disabled
[2020.01.29-14.08.24:509][  0]Cmd: MAP LOAD FILE="D:/DUT/Ptut/Projet/ProjetRPG/ProjetRPG_Git 4.23/Content/Maps/ThirdPersonExampleMap.umap" TEMPLATE=0 SHOWPROGRESS=1 FEATURELEVEL=3
[2020.01.29-14.08.24:510][  0]LightingResults: New page: Lighting Build
[2020.01.29-14.08.24:513][  0]LogWorld: UWorld::CleanupWorld for Untitled, bSessionEnded=true, bCleanupResources=true
[2020.01.29-14.08.24:513][  0]MapCheck: New page: Map Check
[2020.01.29-14.08.24:513][  0]LightingResults: New page: Lighting Build
[2020.01.29-14.08.24:536][  0]LogUObjectHash: Compacting FUObjectHashTables data took   2.05ms
[2020.01.29-14.08.24:988][  0]LogBlueprint: Error: [Compiler Ennemy_AnimBP] Blendspace Player 'ThirdPerson_IdleRunArmed_1D'  references blendspace that uses different skeleton  perso_Skeleton
[2020.01.29-14.08.24:988][  0]LogBlueprint: Error: [Compiler Ennemy_AnimBP] Play ThirdPersonJumpArmed_Start  references sequence that uses different skeleton  perso_Skeleton
[2020.01.29-14.08.24:989][  0]LogBlueprint: Error: [Compiler Ennemy_AnimBP] Play ThirdPersonJumpArmed_Loop  references sequence that uses different skeleton  perso_Skeleton
[2020.01.29-14.08.24:989][  0]LogBlueprint: Error: [Compiler Ennemy_AnimBP] Play ThirdPersonJumpArmed_End  references sequence that uses different skeleton  perso_Skeleton
[2020.01.29-14.08.24:991][  0]LogBlueprint: Error: [Compiler Ennemy_AnimBP] Blendspace Player 'ThirdPerson_IdleRun_1D'  references blendspace that uses different skeleton  perso_Skeleton
[2020.01.29-14.08.24:992][  0]LogBlueprint: Error: [Compiler Ennemy_AnimBP] Play ThirdPersonJump_Start  references sequence that uses different skeleton  perso_Skeleton
[2020.01.29-14.08.24:992][  0]LogBlueprint: Error: [Compiler Ennemy_AnimBP] Play ThirdPersonJump_Loop  references sequence that uses different skeleton  perso_Skeleton
[2020.01.29-14.08.24:993][  0]LogBlueprint: Error: [Compiler Ennemy_AnimBP] Play ThirdPersonJump_End  references sequence that uses different skeleton  perso_Skeleton
[2020.01.29-14.08.24:993][  0]LogBlueprint: Error: [Compiler Ennemy_AnimBP] ICE: Player node  Play ThirdPersonJump_Start  was not processed prior to handling a transition getter  ThirdPersonJump_Start Asset  that used it
[2020.01.29-14.08.24:994][  0]LogBlueprint: Error: [Compiler Ennemy_AnimBP] ICE: Player node  Play ThirdPersonJump_End  was not processed prior to handling a transition getter  ThirdPersonJump_End Asset  that used it
[2020.01.29-14.08.24:994][  0]LogBlueprint: Error: [Compiler Ennemy_AnimBP] Missing allocated node for AnimGraphNode_BlendSpacePlayer_2 while searching for node links - likely due to the node having outstanding errors.
[2020.01.29-14.08.24:994][  0]LogBlueprint: Error: [Compiler Ennemy_AnimBP] Missing allocated node for AnimGraphNode_SequencePlayer_0 while searching for node links - likely due to the node having outstanding errors.
[2020.01.29-14.08.24:994][  0]LogBlueprint: Error: [Compiler Ennemy_AnimBP] Missing allocated node for AnimGraphNode_SequencePlayer_0 while searching for node links - likely due to the node having outstanding errors.
[2020.01.29-14.08.24:994][  0]LogBlueprint: Error: [Compiler Ennemy_AnimBP] Missing allocated node for AnimGraphNode_SequencePlayer_0 while searching for node links - likely due to the node having outstanding errors.
[2020.01.29-14.08.24:994][  0]LogBlueprint: Error: [Compiler Ennemy_AnimBP] Missing allocated node for AnimGraphNode_BlendSpacePlayer_9 while searching for node links - likely due to the node having outstanding errors.
[2020.01.29-14.08.24:994][  0]LogBlueprint: Error: [Compiler Ennemy_AnimBP] Missing allocated node for AnimGraphNode_SequencePlayer_34 while searching for node links - likely due to the node having outstanding errors.
[2020.01.29-14.08.24:994][  0]LogBlueprint: Error: [Compiler Ennemy_AnimBP] Missing allocated node for AnimGraphNode_SequencePlayer_40 while searching for node links - likely due to the node having outstanding errors.
[2020.01.29-14.08.24:994][  0]LogBlueprint: Error: [Compiler Ennemy_AnimBP] Missing allocated node for AnimGraphNode_SequencePlayer_46 while searching for node links - likely due to the node having outstanding errors.
[2020.01.29-14.08.24:994][  0]LogBlueprint: Error: [Compiler Ennemy_AnimBP] Missing allocated node for AnimGraphNode_BlendSpacePlayer_2 while searching for node links - likely due to the node having outstanding errors.
[2020.01.29-14.08.24:994][  0]LogBlueprint: Error: [Compiler Ennemy_AnimBP] Missing allocated node for AnimGraphNode_SequencePlayer_0 while searching for node links - likely due to the node having outstanding errors.
[2020.01.29-14.08.24:994][  0]LogBlueprint: Error: [Compiler Ennemy_AnimBP] Missing allocated node for AnimGraphNode_SequencePlayer_0 while searching for node links - likely due to the node having outstanding errors.
[2020.01.29-14.08.24:994][  0]LogBlueprint: Error: [Compiler Ennemy_AnimBP] Missing allocated node for AnimGraphNode_SequencePlayer_0 while searching for node links - likely due to the node having outstanding errors.
[2020.01.29-14.08.24:994][  0]LogBlueprint: Error: [Compiler Ennemy_AnimBP] Missing allocated node for AnimGraphNode_BlendSpacePlayer_9 while searching for node links - likely due to the node having outstanding errors.
[2020.01.29-14.08.24:994][  0]LogBlueprint: Error: [Compiler Ennemy_AnimBP] Missing allocated node for AnimGraphNode_SequencePlayer_34 while searching for node links - likely due to the node having outstanding errors.
[2020.01.29-14.08.24:994][  0]LogBlueprint: Error: [Compiler Ennemy_AnimBP] Missing allocated node for AnimGraphNode_SequencePlayer_40 while searching for node links - likely due to the node having outstanding errors.
[2020.01.29-14.08.24:994][  0]LogBlueprint: Error: [Compiler Ennemy_AnimBP] Missing allocated node for AnimGraphNode_SequencePlayer_46 while searching for node links - likely due to the node having outstanding errors.
[2020.01.29-14.08.24:994][  0]LogBlueprint: Error: [Compiler Ennemy_AnimBP] Missing allocated node for AnimGraphNode_BlendSpacePlayer_2 while searching for node links - likely due to the node having outstanding errors.
[2020.01.29-14.08.24:994][  0]LogBlueprint: Error: [Compiler Ennemy_AnimBP] Missing allocated node for AnimGraphNode_SequencePlayer_0 while searching for node links - likely due to the node having outstanding errors.
[2020.01.29-14.08.24:994][  0]LogBlueprint: Error: [Compiler Ennemy_AnimBP] Missing allocated node for AnimGraphNode_SequencePlayer_0 while searching for node links - likely due to the node having outstanding errors.
[2020.01.29-14.08.24:994][  0]LogBlueprint: Error: [Compiler Ennemy_AnimBP] Missing allocated node for AnimGraphNode_SequencePlayer_0 while searching for node links - likely due to the node having outstanding errors.
[2020.01.29-14.08.24:994][  0]LogBlueprint: Error: [Compiler Ennemy_AnimBP] Missing allocated node for AnimGraphNode_BlendSpacePlayer_9 while searching for node links - likely due to the node having outstanding errors.
[2020.01.29-14.08.24:994][  0]LogBlueprint: Error: [Compiler Ennemy_AnimBP] Missing allocated node for AnimGraphNode_SequencePlayer_34 while searching for node links - likely due to the node having outstanding errors.
[2020.01.29-14.08.24:994][  0]LogBlueprint: Error: [Compiler Ennemy_AnimBP] Missing allocated node for AnimGraphNode_SequencePlayer_40 while searching for node links - likely due to the node having outstanding errors.
[2020.01.29-14.08.24:995][  0]LogBlueprint: Error: [Compiler Ennemy_AnimBP] Missing allocated node for AnimGraphNode_SequencePlayer_46 while searching for node links - likely due to the node having outstanding errors.
[2020.01.29-14.08.24:996][  0]LogBlueprint: Error: [Compiler Ennemy_AnimBP] Unexpected node type K2Node_TransitionRuleGetter encountered at  ThirdPersonJump_Start Asset
[2020.01.29-14.08.24:996][  0]LogBlueprint: Error: [Compiler Ennemy_AnimBP] Unexpected node type K2Node_TransitionRuleGetter encountered at  ThirdPersonJump_End Asset
[2020.01.29-14.08.25:018][  0]LogBlueprint: Error: [Compiler Ennemy_AnimBP] Unexpected node type K2Node_TransitionRuleGetter encountered at  ThirdPersonJump_End Asset
[2020.01.29-14.08.25:019][  0]LogBlueprint: Error: [Compiler Ennemy_AnimBP] Unexpected node type K2Node_TransitionRuleGetter encountered at  ThirdPersonJump_Start Asset
[2020.01.29-14.08.25:101][  0]LogLinker: Warning: While loading 'D:/DUT/Ptut/Projet/ProjetRPG/ProjetRPG_Git 4.23/Content/Blueprints/Door.uasset' failed to load '/Game/Chicken/white': Can't find file.
[2020.01.29-14.08.25:101][  0]LogLinker: Warning: While loading 'D:/DUT/Ptut/Projet/ProjetRPG/ProjetRPG_Git 4.23/Content/Blueprints/Door.uasset' failed to load '/Game/Chicken/white': Can't find file.
[2020.01.29-14.08.25:102][  0]LogLinker: Warning: While loading 'D:/DUT/Ptut/Projet/ProjetRPG/ProjetRPG_Git 4.23/Content/Blueprints/Door.uasset' failed to load '/Game/Chicken/white': Can't find file.
[2020.01.29-14.08.25:102][  0]LogLinker: Warning: While loading 'D:/DUT/Ptut/Projet/ProjetRPG/ProjetRPG_Git 4.23/Content/Blueprints/Door.uasset' failed to load '/Game/Chicken/white': Can't find file.
[2020.01.29-14.08.25:103][  0]LogLinker: Warning: While loading 'D:/DUT/Ptut/Projet/ProjetRPG/ProjetRPG_Git 4.23/Content/Maps/ThirdPersonExampleMap.umap' failed to load '/Game/Chicken/white': Can't find file.
[2020.01.29-14.08.25:103][  0]LogLinker: Warning: While loading 'D:/DUT/Ptut/Projet/ProjetRPG/ProjetRPG_Git 4.23/Content/Maps/ThirdPersonExampleMap.umap' failed to load '/Game/Chicken/white': Can't find file.
[2020.01.29-14.08.25:103][  0]LogLinker: Warning: While loading 'D:/DUT/Ptut/Projet/ProjetRPG/ProjetRPG_Git 4.23/Content/Maps/ThirdPersonExampleMap.umap' failed to load '/Game/Chicken/white': Can't find file.
[2020.01.29-14.08.25:103][  0]LogLinker: Warning: While loading 'D:/DUT/Ptut/Projet/ProjetRPG/ProjetRPG_Git 4.23/Content/Maps/ThirdPersonExampleMap.umap' failed to load '/Game/Chicken/white': Can't find file.
[2020.01.29-14.08.25:104][  0]LogLinker: Warning: While loading 'D:/DUT/Ptut/Projet/ProjetRPG/ProjetRPG_Git 4.23/Content/Maps/ThirdPersonExampleMap.umap' failed to load '/Game/Chicken/white': Can't find file.
[2020.01.29-14.08.25:104][  0]LoadErrors: Failed to load /Game/Chicken/white.white Referenced by A_GEN_VARIABLE
[2020.01.29-14.08.25:104][  0]LogLinker: Warning: While loading 'D:/DUT/Ptut/Projet/ProjetRPG/ProjetRPG_Git 4.23/Content/Maps/ThirdPersonExampleMap.umap' failed to load '/Game/Chicken/white': Can't find file.
[2020.01.29-14.08.25:104][  0]LoadErrors: Failed to load /Game/Chicken/white.white Referenced by A_GEN_VARIABLE
[2020.01.29-14.08.25:104][  0]LogLinker: Warning: While loading 'D:/DUT/Ptut/Projet/ProjetRPG/ProjetRPG_Git 4.23/Content/Maps/ThirdPersonExampleMap.umap' failed to load '/Game/Chicken/white': Can't find file.
[2020.01.29-14.08.25:104][  0]LoadErrors: Failed to load /Game/Chicken/white.white Referenced by B_GEN_VARIABLE
[2020.01.29-14.08.25:104][  0]LogLinker: Warning: While loading 'D:/DUT/Ptut/Projet/ProjetRPG/ProjetRPG_Git 4.23/Content/Maps/ThirdPersonExampleMap.umap' failed to load '/Game/Chicken/white': Can't find file.
[2020.01.29-14.08.25:104][  0]LoadErrors: Failed to load /Game/Chicken/white.white Referenced by B_GEN_VARIABLE
[2020.01.29-14.08.25:301][  0]LogStaticMesh: Building static mesh arbre2...
[2020.01.29-14.08.25:309][  0]LogStaticMesh: Built static mesh [0.01s] /Game/3D/Foliage/arbre2.arbre2
[2020.01.29-14.08.25:311][  0]LogStaticMesh: Building static mesh arbre...
[2020.01.29-14.08.25:318][  0]LogStaticMesh: Built static mesh [0.01s] /Game/3D/Foliage/arbre.arbre
[2020.01.29-14.08.25:332][  0]LogStaticMesh: Building static mesh Puit...
[2020.01.29-14.08.25:358][  0]LogStaticMesh: Built static mesh [0.03s] /Game/3D/Batiment/Puit.Puit
[2020.01.29-14.08.25:388][  0]LogStaticMesh: Building static mesh SM_Sword...
[2020.01.29-14.08.25:468][  0]LogStaticMesh: Built static mesh [0.08s] /Game/3D/Weapon/Sword/Test/Meshes/SM_Sword.SM_Sword
[2020.01.29-14.08.25:874][  0]LogAIModule: Creating AISystem for world ThirdPersonExampleMap
[2020.01.29-14.08.25:904][  0]LogEditorServer: Finished looking for orphan Actors (0.000 secs)
[2020.01.29-14.08.25:956][  0]LogUObjectHash: Compacting FUObjectHashTables data took   4.25ms
[2020.01.29-14.08.25:956][  0]Cmd: MAP CHECKDEP NOCLEARLOG
[2020.01.29-14.08.25:956][  0]MapCheck: Map check complete: 0 Error(s), 0 Warning(s), took 0,26ms to complete.
[2020.01.29-14.08.25:956][  0]LogFileHelpers: Loading map 'ThirdPersonExampleMap' took 1.447
[2020.01.29-14.08.26:081][  0]LogSlate: Updating window title bar state: overlay mode, drag disabled, window buttons hidden, title bar hidden
[2020.01.29-14.08.26:091][  0]LogSlate: Updating window title bar state: overlay mode, drag disabled, window buttons hidden, title bar hidden
[2020.01.29-14.08.26:101][  0]LogSlate: Updating window title bar state: overlay mode, drag disabled, window buttons hidden, title bar hidden
[2020.01.29-14.08.26:112][  0]LogSlate: Updating window title bar state: overlay mode, drag disabled, window buttons hidden, title bar hidden
[2020.01.29-14.08.26:123][  0]LogCollectionManager: Loaded 0 collections in 0.003599 seconds
[2020.01.29-14.08.26:131][  0]LogFileCache: Scanning file cache for directory 'D:/DUT/Ptut/Projet/ProjetRPG/ProjetRPG_Git 4.23/Saved/Collections/' took 0.00s
[2020.01.29-14.08.26:131][  0]LogFileCache: Scanning file cache for directory 'D:/DUT/Ptut/Projet/ProjetRPG/ProjetRPG_Git 4.23/Content/Developers/clery/Collections/' took 0.00s
[2020.01.29-14.08.26:131][  0]LogFileCache: Scanning file cache for directory 'D:/DUT/Ptut/Projet/ProjetRPG/ProjetRPG_Git 4.23/Content/Collections/' took 0.00s
[2020.01.29-14.08.26:131][  0]LogCollectionManager: Rebuilt the GUID cache for 0 collections in 0.000002 seconds
[2020.01.29-14.08.26:142][  0]LogContentBrowser: Native class hierarchy populated in 0.0104 seconds. Added 2863 classes and 680 folders.
[2020.01.29-14.08.26:149][  0]LogContentBrowser: Native class hierarchy updated for 'WidgetCarousel' in 0.0002 seconds. Added 0 classes and 0 folders.
[2020.01.29-14.08.26:191][  0]LogContentBrowser: Native class hierarchy updated for 'AddContentDialog' in 0.0003 seconds. Added 0 classes and 0 folders.
[2020.01.29-14.08.26:198][  0]LogContentBrowser: Native class hierarchy updated for 'SceneOutliner' in 0.0003 seconds. Added 1 classes and 2 folders.
[2020.01.29-14.08.26:304][  0]LogSlate: Took 0.000221 seconds to synchronously load lazily loaded font '../../../Engine/Content/Slate/Fonts/Roboto-Regular.ttf' (155K)
[2020.01.29-14.08.26:308][  0]LogSlate: Took 0.000240 seconds to synchronously load lazily loaded font '../../../Engine/Content/Slate/Fonts/Roboto-Bold.ttf' (160K)
[2020.01.29-14.08.26:310][  0]LogSlate: Took 0.000225 seconds to synchronously load lazily loaded font '../../../Engine/Content/Editor/Slate/Fonts/FontAwesome.ttf' (139K)
[2020.01.29-14.08.26:374][  0]LogRenderer: Reallocating scene render targets to support 1480x640 Format 10 NumSamples 1 (Frame:1).
[2020.01.29-14.08.26:624][  0]LogContentBrowser: Native class hierarchy updated for 'HierarchicalLODOutliner' in 0.0003 seconds. Added 0 classes and 0 folders.
[2020.01.29-14.08.26:624][  0]LogLoad: (Engine Initialization) Total time: 8.68 seconds
[2020.01.29-14.08.26:624][  0]LogLoad: (Engine Initialization) Total Blueprint compile time: 0.00 seconds
[2020.01.29-14.08.26:692][  0]LogAssetRegistry: Asset discovery search completed in 5.7813 seconds
[2020.01.29-14.08.26:698][  0]LogCollectionManager: Rebuilt the object cache for 0 collections in 0.000005 seconds (found 0 objects)
[2020.01.29-14.08.26:698][  0]LogCollectionManager: Fixed up redirectors for 0 collections in 0.000085 seconds (updated 0 objects)
[2020.01.29-14.08.26:699][  0]LogContentStreaming: Texture pool size now 1000 MB
[2020.01.29-14.08.26:716][  0]LogSlate: FSceneViewport::OnFocusLost() reason 5
[2020.01.29-14.08.32:587][155]LogSlate: FSceneViewport::OnFocusLost() reason 0
[2020.01.29-14.08.32:685][161]LogSlate: Window 'Message Log' being destroyed
[2020.01.29-14.08.32:689][161]LogSlate: Window 'Message Log' being destroyed
[2020.01.29-14.08.44:780][496]LogDirectoryWatcher: A directory notification failed for 'D:/DUT/Ptut/Projet/ProjetRPG/ProjetRPG_Git 4.23/Content/Collections/' because it could not be accessed. Aborting watch request...
[2020.01.29-14.08.46:454][501]LogDirectoryWatcher: A directory notification failed for 'D:/DUT/Ptut/Projet/ProjetRPG/ProjetRPG_Git 4.23/Content/Developers/clery/Collections/' because it could not be accessed. Aborting watch request...
[2020.01.29-14.08.58:402][537]LogSlate: FSceneViewport::OnFocusLost() reason 0
[2020.01.29-14.10.20:185][418]PIE: Warning: Constraint in '/Engine/Transient.World_1:PersistentLevel.Door_C_0.PhysicsConstraintA' attempting to create a joint between objects that are both static.  No joint created.
[2020.01.29-14.10.26:654][790]LogEditorSessionSummary: EditorSessionSummary sent report. Type=Shutdown, SessionId={114A6873-4685-AFE5-34C1-DF9FA4F6EF7D}
[2020.01.29-14.10.28:063][871]LogAnimation: Warning: SkeletalMesh chicken-rigged has no skeleton. This needs to fixed before an animation can be set
[2020.01.29-14.10.28:116][874]LogAnimation: Warning: SkeletalMesh chicken-rigged has no skeleton. This needs to fixed before an animation can be set
[2020.01.29-14.10.28:184][877]LogAnimation: Warning: SkeletalMesh chicken-rigged has no skeleton. This needs to fixed before an animation can be set
[2020.01.29-14.10.28:233][880]LogAnimation: Warning: SkeletalMesh chicken-rigged has no skeleton. This needs to fixed before an animation can be set
[2020.01.29-14.10.28:284][883]LogAnimation: Warning: SkeletalMesh chicken-rigged has no skeleton. This needs to fixed before an animation can be set
[2020.01.29-14.10.28:339][886]LogAnimation: Warning: SkeletalMesh chicken-rigged has no skeleton. This needs to fixed before an animation can be set
[2020.01.29-14.10.28:405][889]LogAnimation: Warning: SkeletalMesh chicken-rigged has no skeleton. This needs to fixed before an animation can be set
[2020.01.29-14.10.28:454][892]LogAnimation: Warning: SkeletalMesh chicken-rigged has no skeleton. This needs to fixed before an animation can be set
[2020.01.29-14.10.28:507][895]LogAnimation: Warning: SkeletalMesh chicken-rigged has no skeleton. This needs to fixed before an animation can be set
[2020.01.29-14.10.28:556][898]LogAnimation: Warning: SkeletalMesh chicken-rigged has no skeleton. This needs to fixed before an animation can be set
[2020.01.29-14.10.28:605][901]LogAnimation: Warning: SkeletalMesh chicken-rigged has no skeleton. This needs to fixed before an animation can be set
[2020.01.29-14.10.28:655][904]LogAnimation: Warning: SkeletalMesh chicken-rigged has no skeleton. This needs to fixed before an animation can be set
[2020.01.29-14.10.28:705][907]LogAnimation: Warning: SkeletalMesh chicken-rigged has no skeleton. This needs to fixed before an animation can be set
[2020.01.29-14.10.28:755][910]LogAnimation: Warning: SkeletalMesh chicken-rigged has no skeleton. This needs to fixed before an animation can be set
[2020.01.29-14.10.28:805][913]LogAnimation: Warning: SkeletalMesh chicken-rigged has no skeleton. This needs to fixed before an animation can be set
[2020.01.29-14.10.28:855][916]LogAnimation: Warning: SkeletalMesh chicken-rigged has no skeleton. This needs to fixed before an animation can be set
[2020.01.29-14.10.28:905][919]LogAnimation: Warning: SkeletalMesh chicken-rigged has no skeleton. This needs to fixed before an animation can be set
[2020.01.29-14.10.28:955][922]LogAnimation: Warning: SkeletalMesh chicken-rigged has no skeleton. This needs to fixed before an animation can be set
[2020.01.29-14.10.29:105][931]LogAnimation: Warning: SkeletalMesh chicken-rigged has no skeleton. This needs to fixed before an animation can be set
[2020.01.29-14.11.44:706][432]LogSlate: Took 0.000246 seconds to synchronously load lazily loaded font '../../../Engine/Content/Slate/Fonts/Roboto-Light.ttf' (167K)
[2020.01.29-14.11.44:717][432]LogAssetEditorManager: Opening Asset editor for Blueprint /Game/Blueprints/Notify/Notify_Damage.Notify_Damage
[2020.01.29-14.11.44:774][432]LogContentBrowser: Native class hierarchy updated for 'BlueprintGraph' in 0.0006 seconds. Added 121 classes and 0 folders.
[2020.01.29-14.11.45:700][432]LogSlate: Took 0.000199 seconds to synchronously load lazily loaded font '../../../Engine/Content/Slate/Fonts/Roboto-BoldCondensed.ttf' (158K)
[2020.01.29-14.11.45:740][433]LogSlate: Took 0.000282 seconds to synchronously load lazily loaded font '../../../Engine/Content/Slate/Fonts/Roboto-Italic.ttf' (157K)
[2020.01.29-14.11.53:267][885]LogWorld: UWorld::CleanupWorld for World_7, bSessionEnded=true, bCleanupResources=true
[2020.01.29-14.12.18:883][272]LogAnimation: Warning: SkeletalMesh chicken-rigged has no skeleton. This needs to fixed before an animation can be set
[2020.01.29-14.12.18:923][274]LogAnimation: Warning: SkeletalMesh chicken-rigged has no skeleton. This needs to fixed before an animation can be set
[2020.01.29-14.12.18:975][277]LogAnimation: Warning: SkeletalMesh chicken-rigged has no skeleton. This needs to fixed before an animation can be set
[2020.01.29-14.12.19:025][280]LogAnimation: Warning: SkeletalMesh chicken-rigged has no skeleton. This needs to fixed before an animation can be set
[2020.01.29-14.12.19:078][283]LogAnimation: Warning: SkeletalMesh chicken-rigged has no skeleton. This needs to fixed before an animation can be set
[2020.01.29-14.12.19:127][286]LogAnimation: Warning: SkeletalMesh chicken-rigged has no skeleton. This needs to fixed before an animation can be set
[2020.01.29-14.12.19:176][289]LogAnimation: Warning: SkeletalMesh chicken-rigged has no skeleton. This needs to fixed before an animation can be set
[2020.01.29-14.12.19:226][292]LogAnimation: Warning: SkeletalMesh chicken-rigged has no skeleton. This needs to fixed before an animation can be set
[2020.01.29-14.12.19:276][295]LogAnimation: Warning: SkeletalMesh chicken-rigged has no skeleton. This needs to fixed before an animation can be set
[2020.01.29-14.12.19:326][298]LogAnimation: Warning: SkeletalMesh chicken-rigged has no skeleton. This needs to fixed before an animation can be set
[2020.01.29-14.12.19:376][301]LogAnimation: Warning: SkeletalMesh chicken-rigged has no skeleton. This needs to fixed before an animation can be set
[2020.01.29-14.12.19:426][304]LogAnimation: Warning: SkeletalMesh chicken-rigged has no skeleton. This needs to fixed before an animation can be set
[2020.01.29-14.12.19:476][307]LogAnimation: Warning: SkeletalMesh chicken-rigged has no skeleton. This needs to fixed before an animation can be set
[2020.01.29-14.12.19:526][310]LogAnimation: Warning: SkeletalMesh chicken-rigged has no skeleton. This needs to fixed before an animation can be set
[2020.01.29-14.12.19:576][313]LogAnimation: Warning: SkeletalMesh chicken-rigged has no skeleton. This needs to fixed before an animation can be set
[2020.01.29-14.12.19:626][316]LogAnimation: Warning: SkeletalMesh chicken-rigged has no skeleton. This needs to fixed before an animation can be set
[2020.01.29-14.12.19:676][319]LogAnimation: Warning: SkeletalMesh chicken-rigged has no skeleton. This needs to fixed before an animation can be set
[2020.01.29-14.12.19:809][327]LogAnimation: Warning: SkeletalMesh chicken-rigged has no skeleton. This needs to fixed before an animation can be set
[2020.01.29-14.12.19:863][330]LogAnimation: Warning: SkeletalMesh chicken-rigged has no skeleton. This needs to fixed before an animation can be set
[2020.01.29-14.12.19:915][333]LogAnimation: Warning: SkeletalMesh chicken-rigged has no skeleton. This needs to fixed before an animation can be set
[2020.01.29-14.12.19:965][336]LogAnimation: Warning: SkeletalMesh chicken-rigged has no skeleton. This needs to fixed before an animation can be set
[2020.01.29-14.12.20:019][339]LogAnimation: Warning: SkeletalMesh chicken-rigged has no skeleton. This needs to fixed before an animation can be set
[2020.01.29-14.12.20:070][342]LogAnimation: Warning: SkeletalMesh chicken-rigged has no skeleton. This needs to fixed before an animation can be set
[2020.01.29-14.12.20:119][345]LogAnimation: Warning: SkeletalMesh chicken-rigged has no skeleton. This needs to fixed before an animation can be set
[2020.01.29-14.12.20:170][348]LogAnimation: Warning: SkeletalMesh chicken-rigged has no skeleton. This needs to fixed before an animation can be set
[2020.01.29-14.12.20:221][351]LogAnimation: Warning: SkeletalMesh chicken-rigged has no skeleton. This needs to fixed before an animation can be set
[2020.01.29-14.12.20:269][354]LogAnimation: Warning: SkeletalMesh chicken-rigged has no skeleton. This needs to fixed before an animation can be set
[2020.01.29-14.12.20:319][357]LogAnimation: Warning: SkeletalMesh chicken-rigged has no skeleton. This needs to fixed before an animation can be set
[2020.01.29-14.12.20:369][360]LogAnimation: Warning: SkeletalMesh chicken-rigged has no skeleton. This needs to fixed before an animation can be set
[2020.01.29-14.12.20:419][363]LogAnimation: Warning: SkeletalMesh chicken-rigged has no skeleton. This needs to fixed before an animation can be set
[2020.01.29-14.12.20:469][366]LogAnimation: Warning: SkeletalMesh chicken-rigged has no skeleton. This needs to fixed before an animation can be set
[2020.01.29-14.12.20:519][369]LogAnimation: Warning: SkeletalMesh chicken-rigged has no skeleton. This needs to fixed before an animation can be set
[2020.01.29-14.12.20:569][372]LogAnimation: Warning: SkeletalMesh chicken-rigged has no skeleton. This needs to fixed before an animation can be set
[2020.01.29-14.12.20:619][375]LogAnimation: Warning: SkeletalMesh chicken-rigged has no skeleton. This needs to fixed before an animation can be set
[2020.01.29-14.12.20:669][378]LogAnimation: Warning: SkeletalMesh chicken-rigged has no skeleton. This needs to fixed before an animation can be set
[2020.01.29-14.12.20:786][385]LogAnimation: Warning: SkeletalMesh chicken-rigged has no skeleton. This needs to fixed before an animation can be set
[2020.01.29-14.12.20:836][388]LogAnimation: Warning: SkeletalMesh chicken-rigged has no skeleton. This needs to fixed before an animation can be set
[2020.01.29-14.12.25:228][642]LogAnimation: Warning: SkeletalMesh chicken-rigged has no skeleton. This needs to fixed before an animation can be set
[2020.01.29-14.12.25:267][644]LogAnimation: Warning: SkeletalMesh chicken-rigged has no skeleton. This needs to fixed before an animation can be set
[2020.01.29-14.12.25:319][647]LogAnimation: Warning: SkeletalMesh chicken-rigged has no skeleton. This needs to fixed before an animation can be set
[2020.01.29-14.12.25:370][650]LogAnimation: Warning: SkeletalMesh chicken-rigged has no skeleton. This needs to fixed before an animation can be set
[2020.01.29-14.12.25:420][653]LogAnimation: Warning: SkeletalMesh chicken-rigged has no skeleton. This needs to fixed before an animation can be set
[2020.01.29-14.12.25:470][656]LogAnimation: Warning: SkeletalMesh chicken-rigged has no skeleton. This needs to fixed before an animation can be set
[2020.01.29-14.12.25:520][659]LogAnimation: Warning: SkeletalMesh chicken-rigged has no skeleton. This needs to fixed before an animation can be set
[2020.01.29-14.12.25:570][662]LogAnimation: Warning: SkeletalMesh chicken-rigged has no skeleton. This needs to fixed before an animation can be set
[2020.01.29-14.12.25:620][665]LogAnimation: Warning: SkeletalMesh chicken-rigged has no skeleton. This needs to fixed before an animation can be set
[2020.01.29-14.12.25:670][668]LogAnimation: Warning: SkeletalMesh chicken-rigged has no skeleton. This needs to fixed before an animation can be set
[2020.01.29-14.12.25:720][671]LogAnimation: Warning: SkeletalMesh chicken-rigged has no skeleton. This needs to fixed before an animation can be set
[2020.01.29-14.12.25:770][674]LogAnimation: Warning: SkeletalMesh chicken-rigged has no skeleton. This needs to fixed before an animation can be set
[2020.01.29-14.12.25:820][677]LogAnimation: Warning: SkeletalMesh chicken-rigged has no skeleton. This needs to fixed before an animation can be set
[2020.01.29-14.12.25:870][680]LogAnimation: Warning: SkeletalMesh chicken-rigged has no skeleton. This needs to fixed before an animation can be set
[2020.01.29-14.12.25:920][683]LogAnimation: Warning: SkeletalMesh chicken-rigged has no skeleton. This needs to fixed before an animation can be set
[2020.01.29-14.12.25:970][686]LogAnimation: Warning: SkeletalMesh chicken-rigged has no skeleton. This needs to fixed before an animation can be set
[2020.01.29-14.12.26:020][689]LogAnimation: Warning: SkeletalMesh chicken-rigged has no skeleton. This needs to fixed before an animation can be set
[2020.01.29-14.12.26:070][692]LogAnimation: Warning: SkeletalMesh chicken-rigged has no skeleton. This needs to fixed before an animation can be set
[2020.01.29-14.12.26:120][695]LogAnimation: Warning: SkeletalMesh chicken-rigged has no skeleton. This needs to fixed before an animation can be set
[2020.01.29-14.12.26:170][698]LogAnimation: Warning: SkeletalMesh chicken-rigged has no skeleton. This needs to fixed before an animation can be set
[2020.01.29-14.12.26:220][701]LogAnimation: Warning: SkeletalMesh chicken-rigged has no skeleton. This needs to fixed before an animation can be set
[2020.01.29-14.12.26:270][704]LogAnimation: Warning: SkeletalMesh chicken-rigged has no skeleton. This needs to fixed before an animation can be set
[2020.01.29-14.12.26:320][707]LogAnimation: Warning: SkeletalMesh chicken-rigged has no skeleton. This needs to fixed before an animation can be set
[2020.01.29-14.12.26:370][710]LogAnimation: Warning: SkeletalMesh chicken-rigged has no skeleton. This needs to fixed before an animation can be set
[2020.01.29-14.12.26:420][713]LogAnimation: Warning: SkeletalMesh chicken-rigged has no skeleton. This needs to fixed before an animation can be set
[2020.01.29-14.12.26:470][716]LogAnimation: Warning: SkeletalMesh chicken-rigged has no skeleton. This needs to fixed before an animation can be set
[2020.01.29-14.12.26:520][719]LogAnimation: Warning: SkeletalMesh chicken-rigged has no skeleton. This needs to fixed before an animation can be set
[2020.01.29-14.12.26:570][722]LogAnimation: Warning: SkeletalMesh chicken-rigged has no skeleton. This needs to fixed before an animation can be set
[2020.01.29-14.12.26:620][725]LogAnimation: Warning: SkeletalMesh chicken-rigged has no skeleton. This needs to fixed before an animation can be set
[2020.01.29-14.12.26:671][728]LogAnimation: Warning: SkeletalMesh chicken-rigged has no skeleton. This needs to fixed before an animation can be set
[2020.01.29-14.12.26:720][731]LogAnimation: Warning: SkeletalMesh chicken-rigged has no skeleton. This needs to fixed before an animation can be set
[2020.01.29-14.12.26:770][734]LogAnimation: Warning: SkeletalMesh chicken-rigged has no skeleton. This needs to fixed before an animation can be set
[2020.01.29-14.12.26:820][737]LogAnimation: Warning: SkeletalMesh chicken-rigged has no skeleton. This needs to fixed before an animation can be set
[2020.01.29-14.12.26:870][740]LogAnimation: Warning: SkeletalMesh chicken-rigged has no skeleton. This needs to fixed before an animation can be set
[2020.01.29-14.12.26:920][743]LogAnimation: Warning: SkeletalMesh chicken-rigged has no skeleton. This needs to fixed before an animation can be set
[2020.01.29-14.12.26:970][746]LogAnimation: Warning: SkeletalMesh chicken-rigged has no skeleton. This needs to fixed before an animation can be set
[2020.01.29-14.12.27:020][749]LogAnimation: Warning: SkeletalMesh chicken-rigged has no skeleton. This needs to fixed before an animation can be set
[2020.01.29-14.12.27:070][752]LogAnimation: Warning: SkeletalMesh chicken-rigged has no skeleton. This needs to fixed before an animation can be set
[2020.01.29-14.13.11:380][372]LogUObjectHash: Compacting FUObjectHashTables data took   3.90ms
[2020.01.29-14.13.12:997][372]LogSlate: Window 'Delete Assets' being destroyed
[2020.01.29-14.13.13:087][372]LogUObjectHash: Compacting FUObjectHashTables data took   2.54ms
[2020.01.29-14.13.13:119][372]LogUObjectHash: Compacting FUObjectHashTables data took   2.50ms
[2020.01.29-14.13.13:146][372]LogUObjectHash: Compacting FUObjectHashTables data took   1.11ms
[2020.01.29-14.13.20:099][783]LogEditorViewport: Clicking on Actor (LMB): Pangolin_Blueprint_C (Pangolin)
[2020.01.29-14.13.21:403][856]LogEditorViewport: Clicking on Actor (LMB): StaticMeshActor (Terrain)
[2020.01.29-14.13.22:433][914]LogSlate: FSceneViewport::OnFocusLost() reason 0
[2020.01.29-14.13.40:589][992]LogMaterial: Display: Missing cached shader map for material Material_0, compiling. 
[2020.01.29-14.13.40:683][993]LogShaderCompilers: Display: Worker (1/5): shaders left to compile 43
[2020.01.29-14.13.40:683][993]LogShaderCompilers: Display: Worker (2/5): shaders left to compile 33
[2020.01.29-14.13.40:683][993]LogShaderCompilers: Display: Worker (3/5): shaders left to compile 23
[2020.01.29-14.13.40:683][993]LogShaderCompilers: Display: Worker (4/5): shaders left to compile 13
[2020.01.29-14.13.40:739][993]LogMaterial: Display: Missing cached shader map for material Material_1, compiling. 
[2020.01.29-14.13.40:833][994]LogMaterial: Display: Missing cached shader map for material Material_2, compiling. 
[2020.01.29-14.13.40:940][995]LogMaterial: Display: Missing cached shader map for material Material_3, compiling. 
[2020.01.29-14.13.44:164][104]LogShaderCompilers: Display: Worker (1/5): shaders left to compile 132
[2020.01.29-14.13.44:451][120]LogShaderCompilers: Display: Worker (2/5): shaders left to compile 122
[2020.01.29-14.13.45:162][159]LogShaderCompilers: Display: Worker (3/5): shaders left to compile 112
[2020.01.29-14.13.46:507][206]LogSlate: FSceneViewport::OnFocusLost() reason 0
[2020.01.29-14.13.47:338][251]LogShaderCompilers: Display: Worker (1/5): shaders left to compile 102
[2020.01.29-14.13.47:749][272]LogShaderCompilers: Display: Worker (3/5): shaders left to compile 92
[2020.01.29-14.13.48:256][296]LogShaderCompilers: Display: Worker (2/5): shaders left to compile 82
[2020.01.29-14.13.48:358][302]LogShaderCompilers: Display: Worker (4/5): shaders left to compile 72
[2020.01.29-14.13.51:465][449]LogShaderCompilers: Display: Worker (4/5): shaders left to compile 62
[2020.01.29-14.13.51:775][464]LogShaderCompilers: Display: Worker (2/5): shaders left to compile 52
[2020.01.29-14.13.51:791][465]LogShaderCompilers: Display: Worker (3/5): shaders left to compile 42
[2020.01.29-14.13.54:651][570]LogShaderCompilers: Display: Worker (1/5): shaders left to compile 32
[2020.01.29-14.13.55:459][606]LogShaderCompilers: Display: Worker (3/5): shaders left to compile 23
[2020.01.29-14.13.57:065][667]LogShaderCompilers: Display: Worker (3/5): shaders left to compile 17
[2020.01.29-14.13.57:083][668]LogShaderCompilers: Display: Worker (2/5): shaders left to compile 12
[2020.01.29-14.13.57:597][688]LogShaderCompilers: Display: Worker (4/5): shaders left to compile 8
[2020.01.29-14.13.57:984][703]LogShaderCompilers: Display: Worker (1/5): shaders left to compile 5
[2020.01.29-14.13.59:313][755]LogShaderCompilers: Display: Worker (1/5): shaders left to compile 3
[2020.01.29-14.13.59:678][771]LogShaderCompilers: Display: Worker (4/5): shaders left to compile 2
[2020.01.29-14.13.59:759][774]LogShaderCompilers: Display: Worker (1/5): shaders left to compile 1
[2020.01.29-14.14.08:963][256]LogUObjectHash: Compacting FUObjectHashTables data took   1.23ms
[2020.01.29-14.14.09:540][256]LogSlate: Took 0.000225 seconds to synchronously load lazily loaded font '../../../Engine/Content/Slate/Fonts/Roboto-Light.ttf' (167K)
[2020.01.29-14.14.12:421][256]LogSlate: Window 'Delete Assets' being destroyed
