Log file open, 11/02/19 12:02:50
LogWindows: Failed to load 'aqProf.dll' (GetLastError=126)
LogWindows: File 'aqProf.dll' does not exist
LogWindows: Failed to load 'VtuneApi.dll' (GetLastError=126)
LogWindows: File 'VtuneApi.dll' does not exist
LogWindows: Failed to load 'VtuneApi32e.dll' (GetLastError=126)
LogWindows: File 'VtuneApi32e.dll' does not exist
LogConsoleResponse: Display: Failed to find resolution value strings in scalability ini. Falling back to default.
LogInit: Display: Running engine for game: ProjetRPG_Git
LogPlatformFile: Not using cached read wrapper
LogTaskGraph: Started task graph with 5 named threads and 14 total threads with 3 sets of task threads.
LogStats: Stats thread started at 0.053721
LogD3D11RHI: Loaded GFSDK_Aftermath_Lib.x64.dll
LogICUInternationalization: ICU TimeZone Detection - Raw Offset: +1:00, Platform Override: ''
LogPluginManager: Mounting plugin Paper2D
LogPluginManager: Mounting plugin AISupport
LogPluginManager: Mounting plugin LightPropagationVolume
LogPluginManager: Mounting plugin ActorLayerUtilities
LogPluginManager: Mounting plugin AnimationSharing
LogPluginManager: Mounting plugin CLionSourceCodeAccess
LogPluginManager: Mounting plugin CodeLiteSourceCodeAccess
LogPluginManager: Mounting plugin GitSourceControl
LogPluginManager: Mounting plugin KDevelopSourceCodeAccess
LogPluginManager: Mounting plugin NullSourceCodeAccess
LogPluginManager: Mounting plugin PerforceSourceControl
LogPluginManager: Mounting plugin SubversionSourceControl
LogPluginManager: Mounting plugin UObjectPlugin
LogPluginManager: Mounting plugin VisualStudioCodeSourceCodeAccess
LogPluginManager: Mounting plugin VisualStudioSourceCodeAccess
LogPluginManager: Mounting plugin XCodeSourceCodeAccess
LogPluginManager: Mounting plugin AssetManagerEditor
LogPluginManager: Mounting plugin CryptoKeys
LogPluginManager: Mounting plugin CurveEditorTools
LogPluginManager: Mounting plugin DataValidation
LogPluginManager: Mounting plugin FacialAnimation
LogPluginManager: Mounting plugin GameplayTagsEditor
LogPluginManager: Mounting plugin MacGraphicsSwitching
LogPluginManager: Mounting plugin MaterialAnalyzer
LogPluginManager: Mounting plugin MobileLauncherProfileWizard
LogPluginManager: Mounting plugin PluginBrowser
LogPluginManager: Mounting plugin SpeedTreeImporter
LogPluginManager: Mounting plugin DatasmithContent
LogPluginManager: Mounting plugin VariantManagerContent
LogPluginManager: Mounting plugin AlembicImporter
LogPluginManager: Mounting plugin AutomationUtils
LogPluginManager: Mounting plugin BackChannel
LogPluginManager: Mounting plugin CharacterAI
LogPluginManager: Mounting plugin GeometryCache
LogPluginManager: Mounting plugin HTML5Networking
LogPluginManager: Mounting plugin PlatformCrypto
LogPluginManager: Mounting plugin ProxyLODPlugin
LogPluginManager: Mounting plugin SkeletalReduction
LogPluginManager: Mounting plugin MagicLeap
LogPluginManager: Mounting plugin MagicLeapMedia
LogPluginManager: Mounting plugin AndroidMedia
LogPluginManager: Mounting plugin AvfMedia
LogPluginManager: Mounting plugin ImgMedia
LogPluginManager: Mounting plugin MediaCompositing
LogPluginManager: Mounting plugin MediaPlayerEditor
LogPluginManager: Mounting plugin WebMMedia
LogPluginManager: Mounting plugin WmfMedia
LogPluginManager: Mounting plugin TcpMessaging
LogPluginManager: Mounting plugin UdpMessaging
LogPluginManager: Mounting plugin ActorSequence
LogPluginManager: Mounting plugin LevelSequenceEditor
LogPluginManager: Mounting plugin MatineeToLevelSequence
LogPluginManager: Mounting plugin NetcodeUnitTest
LogPluginManager: Mounting plugin NUTUnrealEngine4
LogPluginManager: Mounting plugin OnlineSubsystemGooglePlay
LogPluginManager: Mounting plugin OnlineSubsystemIOS
LogPluginManager: Mounting plugin OnlineSubsystem
LogPluginManager: Mounting plugin OnlineSubsystemNull
LogPluginManager: Mounting plugin OnlineSubsystemUtils
LogPluginManager: Mounting plugin LauncherChunkInstaller
LogPluginManager: Mounting plugin AndroidDeviceProfileSelector
LogPluginManager: Mounting plugin AndroidMoviePlayer
LogPluginManager: Mounting plugin AndroidPermission
LogPluginManager: Mounting plugin AppleImageUtils
LogPluginManager: Mounting plugin AppleMoviePlayer
LogPluginManager: Mounting plugin ArchVisCharacter
LogPluginManager: Mounting plugin AudioCapture
LogPluginManager: Mounting plugin CableComponent
LogPluginManager: Mounting plugin CustomMeshComponent
LogPluginManager: Mounting plugin EditableMesh
LogPluginManager: Mounting plugin ExampleDeviceProfileSelector
LogPluginManager: Mounting plugin GoogleCloudMessaging
LogPluginManager: Mounting plugin IOSDeviceProfileSelector
LogPluginManager: Mounting plugin LinuxDeviceProfileSelector
LogPluginManager: Mounting plugin LocationServicesBPLibrary
LogPluginManager: Mounting plugin MobilePatchingUtils
LogPluginManager: Mounting plugin OculusVR
LogPluginManager: Mounting plugin PhysXVehicles
LogPluginManager: Mounting plugin ProceduralMeshComponent
LogPluginManager: Mounting plugin RuntimePhysXCooking
LogPluginManager: Mounting plugin SignificanceManager
LogPluginManager: Mounting plugin SteamVR
LogPluginManager: Mounting plugin WebMMoviePlayer
LogPluginManager: Mounting plugin WindowsMoviePlayer
LogPluginManager: Mounting plugin ScreenshotTools
LogInit: Using libcurl 7.55.1-DEV
LogInit:  - built for x86_64-pc-win32
LogInit:  - supports SSL with OpenSSL/1.1.1
LogInit:  - supports HTTP deflate (compression) using libz 1.2.8
LogInit:  - other features:
LogInit:      CURL_VERSION_SSL
LogInit:      CURL_VERSION_LIBZ
LogInit:      CURL_VERSION_IPV6
LogInit:      CURL_VERSION_ASYNCHDNS
LogInit:      CURL_VERSION_LARGEFILE
LogInit:      CURL_VERSION_IDN
LogInit:  CurlRequestOptions (configurable via config and command line):
LogInit:  - bVerifyPeer = true  - Libcurl will verify peer certificate
LogInit:  - bUseHttpProxy = false  - Libcurl will NOT use HTTP proxy
LogInit:  - bDontReuseConnections = false  - Libcurl will reuse connections
LogInit:  - MaxHostConnections = 16  - Libcurl will limit the number of connections to a host
LogInit:  - LocalHostAddr = Default
LogInit:  - BufferSize = 65536
LogOnline: OSS: Creating online subsystem instance for: NULL
LogInit: WinSock: version 1.1 (2.2), MaxSocks=32767, MaxUdp=65467
LogInit: Build: ++UE4+Release-4.23-CL-8386587
LogInit: Engine Version: 4.23.0-8386587+++UE4+Release-4.23
LogInit: Compatible Engine Version: 4.23.0-8386587+++UE4+Release-4.23
LogInit: Net CL: 8386587
LogInit: OS: Windows 7 (Service Pack 1), CPU: Intel(R) Core(TM) i5-6600K CPU @ 3.50GHz, GPU: NVIDIA GeForce GTX 1050
LogInit: Compiled (64-bit): Aug 31 2019 02:04:44
LogInit: Compiled with Visual C++: 19.16.27030.01
LogInit: Build Configuration: Development
LogInit: Branch Name: ++UE4+Release-4.23
LogInit: Command Line: 
LogInit: Base Directory: C:/Program Files/Epic Games/UE_4.23/Engine/Binaries/Win64/
LogInit: Installed Engine Build: 1
LogDevObjectVersion: Number of dev versions registered: 23
LogDevObjectVersion:   Dev-Blueprints (B0D832E4-1F89-4F0D-ACCF-7EB736FD4AA2): 10
LogDevObjectVersion:   Dev-Build (E1C64328-A22C-4D53-A36C-8E866417BD8C): 0
LogDevObjectVersion:   Dev-Core (375EC13C-06E4-48FB-B500-84F0262A717E): 3
LogDevObjectVersion:   Dev-Editor (E4B068ED-F494-42E9-A231-DA0B2E46BB41): 34
LogDevObjectVersion:   Dev-Framework (CFFC743F-43B0-4480-9391-14DF171D2073): 35
LogDevObjectVersion:   Dev-Mobile (B02B49B5-BB20-44E9-A304-32B752E40360): 2
LogDevObjectVersion:   Dev-Networking (A4E4105C-59A1-49B5-A7C5-40C4547EDFEE): 0
LogDevObjectVersion:   Dev-Online (39C831C9-5AE6-47DC-9A44-9C173E1C8E7C): 0
LogDevObjectVersion:   Dev-Physics (78F01B33-EBEA-4F98-B9B4-84EACCB95AA2): 0
LogDevObjectVersion:   Dev-Platform (6631380F-2D4D-43E0-8009-CF276956A95A): 0
LogDevObjectVersion:   Dev-Rendering (12F88B9F-8875-4AFC-A67C-D90C383ABD29): 31
LogDevObjectVersion:   Dev-Sequencer (7B5AE74C-D270-4C10-A958-57980B212A5A): 11
LogDevObjectVersion:   Dev-VR (D7296918-1DD6-4BDD-9DE2-64A83CC13884): 2
LogDevObjectVersion:   Dev-LoadTimes (C2A15278-BFE7-4AFE-6C17-90FF531DF755): 1
LogDevObjectVersion:   Private-Geometry (6EACA3D4-40EC-4CC1-B786-8BED09428FC5): 3
LogDevObjectVersion:   Dev-AnimPhys (29E575DD-E0A3-4627-9D10-D276232CDCEA): 17
LogDevObjectVersion:   Dev-Anim (AF43A65D-7FD3-4947-9873-3E8ED9C1BB05): 2
LogDevObjectVersion:   Dev-ReflectionCapture (6B266CEC-1EC7-4B8F-A30B-E4D90942FC07): 1
LogDevObjectVersion:   Dev-Automation (0DF73D61-A23F-47EA-B727-89E90C41499A): 1
LogDevObjectVersion:   FortniteMain (601D1886-AC64-4F84-AA16-D3DE0DEAC7D6): 27
LogDevObjectVersion:   Dev-Enterprise (9DFFBCD6-494F-0158-E221-12823C92A888): 6
LogDevObjectVersion:   Dev-Niagara (F2AED0AC-9AFE-416F-8664-AA7FFA26D6FC): 1
LogDevObjectVersion:   Dev-Destruction (174F1F0B-B4C6-45A5-B13F-2EE8D0FB917D): 9
LogInit: Presizing for max 16777216 objects, including 0 objects not considered by GC, pre-allocating 0 bytes for permanent pool.
LogInit: Object subsystem initialized
LogConfig: Setting CVar [[con.DebugEarlyDefault:1]]
LogConfig: Setting CVar [[r.setres:1280x720]]
[2019.11.02-11.02.50:899][  0]LogConfig: Setting CVar [[r.VSync:0]]
[2019.11.02-11.02.50:899][  0]LogConfig: Setting CVar [[r.RHICmdBypass:0]]
[2019.11.02-11.02.50:899][  0]LogConfig: Applying CVar settings from Section [/Script/Engine.RendererSettings] File [G:/DUT Info/Fichiers - 2eme année/Ptut/Projet/ProjetRPG/ProjetRPG_Git 4.23/Saved/Config/Windows/Engine.ini]
[2019.11.02-11.02.50:899][  0]LogConfig: Setting CVar [[r.GPUCrashDebugging:0]]
[2019.11.02-11.02.50:899][  0]LogConfig: Applying CVar settings from Section [/Script/Engine.RendererOverrideSettings] File [G:/DUT Info/Fichiers - 2eme année/Ptut/Projet/ProjetRPG/ProjetRPG_Git 4.23/Saved/Config/Windows/Engine.ini]
[2019.11.02-11.02.50:899][  0]LogConfig: Applying CVar settings from Section [/Script/Engine.StreamingSettings] File [G:/DUT Info/Fichiers - 2eme année/Ptut/Projet/ProjetRPG/ProjetRPG_Git 4.23/Saved/Config/Windows/Engine.ini]
[2019.11.02-11.02.50:899][  0]LogConfig: Setting CVar [[s.MinBulkDataSizeForAsyncLoading:131072]]
[2019.11.02-11.02.50:899][  0]LogConfig: Setting CVar [[s.AsyncLoadingThreadEnabled:0]]
[2019.11.02-11.02.50:899][  0]LogConfig: Setting CVar [[s.EventDrivenLoaderEnabled:1]]
[2019.11.02-11.02.50:899][  0]LogConfig: Setting CVar [[s.WarnIfTimeLimitExceeded:0]]
[2019.11.02-11.02.50:899][  0]LogConfig: Setting CVar [[s.TimeLimitExceededMultiplier:1.5]]
[2019.11.02-11.02.50:899][  0]LogConfig: Setting CVar [[s.TimeLimitExceededMinTime:0.005]]
[2019.11.02-11.02.50:899][  0]LogConfig: Setting CVar [[s.UseBackgroundLevelStreaming:1]]
[2019.11.02-11.02.50:899][  0]LogConfig: Setting CVar [[s.PriorityAsyncLoadingExtraTime:15.0]]
[2019.11.02-11.02.50:899][  0]LogConfig: Setting CVar [[s.LevelStreamingActorsUpdateTimeLimit:5.0]]
[2019.11.02-11.02.50:899][  0]LogConfig: Setting CVar [[s.PriorityLevelStreamingActorsUpdateExtraTime:5.0]]
[2019.11.02-11.02.50:899][  0]LogConfig: Setting CVar [[s.LevelStreamingComponentsRegistrationGranularity:10]]
[2019.11.02-11.02.50:899][  0]LogConfig: Setting CVar [[s.UnregisterComponentsTimeLimit:1.0]]
[2019.11.02-11.02.50:899][  0]LogConfig: Setting CVar [[s.LevelStreamingComponentsUnregistrationGranularity:5]]
[2019.11.02-11.02.50:899][  0]LogConfig: Applying CVar settings from Section [/Script/Engine.GarbageCollectionSettings] File [G:/DUT Info/Fichiers - 2eme année/Ptut/Projet/ProjetRPG/ProjetRPG_Git 4.23/Saved/Config/Windows/Engine.ini]
[2019.11.02-11.02.50:899][  0]LogConfig: Setting CVar [[gc.MaxObjectsNotConsideredByGC:1]]
[2019.11.02-11.02.50:899][  0]LogConfig: Setting CVar [[gc.SizeOfPermanentObjectPool:0]]
[2019.11.02-11.02.50:899][  0]LogConfig: Setting CVar [[gc.FlushStreamingOnGC:0]]
[2019.11.02-11.02.50:899][  0]LogConfig: Setting CVar [[gc.NumRetriesBeforeForcingGC:10]]
[2019.11.02-11.02.50:899][  0]LogConfig: Setting CVar [[gc.AllowParallelGC:1]]
[2019.11.02-11.02.50:899][  0]LogConfig: Setting CVar [[gc.TimeBetweenPurgingPendingKillObjects:61.1]]
[2019.11.02-11.02.50:899][  0]LogConfig: Setting CVar [[gc.MaxObjectsInEditor:16777216]]
[2019.11.02-11.02.50:899][  0]LogConfig: Setting CVar [[gc.IncrementalBeginDestroyEnabled:1]]
[2019.11.02-11.02.50:899][  0]LogConfig: Setting CVar [[gc.CreateGCClusters:1]]
[2019.11.02-11.02.50:899][  0]LogConfig: Setting CVar [[gc.MinGCClusterSize:5]]
[2019.11.02-11.02.50:899][  0]LogConfig: Setting CVar [[gc.ActorClusteringEnabled:0]]
[2019.11.02-11.02.50:899][  0]LogConfig: Setting CVar [[gc.BlueprintClusteringEnabled:0]]
[2019.11.02-11.02.50:899][  0]LogConfig: Setting CVar [[gc.UseDisregardForGCOnDedicatedServers:0]]
[2019.11.02-11.02.50:899][  0]LogConfig: Applying CVar settings from Section [/Script/Engine.NetworkSettings] File [G:/DUT Info/Fichiers - 2eme année/Ptut/Projet/ProjetRPG/ProjetRPG_Git 4.23/Saved/Config/Windows/Engine.ini]
[2019.11.02-11.02.50:899][  0]LogConfig: Applying CVar settings from Section [/Script/UnrealEd.CookerSettings] File [G:/DUT Info/Fichiers - 2eme année/Ptut/Projet/ProjetRPG/ProjetRPG_Git 4.23/Saved/Config/Windows/Engine.ini]
[2019.11.02-11.02.50:905][  0]LogConfig: Applying CVar settings from Section [ViewDistanceQuality@3] File [G:/DUT Info/Fichiers - 2eme année/Ptut/Projet/ProjetRPG/ProjetRPG_Git 4.23/Saved/Config/Windows/Scalability.ini]
[2019.11.02-11.02.50:905][  0]LogConfig: Setting CVar [[r.SkeletalMeshLODBias:0]]
[2019.11.02-11.02.50:905][  0]LogConfig: Setting CVar [[r.ViewDistanceScale:1.0]]
[2019.11.02-11.02.50:905][  0]LogConfig: Applying CVar settings from Section [AntiAliasingQuality@3] File [G:/DUT Info/Fichiers - 2eme année/Ptut/Projet/ProjetRPG/ProjetRPG_Git 4.23/Saved/Config/Windows/Scalability.ini]
[2019.11.02-11.02.50:905][  0]LogConfig: Setting CVar [[r.PostProcessAAQuality:4]]
[2019.11.02-11.02.50:905][  0]LogConfig: Applying CVar settings from Section [ShadowQuality@3] File [G:/DUT Info/Fichiers - 2eme année/Ptut/Projet/ProjetRPG/ProjetRPG_Git 4.23/Saved/Config/Windows/Scalability.ini]
[2019.11.02-11.02.50:905][  0]LogConfig: Setting CVar [[r.LightFunctionQuality:1]]
[2019.11.02-11.02.50:905][  0]LogConfig: Setting CVar [[r.ShadowQuality:5]]
[2019.11.02-11.02.50:905][  0]LogConfig: Setting CVar [[r.Shadow.CSM.MaxCascades:10]]
[2019.11.02-11.02.50:905][  0]LogConfig: Setting CVar [[r.Shadow.MaxResolution:2048]]
[2019.11.02-11.02.50:905][  0]LogConfig: Setting CVar [[r.Shadow.MaxCSMResolution:2048]]
[2019.11.02-11.02.50:905][  0]LogConfig: Setting CVar [[r.Shadow.RadiusThreshold:0.01]]
[2019.11.02-11.02.50:905][  0]LogConfig: Setting CVar [[r.Shadow.DistanceScale:1.0]]
[2019.11.02-11.02.50:905][  0]LogConfig: Setting CVar [[r.Shadow.CSM.TransitionScale:1.0]]
[2019.11.02-11.02.50:905][  0]LogConfig: Setting CVar [[r.Shadow.PreShadowResolutionFactor:1.0]]
[2019.11.02-11.02.50:905][  0]LogConfig: Setting CVar [[r.DistanceFieldShadowing:1]]
[2019.11.02-11.02.50:905][  0]LogConfig: Setting CVar [[r.DistanceFieldAO:1]]
[2019.11.02-11.02.50:905][  0]LogConfig: Setting CVar [[r.AOQuality:2]]
[2019.11.02-11.02.50:905][  0]LogConfig: Setting CVar [[r.VolumetricFog:1]]
[2019.11.02-11.02.50:905][  0]LogConfig: Setting CVar [[r.VolumetricFog.GridPixelSize:8]]
[2019.11.02-11.02.50:905][  0]LogConfig: Setting CVar [[r.VolumetricFog.GridSizeZ:128]]
[2019.11.02-11.02.50:906][  0]LogConfig: Setting CVar [[r.VolumetricFog.HistoryMissSupersampleCount:4]]
[2019.11.02-11.02.50:906][  0]LogConfig: Setting CVar [[r.LightMaxDrawDistanceScale:1]]
[2019.11.02-11.02.50:906][  0]LogConfig: Setting CVar [[r.CapsuleShadows:1]]
[2019.11.02-11.02.50:906][  0]LogConfig: Applying CVar settings from Section [PostProcessQuality@3] File [G:/DUT Info/Fichiers - 2eme année/Ptut/Projet/ProjetRPG/ProjetRPG_Git 4.23/Saved/Config/Windows/Scalability.ini]
[2019.11.02-11.02.50:906][  0]LogConfig: Setting CVar [[r.MotionBlurQuality:4]]
[2019.11.02-11.02.50:906][  0]LogConfig: Setting CVar [[r.AmbientOcclusionMipLevelFactor:0.4]]
[2019.11.02-11.02.50:906][  0]LogConfig: Setting CVar [[r.AmbientOcclusionMaxQuality:100]]
[2019.11.02-11.02.50:906][  0]LogConfig: Setting CVar [[r.AmbientOcclusionLevels:-1]]
[2019.11.02-11.02.50:906][  0]LogConfig: Setting CVar [[r.AmbientOcclusionRadiusScale:1.0]]
[2019.11.02-11.02.50:906][  0]LogConfig: Setting CVar [[r.DepthOfFieldQuality:2]]
[2019.11.02-11.02.50:906][  0]LogConfig: Setting CVar [[r.RenderTargetPoolMin:400]]
[2019.11.02-11.02.50:906][  0]LogConfig: Setting CVar [[r.LensFlareQuality:2]]
[2019.11.02-11.02.50:906][  0]LogConfig: Setting CVar [[r.SceneColorFringeQuality:1]]
[2019.11.02-11.02.50:906][  0]LogConfig: Setting CVar [[r.EyeAdaptationQuality:2]]
[2019.11.02-11.02.50:906][  0]LogConfig: Setting CVar [[r.BloomQuality:5]]
[2019.11.02-11.02.50:906][  0]LogConfig: Setting CVar [[r.FastBlurThreshold:100]]
[2019.11.02-11.02.50:906][  0]LogConfig: Setting CVar [[r.Upscale.Quality:3]]
[2019.11.02-11.02.50:906][  0]LogConfig: Setting CVar [[r.Tonemapper.GrainQuantization:1]]
[2019.11.02-11.02.50:906][  0]LogConfig: Setting CVar [[r.LightShaftQuality:1]]
[2019.11.02-11.02.50:906][  0]LogConfig: Setting CVar [[r.Filter.SizeScale:1]]
[2019.11.02-11.02.50:906][  0]LogConfig: Setting CVar [[r.Tonemapper.Quality:5]]
[2019.11.02-11.02.50:906][  0]LogConfig: Setting CVar [[r.DOF.Gather.AccumulatorQuality:1        ; higher gathering accumulator quality]]
[2019.11.02-11.02.50:906][  0]LogConfig: Setting CVar [[r.DOF.Gather.PostfilterMethod:1          ; Median3x3 postfilering method]]
[2019.11.02-11.02.50:906][  0]LogConfig: Setting CVar [[r.DOF.Gather.EnableBokehSettings:0       ; no bokeh simulation when gathering]]
[2019.11.02-11.02.50:906][  0]LogConfig: Setting CVar [[r.DOF.Gather.RingCount:4                 ; medium number of samples when gathering]]
[2019.11.02-11.02.50:906][  0]LogConfig: Setting CVar [[r.DOF.Scatter.ForegroundCompositing:1    ; additive foreground scattering]]
[2019.11.02-11.02.50:906][  0]LogConfig: Setting CVar [[r.DOF.Scatter.BackgroundCompositing:2    ; additive background scattering]]
[2019.11.02-11.02.50:906][  0]LogConfig: Setting CVar [[r.DOF.Scatter.EnableBokehSettings:1      ; bokeh simulation when scattering]]
[2019.11.02-11.02.50:906][  0]LogConfig: Setting CVar [[r.DOF.Scatter.MaxSpriteRatio:0.1         ; only a maximum of 10% of scattered bokeh]]
[2019.11.02-11.02.50:906][  0]LogConfig: Setting CVar [[r.DOF.Recombine.Quality:1                ; cheap slight out of focus]]
[2019.11.02-11.02.50:906][  0]LogConfig: Setting CVar [[r.DOF.Recombine.EnableBokehSettings:0    ; no bokeh simulation on slight out of focus]]
[2019.11.02-11.02.50:906][  0]LogConfig: Setting CVar [[r.DOF.TemporalAAQuality:1                ; more stable temporal accumulation]]
[2019.11.02-11.02.50:906][  0]LogConfig: Setting CVar [[r.DOF.Kernel.MaxForegroundRadius:0.025]]
[2019.11.02-11.02.50:906][  0]LogConfig: Setting CVar [[r.DOF.Kernel.MaxBackgroundRadius:0.025]]
[2019.11.02-11.02.50:906][  0]LogConfig: Applying CVar settings from Section [TextureQuality@3] File [G:/DUT Info/Fichiers - 2eme année/Ptut/Projet/ProjetRPG/ProjetRPG_Git 4.23/Saved/Config/Windows/Scalability.ini]
[2019.11.02-11.02.50:906][  0]LogConfig: Setting CVar [[r.Streaming.MipBias:0]]
[2019.11.02-11.02.50:906][  0]LogConfig: Setting CVar [[r.Streaming.AmortizeCPUToGPUCopy:0]]
[2019.11.02-11.02.50:906][  0]LogConfig: Setting CVar [[r.Streaming.MaxNumTexturesToStreamPerFrame:0]]
[2019.11.02-11.02.50:906][  0]LogConfig: Setting CVar [[r.Streaming.Boost:1]]
[2019.11.02-11.02.50:906][  0]LogConfig: Setting CVar [[r.MaxAnisotropy:8]]
[2019.11.02-11.02.50:906][  0]LogConfig: Setting CVar [[r.Streaming.LimitPoolSizeToVRAM:0]]
[2019.11.02-11.02.50:906][  0]LogConfig: Setting CVar [[r.Streaming.PoolSize:1000]]
[2019.11.02-11.02.50:906][  0]LogConfig: Setting CVar [[r.Streaming.MaxEffectiveScreenSize:0]]
[2019.11.02-11.02.50:906][  0]LogConfig: Applying CVar settings from Section [EffectsQuality@3] File [G:/DUT Info/Fichiers - 2eme année/Ptut/Projet/ProjetRPG/ProjetRPG_Git 4.23/Saved/Config/Windows/Scalability.ini]
[2019.11.02-11.02.50:906][  0]LogConfig: Setting CVar [[r.TranslucencyLightingVolumeDim:64]]
[2019.11.02-11.02.50:906][  0]LogConfig: Setting CVar [[r.RefractionQuality:2]]
[2019.11.02-11.02.50:906][  0]LogConfig: Setting CVar [[r.SSR.Quality:3]]
[2019.11.02-11.02.50:906][  0]LogConfig: Setting CVar [[r.SceneColorFormat:4]]
[2019.11.02-11.02.50:906][  0]LogConfig: Setting CVar [[r.DetailMode:2]]
[2019.11.02-11.02.50:906][  0]LogConfig: Setting CVar [[r.TranslucencyVolumeBlur:1]]
[2019.11.02-11.02.50:906][  0]LogConfig: Setting CVar [[r.MaterialQualityLevel:1 ; High quality]]
[2019.11.02-11.02.50:906][  0]LogConfig: Setting CVar [[r.SSS.Scale:1]]
[2019.11.02-11.02.50:906][  0]LogConfig: Setting CVar [[r.SSS.SampleSet:2]]
[2019.11.02-11.02.50:906][  0]LogConfig: Setting CVar [[r.SSS.Quality:1]]
[2019.11.02-11.02.50:906][  0]LogConfig: Setting CVar [[r.SSS.HalfRes:1]]
[2019.11.02-11.02.50:906][  0]LogConfig: Setting CVar [[r.EmitterSpawnRateScale:1.0]]
[2019.11.02-11.02.50:906][  0]LogConfig: Setting CVar [[r.ParticleLightQuality:2]]
[2019.11.02-11.02.50:906][  0]LogConfig: Applying CVar settings from Section [FoliageQuality@3] File [G:/DUT Info/Fichiers - 2eme année/Ptut/Projet/ProjetRPG/ProjetRPG_Git 4.23/Saved/Config/Windows/Scalability.ini]
[2019.11.02-11.02.50:906][  0]LogConfig: Setting CVar [[foliage.DensityScale:1.0]]
[2019.11.02-11.02.50:906][  0]LogConfig: Setting CVar [[grass.DensityScale:1.0]]
[2019.11.02-11.02.50:906][  0]LogInit: Selected Device Profile: [Windows]
[2019.11.02-11.02.50:906][  0]LogInit: Applying CVar settings loaded from the selected device profile: [Windows]
[2019.11.02-11.02.50:908][  0]LogHAL: Display: Platform has ~ 16 GB [17138241536 / 17179869184 / 16], which maps to Larger [LargestMinGB=32, LargerMinGB=12, DefaultMinGB=8, SmallerMinGB=6, SmallestMinGB=0)
[2019.11.02-11.02.50:908][  0]LogInit: Going up to parent DeviceProfile []
[2019.11.02-11.02.50:908][  0]LogConfig: Applying CVar settings from Section [ViewDistanceQuality@3] File [G:/DUT Info/Fichiers - 2eme année/Ptut/Projet/ProjetRPG/ProjetRPG_Git 4.23/Saved/Config/Windows/Scalability.ini]
[2019.11.02-11.02.50:908][  0]LogConfig: Setting CVar [[r.SkeletalMeshLODBias:0]]
[2019.11.02-11.02.50:908][  0]LogConfig: Setting CVar [[r.ViewDistanceScale:1.0]]
[2019.11.02-11.02.50:908][  0]LogConfig: Applying CVar settings from Section [AntiAliasingQuality@3] File [G:/DUT Info/Fichiers - 2eme année/Ptut/Projet/ProjetRPG/ProjetRPG_Git 4.23/Saved/Config/Windows/Scalability.ini]
[2019.11.02-11.02.50:908][  0]LogConfig: Setting CVar [[r.PostProcessAAQuality:4]]
[2019.11.02-11.02.50:908][  0]LogConfig: Applying CVar settings from Section [ShadowQuality@3] File [G:/DUT Info/Fichiers - 2eme année/Ptut/Projet/ProjetRPG/ProjetRPG_Git 4.23/Saved/Config/Windows/Scalability.ini]
[2019.11.02-11.02.50:908][  0]LogConfig: Setting CVar [[r.LightFunctionQuality:1]]
[2019.11.02-11.02.50:908][  0]LogConfig: Setting CVar [[r.ShadowQuality:5]]
[2019.11.02-11.02.50:908][  0]LogConfig: Setting CVar [[r.Shadow.CSM.MaxCascades:10]]
[2019.11.02-11.02.50:908][  0]LogConfig: Setting CVar [[r.Shadow.MaxResolution:2048]]
[2019.11.02-11.02.50:908][  0]LogConfig: Setting CVar [[r.Shadow.MaxCSMResolution:2048]]
[2019.11.02-11.02.50:908][  0]LogConfig: Setting CVar [[r.Shadow.RadiusThreshold:0.01]]
[2019.11.02-11.02.50:908][  0]LogConfig: Setting CVar [[r.Shadow.DistanceScale:1.0]]
[2019.11.02-11.02.50:908][  0]LogConfig: Setting CVar [[r.Shadow.CSM.TransitionScale:1.0]]
[2019.11.02-11.02.50:908][  0]LogConfig: Setting CVar [[r.Shadow.PreShadowResolutionFactor:1.0]]
[2019.11.02-11.02.50:908][  0]LogConfig: Setting CVar [[r.DistanceFieldShadowing:1]]
[2019.11.02-11.02.50:908][  0]LogConfig: Setting CVar [[r.DistanceFieldAO:1]]
[2019.11.02-11.02.50:908][  0]LogConfig: Setting CVar [[r.AOQuality:2]]
[2019.11.02-11.02.50:908][  0]LogConfig: Setting CVar [[r.VolumetricFog:1]]
[2019.11.02-11.02.50:908][  0]LogConfig: Setting CVar [[r.VolumetricFog.GridPixelSize:8]]
[2019.11.02-11.02.50:908][  0]LogConfig: Setting CVar [[r.VolumetricFog.GridSizeZ:128]]
[2019.11.02-11.02.50:908][  0]LogConfig: Setting CVar [[r.VolumetricFog.HistoryMissSupersampleCount:4]]
[2019.11.02-11.02.50:908][  0]LogConfig: Setting CVar [[r.LightMaxDrawDistanceScale:1]]
[2019.11.02-11.02.50:908][  0]LogConfig: Setting CVar [[r.CapsuleShadows:1]]
[2019.11.02-11.02.50:908][  0]LogConfig: Applying CVar settings from Section [PostProcessQuality@3] File [G:/DUT Info/Fichiers - 2eme année/Ptut/Projet/ProjetRPG/ProjetRPG_Git 4.23/Saved/Config/Windows/Scalability.ini]
[2019.11.02-11.02.50:908][  0]LogConfig: Setting CVar [[r.MotionBlurQuality:4]]
[2019.11.02-11.02.50:908][  0]LogConfig: Setting CVar [[r.AmbientOcclusionMipLevelFactor:0.4]]
[2019.11.02-11.02.50:908][  0]LogConfig: Setting CVar [[r.AmbientOcclusionMaxQuality:100]]
[2019.11.02-11.02.50:908][  0]LogConfig: Setting CVar [[r.AmbientOcclusionLevels:-1]]
[2019.11.02-11.02.50:908][  0]LogConfig: Setting CVar [[r.AmbientOcclusionRadiusScale:1.0]]
[2019.11.02-11.02.50:908][  0]LogConfig: Setting CVar [[r.DepthOfFieldQuality:2]]
[2019.11.02-11.02.50:908][  0]LogConfig: Setting CVar [[r.RenderTargetPoolMin:400]]
[2019.11.02-11.02.50:908][  0]LogConfig: Setting CVar [[r.LensFlareQuality:2]]
[2019.11.02-11.02.50:908][  0]LogConfig: Setting CVar [[r.SceneColorFringeQuality:1]]
[2019.11.02-11.02.50:908][  0]LogConfig: Setting CVar [[r.EyeAdaptationQuality:2]]
[2019.11.02-11.02.50:908][  0]LogConfig: Setting CVar [[r.BloomQuality:5]]
[2019.11.02-11.02.50:908][  0]LogConfig: Setting CVar [[r.FastBlurThreshold:100]]
[2019.11.02-11.02.50:908][  0]LogConfig: Setting CVar [[r.Upscale.Quality:3]]
[2019.11.02-11.02.50:908][  0]LogConfig: Setting CVar [[r.Tonemapper.GrainQuantization:1]]
[2019.11.02-11.02.50:909][  0]LogConfig: Setting CVar [[r.LightShaftQuality:1]]
[2019.11.02-11.02.50:909][  0]LogConfig: Setting CVar [[r.Filter.SizeScale:1]]
[2019.11.02-11.02.50:909][  0]LogConfig: Setting CVar [[r.Tonemapper.Quality:5]]
[2019.11.02-11.02.50:909][  0]LogConfig: Setting CVar [[r.DOF.Gather.AccumulatorQuality:1        ; higher gathering accumulator quality]]
[2019.11.02-11.02.50:909][  0]LogConfig: Setting CVar [[r.DOF.Gather.PostfilterMethod:1          ; Median3x3 postfilering method]]
[2019.11.02-11.02.50:909][  0]LogConfig: Setting CVar [[r.DOF.Gather.EnableBokehSettings:0       ; no bokeh simulation when gathering]]
[2019.11.02-11.02.50:909][  0]LogConfig: Setting CVar [[r.DOF.Gather.RingCount:4                 ; medium number of samples when gathering]]
[2019.11.02-11.02.50:909][  0]LogConfig: Setting CVar [[r.DOF.Scatter.ForegroundCompositing:1    ; additive foreground scattering]]
[2019.11.02-11.02.50:909][  0]LogConfig: Setting CVar [[r.DOF.Scatter.BackgroundCompositing:2    ; additive background scattering]]
[2019.11.02-11.02.50:909][  0]LogConfig: Setting CVar [[r.DOF.Scatter.EnableBokehSettings:1      ; bokeh simulation when scattering]]
[2019.11.02-11.02.50:909][  0]LogConfig: Setting CVar [[r.DOF.Scatter.MaxSpriteRatio:0.1         ; only a maximum of 10% of scattered bokeh]]
[2019.11.02-11.02.50:909][  0]LogConfig: Setting CVar [[r.DOF.Recombine.Quality:1                ; cheap slight out of focus]]
[2019.11.02-11.02.50:909][  0]LogConfig: Setting CVar [[r.DOF.Recombine.EnableBokehSettings:0    ; no bokeh simulation on slight out of focus]]
[2019.11.02-11.02.50:909][  0]LogConfig: Setting CVar [[r.DOF.TemporalAAQuality:1                ; more stable temporal accumulation]]
[2019.11.02-11.02.50:909][  0]LogConfig: Setting CVar [[r.DOF.Kernel.MaxForegroundRadius:0.025]]
[2019.11.02-11.02.50:909][  0]LogConfig: Setting CVar [[r.DOF.Kernel.MaxBackgroundRadius:0.025]]
[2019.11.02-11.02.50:909][  0]LogConfig: Applying CVar settings from Section [TextureQuality@3] File [G:/DUT Info/Fichiers - 2eme année/Ptut/Projet/ProjetRPG/ProjetRPG_Git 4.23/Saved/Config/Windows/Scalability.ini]
[2019.11.02-11.02.50:909][  0]LogConfig: Setting CVar [[r.Streaming.MipBias:0]]
[2019.11.02-11.02.50:909][  0]LogConfig: Setting CVar [[r.Streaming.AmortizeCPUToGPUCopy:0]]
[2019.11.02-11.02.50:909][  0]LogConfig: Setting CVar [[r.Streaming.MaxNumTexturesToStreamPerFrame:0]]
[2019.11.02-11.02.50:909][  0]LogConfig: Setting CVar [[r.Streaming.Boost:1]]
[2019.11.02-11.02.50:909][  0]LogConfig: Setting CVar [[r.MaxAnisotropy:8]]
[2019.11.02-11.02.50:909][  0]LogConfig: Setting CVar [[r.Streaming.LimitPoolSizeToVRAM:0]]
[2019.11.02-11.02.50:909][  0]LogConfig: Setting CVar [[r.Streaming.PoolSize:1000]]
[2019.11.02-11.02.50:909][  0]LogConfig: Setting CVar [[r.Streaming.MaxEffectiveScreenSize:0]]
[2019.11.02-11.02.50:909][  0]LogConfig: Applying CVar settings from Section [EffectsQuality@3] File [G:/DUT Info/Fichiers - 2eme année/Ptut/Projet/ProjetRPG/ProjetRPG_Git 4.23/Saved/Config/Windows/Scalability.ini]
[2019.11.02-11.02.50:909][  0]LogConfig: Setting CVar [[r.TranslucencyLightingVolumeDim:64]]
[2019.11.02-11.02.50:909][  0]LogConfig: Setting CVar [[r.RefractionQuality:2]]
[2019.11.02-11.02.50:909][  0]LogConfig: Setting CVar [[r.SSR.Quality:3]]
[2019.11.02-11.02.50:909][  0]LogConfig: Setting CVar [[r.SceneColorFormat:4]]
[2019.11.02-11.02.50:909][  0]LogConfig: Setting CVar [[r.DetailMode:2]]
[2019.11.02-11.02.50:909][  0]LogConfig: Setting CVar [[r.TranslucencyVolumeBlur:1]]
[2019.11.02-11.02.50:909][  0]LogConfig: Setting CVar [[r.MaterialQualityLevel:1 ; High quality]]
[2019.11.02-11.02.50:909][  0]LogConfig: Setting CVar [[r.SSS.Scale:1]]
[2019.11.02-11.02.50:909][  0]LogConfig: Setting CVar [[r.SSS.SampleSet:2]]
[2019.11.02-11.02.50:909][  0]LogConfig: Setting CVar [[r.SSS.Quality:1]]
[2019.11.02-11.02.50:909][  0]LogConfig: Setting CVar [[r.SSS.HalfRes:1]]
[2019.11.02-11.02.50:909][  0]LogConfig: Setting CVar [[r.EmitterSpawnRateScale:1.0]]
[2019.11.02-11.02.50:909][  0]LogConfig: Setting CVar [[r.ParticleLightQuality:2]]
[2019.11.02-11.02.50:909][  0]LogConfig: Applying CVar settings from Section [FoliageQuality@3] File [G:/DUT Info/Fichiers - 2eme année/Ptut/Projet/ProjetRPG/ProjetRPG_Git 4.23/Saved/Config/Windows/Scalability.ini]
[2019.11.02-11.02.50:909][  0]LogConfig: Setting CVar [[foliage.DensityScale:1.0]]
[2019.11.02-11.02.50:909][  0]LogConfig: Setting CVar [[grass.DensityScale:1.0]]
[2019.11.02-11.02.50:909][  0]LogConfig: Applying CVar settings from Section [Startup] File [../../../Engine/Config/ConsoleVariables.ini]
[2019.11.02-11.02.50:909][  0]LogConfig: Setting CVar [[net.UseAdaptiveNetUpdateFrequency:0]]
[2019.11.02-11.02.50:909][  0]LogConfig: Setting CVar [[p.chaos.AllowCreatePhysxBodies:1]]
[2019.11.02-11.02.50:909][  0]LogConfig: Applying CVar settings from Section [ConsoleVariables] File [G:/DUT Info/Fichiers - 2eme année/Ptut/Projet/ProjetRPG/ProjetRPG_Git 4.23/Saved/Config/Windows/Engine.ini]
[2019.11.02-11.02.50:909][  0]LogInit: Computer: PC-CC
[2019.11.02-11.02.50:909][  0]LogInit: User: Cléry
[2019.11.02-11.02.50:909][  0]LogInit: CPU Page size=4096, Cores=4
[2019.11.02-11.02.50:909][  0]LogInit: High frequency timer resolution =3.424677 MHz
[2019.11.02-11.02.50:909][  0]LogMemory: Memory total: Physical=16.0GB (16GB approx)
[2019.11.02-11.02.50:909][  0]LogMemory: Platform Memory Stats for Windows
[2019.11.02-11.02.50:909][  0]LogMemory: Process Physical Memory: 101.25 MB used, 101.25 MB peak
[2019.11.02-11.02.50:909][  0]LogMemory: Process Virtual Memory: 90.77 MB used, 90.77 MB peak
[2019.11.02-11.02.50:909][  0]LogMemory: Physical Memory: 3138.67 MB used,  13205.63 MB free, 16344.30 MB total
[2019.11.02-11.02.50:909][  0]LogMemory: Virtual Memory: 510.55 MB used,  8388097.50 MB free, 8388608.00 MB total
[2019.11.02-11.02.50:917][  0]LogWindows: WindowsPlatformFeatures enabled
[2019.11.02-11.02.50:929][  0]LogInit: Using OS detected language (fr-FR).
[2019.11.02-11.02.50:929][  0]LogInit: Using OS detected locale (fr-FR).
[2019.11.02-11.02.50:930][  0]LogTextLocalizationManager: No specific localization for 'fr-FR' exists, so the 'fr' localization will be used.
[2019.11.02-11.02.50:930][  0]LogTextLocalizationResource: LocRes '../../../Engine/Content/Localization/Editor/fr/Editor.locres' could not be opened for reading!
[2019.11.02-11.02.50:930][  0]LogTextLocalizationResource: LocRes '../../../Engine/Content/Localization/EditorTutorials/fr/EditorTutorials.locres' could not be opened for reading!
[2019.11.02-11.02.50:930][  0]LogTextLocalizationResource: LocRes '../../../Engine/Content/Localization/Keywords/fr/Keywords.locres' could not be opened for reading!
[2019.11.02-11.02.50:930][  0]LogTextLocalizationResource: LocRes '../../../Engine/Content/Localization/Category/fr/Category.locres' could not be opened for reading!
[2019.11.02-11.02.50:930][  0]LogTextLocalizationResource: LocRes '../../../Engine/Content/Localization/ToolTips/fr/ToolTips.locres' could not be opened for reading!
[2019.11.02-11.02.50:930][  0]LogTextLocalizationResource: LocRes '../../../Engine/Content/Localization/PropertyNames/fr/PropertyNames.locres' could not be opened for reading!
[2019.11.02-11.02.50:931][  0]LogTextLocalizationResource: LocRes '../../../Engine/Content/Localization/Engine/fr/Engine.locres' could not be opened for reading!
[2019.11.02-11.02.50:931][  0]LogWindows: Failed to load 'shcore.dll' (GetLastError=126)
[2019.11.02-11.02.50:931][  0]LogWindows: File 'shcore.dll' does not exist
[2019.11.02-11.02.50:931][  0]LogInit: Setting process to DPI aware
[2019.11.02-11.02.50:952][  0]LogSlate: New Slate User Created.  User Index 0, Is Virtual User: 0
[2019.11.02-11.02.50:952][  0]LogSlate: Slate User Registered.  User Index 0, Is Virtual User: 0
[2019.11.02-11.02.51:061][  0]LogHMD: Failed to initialize OpenVR with code 110
[2019.11.02-11.02.51:061][  0]LogD3D11RHI: D3D11 adapters:
[2019.11.02-11.02.51:090][  0]LogD3D11RHI:    0. 'NVIDIA GeForce GTX 1050' (Feature Level 11_0)
[2019.11.02-11.02.51:090][  0]LogD3D11RHI:       1958/0/7916 MB DedicatedVideo/DedicatedSystem/SharedSystem, Outputs:2, VendorId:0x10de
[2019.11.02-11.02.51:090][  0]LogD3D11RHI: Chosen D3D11 Adapter: 0
[2019.11.02-11.02.51:093][  0]LogD3D11RHI: Creating new Direct3DDevice
[2019.11.02-11.02.51:093][  0]LogD3D11RHI:     GPU DeviceId: 0x1c81 (for the marketing name, search the web for "GPU Device Id")
[2019.11.02-11.02.51:093][  0]LogWindows: EnumDisplayDevices:
[2019.11.02-11.02.51:093][  0]LogWindows:    0. 'NVIDIA GeForce GTX 1050' (P:1 D:1)
[2019.11.02-11.02.51:093][  0]LogWindows:    1. 'NVIDIA GeForce GTX 1050' (P:0 D:1)
[2019.11.02-11.02.51:093][  0]LogWindows:    2. 'NVIDIA GeForce GTX 1050' (P:0 D:0)
[2019.11.02-11.02.51:093][  0]LogWindows:    3. 'NVIDIA GeForce GTX 1050' (P:0 D:0)
[2019.11.02-11.02.51:093][  0]LogWindows:    4. 'RDPDD Chained DD' (P:0 D:0)
[2019.11.02-11.02.51:093][  0]LogWindows:    5. 'RDP Encoder Mirror Driver' (P:0 D:0)
[2019.11.02-11.02.51:094][  0]LogWindows:    6. 'RDP Reflector Display Driver' (P:0 D:0)
[2019.11.02-11.02.51:094][  0]LogWindows: DebugString: GetVideoDriverDetailsInvalid PrimaryIsNotTheChoosenAdapter GetVideoDriverDetailsInvalid PrimaryIsNotTheChoosenAdapter GetVideoDriverDetailsInvalid PrimaryIsNotTheChoosenAdapter FoundDriverCount:4 
[2019.11.02-11.02.51:094][  0]LogD3D11RHI:     Adapter Name: NVIDIA GeForce GTX 1050
[2019.11.02-11.02.51:094][  0]LogD3D11RHI:   Driver Version: 419.35 (internal:25.21.14.1935, unified:419.35)
[2019.11.02-11.02.51:094][  0]LogD3D11RHI:      Driver Date: 3-1-2019
[2019.11.02-11.02.51:094][  0]LogRHI: Texture pool is 1371 MB (70% of 1958 MB)
[2019.11.02-11.02.51:111][  0]LogD3D11RHI: Async texture creation enabled
[2019.11.02-11.02.51:126][  0]LogD3D11RHI: GPU Timing Frequency: 1000.000000 (Debug: 2 2)
[2019.11.02-11.02.52:392][  0]LogTemp: Display: Module 'AllDesktopTargetPlatform' loaded TargetPlatform 'AllDesktop'
[2019.11.02-11.02.52:398][  0]LogTemp: Display: Module 'MacClientTargetPlatform' loaded TargetPlatform 'MacClient'
[2019.11.02-11.02.52:405][  0]LogTemp: Display: Module 'MacNoEditorTargetPlatform' loaded TargetPlatform 'MacNoEditor'
[2019.11.02-11.02.52:411][  0]LogTemp: Display: Module 'MacServerTargetPlatform' loaded TargetPlatform 'MacServer'
[2019.11.02-11.02.52:418][  0]LogTemp: Display: Module 'MacTargetPlatform' loaded TargetPlatform 'Mac'
[2019.11.02-11.02.52:425][  0]LogTemp: Display: Module 'WindowsClientTargetPlatform' loaded TargetPlatform 'WindowsClient'
[2019.11.02-11.02.52:432][  0]LogTemp: Display: Module 'WindowsNoEditorTargetPlatform' loaded TargetPlatform 'WindowsNoEditor'
[2019.11.02-11.02.52:438][  0]LogTemp: Display: Module 'WindowsServerTargetPlatform' loaded TargetPlatform 'WindowsServer'
[2019.11.02-11.02.52:441][  0]LogTemp: Display: Module 'WindowsTargetPlatform' loaded TargetPlatform 'Windows'
[2019.11.02-11.02.52:467][  0]LogTemp: Display: Module 'AndroidTargetPlatform' loaded TargetPlatform 'Android'
[2019.11.02-11.02.52:467][  0]LogTemp: Display: Module 'AndroidTargetPlatform' loaded TargetPlatform 'Android_ASTC'
[2019.11.02-11.02.52:467][  0]LogTemp: Display: Module 'AndroidTargetPlatform' loaded TargetPlatform 'Android_ATC'
[2019.11.02-11.02.52:467][  0]LogTemp: Display: Module 'AndroidTargetPlatform' loaded TargetPlatform 'Android_DXT'
[2019.11.02-11.02.52:467][  0]LogTemp: Display: Module 'AndroidTargetPlatform' loaded TargetPlatform 'Android_ETC1'
[2019.11.02-11.02.52:467][  0]LogTemp: Display: Module 'AndroidTargetPlatform' loaded TargetPlatform 'Android_ETC1a'
[2019.11.02-11.02.52:467][  0]LogTemp: Display: Module 'AndroidTargetPlatform' loaded TargetPlatform 'Android_ETC2'
[2019.11.02-11.02.52:467][  0]LogTemp: Display: Module 'AndroidTargetPlatform' loaded TargetPlatform 'Android_PVRTC'
[2019.11.02-11.02.52:467][  0]LogTemp: Display: Module 'AndroidTargetPlatform' loaded TargetPlatform 'AndroidClient'
[2019.11.02-11.02.52:467][  0]LogTemp: Display: Module 'AndroidTargetPlatform' loaded TargetPlatform 'Android_ASTCClient'
[2019.11.02-11.02.52:467][  0]LogTemp: Display: Module 'AndroidTargetPlatform' loaded TargetPlatform 'Android_ATCClient'
[2019.11.02-11.02.52:467][  0]LogTemp: Display: Module 'AndroidTargetPlatform' loaded TargetPlatform 'Android_DXTClient'
[2019.11.02-11.02.52:467][  0]LogTemp: Display: Module 'AndroidTargetPlatform' loaded TargetPlatform 'Android_ETC1Client'
[2019.11.02-11.02.52:467][  0]LogTemp: Display: Module 'AndroidTargetPlatform' loaded TargetPlatform 'Android_ETC1aClient'
[2019.11.02-11.02.52:467][  0]LogTemp: Display: Module 'AndroidTargetPlatform' loaded TargetPlatform 'Android_ETC2Client'
[2019.11.02-11.02.52:467][  0]LogTemp: Display: Module 'AndroidTargetPlatform' loaded TargetPlatform 'Android_PVRTCClient'
[2019.11.02-11.02.52:467][  0]LogTemp: Display: Module 'AndroidTargetPlatform' loaded TargetPlatform 'Android_Multi'
[2019.11.02-11.02.52:467][  0]LogTemp: Display: Module 'AndroidTargetPlatform' loaded TargetPlatform 'Android_MultiClient'
[2019.11.02-11.02.52:468][  0]LogTemp: Display: Module 'HTML5TargetPlatform' loaded TargetPlatform 'HTML5'
[2019.11.02-11.02.52:481][  0]LogTemp: Display: Module 'IOSTargetPlatform' loaded TargetPlatform 'IOSClient'
[2019.11.02-11.02.52:481][  0]LogTemp: Display: Module 'IOSTargetPlatform' loaded TargetPlatform 'IOS'
[2019.11.02-11.02.52:491][  0]LogTemp: Display: Module 'TVOSTargetPlatform' loaded TargetPlatform 'TVOSClient'
[2019.11.02-11.02.52:491][  0]LogTemp: Display: Module 'TVOSTargetPlatform' loaded TargetPlatform 'TVOS'
[2019.11.02-11.02.52:497][  0]LogTemp: Display: Module 'LinuxClientTargetPlatform' loaded TargetPlatform 'LinuxClient'
[2019.11.02-11.02.52:502][  0]LogTemp: Display: Module 'LinuxNoEditorTargetPlatform' loaded TargetPlatform 'LinuxNoEditor'
[2019.11.02-11.02.52:508][  0]LogTemp: Display: Module 'LinuxServerTargetPlatform' loaded TargetPlatform 'LinuxServer'
[2019.11.02-11.02.52:514][  0]LogTemp: Display: Module 'LinuxTargetPlatform' loaded TargetPlatform 'Linux'
[2019.11.02-11.02.52:533][  0]LogTemp: Display: Module 'LuminTargetPlatform' loaded TargetPlatform 'Lumin'
[2019.11.02-11.02.52:533][  0]LogTemp: Display: Module 'LuminTargetPlatform' loaded TargetPlatform 'LuminClient'
[2019.11.02-11.02.52:533][  0]LogTargetPlatformManager: Display: Building Assets For Windows
[2019.11.02-11.02.52:539][  0]LogAudioDebug: Display: Lib vorbis DLL was dynamically loaded.
[2019.11.02-11.02.52:570][  0]LogShaderCompilers: Guid format shader working directory is -28 characters bigger than the processId version (G:/DUT Info/Fichiers - 2eme année/Ptut/Projet/ProjetRPG/ProjetRPG_Git 4.23/Intermediate/Shaders/WorkingDirectory/4324/).
[2019.11.02-11.02.52:570][  0]LogShaderCompilers: Cleaned the shader compiler working directory 'C:/Users/Cléry/AppData/Local/Temp/UnrealShaderWorkingDir/F93FE9914AF98CA3AFA1B687F47B7EA6/'.
[2019.11.02-11.02.52:572][  0]LogXGEController: Cannot use XGE Controller as Incredibuild is not installed on this machine.
[2019.11.02-11.02.52:572][  0]LogShaderCompilers: Cannot use XGE Shader Compiler as Incredibuild is not installed on this machine.
[2019.11.02-11.02.52:572][  0]LogShaderCompilers: Display: Using Local Shader Compiler.
[2019.11.02-11.02.53:150][  0]LogDerivedDataCache: Display: Max Cache Size: 512 MB
[2019.11.02-11.02.53:200][  0]LogDerivedDataCache: Loaded boot cache 0.05s 73MB C:/Users/Cléry/AppData/Local/UnrealEngine/4.23/DerivedDataCache/Boot.ddc.
[2019.11.02-11.02.53:200][  0]LogDerivedDataCache: Display: Loaded Boot cache: C:/Users/Cléry/AppData/Local/UnrealEngine/4.23/DerivedDataCache/Boot.ddc
[2019.11.02-11.02.53:201][  0]LogDerivedDataCache: FDerivedDataBackendGraph:  Pak pak cache file G:/DUT Info/Fichiers - 2eme année/Ptut/Projet/ProjetRPG/ProjetRPG_Git 4.23/DerivedDataCache/DDC.ddp not found, will not use a pak cache.
[2019.11.02-11.02.53:201][  0]LogDerivedDataCache: Unable to find inner node Pak for hierarchical cache Hierarchy.
[2019.11.02-11.02.53:201][  0]LogDerivedDataCache: FDerivedDataBackendGraph:  CompressedPak pak cache file G:/DUT Info/Fichiers - 2eme année/Ptut/Projet/ProjetRPG/ProjetRPG_Git 4.23/DerivedDataCache/Compressed.ddp not found, will not use a pak cache.
[2019.11.02-11.02.53:201][  0]LogDerivedDataCache: Unable to find inner node CompressedPak for hierarchical cache Hierarchy.
[2019.11.02-11.02.53:211][  0]LogDerivedDataCache: Display: Pak cache opened for reading ../../../Engine/DerivedDataCache/Compressed.ddp.
[2019.11.02-11.02.53:211][  0]LogDerivedDataCache: FDerivedDataBackendGraph:  EnterprisePak pak cache file ../../../Enterprise/DerivedDataCache/Compressed.ddp not found, will not use a pak cache.
[2019.11.02-11.02.53:211][  0]LogDerivedDataCache: Unable to find inner node EnterprisePak for hierarchical cache Hierarchy.
[2019.11.02-11.02.53:212][  0]LogDerivedDataCache: Using Local data cache path C:/Users/Cléry/AppData/Local/UnrealEngine/Common/DerivedDataCache: Writable
[2019.11.02-11.02.53:212][  0]LogDerivedDataCache: Shared data cache path not found in *engine.ini, will not use an Shared cache.
[2019.11.02-11.02.53:212][  0]LogDerivedDataCache: Unable to find inner node Shared for hierarchical cache Hierarchy.
[2019.11.02-11.02.53:230][  0]LogMaterial: Verifying Global Shaders for PCD3D_SM5
[2019.11.02-11.02.53:232][  0]LogSlate: Using FreeType 2.6.0
[2019.11.02-11.02.53:232][  0]LogSlate: SlateFontServices - WITH_FREETYPE: 1, WITH_HARFBUZZ: 1
[2019.11.02-11.02.53:276][  0]LogAssetRegistry: FAssetRegistry took 0.0018 seconds to start up
[2019.11.02-11.02.53:495][  0]LogInit: Selected Device Profile: [Windows]
[2019.11.02-11.02.53:629][  0]LogMeshReduction: Using QuadricMeshReduction for automatic static mesh reduction
[2019.11.02-11.02.53:629][  0]LogMeshReduction: Using SimplygonMeshReduction for automatic skeletal mesh reduction
[2019.11.02-11.02.53:629][  0]LogMeshReduction: Using ProxyLODMeshReduction for automatic mesh merging
[2019.11.02-11.02.53:629][  0]LogMeshReduction: No distributed automatic mesh merging module available
[2019.11.02-11.02.53:629][  0]LogMeshMerging: No distributed automatic mesh merging module available
[2019.11.02-11.02.53:638][  0]LogNetVersion: ProjetRPG_Git 1.0.0, NetCL: 8386587, EngineNetVer: 11, GameNetVer: 0 (Checksum: 4283081199)
[2019.11.02-11.02.54:014][  0]LogPackageLocalizationCache: Processed 12 localized package path(s) for 1 prioritized culture(s) in 0.025491 seconds
[2019.11.02-11.02.54:021][  0]LogUObjectArray: 43444 objects as part of root set at end of initial load.
[2019.11.02-11.02.54:021][  0]LogUObjectAllocator: 7548648 out of 0 bytes used by permanent object pool.
[2019.11.02-11.02.54:021][  0]LogUObjectArray: CloseDisregardForGC: 0/0 objects in disregard for GC pool
[2019.11.02-11.02.54:708][  0]LogTcpMessaging: Initializing TcpMessaging bridge
[2019.11.02-11.02.54:711][  0]LogUdpMessaging: Initializing bridge on interface 0.0.0.0:0 to multicast group 230.0.0.1:6666.
[2019.11.02-11.02.54:752][  0]SourceControl: Source control is disabled
[2019.11.02-11.02.54:752][  0]SourceControl: Source control is disabled
[2019.11.02-11.02.54:754][  0]SourceControl: Source control is disabled
[2019.11.02-11.02.54:754][  0]SourceControl: Source control is disabled
[2019.11.02-11.02.54:817][  0]LogAndroidPermission: UAndroidPermissionCallbackProxy::GetInstance
[2019.11.02-11.02.54:916][  0]LogOcInput: OculusInput pre-init called
[2019.11.02-11.02.54:920][  0]LogWindows: Failed to load 'OVRPlugin.dll' (GetLastError=126)
[2019.11.02-11.02.54:920][  0]LogWindows: File 'OVRPlugin.dll' does not exist
[2019.11.02-11.02.54:981][  0]LogEngine: Initializing Engine...
[2019.11.02-11.02.54:981][  0]LogHMD: Failed to initialize OpenVR with code 110
[2019.11.02-11.02.54:982][  0]LogStats: UGameplayTagsManager::InitializeManager -  0.000 s
[2019.11.02-11.02.55:210][  0]LogInit: Initializing FReadOnlyCVARCache
[2019.11.02-11.02.55:220][  0]LogAIModule: Creating AISystem for world Untitled
[2019.11.02-11.02.55:235][  0]LogInit: XAudio2 using 'Haut-parleurs (Realtek High Definition Audio)' : 2 channels at 48 kHz using 32 bits per sample (channel mask 0x3)
[2019.11.02-11.02.55:268][  0]LogInit: FAudioDevice initialized.
[2019.11.02-11.02.55:268][  0]LogNetVersion: Set ProjectVersion to 1.0.0.0. Version Checksum will be recalculated on next use.
[2019.11.02-11.02.55:451][  0]LogDerivedDataCache: Saved boot cache 0.18s 73MB C:/Users/Cléry/AppData/Local/UnrealEngine/4.23/DerivedDataCache/Boot.ddc.
[2019.11.02-11.02.55:455][  0]LogInit: Texture streaming: Enabled
[2019.11.02-11.02.55:468][  0]LogEngineSessionManager: EngineSessionManager initialized
[2019.11.02-11.02.55:496][  0]LogInit: Transaction tracking system initialized
[2019.11.02-11.02.55:516][  0]BlueprintLog: New page: Editor Load
[2019.11.02-11.02.55:570][  0]LocalizationService: Localization service is disabled
[2019.11.02-11.02.55:773][  0]LogFileCache: Scanning file cache for directory 'G:/DUT Info/Fichiers - 2eme année/Ptut/Projet/ProjetRPG/ProjetRPG_Git 4.23/Content/' took 0.00s
[2019.11.02-11.02.55:773][  0]LogCook: Display: Max memory allowance for cook 16384mb min free memory 0mb
[2019.11.02-11.02.55:773][  0]LogCook: Display: Mobile HDR setting 1
[2019.11.02-11.02.55:913][  0]SourceControl: Source control is disabled
[2019.11.02-11.02.55:913][  0]Cmd: MAP LOAD FILE="G:/DUT Info/Fichiers - 2eme année/Ptut/Projet/ProjetRPG/ProjetRPG_Git 4.23/Content/ThirdPersonBP/Maps/ThirdPersonExampleMap.umap" TEMPLATE=0 SHOWPROGRESS=1 FEATURELEVEL=3
[2019.11.02-11.02.55:913][  0]LightingResults: New page: Lighting Build
[2019.11.02-11.02.55:915][  0]LogWorld: UWorld::CleanupWorld for Untitled, bSessionEnded=true, bCleanupResources=true
[2019.11.02-11.02.55:915][  0]MapCheck: New page: Map Check
[2019.11.02-11.02.55:915][  0]LightingResults: New page: Lighting Build
[2019.11.02-11.02.55:939][  0]LogUObjectHash: Compacting FUObjectHashTables data took   1.50ms
[2019.11.02-11.03.02:679][  0]LogAIModule: Creating AISystem for world ThirdPersonExampleMap
[2019.11.02-11.03.02:688][  0]LogEditorServer: Finished looking for orphan Actors (0.000 secs)
[2019.11.02-11.03.02:715][  0]LogUObjectHash: Compacting FUObjectHashTables data took   2.09ms
[2019.11.02-11.03.02:716][  0]Cmd: MAP CHECKDEP NOCLEARLOG
[2019.11.02-11.03.02:716][  0]MapCheck: Map check complete: 0 Error(s), 0 Warning(s), took 0,068ms to complete.
[2019.11.02-11.03.02:716][  0]LogFileHelpers: Loading map 'ThirdPersonExampleMap' took 6.797
[2019.11.02-11.03.02:985][  0]LogSlate: Updating window title bar state: overlay mode, drag disabled, window buttons hidden, title bar hidden
[2019.11.02-11.03.02:991][  0]LogSlate: Updating window title bar state: overlay mode, drag disabled, window buttons hidden, title bar hidden
[2019.11.02-11.03.02:997][  0]LogSlate: Updating window title bar state: overlay mode, drag disabled, window buttons hidden, title bar hidden
[2019.11.02-11.03.03:003][  0]LogSlate: Updating window title bar state: overlay mode, drag disabled, window buttons hidden, title bar hidden
[2019.11.02-11.03.03:038][  0]LogCollectionManager: Loaded 0 collections in 0.001183 seconds
[2019.11.02-11.03.03:043][  0]LogFileCache: Scanning file cache for directory 'G:/DUT Info/Fichiers - 2eme année/Ptut/Projet/ProjetRPG/ProjetRPG_Git 4.23/Saved/Collections/' took 0.00s
[2019.11.02-11.03.03:043][  0]LogFileCache: Scanning file cache for directory 'G:/DUT Info/Fichiers - 2eme année/Ptut/Projet/ProjetRPG/ProjetRPG_Git 4.23/Content/Developers/Cléry/Collections/' took 0.00s
[2019.11.02-11.03.03:043][  0]LogFileCache: Scanning file cache for directory 'G:/DUT Info/Fichiers - 2eme année/Ptut/Projet/ProjetRPG/ProjetRPG_Git 4.23/Content/Collections/' took 0.00s
[2019.11.02-11.03.03:043][  0]LogCollectionManager: Rebuilt the GUID cache for 0 collections in 0.000001 seconds
[2019.11.02-11.03.03:050][  0]LogContentBrowser: Native class hierarchy populated in 0.0074 seconds. Added 2863 classes and 680 folders.
[2019.11.02-11.03.03:055][  0]LogContentBrowser: Native class hierarchy updated for 'WidgetCarousel' in 0.0002 seconds. Added 0 classes and 0 folders.
[2019.11.02-11.03.03:968][  0]LogContentBrowser: Native class hierarchy updated for 'AddContentDialog' in 0.0002 seconds. Added 0 classes and 0 folders.
[2019.11.02-11.03.03:994][  0]LogContentBrowser: Native class hierarchy updated for 'SceneOutliner' in 0.0002 seconds. Added 1 classes and 2 folders.
[2019.11.02-11.03.04:021][  0]LogSlate: Took 0.000084 seconds to synchronously load lazily loaded font '../../../Engine/Content/Slate/Fonts/Roboto-Regular.ttf' (155K)
[2019.11.02-11.03.04:024][  0]LogSlate: Took 0.000140 seconds to synchronously load lazily loaded font '../../../Engine/Content/Slate/Fonts/Roboto-Bold.ttf' (160K)
[2019.11.02-11.03.04:133][  0]LogSlate: Took 0.105639 seconds to synchronously load lazily loaded font '../../../Engine/Content/Editor/Slate/Fonts/FontAwesome.ttf' (139K)
[2019.11.02-11.03.04:247][  0]LogRenderer: Reallocating scene render targets to support 1208x600 Format 10 NumSamples 1 (Frame:1).
[2019.11.02-11.03.04:355][  0]LogContentBrowser: Native class hierarchy updated for 'HierarchicalLODOutliner' in 0.0002 seconds. Added 0 classes and 0 folders.
[2019.11.02-11.03.04:355][  0]LogLoad: (Engine Initialization) Total time: 14.13 seconds
[2019.11.02-11.03.04:355][  0]LogLoad: (Engine Initialization) Total Blueprint compile time: 0.00 seconds
[2019.11.02-11.03.04:413][  0]LogContentStreaming: Texture pool size now 1000 MB
[2019.11.02-11.03.04:463][  0]LogSlate: Took 0.010194 seconds to synchronously load lazily loaded font '../../../Engine/Content/Slate/Fonts/Roboto-Light.ttf' (167K)
[2019.11.02-11.03.04:539][  2]LogAssetRegistry: Asset discovery search completed in 11.2545 seconds
[2019.11.02-11.03.04:542][  2]LogCollectionManager: Rebuilt the object cache for 0 collections in 0.000003 seconds (found 0 objects)
[2019.11.02-11.03.04:542][  2]LogCollectionManager: Fixed up redirectors for 0 collections in 0.000040 seconds (updated 0 objects)
[2019.11.02-11.03.05:379][ 96]LogSlate: Took 0.000091 seconds to synchronously load lazily loaded font '../../../Engine/Content/Slate/Fonts/Roboto-Light.ttf' (167K)
[2019.11.02-11.03.49:062][304]LogSlate: FSceneViewport::OnFocusLost() reason 0
[2019.11.02-11.03.49:149][313]LogAssetEditorManager: Opening Asset editor for Blueprint /Game/ThirdPersonBP/Blueprints/ThirdPersonCharacter.ThirdPersonCharacter
[2019.11.02-11.03.49:563][313]LogContentBrowser: Native class hierarchy updated for 'BlueprintGraph' in 0.0005 seconds. Added 121 classes and 0 folders.
[2019.11.02-11.03.50:424][313]LogAssetEditorManager: Opening Asset editor for WidgetBlueprint /Game/UI/UI_Item.UI_Item
[2019.11.02-11.03.51:008][313]LogSlate: Took 0.006149 seconds to synchronously load lazily loaded font '../../../Engine/Content/Slate/Fonts/Roboto-BoldCondensed.ttf' (158K)
[2019.11.02-11.05.52:970][314]LogSlate: FSceneViewport::OnFocusLost() reason 0
[2019.11.02-11.05.53:054][324]LogTemp: Repeating last play command: Selected Viewport
[2019.11.02-11.05.53:066][324]LogBlueprintUserMessages: Early PlayInEditor Detection: Level '/Game/ThirdPersonBP/Maps/ThirdPersonExampleMap.ThirdPersonExampleMap:PersistentLevel' has LevelScriptBlueprint '/Game/ThirdPersonBP/Maps/ThirdPersonExampleMap.ThirdPersonExampleMap:PersistentLevel.ThirdPersonExampleMap' with GeneratedClass '/Game/ThirdPersonBP/Maps/ThirdPersonExampleMap.ThirdPersonExampleMap_C' with ClassGeneratedBy '/Game/ThirdPersonBP/Maps/ThirdPersonExampleMap.ThirdPersonExampleMap:PersistentLevel.ThirdPersonExampleMap'
[2019.11.02-11.05.53:067][324]LogPlayLevel: PlayLevel: No blueprints needed recompiling
[2019.11.02-11.05.53:067][324]PIE: New page: PIE session: ThirdPersonExampleMap (2 nov. 2019 13:05:53)
[2019.11.02-11.05.53:068][324]LogOnline: OSS: Creating online subsystem instance for: NULL
[2019.11.02-11.05.53:069][324]LogPlayLevel: Creating play world package: /Game/ThirdPersonBP/Maps/UEDPIE_0_ThirdPersonExampleMap
[2019.11.02-11.05.53:084][324]LogPlayLevel: PIE: StaticDuplicateObject took: (0.015400s)
[2019.11.02-11.05.53:085][324]LogAIModule: Creating AISystem for world ThirdPersonExampleMap
[2019.11.02-11.05.53:085][324]LogPlayLevel: PIE: World Init took: (0.001237s)
[2019.11.02-11.05.53:086][324]LogPlayLevel: PIE: Created PIE world by copying editor world from /Game/ThirdPersonBP/Maps/ThirdPersonExampleMap.ThirdPersonExampleMap to /Game/ThirdPersonBP/Maps/UEDPIE_0_ThirdPersonExampleMap.ThirdPersonExampleMap (0.016926s)
[2019.11.02-11.05.53:148][324]LogUObjectHash: Compacting FUObjectHashTables data took   4.39ms
[2019.11.02-11.05.53:153][324]LogInit: XAudio2 using 'Haut-parleurs (Realtek High Definition Audio)' : 2 channels at 48 kHz using 32 bits per sample (channel mask 0x3)
[2019.11.02-11.05.53:184][324]LogInit: FAudioDevice initialized.
[2019.11.02-11.05.53:194][324]LogLoad: Game class is 'ThirdPersonGameMode_C'
[2019.11.02-11.05.53:196][324]LogWorld: Bringing World /Game/ThirdPersonBP/Maps/UEDPIE_0_ThirdPersonExampleMap.ThirdPersonExampleMap up for play (max tick rate 0) at 2019.11.02-12.05.53
[2019.11.02-11.05.53:196][324]LogWorld: Bringing up level for play took: 0.001365
[2019.11.02-11.05.53:196][324]LogOnline: OSS: Creating online subsystem instance for: :Context_4
[2019.11.02-11.05.53:225][324]LogContentBrowser: Native class hierarchy updated for 'MovieSceneCapture' in 0.0002 seconds. Added 20 classes and 0 folders.
[2019.11.02-11.05.53:226][324]PIE: Play in editor start time for /Game/ThirdPersonBP/Maps/UEDPIE_0_ThirdPersonExampleMap 0,904
[2019.11.02-11.05.53:226][324]LogBlueprintUserMessages: Late PlayInEditor Detection: Level '/Game/ThirdPersonBP/Maps/ThirdPersonExampleMap.ThirdPersonExampleMap:PersistentLevel' has LevelScriptBlueprint '/Game/ThirdPersonBP/Maps/ThirdPersonExampleMap.ThirdPersonExampleMap:PersistentLevel.ThirdPersonExampleMap' with GeneratedClass '/Game/ThirdPersonBP/Maps/ThirdPersonExampleMap.ThirdPersonExampleMap_C' with ClassGeneratedBy '/Game/ThirdPersonBP/Maps/ThirdPersonExampleMap.ThirdPersonExampleMap:PersistentLevel.ThirdPersonExampleMap'
[2019.11.02-11.06.07:892][ 47]LogSlate: FSceneViewport::OnFocusLost() reason 0
[2019.11.02-11.06.10:203][320]LogBlueprintUserMessages: Early EndPlayMap Detection: Level '/Game/ThirdPersonBP/Maps/ThirdPersonExampleMap.ThirdPersonExampleMap:PersistentLevel' has LevelScriptBlueprint '/Game/ThirdPersonBP/Maps/ThirdPersonExampleMap.ThirdPersonExampleMap:PersistentLevel.ThirdPersonExampleMap' with GeneratedClass '/Game/ThirdPersonBP/Maps/ThirdPersonExampleMap.ThirdPersonExampleMap_C' with ClassGeneratedBy '/Game/ThirdPersonBP/Maps/ThirdPersonExampleMap.ThirdPersonExampleMap:PersistentLevel.ThirdPersonExampleMap'
[2019.11.02-11.06.10:204][320]LogSlate: Updating window title bar state: overlay mode, drag disabled, window buttons hidden, title bar hidden
[2019.11.02-11.06.10:204][320]LogWorld: BeginTearingDown for /Game/ThirdPersonBP/Maps/UEDPIE_0_ThirdPersonExampleMap
[2019.11.02-11.06.10:204][320]LogWorld: UWorld::CleanupWorld for ThirdPersonExampleMap, bSessionEnded=true, bCleanupResources=true
[2019.11.02-11.06.10:213][320]LogPlayLevel: Display: Shutting down PIE online subsystems
[2019.11.02-11.06.10:213][320]LogBlueprintUserMessages: Late EndPlayMap Detection: Level '/Game/ThirdPersonBP/Maps/ThirdPersonExampleMap.ThirdPersonExampleMap:PersistentLevel' has LevelScriptBlueprint '/Game/ThirdPersonBP/Maps/ThirdPersonExampleMap.ThirdPersonExampleMap:PersistentLevel.ThirdPersonExampleMap' with GeneratedClass '/Game/ThirdPersonBP/Maps/ThirdPersonExampleMap.ThirdPersonExampleMap_C' with ClassGeneratedBy '/Game/ThirdPersonBP/Maps/ThirdPersonExampleMap.ThirdPersonExampleMap:PersistentLevel.ThirdPersonExampleMap'
[2019.11.02-11.06.10:255][320]LogSlate: Updating window title bar state: overlay mode, drag disabled, window buttons hidden, title bar hidden
[2019.11.02-11.06.10:297][320]LogUObjectHash: Compacting FUObjectHashTables data took   4.62ms
[2019.11.02-11.06.10:309][321]LogPlayLevel: Display: Destroying online subsystem :Context_4
[2019.11.02-11.06.10:553][348]LogEditorViewport: Clicking on Actor (LMB): StaticMeshActor (Floor)
[2019.11.02-11.06.15:752][949]LogSlate: FSceneViewport::OnFocusLost() reason 0
[2019.11.02-11.06.15:831][950]LogSlate: Took 0.010456 seconds to synchronously load lazily loaded font '../../../Engine/Content/Slate/Fonts/Roboto-Italic.ttf' (157K)
[2019.11.02-11.08.14:150][ 67]LogAssetEditorManager: Opening Asset editor for Blueprint /Game/Items/BP_potion.BP_potion
[2019.11.02-11.08.42:440][313]LogWorld: UWorld::CleanupWorld for World_7, bSessionEnded=true, bCleanupResources=true
[2019.11.02-11.09.29:251][442]LogEditorViewport: Clicking on Actor (LMB): StaticMeshActor (Linear_Stair_StaticMesh)
[2019.11.02-11.09.29:834][503]LogSlate: FSceneViewport::OnFocusLost() reason 0
[2019.11.02-11.09.29:925][514]LogTemp: Repeating last play command: Selected Viewport
[2019.11.02-11.09.29:938][514]LogBlueprintUserMessages: Early PlayInEditor Detection: Level '/Game/ThirdPersonBP/Maps/ThirdPersonExampleMap.ThirdPersonExampleMap:PersistentLevel' has LevelScriptBlueprint '/Game/ThirdPersonBP/Maps/ThirdPersonExampleMap.ThirdPersonExampleMap:PersistentLevel.ThirdPersonExampleMap' with GeneratedClass '/Game/ThirdPersonBP/Maps/ThirdPersonExampleMap.ThirdPersonExampleMap_C' with ClassGeneratedBy '/Game/ThirdPersonBP/Maps/ThirdPersonExampleMap.ThirdPersonExampleMap:PersistentLevel.ThirdPersonExampleMap'
[2019.11.02-11.09.29:938][514]LogPlayLevel: PlayLevel: No blueprints needed recompiling
[2019.11.02-11.09.29:938][514]PIE: New page: PIE session: ThirdPersonExampleMap (2 nov. 2019 13:09:29)
[2019.11.02-11.09.29:938][514]LogPlayLevel: Creating play world package: /Game/ThirdPersonBP/Maps/UEDPIE_0_ThirdPersonExampleMap
[2019.11.02-11.09.29:951][514]LogPlayLevel: PIE: StaticDuplicateObject took: (0.012550s)
[2019.11.02-11.09.29:952][514]LogAIModule: Creating AISystem for world ThirdPersonExampleMap
[2019.11.02-11.09.29:952][514]LogPlayLevel: PIE: World Init took: (0.001029s)
[2019.11.02-11.09.29:952][514]LogPlayLevel: PIE: Created PIE world by copying editor world from /Game/ThirdPersonBP/Maps/ThirdPersonExampleMap.ThirdPersonExampleMap to /Game/ThirdPersonBP/Maps/UEDPIE_0_ThirdPersonExampleMap.ThirdPersonExampleMap (0.013750s)
[2019.11.02-11.09.30:014][514]LogUObjectHash: Compacting FUObjectHashTables data took   3.68ms
[2019.11.02-11.09.30:018][514]LogInit: XAudio2 using 'Haut-parleurs (Realtek High Definition Audio)' : 2 channels at 48 kHz using 32 bits per sample (channel mask 0x3)
[2019.11.02-11.09.30:050][514]LogInit: FAudioDevice initialized.
[2019.11.02-11.09.30:056][514]LogLoad: Game class is 'ThirdPersonGameMode_C'
[2019.11.02-11.09.30:058][514]LogWorld: Bringing World /Game/ThirdPersonBP/Maps/UEDPIE_0_ThirdPersonExampleMap.ThirdPersonExampleMap up for play (max tick rate 0) at 2019.11.02-12.09.30
[2019.11.02-11.09.30:058][514]LogWorld: Bringing up level for play took: 0.001571
[2019.11.02-11.09.30:058][514]LogOnline: OSS: Creating online subsystem instance for: :Context_10
[2019.11.02-11.09.30:060][514]PIE: Play in editor start time for /Game/ThirdPersonBP/Maps/UEDPIE_0_ThirdPersonExampleMap -0,439
[2019.11.02-11.09.30:060][514]LogBlueprintUserMessages: Late PlayInEditor Detection: Level '/Game/ThirdPersonBP/Maps/ThirdPersonExampleMap.ThirdPersonExampleMap:PersistentLevel' has LevelScriptBlueprint '/Game/ThirdPersonBP/Maps/ThirdPersonExampleMap.ThirdPersonExampleMap:PersistentLevel.ThirdPersonExampleMap' with GeneratedClass '/Game/ThirdPersonBP/Maps/ThirdPersonExampleMap.ThirdPersonExampleMap_C' with ClassGeneratedBy '/Game/ThirdPersonBP/Maps/ThirdPersonExampleMap.ThirdPersonExampleMap:PersistentLevel.ThirdPersonExampleMap'
[2019.11.02-11.09.43:661][141]LogSlate: FSceneViewport::OnFocusLost() reason 0
[2019.11.02-11.09.47:502][598]LogBlueprintUserMessages: Early EndPlayMap Detection: Level '/Game/ThirdPersonBP/Maps/ThirdPersonExampleMap.ThirdPersonExampleMap:PersistentLevel' has LevelScriptBlueprint '/Game/ThirdPersonBP/Maps/ThirdPersonExampleMap.ThirdPersonExampleMap:PersistentLevel.ThirdPersonExampleMap' with GeneratedClass '/Game/ThirdPersonBP/Maps/ThirdPersonExampleMap.ThirdPersonExampleMap_C' with ClassGeneratedBy '/Game/ThirdPersonBP/Maps/ThirdPersonExampleMap.ThirdPersonExampleMap:PersistentLevel.ThirdPersonExampleMap'
[2019.11.02-11.09.47:502][598]LogSlate: Updating window title bar state: overlay mode, drag disabled, window buttons hidden, title bar hidden
[2019.11.02-11.09.47:502][598]LogWorld: BeginTearingDown for /Game/ThirdPersonBP/Maps/UEDPIE_0_ThirdPersonExampleMap
[2019.11.02-11.09.47:502][598]LogWorld: UWorld::CleanupWorld for ThirdPersonExampleMap, bSessionEnded=true, bCleanupResources=true
[2019.11.02-11.09.47:517][598]LogPlayLevel: Display: Shutting down PIE online subsystems
[2019.11.02-11.09.47:517][598]LogBlueprintUserMessages: Late EndPlayMap Detection: Level '/Game/ThirdPersonBP/Maps/ThirdPersonExampleMap.ThirdPersonExampleMap:PersistentLevel' has LevelScriptBlueprint '/Game/ThirdPersonBP/Maps/ThirdPersonExampleMap.ThirdPersonExampleMap:PersistentLevel.ThirdPersonExampleMap' with GeneratedClass '/Game/ThirdPersonBP/Maps/ThirdPersonExampleMap.ThirdPersonExampleMap_C' with ClassGeneratedBy '/Game/ThirdPersonBP/Maps/ThirdPersonExampleMap.ThirdPersonExampleMap:PersistentLevel.ThirdPersonExampleMap'
[2019.11.02-11.09.47:558][598]LogSlate: Updating window title bar state: overlay mode, drag disabled, window buttons hidden, title bar hidden
[2019.11.02-11.09.47:562][598]LogUObjectHash: Compacting FUObjectHashTables data took   2.75ms
[2019.11.02-11.09.47:609][603]LogPlayLevel: Display: Destroying online subsystem :Context_10
[2019.11.02-11.10.00:241][298]LogActorComponent: UnregisterComponent: (/Engine/Transient.EditorFloorComp) Not registered. Aborting.
[2019.11.02-11.10.00:241][298]LogWorld: UWorld::CleanupWorld for World_0, bSessionEnded=true, bCleanupResources=true
[2019.11.02-11.10.52:660][905]LogEditorTransaction: Undo Delete current selection
[2019.11.02-11.13.09:415][787]LogEditorTransaction: Undo Move Node
[2019.11.02-11.14.11:640][166]BlueprintLog: New page: Compile UI_Item
[2019.11.02-11.14.11:689][166]LogUObjectHash: Compacting FUObjectHashTables data took   4.47ms
[2019.11.02-11.14.12:235][224]Cmd: OBJ SAVEPACKAGE PACKAGE="/Game/UI/UI_Item" FILE="G:/DUT Info/Fichiers - 2eme année/Ptut/Projet/ProjetRPG/ProjetRPG_Git 4.23/Content/UI/UI_Item.uasset" SILENT=true
[2019.11.02-11.14.12:255][224]LogSavePackage: Moving 'G:/DUT Info/Fichiers - 2eme année/Ptut/Projet/ProjetRPG/ProjetRPG_Git 4.23/Saved/UI_Item82C10CA1445CF41433CDF782BEFD4939.tmp' to 'G:/DUT Info/Fichiers - 2eme année/Ptut/Projet/ProjetRPG/ProjetRPG_Git 4.23/Content/UI/UI_Item.uasset'
[2019.11.02-11.17.38:650][928]BlueprintLog: New page: Compile UI_Item
[2019.11.02-11.17.38:697][928]LogUObjectHash: Compacting FUObjectHashTables data took   4.37ms
[2019.11.02-11.17.39:197][981]Cmd: OBJ SAVEPACKAGE PACKAGE="/Game/UI/UI_Item" FILE="G:/DUT Info/Fichiers - 2eme année/Ptut/Projet/ProjetRPG/ProjetRPG_Git 4.23/Content/UI/UI_Item.uasset" SILENT=true
[2019.11.02-11.17.39:217][981]LogSavePackage: Moving 'G:/DUT Info/Fichiers - 2eme année/Ptut/Projet/ProjetRPG/ProjetRPG_Git 4.23/Saved/UI_Item4E2FAFBC4B4ACEF6E9A93293FE593CEB.tmp' to 'G:/DUT Info/Fichiers - 2eme année/Ptut/Projet/ProjetRPG/ProjetRPG_Git 4.23/Content/UI/UI_Item.uasset'
[2019.11.02-11.17.55:171][885]LogEditorTransaction: Undo Move Node
[2019.11.02-11.18.01:105][566]BlueprintLog: New page: Compile UI_Item
[2019.11.02-11.18.01:150][566]LogUObjectHash: Compacting FUObjectHashTables data took   4.56ms
[2019.11.02-11.18.01:893][645]Cmd: OBJ SAVEPACKAGE PACKAGE="/Game/UI/UI_Item" FILE="G:/DUT Info/Fichiers - 2eme année/Ptut/Projet/ProjetRPG/ProjetRPG_Git 4.23/Content/UI/UI_Item.uasset" SILENT=true
[2019.11.02-11.18.01:913][645]LogSavePackage: Moving 'G:/DUT Info/Fichiers - 2eme année/Ptut/Projet/ProjetRPG/ProjetRPG_Git 4.23/Saved/UI_Item6BB46D464DA214E372543B9251ACF0BE.tmp' to 'G:/DUT Info/Fichiers - 2eme année/Ptut/Projet/ProjetRPG/ProjetRPG_Git 4.23/Content/UI/UI_Item.uasset'
[2019.11.02-11.18.38:693][990]LogUObjectHash: Compacting FUObjectHashTables data took   4.43ms
[2019.11.02-11.18.38:693][990]LogFileHelpers: Editor autosave (incl. sublevels) for '/Game/ThirdPersonBP/Maps/ThirdPersonExampleMap' took 0.038
[2019.11.02-11.18.38:694][990]OBJ SavePackage: Generating thumbnails for [0] asset(s) in package [/Game/UI/UI_Item] ([1] browsable assets)...
[2019.11.02-11.18.38:694][990]OBJ SavePackage: Finished generating thumbnails for package [/Game/UI/UI_Item]
[2019.11.02-11.18.38:694][990]Cmd: OBJ SAVEPACKAGE PACKAGE="/Game/UI/UI_Item" FILE="G:/DUT Info/Fichiers - 2eme année/Ptut/Projet/ProjetRPG/ProjetRPG_Git 4.23/Saved/Autosaves/Game/UI/UI_Item_Auto1.uasset" SILENT=false AUTOSAVING=true
[2019.11.02-11.18.38:715][990]LogSavePackage: Moving 'G:/DUT Info/Fichiers - 2eme année/Ptut/Projet/ProjetRPG/ProjetRPG_Git 4.23/Saved/UI_Item_Auto1DC082F684220DC6EB1F13B8A5649C28B.tmp' to 'G:/DUT Info/Fichiers - 2eme année/Ptut/Projet/ProjetRPG/ProjetRPG_Git 4.23/Saved/Autosaves/Game/UI/UI_Item_Auto1.uasset'
[2019.11.02-11.18.38:716][990]LogFileHelpers: Auto-saving content packages took 0.022
[2019.11.02-11.19.29:927][ 20]BlueprintLog: New page: Compile UI_Item
[2019.11.02-11.19.29:973][ 20]LogUObjectHash: Compacting FUObjectHashTables data took   3.60ms
[2019.11.02-11.19.30:990][127]Cmd: OBJ SAVEPACKAGE PACKAGE="/Game/UI/UI_Item" FILE="G:/DUT Info/Fichiers - 2eme année/Ptut/Projet/ProjetRPG/ProjetRPG_Git 4.23/Content/UI/UI_Item.uasset" SILENT=true
[2019.11.02-11.19.31:013][127]LogSavePackage: Moving 'G:/DUT Info/Fichiers - 2eme année/Ptut/Projet/ProjetRPG/ProjetRPG_Git 4.23/Saved/UI_ItemED22C0D840E2389A8EA148AE664E2ADF.tmp' to 'G:/DUT Info/Fichiers - 2eme année/Ptut/Projet/ProjetRPG/ProjetRPG_Git 4.23/Content/UI/UI_Item.uasset'
[2019.11.02-11.19.58:595][422]Cmd: OBJ SAVEPACKAGE PACKAGE="/Game/UI/UI_Item" FILE="G:/DUT Info/Fichiers - 2eme année/Ptut/Projet/ProjetRPG/ProjetRPG_Git 4.23/Content/UI/UI_Item.uasset" SILENT=true
[2019.11.02-11.19.58:616][422]LogSavePackage: Moving 'G:/DUT Info/Fichiers - 2eme année/Ptut/Projet/ProjetRPG/ProjetRPG_Git 4.23/Saved/UI_ItemDBBF1F2648B50C79D92FC3A3384C4354.tmp' to 'G:/DUT Info/Fichiers - 2eme année/Ptut/Projet/ProjetRPG/ProjetRPG_Git 4.23/Content/UI/UI_Item.uasset'
[2019.11.02-11.22.31:540][646]BlueprintLog: New page: Compile UI_Item
[2019.11.02-11.22.31:590][646]LogUObjectHash: Compacting FUObjectHashTables data took   4.75ms
[2019.11.02-11.22.32:141][704]Cmd: OBJ SAVEPACKAGE PACKAGE="/Game/UI/UI_Item" FILE="G:/DUT Info/Fichiers - 2eme année/Ptut/Projet/ProjetRPG/ProjetRPG_Git 4.23/Content/UI/UI_Item.uasset" SILENT=true
[2019.11.02-11.22.32:166][704]LogSavePackage: Moving 'G:/DUT Info/Fichiers - 2eme année/Ptut/Projet/ProjetRPG/ProjetRPG_Git 4.23/Saved/UI_ItemB308B49C4642D600580449B952476594.tmp' to 'G:/DUT Info/Fichiers - 2eme année/Ptut/Projet/ProjetRPG/ProjetRPG_Git 4.23/Content/UI/UI_Item.uasset'
[2019.11.02-11.23.12:667][547]LogEditorTransaction: Undo Create Reroute Node
[2019.11.02-11.23.14:968][793]BlueprintLog: New page: Compile UI_Item
[2019.11.02-11.23.15:015][793]LogUObjectHash: Compacting FUObjectHashTables data took   4.38ms
[2019.11.02-11.23.15:474][838]Cmd: OBJ SAVEPACKAGE PACKAGE="/Game/UI/UI_Item" FILE="G:/DUT Info/Fichiers - 2eme année/Ptut/Projet/ProjetRPG/ProjetRPG_Git 4.23/Content/UI/UI_Item.uasset" SILENT=true
[2019.11.02-11.23.15:499][838]LogSavePackage: Moving 'G:/DUT Info/Fichiers - 2eme année/Ptut/Projet/ProjetRPG/ProjetRPG_Git 4.23/Saved/UI_Item697EEB434245C809F6F8C5ABE0EF302F.tmp' to 'G:/DUT Info/Fichiers - 2eme année/Ptut/Projet/ProjetRPG/ProjetRPG_Git 4.23/Content/UI/UI_Item.uasset'
[2019.11.02-11.24.55:665][966]BlueprintLog: New page: Compile UI_Item
[2019.11.02-11.24.55:715][966]LogUObjectHash: Compacting FUObjectHashTables data took   4.46ms
[2019.11.02-11.24.56:350][ 35]Cmd: OBJ SAVEPACKAGE PACKAGE="/Game/UI/UI_Item" FILE="G:/DUT Info/Fichiers - 2eme année/Ptut/Projet/ProjetRPG/ProjetRPG_Git 4.23/Content/UI/UI_Item.uasset" SILENT=true
[2019.11.02-11.24.56:376][ 35]LogSavePackage: Moving 'G:/DUT Info/Fichiers - 2eme année/Ptut/Projet/ProjetRPG/ProjetRPG_Git 4.23/Saved/UI_Item1909D7FA439B2C851F0AA284D58D2A3F.tmp' to 'G:/DUT Info/Fichiers - 2eme année/Ptut/Projet/ProjetRPG/ProjetRPG_Git 4.23/Content/UI/UI_Item.uasset'
[2019.11.02-11.25.12:689][969]LogEditorTransaction: Undo Move Node
[2019.11.02-11.25.56:908][179]LogEditorTransaction: Undo Move Node
[2019.11.02-11.25.57:413][215]LogEditorTransaction: Undo Create Pin Link
[2019.11.02-11.25.58:276][313]LogEditorTransaction: Undo Delete current selection
[2019.11.02-11.25.58:787][370]LogEditorTransaction: Undo Move Node
[2019.11.02-11.25.59:151][411]LogEditorTransaction: Undo Move Node
[2019.11.02-11.25.59:582][460]LogEditorTransaction: Undo Move Node
[2019.11.02-11.25.59:955][502]LogEditorTransaction: Undo Create Reroute Node
[2019.11.02-11.26.00:339][544]LogEditorTransaction: Undo Create Pin Link
[2019.11.02-11.26.00:794][596]LogEditorTransaction: Undo Move Node
[2019.11.02-11.26.01:223][645]LogEditorTransaction: Undo Create Pin Link
[2019.11.02-11.26.01:762][707]LogEditorTransaction: Undo Move Node
[2019.11.02-11.26.02:657][812]LogEditorTransaction: Undo Paste clipboard contents
[2019.11.02-11.26.19:772][837]BlueprintLog: New page: Compile UI_Item
[2019.11.02-11.26.19:822][837]LogUObjectHash: Compacting FUObjectHashTables data took   4.70ms
[2019.11.02-11.26.20:684][931]Cmd: OBJ SAVEPACKAGE PACKAGE="/Game/UI/UI_Item" FILE="G:/DUT Info/Fichiers - 2eme année/Ptut/Projet/ProjetRPG/ProjetRPG_Git 4.23/Content/UI/UI_Item.uasset" SILENT=true
[2019.11.02-11.26.20:712][931]LogSavePackage: Moving 'G:/DUT Info/Fichiers - 2eme année/Ptut/Projet/ProjetRPG/ProjetRPG_Git 4.23/Saved/UI_Item07B623CF48E78F36AB030A88FEA4687D.tmp' to 'G:/DUT Info/Fichiers - 2eme année/Ptut/Projet/ProjetRPG/ProjetRPG_Git 4.23/Content/UI/UI_Item.uasset'
[2019.11.02-11.26.30:089][ 40]LogTemp: Repeating last play command: Selected Viewport
[2019.11.02-11.26.30:100][ 40]LogBlueprintUserMessages: Early PlayInEditor Detection: Level '/Game/ThirdPersonBP/Maps/ThirdPersonExampleMap.ThirdPersonExampleMap:PersistentLevel' has LevelScriptBlueprint '/Game/ThirdPersonBP/Maps/ThirdPersonExampleMap.ThirdPersonExampleMap:PersistentLevel.ThirdPersonExampleMap' with GeneratedClass '/Game/ThirdPersonBP/Maps/ThirdPersonExampleMap.ThirdPersonExampleMap_C' with ClassGeneratedBy '/Game/ThirdPersonBP/Maps/ThirdPersonExampleMap.ThirdPersonExampleMap:PersistentLevel.ThirdPersonExampleMap'
[2019.11.02-11.26.30:100][ 40]LogPlayLevel: PlayLevel: No blueprints needed recompiling
[2019.11.02-11.26.30:100][ 40]PIE: New page: PIE session: ThirdPersonExampleMap (2 nov. 2019 13:26:30)
[2019.11.02-11.26.30:100][ 40]LogPlayLevel: Creating play world package: /Game/ThirdPersonBP/Maps/UEDPIE_0_ThirdPersonExampleMap
[2019.11.02-11.26.30:114][ 40]LogPlayLevel: PIE: StaticDuplicateObject took: (0.013901s)
[2019.11.02-11.26.30:115][ 40]LogAIModule: Creating AISystem for world ThirdPersonExampleMap
[2019.11.02-11.26.30:115][ 40]LogPlayLevel: PIE: World Init took: (0.001346s)
[2019.11.02-11.26.30:115][ 40]LogPlayLevel: PIE: Created PIE world by copying editor world from /Game/ThirdPersonBP/Maps/ThirdPersonExampleMap.ThirdPersonExampleMap to /Game/ThirdPersonBP/Maps/UEDPIE_0_ThirdPersonExampleMap.ThirdPersonExampleMap (0.015427s)
[2019.11.02-11.26.30:156][ 40]LogUObjectHash: Compacting FUObjectHashTables data took   4.38ms
[2019.11.02-11.26.30:160][ 40]LogInit: XAudio2 using 'Haut-parleurs (Realtek High Definition Audio)' : 2 channels at 48 kHz using 32 bits per sample (channel mask 0x3)
[2019.11.02-11.26.30:192][ 40]LogInit: FAudioDevice initialized.
[2019.11.02-11.26.30:201][ 40]LogLoad: Game class is 'ThirdPersonGameMode_C'
[2019.11.02-11.26.30:203][ 40]LogWorld: Bringing World /Game/ThirdPersonBP/Maps/UEDPIE_0_ThirdPersonExampleMap.ThirdPersonExampleMap up for play (max tick rate 0) at 2019.11.02-12.26.30
[2019.11.02-11.26.30:203][ 40]LogWorld: Bringing up level for play took: 0.001523
[2019.11.02-11.26.30:203][ 40]LogOnline: OSS: Creating online subsystem instance for: :Context_11
[2019.11.02-11.26.30:205][ 40]PIE: Play in editor start time for /Game/ThirdPersonBP/Maps/UEDPIE_0_ThirdPersonExampleMap 0,871
[2019.11.02-11.26.30:205][ 40]LogBlueprintUserMessages: Late PlayInEditor Detection: Level '/Game/ThirdPersonBP/Maps/ThirdPersonExampleMap.ThirdPersonExampleMap:PersistentLevel' has LevelScriptBlueprint '/Game/ThirdPersonBP/Maps/ThirdPersonExampleMap.ThirdPersonExampleMap:PersistentLevel.ThirdPersonExampleMap' with GeneratedClass '/Game/ThirdPersonBP/Maps/ThirdPersonExampleMap.ThirdPersonExampleMap_C' with ClassGeneratedBy '/Game/ThirdPersonBP/Maps/ThirdPersonExampleMap.ThirdPersonExampleMap:PersistentLevel.ThirdPersonExampleMap'
[2019.11.02-11.26.41:167][351]LogSlate: FSceneViewport::OnFocusLost() reason 0
[2019.11.02-11.26.53:043][772]LogBlueprintUserMessages: Early EndPlayMap Detection: Level '/Game/ThirdPersonBP/Maps/ThirdPersonExampleMap.ThirdPersonExampleMap:PersistentLevel' has LevelScriptBlueprint '/Game/ThirdPersonBP/Maps/ThirdPersonExampleMap.ThirdPersonExampleMap:PersistentLevel.ThirdPersonExampleMap' with GeneratedClass '/Game/ThirdPersonBP/Maps/ThirdPersonExampleMap.ThirdPersonExampleMap_C' with ClassGeneratedBy '/Game/ThirdPersonBP/Maps/ThirdPersonExampleMap.ThirdPersonExampleMap:PersistentLevel.ThirdPersonExampleMap'
[2019.11.02-11.26.53:043][772]LogSlate: Updating window title bar state: overlay mode, drag disabled, window buttons hidden, title bar hidden
[2019.11.02-11.26.53:043][772]LogWorld: BeginTearingDown for /Game/ThirdPersonBP/Maps/UEDPIE_0_ThirdPersonExampleMap
[2019.11.02-11.26.53:043][772]LogWorld: UWorld::CleanupWorld for ThirdPersonExampleMap, bSessionEnded=true, bCleanupResources=true
[2019.11.02-11.26.53:050][772]LogPlayLevel: Display: Shutting down PIE online subsystems
[2019.11.02-11.26.53:050][772]LogBlueprintUserMessages: Late EndPlayMap Detection: Level '/Game/ThirdPersonBP/Maps/ThirdPersonExampleMap.ThirdPersonExampleMap:PersistentLevel' has LevelScriptBlueprint '/Game/ThirdPersonBP/Maps/ThirdPersonExampleMap.ThirdPersonExampleMap:PersistentLevel.ThirdPersonExampleMap' with GeneratedClass '/Game/ThirdPersonBP/Maps/ThirdPersonExampleMap.ThirdPersonExampleMap_C' with ClassGeneratedBy '/Game/ThirdPersonBP/Maps/ThirdPersonExampleMap.ThirdPersonExampleMap:PersistentLevel.ThirdPersonExampleMap'
[2019.11.02-11.26.53:089][772]LogSlate: Updating window title bar state: overlay mode, drag disabled, window buttons hidden, title bar hidden
[2019.11.02-11.26.53:094][772]LogUObjectHash: Compacting FUObjectHashTables data took   2.97ms
[2019.11.02-11.26.53:153][776]LogPlayLevel: Display: Destroying online subsystem :Context_11
[2019.11.02-11.26.54:000][877]LogSlate: FSceneViewport::OnFocusLost() reason 0
[2019.11.02-11.26.55:042][998]BlueprintLog: New page: Compile UI_Item
[2019.11.02-11.26.55:089][998]LogUObjectHash: Compacting FUObjectHashTables data took   4.46ms
[2019.11.02-11.26.55:643][ 58]Cmd: OBJ SAVEPACKAGE PACKAGE="/Game/UI/UI_Item" FILE="G:/DUT Info/Fichiers - 2eme année/Ptut/Projet/ProjetRPG/ProjetRPG_Git 4.23/Content/UI/UI_Item.uasset" SILENT=true
[2019.11.02-11.26.55:671][ 58]LogSavePackage: Moving 'G:/DUT Info/Fichiers - 2eme année/Ptut/Projet/ProjetRPG/ProjetRPG_Git 4.23/Saved/UI_Item8F4D018943AE87CC2BF0D4AFC111E7A5.tmp' to 'G:/DUT Info/Fichiers - 2eme année/Ptut/Projet/ProjetRPG/ProjetRPG_Git 4.23/Content/UI/UI_Item.uasset'
[2019.11.02-11.27.11:697][955]LogAssetEditorManager: Opening Asset editor for Blueprint /Game/ThirdPersonBP/Blueprints/ThirdPersonCharacter.ThirdPersonCharacter
[2019.11.02-11.27.27:731][798]LogWorld: UWorld::CleanupWorld for World_9, bSessionEnded=true, bCleanupResources=true
