Log file open, 01/07/20 08:48:24
LogWindows: Failed to load 'aqProf.dll' (GetLastError=126)
LogWindows: File 'aqProf.dll' does not exist
LogWindows: Failed to load 'VtuneApi.dll' (GetLastError=126)
LogWindows: File 'VtuneApi.dll' does not exist
LogWindows: Failed to load 'VtuneApi32e.dll' (GetLastError=126)
LogWindows: File 'VtuneApi32e.dll' does not exist
LogConsoleResponse: Display: Failed to find resolution value strings in scalability ini. Falling back to default.
LogInit: Display: Running engine for game: ProjetFallenDer
LogPlatformFile: Not using cached read wrapper
LogTaskGraph: Started task graph with 5 named threads and 23 total threads with 3 sets of task threads.
LogStats: Stats thread started at 0.095864
LogD3D11RHI: Loaded GFSDK_Aftermath_Lib.x64.dll
LogICUInternationalization: ICU TimeZone Detection - Raw Offset: +1:00, Platform Override: ''
LogPluginManager: Mounting plugin Paper2D
LogPluginManager: Mounting plugin AISupport
LogPluginManager: Mounting plugin LightPropagationVolume
LogPluginManager: Mounting plugin ActorLayerUtilities
LogPluginManager: Mounting plugin AnimationSharing
LogPluginManager: Mounting plugin CLionSourceCodeAccess
LogPluginManager: Mounting plugin CodeLiteSourceCodeAccess
LogPluginManager: Mounting plugin GitSourceControl
LogPluginManager: Mounting plugin KDevelopSourceCodeAccess
LogPluginManager: Mounting plugin NullSourceCodeAccess
LogPluginManager: Mounting plugin PerforceSourceControl
LogPluginManager: Mounting plugin SubversionSourceControl
LogPluginManager: Mounting plugin UObjectPlugin
LogPluginManager: Mounting plugin VisualStudioCodeSourceCodeAccess
LogPluginManager: Mounting plugin VisualStudioSourceCodeAccess
LogPluginManager: Mounting plugin XCodeSourceCodeAccess
LogPluginManager: Mounting plugin AssetManagerEditor
LogPluginManager: Mounting plugin CryptoKeys
LogPluginManager: Mounting plugin CurveEditorTools
LogPluginManager: Mounting plugin DataValidation
LogPluginManager: Mounting plugin FacialAnimation
LogPluginManager: Mounting plugin GameplayTagsEditor
LogPluginManager: Mounting plugin MacGraphicsSwitching
LogPluginManager: Mounting plugin MaterialAnalyzer
LogPluginManager: Mounting plugin MobileLauncherProfileWizard
LogPluginManager: Mounting plugin PluginBrowser
LogPluginManager: Mounting plugin SpeedTreeImporter
LogPluginManager: Mounting plugin DatasmithContent
LogPluginManager: Mounting plugin VariantManagerContent
LogPluginManager: Mounting plugin AlembicImporter
LogPluginManager: Mounting plugin AutomationUtils
LogPluginManager: Mounting plugin BackChannel
LogPluginManager: Mounting plugin CharacterAI
LogPluginManager: Mounting plugin GeometryCache
LogPluginManager: Mounting plugin HTML5Networking
LogPluginManager: Mounting plugin PlatformCrypto
LogPluginManager: Mounting plugin ProxyLODPlugin
LogPluginManager: Mounting plugin SkeletalReduction
LogPluginManager: Mounting plugin MagicLeap
LogPluginManager: Mounting plugin MagicLeapMedia
LogPluginManager: Mounting plugin AndroidMedia
LogPluginManager: Mounting plugin AvfMedia
LogPluginManager: Mounting plugin ImgMedia
LogPluginManager: Mounting plugin MediaCompositing
LogPluginManager: Mounting plugin MediaPlayerEditor
LogPluginManager: Mounting plugin WebMMedia
LogPluginManager: Mounting plugin WmfMedia
LogPluginManager: Mounting plugin TcpMessaging
LogPluginManager: Mounting plugin UdpMessaging
LogPluginManager: Mounting plugin ActorSequence
LogPluginManager: Mounting plugin LevelSequenceEditor
LogPluginManager: Mounting plugin MatineeToLevelSequence
LogPluginManager: Mounting plugin NetcodeUnitTest
LogPluginManager: Mounting plugin NUTUnrealEngine4
LogPluginManager: Mounting plugin OnlineSubsystemGooglePlay
LogPluginManager: Mounting plugin OnlineSubsystemIOS
LogPluginManager: Mounting plugin OnlineSubsystem
LogPluginManager: Mounting plugin OnlineSubsystemNull
LogPluginManager: Mounting plugin OnlineSubsystemUtils
LogPluginManager: Mounting plugin LauncherChunkInstaller
LogPluginManager: Mounting plugin AndroidDeviceProfileSelector
LogPluginManager: Mounting plugin AndroidMoviePlayer
LogPluginManager: Mounting plugin AndroidPermission
LogPluginManager: Mounting plugin AppleImageUtils
LogPluginManager: Mounting plugin AppleMoviePlayer
LogPluginManager: Mounting plugin ArchVisCharacter
LogPluginManager: Mounting plugin AudioCapture
LogPluginManager: Mounting plugin CableComponent
LogPluginManager: Mounting plugin CustomMeshComponent
LogPluginManager: Mounting plugin EditableMesh
LogPluginManager: Mounting plugin ExampleDeviceProfileSelector
LogPluginManager: Mounting plugin GoogleCloudMessaging
LogPluginManager: Mounting plugin IOSDeviceProfileSelector
LogPluginManager: Mounting plugin LinuxDeviceProfileSelector
LogPluginManager: Mounting plugin LocationServicesBPLibrary
LogPluginManager: Mounting plugin MobilePatchingUtils
LogPluginManager: Mounting plugin OculusVR
LogPluginManager: Mounting plugin PhysXVehicles
LogPluginManager: Mounting plugin ProceduralMeshComponent
LogPluginManager: Mounting plugin RuntimePhysXCooking
LogPluginManager: Mounting plugin SignificanceManager
LogPluginManager: Mounting plugin SteamVR
LogPluginManager: Mounting plugin WebMMoviePlayer
LogPluginManager: Mounting plugin WindowsMoviePlayer
LogPluginManager: Mounting plugin ScreenshotTools
LogInit: Using libcurl 7.55.1-DEV
LogInit:  - built for x86_64-pc-win32
LogInit:  - supports SSL with OpenSSL/1.1.1
LogInit:  - supports HTTP deflate (compression) using libz 1.2.8
LogInit:  - other features:
LogInit:      CURL_VERSION_SSL
LogInit:      CURL_VERSION_LIBZ
LogInit:      CURL_VERSION_IPV6
LogInit:      CURL_VERSION_ASYNCHDNS
LogInit:      CURL_VERSION_LARGEFILE
LogInit:      CURL_VERSION_IDN
LogInit:  CurlRequestOptions (configurable via config and command line):
LogInit:  - bVerifyPeer = true  - Libcurl will verify peer certificate
LogInit:  - bUseHttpProxy = false  - Libcurl will NOT use HTTP proxy
LogInit:  - bDontReuseConnections = false  - Libcurl will reuse connections
LogInit:  - MaxHostConnections = 16  - Libcurl will limit the number of connections to a host
LogInit:  - LocalHostAddr = Default
LogInit:  - BufferSize = 65536
LogOnline: OSS: Creating online subsystem instance for: NULL
LogInit: WinSock: version 1.1 (2.2), MaxSocks=32767, MaxUdp=65467
LogInit: Build: ++UE4+Release-4.23-CL-8386587
LogInit: Engine Version: 4.23.0-8386587+++UE4+Release-4.23
LogInit: Compatible Engine Version: 4.23.0-8386587+++UE4+Release-4.23
LogInit: Net CL: 8386587
LogInit: OS: Windows 10 (Release 1903) (), CPU: Intel(R) Core(TM) i7-6700HQ CPU @ 2.60GHz, GPU: NVIDIA GeForce GTX 1060
LogInit: Compiled (64-bit): Aug 31 2019 02:04:44
LogInit: Compiled with Visual C++: 19.16.27030.01
LogInit: Build Configuration: Development
LogInit: Branch Name: ++UE4+Release-4.23
LogInit: Command Line:  -EpicPortal -epicusername=Kraknistic -epicuserid=2e6907339257491b83f87ebf2d07cad8 -epiclocale=fr-FR
LogInit: Base Directory: D:/UE_4.23/Engine/Binaries/Win64/
LogInit: Installed Engine Build: 1
LogDevObjectVersion: Number of dev versions registered: 23
LogDevObjectVersion:   Dev-Blueprints (B0D832E4-1F89-4F0D-ACCF-7EB736FD4AA2): 10
LogDevObjectVersion:   Dev-Build (E1C64328-A22C-4D53-A36C-8E866417BD8C): 0
LogDevObjectVersion:   Dev-Core (375EC13C-06E4-48FB-B500-84F0262A717E): 3
LogDevObjectVersion:   Dev-Editor (E4B068ED-F494-42E9-A231-DA0B2E46BB41): 34
LogDevObjectVersion:   Dev-Framework (CFFC743F-43B0-4480-9391-14DF171D2073): 35
LogDevObjectVersion:   Dev-Mobile (B02B49B5-BB20-44E9-A304-32B752E40360): 2
LogDevObjectVersion:   Dev-Networking (A4E4105C-59A1-49B5-A7C5-40C4547EDFEE): 0
LogDevObjectVersion:   Dev-Online (39C831C9-5AE6-47DC-9A44-9C173E1C8E7C): 0
LogDevObjectVersion:   Dev-Physics (78F01B33-EBEA-4F98-B9B4-84EACCB95AA2): 0
LogDevObjectVersion:   Dev-Platform (6631380F-2D4D-43E0-8009-CF276956A95A): 0
LogDevObjectVersion:   Dev-Rendering (12F88B9F-8875-4AFC-A67C-D90C383ABD29): 31
LogDevObjectVersion:   Dev-Sequencer (7B5AE74C-D270-4C10-A958-57980B212A5A): 11
LogDevObjectVersion:   Dev-VR (D7296918-1DD6-4BDD-9DE2-64A83CC13884): 2
LogDevObjectVersion:   Dev-LoadTimes (C2A15278-BFE7-4AFE-6C17-90FF531DF755): 1
LogDevObjectVersion:   Private-Geometry (6EACA3D4-40EC-4CC1-B786-8BED09428FC5): 3
LogDevObjectVersion:   Dev-AnimPhys (29E575DD-E0A3-4627-9D10-D276232CDCEA): 17
LogDevObjectVersion:   Dev-Anim (AF43A65D-7FD3-4947-9873-3E8ED9C1BB05): 2
LogDevObjectVersion:   Dev-ReflectionCapture (6B266CEC-1EC7-4B8F-A30B-E4D90942FC07): 1
LogDevObjectVersion:   Dev-Automation (0DF73D61-A23F-47EA-B727-89E90C41499A): 1
LogDevObjectVersion:   FortniteMain (601D1886-AC64-4F84-AA16-D3DE0DEAC7D6): 27
LogDevObjectVersion:   Dev-Enterprise (9DFFBCD6-494F-0158-E221-12823C92A888): 6
LogDevObjectVersion:   Dev-Niagara (F2AED0AC-9AFE-416F-8664-AA7FFA26D6FC): 1
LogDevObjectVersion:   Dev-Destruction (174F1F0B-B4C6-45A5-B13F-2EE8D0FB917D): 9
LogInit: Presizing for max 16777216 objects, including 0 objects not considered by GC, pre-allocating 0 bytes for permanent pool.
LogInit: Object subsystem initialized
LogConfig: Setting CVar [[con.DebugEarlyDefault:1]]
LogConfig: Setting CVar [[r.setres:1280x720]]
[2020.01.07-07.48.24:645][  0]LogConfig: Setting CVar [[r.VSync:0]]
[2020.01.07-07.48.24:645][  0]LogConfig: Setting CVar [[r.RHICmdBypass:0]]
[2020.01.07-07.48.24:645][  0]LogConfig: Applying CVar settings from Section [/Script/Engine.RendererSettings] File [D:/Documents/IUT/2eme Annee/Ptut/ProjetRPG/ProjetFallenDer/Saved/Config/Windows/Engine.ini]
[2020.01.07-07.48.24:646][  0]LogConfig: Setting CVar [[r.GPUCrashDebugging:0]]
[2020.01.07-07.48.24:646][  0]LogConfig: Applying CVar settings from Section [/Script/Engine.RendererOverrideSettings] File [D:/Documents/IUT/2eme Annee/Ptut/ProjetRPG/ProjetFallenDer/Saved/Config/Windows/Engine.ini]
[2020.01.07-07.48.24:646][  0]LogConfig: Applying CVar settings from Section [/Script/Engine.StreamingSettings] File [D:/Documents/IUT/2eme Annee/Ptut/ProjetRPG/ProjetFallenDer/Saved/Config/Windows/Engine.ini]
[2020.01.07-07.48.24:646][  0]LogConfig: Setting CVar [[s.MinBulkDataSizeForAsyncLoading:131072]]
[2020.01.07-07.48.24:646][  0]LogConfig: Setting CVar [[s.AsyncLoadingThreadEnabled:0]]
[2020.01.07-07.48.24:646][  0]LogConfig: Setting CVar [[s.EventDrivenLoaderEnabled:1]]
[2020.01.07-07.48.24:646][  0]LogConfig: Setting CVar [[s.WarnIfTimeLimitExceeded:0]]
[2020.01.07-07.48.24:646][  0]LogConfig: Setting CVar [[s.TimeLimitExceededMultiplier:1.5]]
[2020.01.07-07.48.24:646][  0]LogConfig: Setting CVar [[s.TimeLimitExceededMinTime:0.005]]
[2020.01.07-07.48.24:646][  0]LogConfig: Setting CVar [[s.UseBackgroundLevelStreaming:1]]
[2020.01.07-07.48.24:646][  0]LogConfig: Setting CVar [[s.PriorityAsyncLoadingExtraTime:15.0]]
[2020.01.07-07.48.24:646][  0]LogConfig: Setting CVar [[s.LevelStreamingActorsUpdateTimeLimit:5.0]]
[2020.01.07-07.48.24:646][  0]LogConfig: Setting CVar [[s.PriorityLevelStreamingActorsUpdateExtraTime:5.0]]
[2020.01.07-07.48.24:646][  0]LogConfig: Setting CVar [[s.LevelStreamingComponentsRegistrationGranularity:10]]
[2020.01.07-07.48.24:646][  0]LogConfig: Setting CVar [[s.UnregisterComponentsTimeLimit:1.0]]
[2020.01.07-07.48.24:646][  0]LogConfig: Setting CVar [[s.LevelStreamingComponentsUnregistrationGranularity:5]]
[2020.01.07-07.48.24:646][  0]LogConfig: Applying CVar settings from Section [/Script/Engine.GarbageCollectionSettings] File [D:/Documents/IUT/2eme Annee/Ptut/ProjetRPG/ProjetFallenDer/Saved/Config/Windows/Engine.ini]
[2020.01.07-07.48.24:646][  0]LogConfig: Setting CVar [[gc.MaxObjectsNotConsideredByGC:1]]
[2020.01.07-07.48.24:646][  0]LogConfig: Setting CVar [[gc.SizeOfPermanentObjectPool:0]]
[2020.01.07-07.48.24:646][  0]LogConfig: Setting CVar [[gc.FlushStreamingOnGC:0]]
[2020.01.07-07.48.24:646][  0]LogConfig: Setting CVar [[gc.NumRetriesBeforeForcingGC:10]]
[2020.01.07-07.48.24:646][  0]LogConfig: Setting CVar [[gc.AllowParallelGC:1]]
[2020.01.07-07.48.24:646][  0]LogConfig: Setting CVar [[gc.TimeBetweenPurgingPendingKillObjects:61.1]]
[2020.01.07-07.48.24:646][  0]LogConfig: Setting CVar [[gc.MaxObjectsInEditor:16777216]]
[2020.01.07-07.48.24:646][  0]LogConfig: Setting CVar [[gc.IncrementalBeginDestroyEnabled:1]]
[2020.01.07-07.48.24:646][  0]LogConfig: Setting CVar [[gc.CreateGCClusters:1]]
[2020.01.07-07.48.24:646][  0]LogConfig: Setting CVar [[gc.MinGCClusterSize:5]]
[2020.01.07-07.48.24:646][  0]LogConfig: Setting CVar [[gc.ActorClusteringEnabled:0]]
[2020.01.07-07.48.24:646][  0]LogConfig: Setting CVar [[gc.BlueprintClusteringEnabled:0]]
[2020.01.07-07.48.24:646][  0]LogConfig: Setting CVar [[gc.UseDisregardForGCOnDedicatedServers:0]]
[2020.01.07-07.48.24:646][  0]LogConfig: Applying CVar settings from Section [/Script/Engine.NetworkSettings] File [D:/Documents/IUT/2eme Annee/Ptut/ProjetRPG/ProjetFallenDer/Saved/Config/Windows/Engine.ini]
[2020.01.07-07.48.24:646][  0]LogConfig: Applying CVar settings from Section [/Script/UnrealEd.CookerSettings] File [D:/Documents/IUT/2eme Annee/Ptut/ProjetRPG/ProjetFallenDer/Saved/Config/Windows/Engine.ini]
[2020.01.07-07.48.24:650][  0]LogConfig: Applying CVar settings from Section [ViewDistanceQuality@3] File [D:/Documents/IUT/2eme Annee/Ptut/ProjetRPG/ProjetFallenDer/Saved/Config/Windows/Scalability.ini]
[2020.01.07-07.48.24:650][  0]LogConfig: Setting CVar [[r.SkeletalMeshLODBias:0]]
[2020.01.07-07.48.24:650][  0]LogConfig: Setting CVar [[r.ViewDistanceScale:1.0]]
[2020.01.07-07.48.24:650][  0]LogConfig: Applying CVar settings from Section [AntiAliasingQuality@3] File [D:/Documents/IUT/2eme Annee/Ptut/ProjetRPG/ProjetFallenDer/Saved/Config/Windows/Scalability.ini]
[2020.01.07-07.48.24:650][  0]LogConfig: Setting CVar [[r.PostProcessAAQuality:4]]
[2020.01.07-07.48.24:650][  0]LogConfig: Applying CVar settings from Section [ShadowQuality@3] File [D:/Documents/IUT/2eme Annee/Ptut/ProjetRPG/ProjetFallenDer/Saved/Config/Windows/Scalability.ini]
[2020.01.07-07.48.24:650][  0]LogConfig: Setting CVar [[r.LightFunctionQuality:1]]
[2020.01.07-07.48.24:650][  0]LogConfig: Setting CVar [[r.ShadowQuality:5]]
[2020.01.07-07.48.24:650][  0]LogConfig: Setting CVar [[r.Shadow.CSM.MaxCascades:10]]
[2020.01.07-07.48.24:650][  0]LogConfig: Setting CVar [[r.Shadow.MaxResolution:2048]]
[2020.01.07-07.48.24:650][  0]LogConfig: Setting CVar [[r.Shadow.MaxCSMResolution:2048]]
[2020.01.07-07.48.24:650][  0]LogConfig: Setting CVar [[r.Shadow.RadiusThreshold:0.01]]
[2020.01.07-07.48.24:650][  0]LogConfig: Setting CVar [[r.Shadow.DistanceScale:1.0]]
[2020.01.07-07.48.24:650][  0]LogConfig: Setting CVar [[r.Shadow.CSM.TransitionScale:1.0]]
[2020.01.07-07.48.24:650][  0]LogConfig: Setting CVar [[r.Shadow.PreShadowResolutionFactor:1.0]]
[2020.01.07-07.48.24:650][  0]LogConfig: Setting CVar [[r.DistanceFieldShadowing:1]]
[2020.01.07-07.48.24:650][  0]LogConfig: Setting CVar [[r.DistanceFieldAO:1]]
[2020.01.07-07.48.24:650][  0]LogConfig: Setting CVar [[r.AOQuality:2]]
[2020.01.07-07.48.24:650][  0]LogConfig: Setting CVar [[r.VolumetricFog:1]]
[2020.01.07-07.48.24:651][  0]LogConfig: Setting CVar [[r.VolumetricFog.GridPixelSize:8]]
[2020.01.07-07.48.24:651][  0]LogConfig: Setting CVar [[r.VolumetricFog.GridSizeZ:128]]
[2020.01.07-07.48.24:651][  0]LogConfig: Setting CVar [[r.VolumetricFog.HistoryMissSupersampleCount:4]]
[2020.01.07-07.48.24:651][  0]LogConfig: Setting CVar [[r.LightMaxDrawDistanceScale:1]]
[2020.01.07-07.48.24:651][  0]LogConfig: Setting CVar [[r.CapsuleShadows:1]]
[2020.01.07-07.48.24:651][  0]LogConfig: Applying CVar settings from Section [PostProcessQuality@3] File [D:/Documents/IUT/2eme Annee/Ptut/ProjetRPG/ProjetFallenDer/Saved/Config/Windows/Scalability.ini]
[2020.01.07-07.48.24:651][  0]LogConfig: Setting CVar [[r.MotionBlurQuality:4]]
[2020.01.07-07.48.24:651][  0]LogConfig: Setting CVar [[r.AmbientOcclusionMipLevelFactor:0.4]]
[2020.01.07-07.48.24:651][  0]LogConfig: Setting CVar [[r.AmbientOcclusionMaxQuality:100]]
[2020.01.07-07.48.24:651][  0]LogConfig: Setting CVar [[r.AmbientOcclusionLevels:-1]]
[2020.01.07-07.48.24:651][  0]LogConfig: Setting CVar [[r.AmbientOcclusionRadiusScale:1.0]]
[2020.01.07-07.48.24:651][  0]LogConfig: Setting CVar [[r.DepthOfFieldQuality:2]]
[2020.01.07-07.48.24:651][  0]LogConfig: Setting CVar [[r.RenderTargetPoolMin:400]]
[2020.01.07-07.48.24:651][  0]LogConfig: Setting CVar [[r.LensFlareQuality:2]]
[2020.01.07-07.48.24:651][  0]LogConfig: Setting CVar [[r.SceneColorFringeQuality:1]]
[2020.01.07-07.48.24:651][  0]LogConfig: Setting CVar [[r.EyeAdaptationQuality:2]]
[2020.01.07-07.48.24:651][  0]LogConfig: Setting CVar [[r.BloomQuality:5]]
[2020.01.07-07.48.24:651][  0]LogConfig: Setting CVar [[r.FastBlurThreshold:100]]
[2020.01.07-07.48.24:651][  0]LogConfig: Setting CVar [[r.Upscale.Quality:3]]
[2020.01.07-07.48.24:651][  0]LogConfig: Setting CVar [[r.Tonemapper.GrainQuantization:1]]
[2020.01.07-07.48.24:651][  0]LogConfig: Setting CVar [[r.LightShaftQuality:1]]
[2020.01.07-07.48.24:651][  0]LogConfig: Setting CVar [[r.Filter.SizeScale:1]]
[2020.01.07-07.48.24:651][  0]LogConfig: Setting CVar [[r.Tonemapper.Quality:5]]
[2020.01.07-07.48.24:651][  0]LogConfig: Setting CVar [[r.DOF.Gather.AccumulatorQuality:1        ; higher gathering accumulator quality]]
[2020.01.07-07.48.24:651][  0]LogConfig: Setting CVar [[r.DOF.Gather.PostfilterMethod:1          ; Median3x3 postfilering method]]
[2020.01.07-07.48.24:651][  0]LogConfig: Setting CVar [[r.DOF.Gather.EnableBokehSettings:0       ; no bokeh simulation when gathering]]
[2020.01.07-07.48.24:651][  0]LogConfig: Setting CVar [[r.DOF.Gather.RingCount:4                 ; medium number of samples when gathering]]
[2020.01.07-07.48.24:651][  0]LogConfig: Setting CVar [[r.DOF.Scatter.ForegroundCompositing:1    ; additive foreground scattering]]
[2020.01.07-07.48.24:651][  0]LogConfig: Setting CVar [[r.DOF.Scatter.BackgroundCompositing:2    ; additive background scattering]]
[2020.01.07-07.48.24:651][  0]LogConfig: Setting CVar [[r.DOF.Scatter.EnableBokehSettings:1      ; bokeh simulation when scattering]]
[2020.01.07-07.48.24:651][  0]LogConfig: Setting CVar [[r.DOF.Scatter.MaxSpriteRatio:0.1         ; only a maximum of 10% of scattered bokeh]]
[2020.01.07-07.48.24:651][  0]LogConfig: Setting CVar [[r.DOF.Recombine.Quality:1                ; cheap slight out of focus]]
[2020.01.07-07.48.24:651][  0]LogConfig: Setting CVar [[r.DOF.Recombine.EnableBokehSettings:0    ; no bokeh simulation on slight out of focus]]
[2020.01.07-07.48.24:651][  0]LogConfig: Setting CVar [[r.DOF.TemporalAAQuality:1                ; more stable temporal accumulation]]
[2020.01.07-07.48.24:651][  0]LogConfig: Setting CVar [[r.DOF.Kernel.MaxForegroundRadius:0.025]]
[2020.01.07-07.48.24:651][  0]LogConfig: Setting CVar [[r.DOF.Kernel.MaxBackgroundRadius:0.025]]
[2020.01.07-07.48.24:651][  0]LogConfig: Applying CVar settings from Section [TextureQuality@3] File [D:/Documents/IUT/2eme Annee/Ptut/ProjetRPG/ProjetFallenDer/Saved/Config/Windows/Scalability.ini]
[2020.01.07-07.48.24:651][  0]LogConfig: Setting CVar [[r.Streaming.MipBias:0]]
[2020.01.07-07.48.24:651][  0]LogConfig: Setting CVar [[r.Streaming.AmortizeCPUToGPUCopy:0]]
[2020.01.07-07.48.24:651][  0]LogConfig: Setting CVar [[r.Streaming.MaxNumTexturesToStreamPerFrame:0]]
[2020.01.07-07.48.24:651][  0]LogConfig: Setting CVar [[r.Streaming.Boost:1]]
[2020.01.07-07.48.24:651][  0]LogConfig: Setting CVar [[r.MaxAnisotropy:8]]
[2020.01.07-07.48.24:651][  0]LogConfig: Setting CVar [[r.Streaming.LimitPoolSizeToVRAM:0]]
[2020.01.07-07.48.24:651][  0]LogConfig: Setting CVar [[r.Streaming.PoolSize:1000]]
[2020.01.07-07.48.24:651][  0]LogConfig: Setting CVar [[r.Streaming.MaxEffectiveScreenSize:0]]
[2020.01.07-07.48.24:651][  0]LogConfig: Applying CVar settings from Section [EffectsQuality@3] File [D:/Documents/IUT/2eme Annee/Ptut/ProjetRPG/ProjetFallenDer/Saved/Config/Windows/Scalability.ini]
[2020.01.07-07.48.24:651][  0]LogConfig: Setting CVar [[r.TranslucencyLightingVolumeDim:64]]
[2020.01.07-07.48.24:651][  0]LogConfig: Setting CVar [[r.RefractionQuality:2]]
[2020.01.07-07.48.24:651][  0]LogConfig: Setting CVar [[r.SSR.Quality:3]]
[2020.01.07-07.48.24:651][  0]LogConfig: Setting CVar [[r.SceneColorFormat:4]]
[2020.01.07-07.48.24:651][  0]LogConfig: Setting CVar [[r.DetailMode:2]]
[2020.01.07-07.48.24:651][  0]LogConfig: Setting CVar [[r.TranslucencyVolumeBlur:1]]
[2020.01.07-07.48.24:651][  0]LogConfig: Setting CVar [[r.MaterialQualityLevel:1 ; High quality]]
[2020.01.07-07.48.24:651][  0]LogConfig: Setting CVar [[r.SSS.Scale:1]]
[2020.01.07-07.48.24:651][  0]LogConfig: Setting CVar [[r.SSS.SampleSet:2]]
[2020.01.07-07.48.24:651][  0]LogConfig: Setting CVar [[r.SSS.Quality:1]]
[2020.01.07-07.48.24:651][  0]LogConfig: Setting CVar [[r.SSS.HalfRes:1]]
[2020.01.07-07.48.24:652][  0]LogConfig: Setting CVar [[r.EmitterSpawnRateScale:1.0]]
[2020.01.07-07.48.24:652][  0]LogConfig: Setting CVar [[r.ParticleLightQuality:2]]
[2020.01.07-07.48.24:652][  0]LogConfig: Applying CVar settings from Section [FoliageQuality@3] File [D:/Documents/IUT/2eme Annee/Ptut/ProjetRPG/ProjetFallenDer/Saved/Config/Windows/Scalability.ini]
[2020.01.07-07.48.24:652][  0]LogConfig: Setting CVar [[foliage.DensityScale:1.0]]
[2020.01.07-07.48.24:652][  0]LogConfig: Setting CVar [[grass.DensityScale:1.0]]
[2020.01.07-07.48.24:652][  0]LogInit: Selected Device Profile: [Windows]
[2020.01.07-07.48.24:652][  0]LogInit: Applying CVar settings loaded from the selected device profile: [Windows]
[2020.01.07-07.48.24:654][  0]LogHAL: Display: Platform has ~ 16 GB [17112543232 / 17179869184 / 16], which maps to Larger [LargestMinGB=32, LargerMinGB=12, DefaultMinGB=8, SmallerMinGB=6, SmallestMinGB=0)
[2020.01.07-07.48.24:655][  0]LogInit: Going up to parent DeviceProfile []
[2020.01.07-07.48.24:655][  0]LogConfig: Applying CVar settings from Section [ViewDistanceQuality@3] File [D:/Documents/IUT/2eme Annee/Ptut/ProjetRPG/ProjetFallenDer/Saved/Config/Windows/Scalability.ini]
[2020.01.07-07.48.24:655][  0]LogConfig: Setting CVar [[r.SkeletalMeshLODBias:0]]
[2020.01.07-07.48.24:655][  0]LogConfig: Setting CVar [[r.ViewDistanceScale:1.0]]
[2020.01.07-07.48.24:655][  0]LogConfig: Applying CVar settings from Section [AntiAliasingQuality@3] File [D:/Documents/IUT/2eme Annee/Ptut/ProjetRPG/ProjetFallenDer/Saved/Config/Windows/Scalability.ini]
[2020.01.07-07.48.24:655][  0]LogConfig: Setting CVar [[r.PostProcessAAQuality:4]]
[2020.01.07-07.48.24:655][  0]LogConfig: Applying CVar settings from Section [ShadowQuality@3] File [D:/Documents/IUT/2eme Annee/Ptut/ProjetRPG/ProjetFallenDer/Saved/Config/Windows/Scalability.ini]
[2020.01.07-07.48.24:655][  0]LogConfig: Setting CVar [[r.LightFunctionQuality:1]]
[2020.01.07-07.48.24:655][  0]LogConfig: Setting CVar [[r.ShadowQuality:5]]
[2020.01.07-07.48.24:655][  0]LogConfig: Setting CVar [[r.Shadow.CSM.MaxCascades:10]]
[2020.01.07-07.48.24:655][  0]LogConfig: Setting CVar [[r.Shadow.MaxResolution:2048]]
[2020.01.07-07.48.24:655][  0]LogConfig: Setting CVar [[r.Shadow.MaxCSMResolution:2048]]
[2020.01.07-07.48.24:655][  0]LogConfig: Setting CVar [[r.Shadow.RadiusThreshold:0.01]]
[2020.01.07-07.48.24:655][  0]LogConfig: Setting CVar [[r.Shadow.DistanceScale:1.0]]
[2020.01.07-07.48.24:655][  0]LogConfig: Setting CVar [[r.Shadow.CSM.TransitionScale:1.0]]
[2020.01.07-07.48.24:655][  0]LogConfig: Setting CVar [[r.Shadow.PreShadowResolutionFactor:1.0]]
[2020.01.07-07.48.24:655][  0]LogConfig: Setting CVar [[r.DistanceFieldShadowing:1]]
[2020.01.07-07.48.24:655][  0]LogConfig: Setting CVar [[r.DistanceFieldAO:1]]
[2020.01.07-07.48.24:655][  0]LogConfig: Setting CVar [[r.AOQuality:2]]
[2020.01.07-07.48.24:655][  0]LogConfig: Setting CVar [[r.VolumetricFog:1]]
[2020.01.07-07.48.24:655][  0]LogConfig: Setting CVar [[r.VolumetricFog.GridPixelSize:8]]
[2020.01.07-07.48.24:655][  0]LogConfig: Setting CVar [[r.VolumetricFog.GridSizeZ:128]]
[2020.01.07-07.48.24:655][  0]LogConfig: Setting CVar [[r.VolumetricFog.HistoryMissSupersampleCount:4]]
[2020.01.07-07.48.24:655][  0]LogConfig: Setting CVar [[r.LightMaxDrawDistanceScale:1]]
[2020.01.07-07.48.24:655][  0]LogConfig: Setting CVar [[r.CapsuleShadows:1]]
[2020.01.07-07.48.24:655][  0]LogConfig: Applying CVar settings from Section [PostProcessQuality@3] File [D:/Documents/IUT/2eme Annee/Ptut/ProjetRPG/ProjetFallenDer/Saved/Config/Windows/Scalability.ini]
[2020.01.07-07.48.24:655][  0]LogConfig: Setting CVar [[r.MotionBlurQuality:4]]
[2020.01.07-07.48.24:655][  0]LogConfig: Setting CVar [[r.AmbientOcclusionMipLevelFactor:0.4]]
[2020.01.07-07.48.24:655][  0]LogConfig: Setting CVar [[r.AmbientOcclusionMaxQuality:100]]
[2020.01.07-07.48.24:655][  0]LogConfig: Setting CVar [[r.AmbientOcclusionLevels:-1]]
[2020.01.07-07.48.24:655][  0]LogConfig: Setting CVar [[r.AmbientOcclusionRadiusScale:1.0]]
[2020.01.07-07.48.24:655][  0]LogConfig: Setting CVar [[r.DepthOfFieldQuality:2]]
[2020.01.07-07.48.24:655][  0]LogConfig: Setting CVar [[r.RenderTargetPoolMin:400]]
[2020.01.07-07.48.24:655][  0]LogConfig: Setting CVar [[r.LensFlareQuality:2]]
[2020.01.07-07.48.24:655][  0]LogConfig: Setting CVar [[r.SceneColorFringeQuality:1]]
[2020.01.07-07.48.24:655][  0]LogConfig: Setting CVar [[r.EyeAdaptationQuality:2]]
[2020.01.07-07.48.24:655][  0]LogConfig: Setting CVar [[r.BloomQuality:5]]
[2020.01.07-07.48.24:655][  0]LogConfig: Setting CVar [[r.FastBlurThreshold:100]]
[2020.01.07-07.48.24:655][  0]LogConfig: Setting CVar [[r.Upscale.Quality:3]]
[2020.01.07-07.48.24:655][  0]LogConfig: Setting CVar [[r.Tonemapper.GrainQuantization:1]]
[2020.01.07-07.48.24:655][  0]LogConfig: Setting CVar [[r.LightShaftQuality:1]]
[2020.01.07-07.48.24:655][  0]LogConfig: Setting CVar [[r.Filter.SizeScale:1]]
[2020.01.07-07.48.24:655][  0]LogConfig: Setting CVar [[r.Tonemapper.Quality:5]]
[2020.01.07-07.48.24:655][  0]LogConfig: Setting CVar [[r.DOF.Gather.AccumulatorQuality:1        ; higher gathering accumulator quality]]
[2020.01.07-07.48.24:655][  0]LogConfig: Setting CVar [[r.DOF.Gather.PostfilterMethod:1          ; Median3x3 postfilering method]]
[2020.01.07-07.48.24:655][  0]LogConfig: Setting CVar [[r.DOF.Gather.EnableBokehSettings:0       ; no bokeh simulation when gathering]]
[2020.01.07-07.48.24:655][  0]LogConfig: Setting CVar [[r.DOF.Gather.RingCount:4                 ; medium number of samples when gathering]]
[2020.01.07-07.48.24:655][  0]LogConfig: Setting CVar [[r.DOF.Scatter.ForegroundCompositing:1    ; additive foreground scattering]]
[2020.01.07-07.48.24:655][  0]LogConfig: Setting CVar [[r.DOF.Scatter.BackgroundCompositing:2    ; additive background scattering]]
[2020.01.07-07.48.24:655][  0]LogConfig: Setting CVar [[r.DOF.Scatter.EnableBokehSettings:1      ; bokeh simulation when scattering]]
[2020.01.07-07.48.24:655][  0]LogConfig: Setting CVar [[r.DOF.Scatter.MaxSpriteRatio:0.1         ; only a maximum of 10% of scattered bokeh]]
[2020.01.07-07.48.24:656][  0]LogConfig: Setting CVar [[r.DOF.Recombine.Quality:1                ; cheap slight out of focus]]
[2020.01.07-07.48.24:656][  0]LogConfig: Setting CVar [[r.DOF.Recombine.EnableBokehSettings:0    ; no bokeh simulation on slight out of focus]]
[2020.01.07-07.48.24:656][  0]LogConfig: Setting CVar [[r.DOF.TemporalAAQuality:1                ; more stable temporal accumulation]]
[2020.01.07-07.48.24:656][  0]LogConfig: Setting CVar [[r.DOF.Kernel.MaxForegroundRadius:0.025]]
[2020.01.07-07.48.24:656][  0]LogConfig: Setting CVar [[r.DOF.Kernel.MaxBackgroundRadius:0.025]]
[2020.01.07-07.48.24:656][  0]LogConfig: Applying CVar settings from Section [TextureQuality@3] File [D:/Documents/IUT/2eme Annee/Ptut/ProjetRPG/ProjetFallenDer/Saved/Config/Windows/Scalability.ini]
[2020.01.07-07.48.24:656][  0]LogConfig: Setting CVar [[r.Streaming.MipBias:0]]
[2020.01.07-07.48.24:656][  0]LogConfig: Setting CVar [[r.Streaming.AmortizeCPUToGPUCopy:0]]
[2020.01.07-07.48.24:656][  0]LogConfig: Setting CVar [[r.Streaming.MaxNumTexturesToStreamPerFrame:0]]
[2020.01.07-07.48.24:656][  0]LogConfig: Setting CVar [[r.Streaming.Boost:1]]
[2020.01.07-07.48.24:656][  0]LogConfig: Setting CVar [[r.MaxAnisotropy:8]]
[2020.01.07-07.48.24:656][  0]LogConfig: Setting CVar [[r.Streaming.LimitPoolSizeToVRAM:0]]
[2020.01.07-07.48.24:656][  0]LogConfig: Setting CVar [[r.Streaming.PoolSize:1000]]
[2020.01.07-07.48.24:656][  0]LogConfig: Setting CVar [[r.Streaming.MaxEffectiveScreenSize:0]]
[2020.01.07-07.48.24:656][  0]LogConfig: Applying CVar settings from Section [EffectsQuality@3] File [D:/Documents/IUT/2eme Annee/Ptut/ProjetRPG/ProjetFallenDer/Saved/Config/Windows/Scalability.ini]
[2020.01.07-07.48.24:656][  0]LogConfig: Setting CVar [[r.TranslucencyLightingVolumeDim:64]]
[2020.01.07-07.48.24:656][  0]LogConfig: Setting CVar [[r.RefractionQuality:2]]
[2020.01.07-07.48.24:656][  0]LogConfig: Setting CVar [[r.SSR.Quality:3]]
[2020.01.07-07.48.24:656][  0]LogConfig: Setting CVar [[r.SceneColorFormat:4]]
[2020.01.07-07.48.24:656][  0]LogConfig: Setting CVar [[r.DetailMode:2]]
[2020.01.07-07.48.24:656][  0]LogConfig: Setting CVar [[r.TranslucencyVolumeBlur:1]]
[2020.01.07-07.48.24:656][  0]LogConfig: Setting CVar [[r.MaterialQualityLevel:1 ; High quality]]
[2020.01.07-07.48.24:656][  0]LogConfig: Setting CVar [[r.SSS.Scale:1]]
[2020.01.07-07.48.24:656][  0]LogConfig: Setting CVar [[r.SSS.SampleSet:2]]
[2020.01.07-07.48.24:656][  0]LogConfig: Setting CVar [[r.SSS.Quality:1]]
[2020.01.07-07.48.24:656][  0]LogConfig: Setting CVar [[r.SSS.HalfRes:1]]
[2020.01.07-07.48.24:656][  0]LogConfig: Setting CVar [[r.EmitterSpawnRateScale:1.0]]
[2020.01.07-07.48.24:656][  0]LogConfig: Setting CVar [[r.ParticleLightQuality:2]]
[2020.01.07-07.48.24:656][  0]LogConfig: Applying CVar settings from Section [FoliageQuality@3] File [D:/Documents/IUT/2eme Annee/Ptut/ProjetRPG/ProjetFallenDer/Saved/Config/Windows/Scalability.ini]
[2020.01.07-07.48.24:656][  0]LogConfig: Setting CVar [[foliage.DensityScale:1.0]]
[2020.01.07-07.48.24:656][  0]LogConfig: Setting CVar [[grass.DensityScale:1.0]]
[2020.01.07-07.48.24:656][  0]LogConfig: Applying CVar settings from Section [Startup] File [../../../Engine/Config/ConsoleVariables.ini]
[2020.01.07-07.48.24:656][  0]LogConfig: Setting CVar [[net.UseAdaptiveNetUpdateFrequency:0]]
[2020.01.07-07.48.24:656][  0]LogConfig: Setting CVar [[p.chaos.AllowCreatePhysxBodies:1]]
[2020.01.07-07.48.24:656][  0]LogConfig: Applying CVar settings from Section [ConsoleVariables] File [D:/Documents/IUT/2eme Annee/Ptut/ProjetRPG/ProjetFallenDer/Saved/Config/Windows/Engine.ini]
[2020.01.07-07.48.24:656][  0]LogInit: Computer: KRAKNISTIC
[2020.01.07-07.48.24:656][  0]LogInit: User: doudo
[2020.01.07-07.48.24:656][  0]LogInit: CPU Page size=4096, Cores=4
[2020.01.07-07.48.24:656][  0]LogInit: High frequency timer resolution =10.000000 MHz
[2020.01.07-07.48.24:657][  0]LogMemory: Memory total: Physical=15.9GB (16GB approx)
[2020.01.07-07.48.24:657][  0]LogMemory: Platform Memory Stats for Windows
[2020.01.07-07.48.24:657][  0]LogMemory: Process Physical Memory: 101.90 MB used, 101.91 MB peak
[2020.01.07-07.48.24:657][  0]LogMemory: Process Virtual Memory: 99.17 MB used, 99.17 MB peak
[2020.01.07-07.48.24:657][  0]LogMemory: Physical Memory: 5844.93 MB used,  10474.86 MB free, 16319.79 MB total
[2020.01.07-07.48.24:657][  0]LogMemory: Virtual Memory: 4653.45 MB used,  134213072.00 MB free, 134217728.00 MB total
[2020.01.07-07.48.24:661][  0]LogWindows: WindowsPlatformFeatures enabled
[2020.01.07-07.48.24:691][  0]LogInit: Using OS detected language (fr-FR).
[2020.01.07-07.48.24:691][  0]LogInit: Using OS detected locale (fr-FR).
[2020.01.07-07.48.24:692][  0]LogTextLocalizationManager: No specific localization for 'fr-FR' exists, so the 'fr' localization will be used.
[2020.01.07-07.48.24:693][  0]LogTextLocalizationResource: LocRes '../../../Engine/Content/Localization/Editor/fr/Editor.locres' could not be opened for reading!
[2020.01.07-07.48.24:693][  0]LogTextLocalizationResource: LocRes '../../../Engine/Content/Localization/EditorTutorials/fr/EditorTutorials.locres' could not be opened for reading!
[2020.01.07-07.48.24:693][  0]LogTextLocalizationResource: LocRes '../../../Engine/Content/Localization/Keywords/fr/Keywords.locres' could not be opened for reading!
[2020.01.07-07.48.24:693][  0]LogTextLocalizationResource: LocRes '../../../Engine/Content/Localization/Category/fr/Category.locres' could not be opened for reading!
[2020.01.07-07.48.24:693][  0]LogTextLocalizationResource: LocRes '../../../Engine/Content/Localization/ToolTips/fr/ToolTips.locres' could not be opened for reading!
[2020.01.07-07.48.24:693][  0]LogTextLocalizationResource: LocRes '../../../Engine/Content/Localization/PropertyNames/fr/PropertyNames.locres' could not be opened for reading!
[2020.01.07-07.48.24:693][  0]LogTextLocalizationResource: LocRes '../../../Engine/Content/Localization/Engine/fr/Engine.locres' could not be opened for reading!
[2020.01.07-07.48.24:694][  0]LogInit: Setting process to per monitor DPI aware
[2020.01.07-07.48.24:751][  0]LogSlate: New Slate User Created.  User Index 0, Is Virtual User: 0
[2020.01.07-07.48.24:751][  0]LogSlate: Slate User Registered.  User Index 0, Is Virtual User: 0
[2020.01.07-07.48.24:972][  0]LogHMD: Failed to initialize OpenVR with code 110
[2020.01.07-07.48.24:972][  0]LogD3D11RHI: D3D11 adapters:
[2020.01.07-07.48.25:065][  0]LogD3D11RHI:    0. 'NVIDIA GeForce GTX 1060' (Feature Level 11_0)
[2020.01.07-07.48.25:065][  0]LogD3D11RHI:       6052/0/8159 MB DedicatedVideo/DedicatedSystem/SharedSystem, Outputs:1, VendorId:0x10de
[2020.01.07-07.48.25:069][  0]LogD3D11RHI:    1. 'Microsoft Basic Render Driver' (Feature Level 11_0)
[2020.01.07-07.48.25:069][  0]LogD3D11RHI:       0/0/8159 MB DedicatedVideo/DedicatedSystem/SharedSystem, Outputs:0, VendorId:0x1414
[2020.01.07-07.48.25:069][  0]LogD3D11RHI: Chosen D3D11 Adapter: 0
[2020.01.07-07.48.25:079][  0]LogD3D11RHI: Creating new Direct3DDevice
[2020.01.07-07.48.25:080][  0]LogD3D11RHI:     GPU DeviceId: 0x1c60 (for the marketing name, search the web for "GPU Device Id")
[2020.01.07-07.48.25:080][  0]LogWindows: EnumDisplayDevices:
[2020.01.07-07.48.25:080][  0]LogWindows:    0. 'NVIDIA GeForce GTX 1060' (P:1 D:1)
[2020.01.07-07.48.25:080][  0]LogWindows:    1. 'NVIDIA GeForce GTX 1060' (P:0 D:0)
[2020.01.07-07.48.25:081][  0]LogWindows:    2. 'NVIDIA GeForce GTX 1060' (P:0 D:0)
[2020.01.07-07.48.25:081][  0]LogWindows:    3. 'NVIDIA GeForce GTX 1060' (P:0 D:0)
[2020.01.07-07.48.25:082][  0]LogWindows: DebugString: FoundDriverCount:4 
[2020.01.07-07.48.25:082][  0]LogD3D11RHI:     Adapter Name: NVIDIA GeForce GTX 1060
[2020.01.07-07.48.25:082][  0]LogD3D11RHI:   Driver Version: 441.41 (internal:26.21.14.4141, unified:441.41)
[2020.01.07-07.48.25:082][  0]LogD3D11RHI:      Driver Date: 11-20-2019
[2020.01.07-07.48.25:082][  0]LogRHI: Texture pool is 4236 MB (70% of 6052 MB)
[2020.01.07-07.48.25:140][  0]LogD3D11RHI: Async texture creation enabled
[2020.01.07-07.48.25:159][  0]LogD3D11RHI: GPU Timing Frequency: 1000.000000 (Debug: 2 1)
[2020.01.07-07.48.25:595][  0]LogTemp: Display: Module 'AllDesktopTargetPlatform' loaded TargetPlatform 'AllDesktop'
[2020.01.07-07.48.25:605][  0]LogTemp: Display: Module 'MacClientTargetPlatform' loaded TargetPlatform 'MacClient'
[2020.01.07-07.48.25:616][  0]LogTemp: Display: Module 'MacNoEditorTargetPlatform' loaded TargetPlatform 'MacNoEditor'
[2020.01.07-07.48.25:625][  0]LogTemp: Display: Module 'MacServerTargetPlatform' loaded TargetPlatform 'MacServer'
[2020.01.07-07.48.25:635][  0]LogTemp: Display: Module 'MacTargetPlatform' loaded TargetPlatform 'Mac'
[2020.01.07-07.48.25:644][  0]LogTemp: Display: Module 'WindowsClientTargetPlatform' loaded TargetPlatform 'WindowsClient'
[2020.01.07-07.48.25:654][  0]LogTemp: Display: Module 'WindowsNoEditorTargetPlatform' loaded TargetPlatform 'WindowsNoEditor'
[2020.01.07-07.48.25:663][  0]LogTemp: Display: Module 'WindowsServerTargetPlatform' loaded TargetPlatform 'WindowsServer'
[2020.01.07-07.48.25:668][  0]LogTemp: Display: Module 'WindowsTargetPlatform' loaded TargetPlatform 'Windows'
[2020.01.07-07.48.25:704][  0]LogTemp: Display: Module 'AndroidTargetPlatform' loaded TargetPlatform 'Android'
[2020.01.07-07.48.25:705][  0]LogTemp: Display: Module 'AndroidTargetPlatform' loaded TargetPlatform 'Android_ASTC'
[2020.01.07-07.48.25:705][  0]LogTemp: Display: Module 'AndroidTargetPlatform' loaded TargetPlatform 'Android_ATC'
[2020.01.07-07.48.25:705][  0]LogTemp: Display: Module 'AndroidTargetPlatform' loaded TargetPlatform 'Android_DXT'
[2020.01.07-07.48.25:705][  0]LogTemp: Display: Module 'AndroidTargetPlatform' loaded TargetPlatform 'Android_ETC1'
[2020.01.07-07.48.25:705][  0]LogTemp: Display: Module 'AndroidTargetPlatform' loaded TargetPlatform 'Android_ETC1a'
[2020.01.07-07.48.25:705][  0]LogTemp: Display: Module 'AndroidTargetPlatform' loaded TargetPlatform 'Android_ETC2'
[2020.01.07-07.48.25:705][  0]LogTemp: Display: Module 'AndroidTargetPlatform' loaded TargetPlatform 'Android_PVRTC'
[2020.01.07-07.48.25:705][  0]LogTemp: Display: Module 'AndroidTargetPlatform' loaded TargetPlatform 'AndroidClient'
[2020.01.07-07.48.25:705][  0]LogTemp: Display: Module 'AndroidTargetPlatform' loaded TargetPlatform 'Android_ASTCClient'
[2020.01.07-07.48.25:705][  0]LogTemp: Display: Module 'AndroidTargetPlatform' loaded TargetPlatform 'Android_ATCClient'
[2020.01.07-07.48.25:705][  0]LogTemp: Display: Module 'AndroidTargetPlatform' loaded TargetPlatform 'Android_DXTClient'
[2020.01.07-07.48.25:705][  0]LogTemp: Display: Module 'AndroidTargetPlatform' loaded TargetPlatform 'Android_ETC1Client'
[2020.01.07-07.48.25:705][  0]LogTemp: Display: Module 'AndroidTargetPlatform' loaded TargetPlatform 'Android_ETC1aClient'
[2020.01.07-07.48.25:705][  0]LogTemp: Display: Module 'AndroidTargetPlatform' loaded TargetPlatform 'Android_ETC2Client'
[2020.01.07-07.48.25:705][  0]LogTemp: Display: Module 'AndroidTargetPlatform' loaded TargetPlatform 'Android_PVRTCClient'
[2020.01.07-07.48.25:705][  0]LogTemp: Display: Module 'AndroidTargetPlatform' loaded TargetPlatform 'Android_Multi'
[2020.01.07-07.48.25:705][  0]LogTemp: Display: Module 'AndroidTargetPlatform' loaded TargetPlatform 'Android_MultiClient'
[2020.01.07-07.48.25:706][  0]LogTemp: Display: Module 'HTML5TargetPlatform' loaded TargetPlatform 'HTML5'
[2020.01.07-07.48.25:725][  0]LogTemp: Display: Module 'IOSTargetPlatform' loaded TargetPlatform 'IOSClient'
[2020.01.07-07.48.25:725][  0]LogTemp: Display: Module 'IOSTargetPlatform' loaded TargetPlatform 'IOS'
[2020.01.07-07.48.25:741][  0]LogTemp: Display: Module 'TVOSTargetPlatform' loaded TargetPlatform 'TVOSClient'
[2020.01.07-07.48.25:742][  0]LogTemp: Display: Module 'TVOSTargetPlatform' loaded TargetPlatform 'TVOS'
[2020.01.07-07.48.25:750][  0]LogTemp: Display: Module 'LinuxClientTargetPlatform' loaded TargetPlatform 'LinuxClient'
[2020.01.07-07.48.25:757][  0]LogTemp: Display: Module 'LinuxNoEditorTargetPlatform' loaded TargetPlatform 'LinuxNoEditor'
[2020.01.07-07.48.25:765][  0]LogTemp: Display: Module 'LinuxServerTargetPlatform' loaded TargetPlatform 'LinuxServer'
[2020.01.07-07.48.25:774][  0]LogTemp: Display: Module 'LinuxTargetPlatform' loaded TargetPlatform 'Linux'
[2020.01.07-07.48.25:800][  0]LogTemp: Display: Module 'LuminTargetPlatform' loaded TargetPlatform 'Lumin'
[2020.01.07-07.48.25:800][  0]LogTemp: Display: Module 'LuminTargetPlatform' loaded TargetPlatform 'LuminClient'
[2020.01.07-07.48.25:800][  0]LogTargetPlatformManager: Display: Building Assets For Windows
[2020.01.07-07.48.25:811][  0]LogAudioDebug: Display: Lib vorbis DLL was dynamically loaded.
[2020.01.07-07.48.25:871][  0]LogShaderCompilers: Guid format shader working directory is -22 characters bigger than the processId version (../../../../Documents/IUT/2eme Annee/Ptut/ProjetRPG/ProjetFallenDer/Intermediate/Shaders/WorkingDirectory/21016/).
[2020.01.07-07.48.25:871][  0]LogShaderCompilers: Cleaned the shader compiler working directory 'C:/Users/doudo/AppData/Local/Temp/UnrealShaderWorkingDir/44978AED448C3D29BF0F918256727C24/'.
[2020.01.07-07.48.25:875][  0]LogXGEController: Cannot use XGE Controller as Incredibuild is not installed on this machine.
[2020.01.07-07.48.25:875][  0]LogShaderCompilers: Cannot use XGE Shader Compiler as Incredibuild is not installed on this machine.
[2020.01.07-07.48.25:875][  0]LogShaderCompilers: Display: Using Local Shader Compiler.
[2020.01.07-07.48.26:596][  0]LogDerivedDataCache: Display: Max Cache Size: 512 MB
[2020.01.07-07.48.26:653][  0]LogDerivedDataCache: Loaded boot cache 0.06s 73MB C:/Users/doudo/AppData/Local/UnrealEngine/4.23/DerivedDataCache/Boot.ddc.
[2020.01.07-07.48.26:653][  0]LogDerivedDataCache: Display: Loaded Boot cache: C:/Users/doudo/AppData/Local/UnrealEngine/4.23/DerivedDataCache/Boot.ddc
[2020.01.07-07.48.26:653][  0]LogDerivedDataCache: FDerivedDataBackendGraph:  Pak pak cache file ../../../../Documents/IUT/2eme Annee/Ptut/ProjetRPG/ProjetFallenDer/DerivedDataCache/DDC.ddp not found, will not use a pak cache.
[2020.01.07-07.48.26:653][  0]LogDerivedDataCache: Unable to find inner node Pak for hierarchical cache Hierarchy.
[2020.01.07-07.48.26:653][  0]LogDerivedDataCache: FDerivedDataBackendGraph:  CompressedPak pak cache file ../../../../Documents/IUT/2eme Annee/Ptut/ProjetRPG/ProjetFallenDer/DerivedDataCache/Compressed.ddp not found, will not use a pak cache.
[2020.01.07-07.48.26:653][  0]LogDerivedDataCache: Unable to find inner node CompressedPak for hierarchical cache Hierarchy.
[2020.01.07-07.48.26:666][  0]LogDerivedDataCache: Display: Pak cache opened for reading ../../../Engine/DerivedDataCache/Compressed.ddp.
[2020.01.07-07.48.26:666][  0]LogDerivedDataCache: FDerivedDataBackendGraph:  EnterprisePak pak cache file ../../../Enterprise/DerivedDataCache/Compressed.ddp not found, will not use a pak cache.
[2020.01.07-07.48.26:666][  0]LogDerivedDataCache: Unable to find inner node EnterprisePak for hierarchical cache Hierarchy.
[2020.01.07-07.48.26:667][  0]LogDerivedDataCache: Using Local data cache path C:/Users/doudo/AppData/Local/UnrealEngine/Common/DerivedDataCache: Writable
[2020.01.07-07.48.26:667][  0]LogDerivedDataCache: Shared data cache path not found in *engine.ini, will not use an Shared cache.
[2020.01.07-07.48.26:667][  0]LogDerivedDataCache: Unable to find inner node Shared for hierarchical cache Hierarchy.
[2020.01.07-07.48.26:694][  0]LogMaterial: Verifying Global Shaders for PCD3D_SM5
[2020.01.07-07.48.26:696][  0]LogSlate: Using FreeType 2.6.0
[2020.01.07-07.48.26:698][  0]LogSlate: SlateFontServices - WITH_FREETYPE: 1, WITH_HARFBUZZ: 1
[2020.01.07-07.48.26:774][  0]LogAssetRegistry: FAssetRegistry took 0.0033 seconds to start up
[2020.01.07-07.48.27:092][  0]LogInit: Selected Device Profile: [Windows]
[2020.01.07-07.48.27:255][  0]LogMeshReduction: Using QuadricMeshReduction for automatic static mesh reduction
[2020.01.07-07.48.27:255][  0]LogMeshReduction: Using SimplygonMeshReduction for automatic skeletal mesh reduction
[2020.01.07-07.48.27:255][  0]LogMeshReduction: Using ProxyLODMeshReduction for automatic mesh merging
[2020.01.07-07.48.27:255][  0]LogMeshReduction: No distributed automatic mesh merging module available
[2020.01.07-07.48.27:255][  0]LogMeshMerging: No distributed automatic mesh merging module available
[2020.01.07-07.48.27:267][  0]LogNetVersion: ProjetFallenDer 1.0.0, NetCL: 8386587, EngineNetVer: 11, GameNetVer: 0 (Checksum: 1839977395)
[2020.01.07-07.48.28:238][  0]LogPackageLocalizationCache: Processed 12 localized package path(s) for 1 prioritized culture(s) in 0.543402 seconds
[2020.01.07-07.48.28:244][  0]LogUObjectArray: 43444 objects as part of root set at end of initial load.
[2020.01.07-07.48.28:244][  0]LogUObjectAllocator: 7548648 out of 0 bytes used by permanent object pool.
[2020.01.07-07.48.28:244][  0]LogUObjectArray: CloseDisregardForGC: 0/0 objects in disregard for GC pool
[2020.01.07-07.48.29:316][  0]LogTcpMessaging: Initializing TcpMessaging bridge
[2020.01.07-07.48.29:319][  0]LogUdpMessaging: Initializing bridge on interface 0.0.0.0:0 to multicast group 230.0.0.1:6666.
[2020.01.07-07.48.29:378][  0]SourceControl: Source control is disabled
[2020.01.07-07.48.29:379][  0]SourceControl: Source control is disabled
[2020.01.07-07.48.29:380][  0]SourceControl: Source control is disabled
[2020.01.07-07.48.29:381][  0]SourceControl: Source control is disabled
[2020.01.07-07.48.29:476][  0]LogAndroidPermission: UAndroidPermissionCallbackProxy::GetInstance
[2020.01.07-07.48.29:697][  0]LogOcInput: OculusInput pre-init called
[2020.01.07-07.48.29:704][  0]LogWindows: Failed to load 'OVRPlugin.dll' (GetLastError=126)
[2020.01.07-07.48.29:704][  0]LogWindows: File 'OVRPlugin.dll' does not exist
[2020.01.07-07.48.29:788][  0]LogEngine: Initializing Engine...
[2020.01.07-07.48.29:789][  0]LogHMD: Failed to initialize OpenVR with code 110
[2020.01.07-07.48.29:790][  0]LogStats: UGameplayTagsManager::InitializeManager -  0.000 s
[2020.01.07-07.48.30:061][  0]LogInit: Initializing FReadOnlyCVARCache
[2020.01.07-07.48.30:075][  0]LogAIModule: Creating AISystem for world Untitled
[2020.01.07-07.48.30:137][  0]LogInit: XAudio2 using 'Haut-parleurs (Realtek High Definition Audio)' : 2 channels at 48 kHz using 32 bits per sample (channel mask 0x3)
[2020.01.07-07.48.30:500][  0]LogInit: FAudioDevice initialized.
[2020.01.07-07.48.30:500][  0]LogNetVersion: Set ProjectVersion to 1.0.0.0. Version Checksum will be recalculated on next use.
[2020.01.07-07.48.30:691][  0]LogDerivedDataCache: Saved boot cache 0.19s 73MB C:/Users/doudo/AppData/Local/UnrealEngine/4.23/DerivedDataCache/Boot.ddc.
[2020.01.07-07.48.30:693][  0]LogInit: Texture streaming: Enabled
[2020.01.07-07.48.30:719][  0]LogEngineSessionManager: EngineSessionManager initialized
[2020.01.07-07.48.30:784][  0]LogInit: Transaction tracking system initialized
[2020.01.07-07.48.30:819][  0]BlueprintLog: New page: Editor Load
[2020.01.07-07.48.30:911][  0]LocalizationService: Localization service is disabled
[2020.01.07-07.48.31:265][  0]LogCook: Display: Max memory allowance for cook 16384mb min free memory 0mb
[2020.01.07-07.48.31:265][  0]LogCook: Display: Mobile HDR setting 1
[2020.01.07-07.48.31:469][  0]LogFileCache: Scanning file cache for directory 'D:/Documents/IUT/2eme Annee/Ptut/ProjetRPG/ProjetFallenDer/Content/' took 0.01s
[2020.01.07-07.48.31:469][  0]SourceControl: Source control is disabled
[2020.01.07-07.48.31:469][  0]Cmd: MAP LOAD FILE="../../../../Documents/IUT/2eme Annee/Ptut/ProjetRPG/ProjetFallenDer/Content/Map/Entity/Village.umap" TEMPLATE=0 SHOWPROGRESS=1 FEATURELEVEL=3
[2020.01.07-07.48.31:470][  0]LightingResults: New page: Lighting Build
[2020.01.07-07.48.31:472][  0]LogWorld: UWorld::CleanupWorld for Untitled, bSessionEnded=true, bCleanupResources=true
[2020.01.07-07.48.31:473][  0]MapCheck: New page: Map Check
[2020.01.07-07.48.31:473][  0]LightingResults: New page: Lighting Build
[2020.01.07-07.48.31:499][  0]LogUObjectHash: Compacting FUObjectHashTables data took   1.59ms
[2020.01.07-07.48.33:227][  0]LogAIModule: Creating AISystem for world Village
[2020.01.07-07.48.33:250][  0]LogEditorServer: Finished looking for orphan Actors (0.000 secs)
[2020.01.07-07.48.33:288][  0]LogUObjectHash: Compacting FUObjectHashTables data took   2.87ms
[2020.01.07-07.48.33:289][  0]Cmd: MAP CHECKDEP NOCLEARLOG
[2020.01.07-07.48.33:289][  0]MapCheck: Map check complete: 0 Error(s), 0 Warning(s), took 0,132ms to complete.
[2020.01.07-07.48.33:289][  0]LogFileHelpers: Loading map 'Village' took 1.820
[2020.01.07-07.48.33:916][  0]LogSlate: Updating window title bar state: overlay mode, drag disabled, window buttons hidden, title bar hidden
[2020.01.07-07.48.33:950][  0]LogSlate: Updating window title bar state: overlay mode, drag disabled, window buttons hidden, title bar hidden
[2020.01.07-07.48.33:959][  0]LogSlate: Updating window title bar state: overlay mode, drag disabled, window buttons hidden, title bar hidden
[2020.01.07-07.48.33:968][  0]LogSlate: Updating window title bar state: overlay mode, drag disabled, window buttons hidden, title bar hidden
[2020.01.07-07.48.34:097][  0]LogCollectionManager: Loaded 0 collections in 0.002286 seconds
[2020.01.07-07.48.34:208][  0]LogFileCache: Scanning file cache for directory 'D:/Documents/IUT/2eme Annee/Ptut/ProjetRPG/ProjetFallenDer/Saved/Collections/' took 0.00s
[2020.01.07-07.48.34:208][  0]LogFileCache: Scanning file cache for directory 'D:/Documents/IUT/2eme Annee/Ptut/ProjetRPG/ProjetFallenDer/Content/Developers/doudo/Collections/' took 0.00s
[2020.01.07-07.48.34:208][  0]LogFileCache: Scanning file cache for directory 'D:/Documents/IUT/2eme Annee/Ptut/ProjetRPG/ProjetFallenDer/Content/Collections/' took 0.00s
[2020.01.07-07.48.34:208][  0]LogCollectionManager: Rebuilt the GUID cache for 0 collections in 0.000002 seconds
[2020.01.07-07.48.34:220][  0]LogContentBrowser: Native class hierarchy populated in 0.0106 seconds. Added 2863 classes and 680 folders.
[2020.01.07-07.48.34:420][  0]LogContentBrowser: Native class hierarchy updated for 'WidgetCarousel' in 0.0002 seconds. Added 0 classes and 0 folders.
[2020.01.07-07.48.36:047][  0]LogContentBrowser: Native class hierarchy updated for 'AddContentDialog' in 0.0002 seconds. Added 0 classes and 0 folders.
[2020.01.07-07.48.36:205][  0]LogContentBrowser: Native class hierarchy updated for 'SceneOutliner' in 0.0002 seconds. Added 1 classes and 2 folders.
[2020.01.07-07.48.36:680][  0]LogSlate: Took 0.000262 seconds to synchronously load lazily loaded font '../../../Engine/Content/Slate/Fonts/Roboto-Regular.ttf' (155K)
[2020.01.07-07.48.36:682][  0]LogSlate: Took 0.000217 seconds to synchronously load lazily loaded font '../../../Engine/Content/Slate/Fonts/Roboto-Bold.ttf' (160K)
[2020.01.07-07.48.36:736][  0]LogSlate: Took 0.017064 seconds to synchronously load lazily loaded font '../../../Engine/Content/Editor/Slate/Fonts/FontAwesome.ttf' (139K)
[2020.01.07-07.48.37:205][  0]LogRenderer: Reallocating scene render targets to support 1036x644 Format 10 NumSamples 1 (Frame:1).
[2020.01.07-07.48.37:539][  0]LogContentBrowser: Native class hierarchy updated for 'HierarchicalLODOutliner' in 0.0002 seconds. Added 0 classes and 0 folders.
[2020.01.07-07.48.37:539][  0]LogLoad: (Engine Initialization) Total time: 15.34 seconds
[2020.01.07-07.48.37:539][  0]LogLoad: (Engine Initialization) Total Blueprint compile time: 0.00 seconds
[2020.01.07-07.48.37:640][  0]LogContentStreaming: Texture pool size now 1000 MB
[2020.01.07-07.48.37:773][  0]LogSlate: Took 0.057274 seconds to synchronously load lazily loaded font '../../../Engine/Content/Slate/Fonts/Roboto-Light.ttf' (167K)
[2020.01.07-07.48.38:338][  8]LogAssetRegistry: Asset discovery search completed in 11.5649 seconds
[2020.01.07-07.48.38:342][  8]LogCollectionManager: Rebuilt the object cache for 0 collections in 0.000004 seconds (found 0 objects)
[2020.01.07-07.48.38:342][  8]LogCollectionManager: Fixed up redirectors for 0 collections in 0.000064 seconds (updated 0 objects)
[2020.01.07-07.48.38:565][ 19]LogSlate: Took 0.000177 seconds to synchronously load lazily loaded font '../../../Engine/Content/Slate/Fonts/Roboto-Light.ttf' (167K)
[2020.01.07-07.48.41:217][178]LogSlate: FSceneViewport::OnFocusLost() reason 0
[2020.01.07-07.48.42:451][183]LogAssetEditorManager: Opening Asset editor for Blueprint /Game/Start/ThirdPersonBP/Blueprints/ThirdPersonCharacter.ThirdPersonCharacter
[2020.01.07-07.48.43:575][183]LogContentBrowser: Native class hierarchy updated for 'BlueprintGraph' in 0.0006 seconds. Added 121 classes and 0 folders.
[2020.01.07-07.48.45:932][183]LogBlueprint: Error: [Compiler Pangolin_Blueprint] Can't connect pins  Object  and  Return Value : This cast has an invalid target type (was the class deleted without a redirect?).
[2020.01.07-07.48.45:932][183]LogBlueprint: Error: [Compiler Pangolin_Blueprint] In use pin  As Third Person Character  no longer exists on node  Bad cast node . Please refresh node or break links to remove pin.
[2020.01.07-07.48.45:933][183]LogBlueprint: Error: [Compiler Pangolin_Blueprint] Can't connect pins  Return Value  and  Object : This cast has an invalid target type (was the class deleted without a redirect?).
[2020.01.07-07.48.46:042][183]LogBlueprint: Warning: [Compiler ThirdPersonCharacter] Cast To Pangolin_Blueprint  was pruned because its Exec pin is not connected, the connected value is not available and will instead be read as default
[2020.01.07-07.48.46:061][183]LogBlueprint: Error: [Compiler ThirdPersonCharacter] Spawn node  Create Widget  must have a class specified.
[2020.01.07-07.48.46:063][183]LogBlueprint: Error: [Compiler ThirdPersonCharacter] Can't connect pins  Pangolin  and  Object : This cast has an invalid target type (was the class deleted without a redirect?).
[2020.01.07-07.48.46:063][183]LogBlueprint: Error: [Compiler ThirdPersonCharacter] Can't connect pins  Object  and  Pangolin : This cast has an invalid target type (was the class deleted without a redirect?).
[2020.01.07-07.48.46:063][183]LogBlueprint: Error: [Compiler ThirdPersonCharacter] In use pin  As Pangolin Blueprint  no longer exists on node  Bad cast node . Please refresh node or break links to remove pin.
[2020.01.07-07.48.46:063][183]LogBlueprint: Error: [Compiler ThirdPersonCharacter] In use pin  Ref Dialogue Widget  no longer exists on node  Get . Please refresh node or break links to remove pin.
[2020.01.07-07.48.46:063][183]LogBlueprint: Warning: [Compiler ThirdPersonCharacter] Could not find a variable named "ComeToDialogue" in 'ThirdPersonCharacter'.
Make sure 'ThirdPersonCharacter' has been compiled for  Set ComeToDialogue
[2020.01.07-07.48.46:063][183]LogBlueprint: Error: [Compiler ThirdPersonCharacter] In use pin  Ref Dialogue Widget  no longer exists on node  Get . Please refresh node or break links to remove pin.
[2020.01.07-07.48.46:064][183]LogBlueprint: Warning: [Compiler ThirdPersonCharacter] Could not find a variable named "AfficheDialogue" in 'ThirdPersonCharacter'.
Make sure 'ThirdPersonCharacter' has been compiled for  Get AfficheDialogue
[2020.01.07-07.48.46:064][183]LogBlueprint: Error: [Compiler ThirdPersonCharacter] In use pin  Ref Dialogue Widget  no longer exists on node  Get . Please refresh node or break links to remove pin.
[2020.01.07-07.48.46:064][183]LogBlueprint: Warning: [Compiler ThirdPersonCharacter] Could not find a variable named "ComeToDialogue" in 'ThirdPersonCharacter'.
Make sure 'ThirdPersonCharacter' has been compiled for  Set ComeToDialogue
[2020.01.07-07.48.46:064][183]LogBlueprint: Error: [Compiler ThirdPersonCharacter] Can't connect pins  Pangolin  and  Object : This cast has an invalid target type (was the class deleted without a redirect?).
[2020.01.07-07.48.46:064][183]LogBlueprint: Error: [Compiler ThirdPersonCharacter] Can't connect pins  Object  and  Pangolin : This cast has an invalid target type (was the class deleted without a redirect?).
[2020.01.07-07.48.46:064][183]LogBlueprint: Error: [Compiler ThirdPersonCharacter] In use pin  As Pangolin Blueprint  no longer exists on node  Bad cast node . Please refresh node or break links to remove pin.
[2020.01.07-07.48.46:064][183]LogBlueprint: Error: [Compiler ThirdPersonCharacter] In use pin  Ref Dialogue Widget  no longer exists on node  Get . Please refresh node or break links to remove pin.
[2020.01.07-07.48.46:064][183]LogBlueprint: Warning: [Compiler ThirdPersonCharacter] Could not find a variable named "AfficheDialogue" in 'ThirdPersonCharacter'.
Make sure 'ThirdPersonCharacter' has been compiled for  Get AfficheDialogue
[2020.01.07-07.48.46:064][183]LogBlueprint: Warning: [Compiler ThirdPersonCharacter] Could not find a variable named "AfficheDialogue" in 'ThirdPersonCharacter'.
Make sure 'ThirdPersonCharacter' has been compiled for  Set AfficheDialogue
[2020.01.07-07.48.46:065][183]LogBlueprint: Error: [Compiler ThirdPersonCharacter] In use pin  Ref Dialogue Widget  no longer exists on node  Get . Please refresh node or break links to remove pin.
[2020.01.07-07.48.46:065][183]LogBlueprint: Warning: [Compiler ThirdPersonCharacter] Could not find a variable named "AfficheDialogue" in 'ThirdPersonCharacter'.
Make sure 'ThirdPersonCharacter' has been compiled for  Get AfficheDialogue
[2020.01.07-07.48.46:065][183]LogBlueprint: Error: [Compiler ThirdPersonCharacter] In use pin  Ref Dialogue Widget  no longer exists on node  Get . Please refresh node or break links to remove pin.
[2020.01.07-07.48.46:065][183]LogBlueprint: Error: [Compiler ThirdPersonCharacter] In use pin  Ref Dialogue Widget  no longer exists on node  Set . Please refresh node or break links to remove pin.
[2020.01.07-07.48.46:065][183]LogBlueprint: Error: [Compiler ThirdPersonCharacter] In use pin  Ref Dialogue Widget  no longer exists on node  Get . Please refresh node or break links to remove pin.
[2020.01.07-07.48.46:065][183]LogBlueprint: Warning: [Compiler ThirdPersonCharacter] Could not find a variable named "AfficheDialogue" in 'ThirdPersonCharacter'.
Make sure 'ThirdPersonCharacter' has been compiled for  Get AfficheDialogue
[2020.01.07-07.48.46:065][183]LogBlueprint: Warning: [Compiler ThirdPersonCharacter] Could not find a variable named "AfficheDialogue" in 'ThirdPersonCharacter'.
Make sure 'ThirdPersonCharacter' has been compiled for  Set AfficheDialogue
[2020.01.07-07.48.46:065][183]LogBlueprint: Error: [Compiler ThirdPersonCharacter] Can't connect pins  Object  and  Pangolin : This cast has an invalid target type (was the class deleted without a redirect?).
[2020.01.07-07.48.46:066][183]LogBlueprint: Error: [Compiler ThirdPersonCharacter] In use pin  As Pangolin Blueprint  no longer exists on node  Bad cast node . Please refresh node or break links to remove pin.
[2020.01.07-07.48.46:066][183]LogBlueprint: Warning: [Compiler ThirdPersonCharacter] Could not find a variable named "ComeToDialogue" in 'ThirdPersonCharacter'.
Make sure 'ThirdPersonCharacter' has been compiled for  Get ComeToDialogue
[2020.01.07-07.48.46:066][183]LogBlueprint: Error: [Compiler ThirdPersonCharacter] Can't connect pins  Pangolin  and  Object : This cast has an invalid target type (was the class deleted without a redirect?).
[2020.01.07-07.48.46:070][183]LogBlueprint: Error: [Compiler ThirdPersonCharacter] The property associated with  Come to Dialogue  could not be found in '/Game/BluePrint/ThirdPersonBP/Blueprints/ThirdPersonCharacter.ThirdPersonCharacter_C'
[2020.01.07-07.48.46:070][183]LogBlueprint: Error: [Compiler ThirdPersonCharacter] The property associated with  Affiche Dialogue  could not be found in '/Game/BluePrint/ThirdPersonBP/Blueprints/ThirdPersonCharacter.ThirdPersonCharacter_C'
[2020.01.07-07.48.46:070][183]LogBlueprint: Error: [Compiler ThirdPersonCharacter] The property associated with  Affiche Dialogue  could not be found in '/Game/BluePrint/ThirdPersonBP/Blueprints/ThirdPersonCharacter.ThirdPersonCharacter_C'
[2020.01.07-07.48.46:071][183]LogBlueprint: Error: [Compiler ThirdPersonCharacter] The property associated with  Come to Dialogue  could not be found in '/Game/BluePrint/ThirdPersonBP/Blueprints/ThirdPersonCharacter.ThirdPersonCharacter_C'
[2020.01.07-07.48.46:071][183]LogBlueprint: Error: [Compiler ThirdPersonCharacter] The property associated with  Affiche Dialogue  could not be found in '/Game/BluePrint/ThirdPersonBP/Blueprints/ThirdPersonCharacter.ThirdPersonCharacter_C'
[2020.01.07-07.48.46:071][183]LogBlueprint: Error: [Compiler ThirdPersonCharacter] The property associated with  Affiche Dialogue  could not be found in '/Game/BluePrint/ThirdPersonBP/Blueprints/ThirdPersonCharacter.ThirdPersonCharacter_C'
[2020.01.07-07.48.46:071][183]LogBlueprint: Error: [Compiler ThirdPersonCharacter] The property associated with  Affiche Dialogue  could not be found in '/Game/BluePrint/ThirdPersonBP/Blueprints/ThirdPersonCharacter.ThirdPersonCharacter_C'
[2020.01.07-07.48.46:071][183]LogBlueprint: Error: [Compiler ThirdPersonCharacter] The property associated with  Come to Dialogue  could not be found in '/Game/BluePrint/ThirdPersonBP/Blueprints/ThirdPersonCharacter.ThirdPersonCharacter_C'
[2020.01.07-07.48.46:071][183]LogBlueprint: Error: [Compiler ThirdPersonCharacter] The property associated with  Affiche Dialogue  could not be found in '/Game/BluePrint/ThirdPersonBP/Blueprints/ThirdPersonCharacter.ThirdPersonCharacter_C'
[2020.01.07-07.48.46:090][183]LogAssetEditorManager: Opening Asset editor for Blueprint /Game/BluePrint/ThirdPersonBP/Blueprints/ThirdPersonCharacter.ThirdPersonCharacter
[2020.01.07-07.48.46:480][183]LogAssetEditorManager: Opening Asset editor for WidgetBlueprint /Game/BluePrint/Dialogue.Dialogue
[2020.01.07-07.48.47:472][183]LogBlueprint: Error: [Compiler BP_AI] Can't connect pins  Object  and  Pawn : This cast has an invalid target type (was the class deleted without a redirect?).
[2020.01.07-07.48.47:472][183]LogBlueprint: Error: [Compiler BP_AI] In use pin  As Third Person Character  no longer exists on node  Bad cast node . Please refresh node or break links to remove pin.
[2020.01.07-07.48.47:473][183]LogBlueprint: Error: [Compiler BP_AI] Can't connect pins  Pawn  and  Object : This cast has an invalid target type (was the class deleted without a redirect?).
[2020.01.07-07.48.47:489][183]LogAssetEditorManager: Opening Asset editor for Blueprint /Game/BluePrint/BP_AI.BP_AI
[2020.01.07-07.48.47:866][183]LogAssetEditorManager: Opening Asset editor for Blueprint /Game/BluePrint/Pangolin_Blueprint.Pangolin_Blueprint
[2020.01.07-07.48.48:817][183]LogSlate: Took 0.014512 seconds to synchronously load lazily loaded font '../../../Engine/Content/Slate/Fonts/Roboto-BoldCondensed.ttf' (158K)
[2020.01.07-07.48.49:825][184]LogSlate: Took 0.013720 seconds to synchronously load lazily loaded font '../../../Engine/Content/Slate/Fonts/Roboto-Italic.ttf' (157K)
[2020.01.07-07.48.55:918][502]LogSlate: Window 'Pangolin_Blueprint' being destroyed
[2020.01.07-07.55.14:740][771]LogSlate: FSceneViewport::OnFocusLost() reason 0
[2020.01.07-07.55.14:832][776]LogLinker: Warning: While loading '../../../../Documents/IUT/2eme Annee/Ptut/ProjetRPG/ProjetFallenDer/Content/BluePrint/Chicken.uasset' failed to load '/Game/Chicken/Animation/chicken-rigged_Anim_chicken-rig_idle': Can't find file.
[2020.01.07-07.55.14:832][776]LogLinker: Warning: While loading '../../../../Documents/IUT/2eme Annee/Ptut/ProjetRPG/ProjetFallenDer/Content/BluePrint/Chicken.uasset' failed to load '/Game/Chicken/Animation/chicken-rigged_Anim_chicken-rig_idle': Can't find file.
[2020.01.07-07.55.14:832][776]LogLinker: Warning: While loading '../../../../Documents/IUT/2eme Annee/Ptut/ProjetRPG/ProjetFallenDer/Content/BluePrint/Chicken.uasset' failed to load '/Game/Chicken/Animation/chicken-rigged_Anim_chicken-rig_idle': Can't find file.
[2020.01.07-07.55.14:833][776]LogLinker: Warning: While loading '../../../../Documents/IUT/2eme Annee/Ptut/ProjetRPG/ProjetFallenDer/Content/BluePrint/Chicken.uasset' failed to load '/Game/Chicken/Animation/chicken-rigged_Anim_chicken-rig_idle': Can't find file.
[2020.01.07-07.55.14:833][776]LogLinker: Warning: While loading '../../../../Documents/IUT/2eme Annee/Ptut/ProjetRPG/ProjetFallenDer/Content/BluePrint/Chicken.uasset' failed to load '/Game/Chicken/chicken-rigged': Can't find file.
[2020.01.07-07.55.14:833][776]LogLinker: Warning: While loading '../../../../Documents/IUT/2eme Annee/Ptut/ProjetRPG/ProjetFallenDer/Content/BluePrint/Chicken.uasset' failed to load '/Game/Chicken/chicken-rigged': Can't find file.
[2020.01.07-07.55.14:833][776]LogLinker: Warning: While loading '../../../../Documents/IUT/2eme Annee/Ptut/ProjetRPG/ProjetFallenDer/Content/BluePrint/Chicken.uasset' failed to load '/Game/Chicken/chicken-rigged': Can't find file.
[2020.01.07-07.55.14:833][776]LogLinker: Warning: While loading '../../../../Documents/IUT/2eme Annee/Ptut/ProjetRPG/ProjetFallenDer/Content/BluePrint/Chicken.uasset' failed to load '/Game/Chicken/chicken-rigged': Can't find file.
[2020.01.07-07.55.14:885][776]LogLinker: Warning: Failed to load '/Game/Chicken/Animation/chicken-rigged_Anim_chicken-rig_idle': Can't find file.
[2020.01.07-07.55.14:885][776]LogLinker: Warning: Failed to load '/Game/Chicken/Animation/chicken-rigged_Anim_chicken-rig_idle': Can't find file.
[2020.01.07-07.55.14:886][776]LogLinker: Warning: Failed to load '/Game/Chicken/Animation/chicken-rigged_Anim_chicken-rig_idle': Can't find file.
[2020.01.07-07.55.14:886][776]LogLinker: Warning: Failed to load '/Game/Chicken/Animation/chicken-rigged_Anim_chicken-rig_idle': Can't find file.
[2020.01.07-07.55.14:886][776]LogLinker: Warning: Failed to load '/Game/Chicken/chicken-rigged': Can't find file.
[2020.01.07-07.55.14:886][776]LogLinker: Warning: Failed to load '/Game/Chicken/chicken-rigged': Can't find file.
[2020.01.07-07.55.14:886][776]LogLinker: Warning: Failed to load '/Game/Chicken/chicken-rigged': Can't find file.
[2020.01.07-07.55.14:886][776]LogLinker: Warning: Failed to load '/Game/Chicken/chicken-rigged': Can't find file.
[2020.01.07-07.55.14:887][776]LogLinker: Warning: While loading '../../../../Documents/IUT/2eme Annee/Ptut/ProjetRPG/ProjetFallenDer/Content/BluePrint/Chicken.uasset' failed to load '/Game/Chicken/Animation/chicken-rigged_Anim_chicken-rig_idle': Can't find file.
[2020.01.07-07.55.14:887][776]LoadErrors: Failed to load /Game/Chicken/Animation/chicken-rigged_Anim_chicken-rig_idle.chicken-rigged_Anim_chicken-rig_idle Referenced by Default__Chicken_C
[2020.01.07-07.55.14:887][776]LogLinker: Warning: While loading '../../../../Documents/IUT/2eme Annee/Ptut/ProjetRPG/ProjetFallenDer/Content/BluePrint/Chicken.uasset' failed to load '/Game/Chicken/Animation/chicken-rigged_Anim_chicken-rig_idle': Can't find file.
[2020.01.07-07.55.14:887][776]LogLinker: Warning: While loading '../../../../Documents/IUT/2eme Annee/Ptut/ProjetRPG/ProjetFallenDer/Content/BluePrint/Chicken.uasset' failed to load '/Game/Chicken/chicken-rigged': Can't find file.
[2020.01.07-07.55.14:887][776]LoadErrors: Failed to load /Game/Chicken/chicken-rigged.chicken-rigged Referenced by Default__Chicken_C
[2020.01.07-07.55.14:887][776]LogLinker: Warning: While loading '../../../../Documents/IUT/2eme Annee/Ptut/ProjetRPG/ProjetFallenDer/Content/BluePrint/Chicken.uasset' failed to load '/Game/Chicken/chicken-rigged': Can't find file.
[2020.01.07-07.55.14:918][776]LogAssetEditorManager: Opening Asset editor for Blueprint /Game/BluePrint/Chicken.Chicken
[2020.01.07-07.56.12:795][142]Cmd: OBJ SAVEPACKAGE PACKAGE="/Game/BluePrint/BP_AI" FILE="../../../../Documents/IUT/2eme Annee/Ptut/ProjetRPG/ProjetFallenDer/Content/BluePrint/BP_AI.uasset" SILENT=true
[2020.01.07-07.56.13:152][142]LogSavePackage: Moving '../../../../Documents/IUT/2eme Annee/Ptut/ProjetRPG/ProjetFallenDer/Saved/BP_AIB92359C146CEC4FAB7BDEE9846ECA029.tmp' to '../../../../Documents/IUT/2eme Annee/Ptut/ProjetRPG/ProjetFallenDer/Content/BluePrint/BP_AI.uasset'
[2020.01.07-07.56.38:936][644]LogEditorTransaction: Undo Delete current selection
[2020.01.07-07.56.39:188][657]LogEditorTransaction: Undo Move Node
[2020.01.07-07.56.39:402][668]LogEditorTransaction: Undo Add Node
[2020.01.07-07.56.39:607][679]LogEditorTransaction: Undo Create Pin Link
[2020.01.07-07.56.39:802][689]LogEditorTransaction: Undo Create Pin Link
[2020.01.07-07.56.40:023][701]LogEditorTransaction: Undo Move Node
[2020.01.07-07.56.40:228][712]LogEditorTransaction: Undo Create Pin Link
[2020.01.07-07.56.40:465][725]LogEditorTransaction: Undo Create Pin Link
[2020.01.07-07.56.41:068][760]LogEditorTransaction: Undo Move Node
[2020.01.07-07.56.41:508][785]LogEditorTransaction: Undo Add Node
[2020.01.07-07.56.42:951][869]Cmd: OBJ SAVEPACKAGE PACKAGE="/Game/BluePrint/BP_AI" FILE="../../../../Documents/IUT/2eme Annee/Ptut/ProjetRPG/ProjetFallenDer/Content/BluePrint/BP_AI.uasset" SILENT=true
[2020.01.07-07.56.42:976][869]LogSavePackage: Moving '../../../../Documents/IUT/2eme Annee/Ptut/ProjetRPG/ProjetFallenDer/Saved/BP_AIF65C731748D3980CD7B45D9F0E84B868.tmp' to '../../../../Documents/IUT/2eme Annee/Ptut/ProjetRPG/ProjetFallenDer/Content/BluePrint/BP_AI.uasset'
[2020.01.07-07.56.45:151][999]BlueprintLog: New page: Compile BP_AI
[2020.01.07-07.56.45:156][999]LogBlueprint: Error: [Compiler BP_AI] Can't connect pins  Object  and  Pawn : This cast has an invalid target type (was the class deleted without a redirect?).
[2020.01.07-07.56.45:156][999]LogBlueprint: Error: [Compiler BP_AI] In use pin  As Third Person Character  no longer exists on node  Bad cast node . Please refresh node or break links to remove pin.
[2020.01.07-07.56.45:156][999]LogBlueprint: Error: [Compiler BP_AI] Can't connect pins  Pawn  and  Object : This cast has an invalid target type (was the class deleted without a redirect?).
[2020.01.07-07.56.45:681][999]LogUObjectHash: Compacting FUObjectHashTables data took   6.39ms
[2020.01.07-07.56.48:712][178]LogRenderer: Reallocating scene render targets to support 1088x708 Format 10 NumSamples 1 (Frame:1).
[2020.01.07-07.56.52:224][388]LogSlate: FSceneViewport::OnFocusLost() reason 0
[2020.01.07-07.57.12:187][574]Cmd: OBJ SAVEPACKAGE PACKAGE="/Game/BluePrint/BP_AI" FILE="../../../../Documents/IUT/2eme Annee/Ptut/ProjetRPG/ProjetFallenDer/Content/BluePrint/BP_AI.uasset" SILENT=true
[2020.01.07-07.57.12:210][574]LogSavePackage: Moving '../../../../Documents/IUT/2eme Annee/Ptut/ProjetRPG/ProjetFallenDer/Saved/BP_AI3160695846D2930E1CB611AC38D0C58E.tmp' to '../../../../Documents/IUT/2eme Annee/Ptut/ProjetRPG/ProjetFallenDer/Content/BluePrint/BP_AI.uasset'
[2020.01.07-07.57.13:582][656]BlueprintLog: New page: Compile BP_AI
[2020.01.07-07.57.13:823][656]LogUObjectHash: Compacting FUObjectHashTables data took   5.75ms
[2020.01.07-07.57.51:003][813]Cmd: OBJ SAVEPACKAGE PACKAGE="/Game/BluePrint/BP_AI" FILE="../../../../Documents/IUT/2eme Annee/Ptut/ProjetRPG/ProjetFallenDer/Content/BluePrint/BP_AI.uasset" SILENT=true
[2020.01.07-07.57.51:029][813]LogSavePackage: Moving '../../../../Documents/IUT/2eme Annee/Ptut/ProjetRPG/ProjetFallenDer/Saved/BP_AI3666A6934E6B93418B0A0CBDD3566907.tmp' to '../../../../Documents/IUT/2eme Annee/Ptut/ProjetRPG/ProjetFallenDer/Content/BluePrint/BP_AI.uasset'
[2020.01.07-07.57.51:471][838]Cmd: OBJ SAVEPACKAGE PACKAGE="/Game/BluePrint/BP_AI" FILE="../../../../Documents/IUT/2eme Annee/Ptut/ProjetRPG/ProjetFallenDer/Content/BluePrint/BP_AI.uasset" SILENT=true
[2020.01.07-07.57.51:498][838]LogSavePackage: Moving '../../../../Documents/IUT/2eme Annee/Ptut/ProjetRPG/ProjetFallenDer/Saved/BP_AIA71B9E6640C1267ED0039BBE8B095DC8.tmp' to '../../../../Documents/IUT/2eme Annee/Ptut/ProjetRPG/ProjetFallenDer/Content/BluePrint/BP_AI.uasset'
[2020.01.07-07.57.52:883][919]BlueprintLog: New page: Compile BP_AI
[2020.01.07-07.57.53:150][919]LogUObjectHash: Compacting FUObjectHashTables data took   5.79ms
[2020.01.07-07.58.05:227][607]LogSlate: FSceneViewport::OnFocusLost() reason 0
[2020.01.07-07.58.20:973][526]Cmd: OBJ SAVEPACKAGE PACKAGE="/Game/BluePrint/BP_AI" FILE="../../../../Documents/IUT/2eme Annee/Ptut/ProjetRPG/ProjetFallenDer/Content/BluePrint/BP_AI.uasset" SILENT=true
[2020.01.07-07.58.21:024][526]LogSavePackage: Moving '../../../../Documents/IUT/2eme Annee/Ptut/ProjetRPG/ProjetFallenDer/Saved/BP_AI1B156559411730134EF0379ADEB18E2C.tmp' to '../../../../Documents/IUT/2eme Annee/Ptut/ProjetRPG/ProjetFallenDer/Content/BluePrint/BP_AI.uasset'
[2020.01.07-07.58.21:209][536]Cmd: OBJ SAVEPACKAGE PACKAGE="/Game/BluePrint/BP_AI" FILE="../../../../Documents/IUT/2eme Annee/Ptut/ProjetRPG/ProjetFallenDer/Content/BluePrint/BP_AI.uasset" SILENT=true
[2020.01.07-07.58.21:235][536]LogSavePackage: Moving '../../../../Documents/IUT/2eme Annee/Ptut/ProjetRPG/ProjetFallenDer/Saved/BP_AI9DA78E014B9796F18D07809BBC17487B.tmp' to '../../../../Documents/IUT/2eme Annee/Ptut/ProjetRPG/ProjetFallenDer/Content/BluePrint/BP_AI.uasset'
[2020.01.07-07.58.22:259][597]BlueprintLog: New page: Compile BP_AI
[2020.01.07-07.58.22:616][597]LogUObjectHash: Compacting FUObjectHashTables data took   4.75ms
[2020.01.07-07.58.26:065][799]LogSlate: FSceneViewport::OnFocusLost() reason 5
[2020.01.07-07.58.26:168][799]LogUObjectHash: Compacting FUObjectHashTables data took   5.50ms
[2020.01.07-07.58.26:540][799]LogSavePackage: Moving '../../../../Documents/IUT/2eme Annee/Ptut/ProjetRPG/ProjetFallenDer/Saved/VillageF4C1A3824CE36E7AAB3A26B3C5BCF56A.tmp' to '../../../../Documents/IUT/2eme Annee/Ptut/ProjetRPG/ProjetFallenDer/Content/Map/Entity/Village.umap'
[2020.01.07-07.58.26:565][799]Cmd: OBJ SAVEPACKAGE PACKAGE="/Game/Map/Entity/Village_BuiltData" FILE="../../../../Documents/IUT/2eme Annee/Ptut/ProjetRPG/ProjetFallenDer/Content/Map/Entity/Village_BuiltData.uasset" SILENT=true
[2020.01.07-07.58.26:929][799]LogSavePackage: Moving '../../../../Documents/IUT/2eme Annee/Ptut/ProjetRPG/ProjetFallenDer/Saved/Village_BuiltDataE3B5BDA84403624AD56A6E9E30B628D5.tmp' to '../../../../Documents/IUT/2eme Annee/Ptut/ProjetRPG/ProjetFallenDer/Content/Map/Entity/Village_BuiltData.uasset'
[2020.01.07-07.58.30:175][988]LogTemp: Repeating last play command: Selected Viewport
[2020.01.07-07.58.30:243][988]LogBlueprintUserMessages: Early PlayInEditor Detection: Level '/Game/Map/Entity/Village.Village:PersistentLevel' has LevelScriptBlueprint '/Game/Map/Entity/Village.Village:PersistentLevel.Village' with GeneratedClass '/Game/Map/Entity/Village.Village_C' with ClassGeneratedBy '/Game/Map/Entity/Village.Village:PersistentLevel.Village'
[2020.01.07-07.58.30:243][988]LogPlayLevel: PlayLevel: No blueprints needed recompiling
[2020.01.07-07.58.30:243][988]BlueprintLog: Warning: Blueprint failed to compile:  Pangolin_Blueprint
[2020.01.07-07.58.30:243][988]BlueprintLog: Warning: Blueprint failed to compile:  ThirdPersonCharacter
[2020.01.07-07.58.30:252][988]LogCustomDialog: Dialog displayed:
[2020.01.07-07.58.34:187][988]LogSlate: Window 'Blueprint Compilation Errors' being destroyed
[2020.01.07-07.58.34:194][988]PIE: New page: PIE session: Village (7 janv. 2020 09:58:34)
[2020.01.07-07.58.34:196][988]LogOnline: OSS: Creating online subsystem instance for: NULL
[2020.01.07-07.58.34:236][988]LogPlayLevel: Creating play world package: /Game/Map/Entity/UEDPIE_0_Village
[2020.01.07-07.58.34:268][988]LogPlayLevel: PIE: StaticDuplicateObject took: (0.032334s)
[2020.01.07-07.58.34:270][988]LogAIModule: Creating AISystem for world Village
[2020.01.07-07.58.34:270][988]LogPlayLevel: PIE: World Init took: (0.001485s)
[2020.01.07-07.58.34:270][988]LogPlayLevel: PIE: Created PIE world by copying editor world from /Game/Map/Entity/Village.Village to /Game/Map/Entity/UEDPIE_0_Village.Village (0.034228s)
[2020.01.07-07.58.34:332][988]LogUObjectHash: Compacting FUObjectHashTables data took   5.38ms
[2020.01.07-07.58.34:407][988]LogInit: XAudio2 using 'Haut-parleurs (Realtek High Definition Audio)' : 2 channels at 48 kHz using 32 bits per sample (channel mask 0x3)
[2020.01.07-07.58.34:517][988]LogInit: FAudioDevice initialized.
[2020.01.07-07.58.34:530][988]LogLinker: Warning: Failed to load '/Game/ThirdPersonBP/Blueprints/ThirdPersonGameMode': Can't find file.
[2020.01.07-07.58.34:530][988]LogLinker: Warning: Failed to load '/Game/ThirdPersonBP/Blueprints/ThirdPersonGameMode': Can't find file.
[2020.01.07-07.58.34:530][988]LogUObjectGlobals: Warning: Failed to find object 'Class /Game/ThirdPersonBP/Blueprints/ThirdPersonGameMode.ThirdPersonGameMode_C'
[2020.01.07-07.58.34:530][988]LogLoad: Game class is 'GameModeBase'
[2020.01.07-07.58.34:538][988]LogWorld: Bringing World /Game/Map/Entity/UEDPIE_0_Village.Village up for play (max tick rate 60) at 2020.01.07-08.58.34
[2020.01.07-07.58.34:566][988]LogWorld: Bringing up level for play took: 0.034735
[2020.01.07-07.58.34:566][988]LogOnline: OSS: Creating online subsystem instance for: :Context_11
[2020.01.07-07.58.34:624][988]LogContentBrowser: Native class hierarchy updated for 'MovieSceneCapture' in 0.0004 seconds. Added 20 classes and 0 folders.
[2020.01.07-07.58.34:626][988]PIE: Play in editor start time for /Game/Map/Entity/UEDPIE_0_Village 3,603
[2020.01.07-07.58.34:626][988]LogBlueprintUserMessages: Late PlayInEditor Detection: Level '/Game/Map/Entity/Village.Village:PersistentLevel' has LevelScriptBlueprint '/Game/Map/Entity/Village.Village:PersistentLevel.Village' with GeneratedClass '/Game/Map/Entity/Village.Village_C' with ClassGeneratedBy '/Game/Map/Entity/Village.Village:PersistentLevel.Village'
[2020.01.07-07.58.38:385][187]LogBlueprintUserMessages: Early EndPlayMap Detection: Level '/Game/Map/Entity/Village.Village:PersistentLevel' has LevelScriptBlueprint '/Game/Map/Entity/Village.Village:PersistentLevel.Village' with GeneratedClass '/Game/Map/Entity/Village.Village_C' with ClassGeneratedBy '/Game/Map/Entity/Village.Village:PersistentLevel.Village'
[2020.01.07-07.58.38:401][187]LogSlate: Updating window title bar state: overlay mode, drag disabled, window buttons hidden, title bar hidden
[2020.01.07-07.58.38:401][187]LogWorld: BeginTearingDown for /Game/Map/Entity/UEDPIE_0_Village
[2020.01.07-07.58.38:402][187]LogWorld: UWorld::CleanupWorld for Village, bSessionEnded=true, bCleanupResources=true
[2020.01.07-07.58.38:420][187]LogPlayLevel: Display: Shutting down PIE online subsystems
[2020.01.07-07.58.38:420][187]LogBlueprintUserMessages: Late EndPlayMap Detection: Level '/Game/Map/Entity/Village.Village:PersistentLevel' has LevelScriptBlueprint '/Game/Map/Entity/Village.Village:PersistentLevel.Village' with GeneratedClass '/Game/Map/Entity/Village.Village_C' with ClassGeneratedBy '/Game/Map/Entity/Village.Village:PersistentLevel.Village'
[2020.01.07-07.58.38:502][187]LogSlate: Updating window title bar state: overlay mode, drag disabled, window buttons hidden, title bar hidden
[2020.01.07-07.58.38:528][187]LogUObjectHash: Compacting FUObjectHashTables data took   5.91ms
[2020.01.07-07.58.38:556][188]LogPlayLevel: Display: Destroying online subsystem :Context_11
[2020.01.07-07.58.44:019][514]LogSlate: FSceneViewport::OnFocusLost() reason 0
[2020.01.07-07.58.51:253][944]LogEditorViewport: Clicking on Actor (LMB): BP_AI_C (BP_AI)
[2020.01.07-07.58.52:401][  9]Cmd: DELETE
[2020.01.07-07.58.52:401][  9]Cmd: ACTOR DELETE
[2020.01.07-07.58.52:461][  9]LogEditorActor: Deleted Actor: BP_AI_C
[2020.01.07-07.58.52:520][  9]LogUObjectHash: Compacting FUObjectHashTables data took   3.89ms
[2020.01.07-07.58.52:521][  9]LogEditorActor: Deleted 1 Actors (0.087 secs)
[2020.01.07-07.58.56:117][224]LogSlate: FSceneViewport::OnFocusLost() reason 5
[2020.01.07-07.58.56:178][224]LogUObjectHash: Compacting FUObjectHashTables data took   3.17ms
[2020.01.07-07.58.56:536][224]LogSavePackage: Moving '../../../../Documents/IUT/2eme Annee/Ptut/ProjetRPG/ProjetFallenDer/Saved/Village6439B82747F0289E5023C6B47F1A5348.tmp' to '../../../../Documents/IUT/2eme Annee/Ptut/ProjetRPG/ProjetFallenDer/Content/Map/Entity/Village.umap'
[2020.01.07-07.58.56:561][224]Cmd: OBJ SAVEPACKAGE PACKAGE="/Game/Map/Entity/Village_BuiltData" FILE="../../../../Documents/IUT/2eme Annee/Ptut/ProjetRPG/ProjetFallenDer/Content/Map/Entity/Village_BuiltData.uasset" SILENT=true
[2020.01.07-07.58.56:811][224]LogSavePackage: Moving '../../../../Documents/IUT/2eme Annee/Ptut/ProjetRPG/ProjetFallenDer/Saved/Village_BuiltData7FA80D9141393558E78D7AB64C6A1917.tmp' to '../../../../Documents/IUT/2eme Annee/Ptut/ProjetRPG/ProjetFallenDer/Content/Map/Entity/Village_BuiltData.uasset'
